#
# There is insufficient memory for the Java Runtime Environment to continue.
# Native memory allocation (mmap) failed to map 38797312 bytes for Failed to commit area from 0x000000008b700000 to 0x000000008dc00000 of length 38797312.
# Possible reasons:
#   The system is out of physical RAM or swap space
#   The process is running with CompressedOops enabled, and the Java Heap may be blocking the growth of the native heap
# Possible solutions:
#   Reduce memory load on the system
#   Increase physical memory or swap space
#   Check if swap backing store is full
#   Decrease Java heap size (-Xmx/-Xms)
#   Decrease number of Java threads
#   Decrease Java thread stack sizes (-Xss)
#   Set larger code cache with -XX:ReservedCodeCacheSize=
#   JVM is running with Unscaled Compressed Oops mode in which the Java heap is
#     placed in the first 4GB address space. The Java Heap base address is the
#     maximum limit for the native heap growth. Please use -XX:HeapBaseMinAddress
#     to set the Java Heap base and to place the Java Heap above 4GB virtual address.
# This output file may be truncated or incomplete.
#
#  Out of Memory Error (./src/hotspot/os/windows/os_windows.cpp:3301), pid=9784, tid=5908
#
# JRE version: OpenJDK Runtime Environment (11.0.11+9) (build 11.0.11+9-b60-7590822)
# Java VM: OpenJDK 64-Bit Server VM (11.0.11+9-b60-7590822, mixed mode, tiered, compressed oops, g1 gc, windows-amd64)
# No core dump will be written. Minidumps are not enabled by default on client versions of Windows
#

---------------  S U M M A R Y ------------

Command Line: --add-opens=java.base/java.util=ALL-UNNAMED --add-opens=java.base/java.lang=ALL-UNNAMED --add-opens=java.base/java.lang.invoke=ALL-UNNAMED --add-opens=java.base/java.util=ALL-UNNAMED --add-opens=java.prefs/java.util.prefs=ALL-UNNAMED --add-opens=java.prefs/java.util.prefs=ALL-UNNAMED --add-opens=java.base/java.nio.charset=ALL-UNNAMED --add-opens=java.base/java.net=ALL-UNNAMED --add-opens=java.base/java.util.concurrent.atomic=ALL-UNNAMED -Xmx2048m -Dfile.encoding=UTF-8 -Duser.country=IN -Duser.language=en -Duser.variant org.gradle.launcher.daemon.bootstrap.GradleDaemon 7.2

Host: Intel(R) Core(TM) i3-6006U CPU @ 2.00GHz, 4 cores, 7G,  Windows 10 , 64 bit Build 19041 (10.0.19041.1566)
Time: Thu Apr 14 12:12:52 2022 India Standard Time elapsed time: 28.721812 seconds (0d 0h 0m 28s)

---------------  T H R E A D  ---------------

Current thread (0x000002923008c800):  VMThread "VM Thread" [stack: 0x000000b928000000,0x000000b928100000] [id=5908]

Stack: [0x000000b928000000,0x000000b928100000]
[error occurred during error reporting (printing stack bounds), id 0xc0000005, EXCEPTION_ACCESS_VIOLATION (0xc0000005) at pc=0x0000029219820f2d]

Native frames: (J=compiled Java code, j=interpreted, Vv=VM code, C=native code)
V  [jvm.dll+0x5f214a]
V  [jvm.dll+0x726fb5]
V  [jvm.dll+0x7285cd]
V  [jvm.dll+0x728be5]
V  [jvm.dll+0x728b9b]
V  [jvm.dll+0x5f14e8]
V  [jvm.dll+0x5f1c78]
C  [ntdll.dll+0xa20cf]
C  [ntdll.dll+0x51454]
C  [ntdll.dll+0xa0bfe]
C  0x0000029219820f2d

VM_Operation (0x000000b92acfd010): G1CollectForAllocation, mode: safepoint, requested by thread 0x00000292318e4000


---------------  P R O C E S S  ---------------

Threads class SMR info:
_java_thread_list=0x0000029236ddaa10, length=85, elements={
0x0000029215cf7800, 0x0000029230092000, 0x0000029230093000, 0x00000292300ae000,
0x00000292300b0000, 0x00000292300b1000, 0x00000292300b6000, 0x00000292300bf000,
0x00000292300de000, 0x0000029230b74000, 0x0000029232cae800, 0x0000029232a29800,
0x000002923214c800, 0x0000029232b2c800, 0x0000029232371000, 0x0000029232b30000,
0x0000029232b30800, 0x0000029231707000, 0x0000029231708000, 0x0000029230d40000,
0x0000029230d43000, 0x0000029230d41800, 0x0000029230d3f000, 0x0000029230d44000,
0x0000029230d40800, 0x0000029230d42800, 0x0000029230d45000, 0x0000029230d45800,
0x00000292318d7000, 0x00000292318d6000, 0x00000292318d9000, 0x00000292318d7800,
0x00000292318da000, 0x00000292318d5000, 0x00000292318db800, 0x00000292318e1800,
0x00000292318dc800, 0x00000292318e2000, 0x00000292318e3000, 0x00000292318dd800,
0x00000292318e4000, 0x00000292318de000, 0x00000292318df000, 0x00000292318df800,
0x00000292318e0800, 0x0000029232b35000, 0x0000029232b31800, 0x0000029232b38000,
0x0000029232b32800, 0x0000029232b36800, 0x0000029232b37800, 0x0000029232b39000,
0x0000029232b35800, 0x0000029232b34000, 0x0000029232b33800, 0x0000029232b3c000,
0x0000029232b3d000, 0x0000029232b3e800, 0x0000029232b3e000, 0x0000029232b3f800,
0x0000029232b3a000, 0x0000029232b40800, 0x0000029232b3b800, 0x0000029232b3a800,
0x0000029233661000, 0x0000029233663800, 0x000002923365f800, 0x000002923365e000,
0x0000029233662000, 0x0000029233663000, 0x0000029233664800, 0x0000029233660800,
0x000002923365e800, 0x0000029233666000, 0x000002923366b000, 0x000002923366a000,
0x0000029233667000, 0x0000029233669800, 0x0000029233665800, 0x000002923366c000,
0x0000029233668800, 0x000002923366c800, 0x0000029233667800, 0x0000029238b97800,
0x0000029238b96000
}

Java Threads: ( => current thread )
  0x0000029215cf7800 JavaThread "main" [_thread_blocked, id=13104, stack(0x000000b927a00000,0x000000b927b00000)]
  0x0000029230092000 JavaThread "Reference Handler" daemon [_thread_blocked, id=11724, stack(0x000000b928100000,0x000000b928200000)]
  0x0000029230093000 JavaThread "Finalizer" daemon [_thread_blocked, id=1392, stack(0x000000b928200000,0x000000b928300000)]
  0x00000292300ae000 JavaThread "Signal Dispatcher" daemon [_thread_blocked, id=11664, stack(0x000000b928300000,0x000000b928400000)]
  0x00000292300b0000 JavaThread "Attach Listener" daemon [_thread_blocked, id=3724, stack(0x000000b928400000,0x000000b928500000)]
  0x00000292300b1000 JavaThread "Service Thread" daemon [_thread_blocked, id=13848, stack(0x000000b928500000,0x000000b928600000)]
  0x00000292300b6000 JavaThread "C2 CompilerThread0" daemon [_thread_blocked, id=11344, stack(0x000000b928600000,0x000000b928700000)]
  0x00000292300bf000 JavaThread "C1 CompilerThread0" daemon [_thread_blocked, id=3524, stack(0x000000b928700000,0x000000b928800000)]
  0x00000292300de000 JavaThread "Sweeper thread" daemon [_thread_blocked, id=11768, stack(0x000000b928800000,0x000000b928900000)]
  0x0000029230b74000 JavaThread "Common-Cleaner" daemon [_thread_blocked, id=13224, stack(0x000000b928900000,0x000000b928a00000)]
  0x0000029232cae800 JavaThread "Daemon health stats" [_thread_blocked, id=3608, stack(0x000000b928d00000,0x000000b928e00000)]
  0x0000029232a29800 JavaThread "Incoming local TCP Connector on port 56148" [_thread_in_native, id=6300, stack(0x000000b928e00000,0x000000b928f00000)]
  0x000002923214c800 JavaThread "Daemon periodic checks" [_thread_blocked, id=10640, stack(0x000000b928f00000,0x000000b929000000)]
  0x0000029232b2c800 JavaThread "Daemon" [_thread_blocked, id=9768, stack(0x000000b929000000,0x000000b929100000)]
  0x0000029232371000 JavaThread "Handler for socket connection from /127.0.0.1:56148 to /127.0.0.1:56149" [_thread_in_native, id=2344, stack(0x000000b929100000,0x000000b929200000)]
  0x0000029232b30000 JavaThread "Cancel handler" [_thread_blocked, id=5836, stack(0x000000b929200000,0x000000b929300000)]
  0x0000029232b30800 JavaThread "Daemon worker" [_thread_blocked, id=14244, stack(0x000000b929300000,0x000000b929400000)]
  0x0000029231707000 JavaThread "Asynchronous log dispatcher for DefaultDaemonConnection: socket connection from /127.0.0.1:56148 to /127.0.0.1:56149" [_thread_blocked, id=4128, stack(0x000000b929400000,0x000000b929500000)]
  0x0000029231708000 JavaThread "Stdin handler" [_thread_blocked, id=6164, stack(0x000000b929500000,0x000000b929600000)]
  0x0000029230d40000 JavaThread "Daemon client event forwarder" [_thread_blocked, id=3348, stack(0x000000b929600000,0x000000b929700000)]
  0x0000029230d43000 JavaThread "Cache worker for journal cache (C:\Users\Dell\.gradle\caches\journal-1)" [_thread_blocked, id=8064, stack(0x000000b929700000,0x000000b929800000)]
  0x0000029230d41800 JavaThread "File lock request listener" [_thread_in_native, id=9832, stack(0x000000b929900000,0x000000b929a00000)]
  0x0000029230d3f000 JavaThread "Cache worker for file hash cache (C:\Users\Dell\.gradle\caches\7.2\fileHashes)" [_thread_blocked, id=9164, stack(0x000000b929a00000,0x000000b929b00000)]
  0x0000029230d44000 JavaThread "Cache worker for file hash cache (C:\Project\Hitch Dating App\Hitch Dating Platform\.gradle\7.2\fileHashes)" [_thread_blocked, id=10188, stack(0x000000b929b00000,0x000000b929c00000)]
  0x0000029230d40800 JavaThread "File watcher server" daemon [_thread_blocked, id=13712, stack(0x000000b929c00000,0x000000b929d00000)]
  0x0000029230d42800 JavaThread "File watcher consumer" daemon [_thread_blocked, id=10716, stack(0x000000b929d00000,0x000000b929e00000)]
  0x0000029230d45000 JavaThread "Cache worker for checksums cache (C:\Project\Hitch Dating App\Hitch Dating Platform\.gradle\checksums)" [_thread_blocked, id=9196, stack(0x000000b929e00000,0x000000b929f00000)]
  0x0000029230d45800 JavaThread "Cache worker for cache directory md-supplier (C:\Users\Dell\.gradle\caches\7.2\md-supplier)" [_thread_blocked, id=2660, stack(0x000000b929f00000,0x000000b92a000000)]
  0x00000292318d7000 JavaThread "Cache worker for cache directory md-rule (C:\Users\Dell\.gradle\caches\7.2\md-rule)" [_thread_blocked, id=7384, stack(0x000000b92a000000,0x000000b92a100000)]
  0x00000292318d6000 JavaThread "Cache worker for execution history cache (C:\Users\Dell\.gradle\caches\7.2\executionHistory)" [_thread_blocked, id=13464, stack(0x000000b92a100000,0x000000b92a200000)]
  0x00000292318d9000 JavaThread "jar transforms" [_thread_blocked, id=14200, stack(0x000000b92a200000,0x000000b92a300000)]
  0x00000292318d7800 JavaThread "jar transforms Thread 2" [_thread_blocked, id=10752, stack(0x000000b92a300000,0x000000b92a400000)]
  0x00000292318da000 JavaThread "Cache worker for file content cache (C:\Users\Dell\.gradle\caches\7.2\fileContent)" [_thread_blocked, id=10904, stack(0x000000b92a400000,0x000000b92a500000)]
  0x00000292318d5000 JavaThread "Cache worker for dependencies-accessors (C:\Project\Hitch Dating App\Hitch Dating Platform\.gradle\7.2\dependencies-accessors)" [_thread_blocked, id=13604, stack(0x000000b92a500000,0x000000b92a600000)]
  0x00000292318db800 JavaThread "jar transforms Thread 3" [_thread_blocked, id=9140, stack(0x000000b92a600000,0x000000b92a700000)]
  0x00000292318e1800 JavaThread "Cache worker for Build Output Cleanup Cache (C:\Project\Hitch Dating App\Hitch Dating Platform\.gradle\buildOutputCleanup)" [_thread_blocked, id=4480, stack(0x000000b92a700000,0x000000b92a800000)]
  0x00000292318dc800 JavaThread "Unconstrained build operations" [_thread_blocked, id=9424, stack(0x000000b92a800000,0x000000b92a900000)]
  0x00000292318e2000 JavaThread "Unconstrained build operations Thread 2" [_thread_blocked, id=5368, stack(0x000000b92a900000,0x000000b92aa00000)]
  0x00000292318e3000 JavaThread "Unconstrained build operations Thread 3" [_thread_blocked, id=11160, stack(0x000000b92aa00000,0x000000b92ab00000)]
  0x00000292318dd800 JavaThread "Unconstrained build operations Thread 4" [_thread_blocked, id=1320, stack(0x000000b92ab00000,0x000000b92ac00000)]
  0x00000292318e4000 JavaThread "Unconstrained build operations Thread 5" [_thread_blocked, id=13612, stack(0x000000b92ac00000,0x000000b92ad00000)]
  0x00000292318de000 JavaThread "Unconstrained build operations Thread 6" [_thread_blocked, id=1064, stack(0x000000b92ad00000,0x000000b92ae00000)]
  0x00000292318df000 JavaThread "Unconstrained build operations Thread 7" [_thread_blocked, id=4092, stack(0x000000b92ae00000,0x000000b92af00000)]
  0x00000292318df800 JavaThread "Unconstrained build operations Thread 8" [_thread_blocked, id=10532, stack(0x000000b92af00000,0x000000b92b000000)]
  0x00000292318e0800 JavaThread "Unconstrained build operations Thread 9" [_thread_blocked, id=2488, stack(0x000000b92b000000,0x000000b92b100000)]
  0x0000029232b35000 JavaThread "Unconstrained build operations Thread 10" [_thread_blocked, id=3920, stack(0x000000b92b100000,0x000000b92b200000)]
  0x0000029232b31800 JavaThread "Unconstrained build operations Thread 11" [_thread_blocked, id=11284, stack(0x000000b92b200000,0x000000b92b300000)]
  0x0000029232b38000 JavaThread "Unconstrained build operations Thread 12" [_thread_blocked, id=9000, stack(0x000000b92b300000,0x000000b92b400000)]
  0x0000029232b32800 JavaThread "Unconstrained build operations Thread 13" [_thread_blocked, id=5716, stack(0x000000b92b400000,0x000000b92b500000)]
  0x0000029232b36800 JavaThread "Unconstrained build operations Thread 14" [_thread_blocked, id=13760, stack(0x000000b92b500000,0x000000b92b600000)]
  0x0000029232b37800 JavaThread "Unconstrained build operations Thread 15" [_thread_blocked, id=6356, stack(0x000000b92b600000,0x000000b92b700000)]
  0x0000029232b39000 JavaThread "Unconstrained build operations Thread 16" [_thread_blocked, id=1572, stack(0x000000b92b700000,0x000000b92b800000)]
  0x0000029232b35800 JavaThread "Unconstrained build operations Thread 17" [_thread_blocked, id=13292, stack(0x000000b92b800000,0x000000b92b900000)]
  0x0000029232b34000 JavaThread "Unconstrained build operations Thread 18" [_thread_blocked, id=10252, stack(0x000000b92b900000,0x000000b92ba00000)]
  0x0000029232b33800 JavaThread "Unconstrained build operations Thread 19" [_thread_blocked, id=7912, stack(0x000000b92ba00000,0x000000b92bb00000)]
  0x0000029232b3c000 JavaThread "Unconstrained build operations Thread 20" [_thread_blocked, id=8228, stack(0x000000b92bb00000,0x000000b92bc00000)]
  0x0000029232b3d000 JavaThread "Unconstrained build operations Thread 21" [_thread_blocked, id=3804, stack(0x000000b92bc00000,0x000000b92bd00000)]
  0x0000029232b3e800 JavaThread "Unconstrained build operations Thread 22" [_thread_blocked, id=9172, stack(0x000000b92bd00000,0x000000b92be00000)]
  0x0000029232b3e000 JavaThread "Unconstrained build operations Thread 23" [_thread_blocked, id=14124, stack(0x000000b92be00000,0x000000b92bf00000)]
  0x0000029232b3f800 JavaThread "Unconstrained build operations Thread 24" [_thread_blocked, id=13364, stack(0x000000b92bf00000,0x000000b92c000000)]
  0x0000029232b3a000 JavaThread "Unconstrained build operations Thread 25" [_thread_blocked, id=13296, stack(0x000000b92c000000,0x000000b92c100000)]
  0x0000029232b40800 JavaThread "Unconstrained build operations Thread 26" [_thread_blocked, id=10372, stack(0x000000b92c100000,0x000000b92c200000)]
  0x0000029232b3b800 JavaThread "Unconstrained build operations Thread 27" [_thread_blocked, id=13816, stack(0x000000b92c200000,0x000000b92c300000)]
  0x0000029232b3a800 JavaThread "Unconstrained build operations Thread 28" [_thread_blocked, id=5632, stack(0x000000b92c300000,0x000000b92c400000)]
  0x0000029233661000 JavaThread "Unconstrained build operations Thread 29" [_thread_blocked, id=6500, stack(0x000000b92c400000,0x000000b92c500000)]
  0x0000029233663800 JavaThread "Unconstrained build operations Thread 30" [_thread_blocked, id=8368, stack(0x000000b92c500000,0x000000b92c600000)]
  0x000002923365f800 JavaThread "Unconstrained build operations Thread 31" [_thread_blocked, id=3048, stack(0x000000b92c600000,0x000000b92c700000)]
  0x000002923365e000 JavaThread "Unconstrained build operations Thread 32" [_thread_blocked, id=6232, stack(0x000000b92c700000,0x000000b92c800000)]
  0x0000029233662000 JavaThread "Unconstrained build operations Thread 33" [_thread_blocked, id=6048, stack(0x000000b92c800000,0x000000b92c900000)]
  0x0000029233663000 JavaThread "Unconstrained build operations Thread 34" [_thread_blocked, id=2016, stack(0x000000b92c900000,0x000000b92ca00000)]
  0x0000029233664800 JavaThread "Unconstrained build operations Thread 35" [_thread_blocked, id=4228, stack(0x000000b92ca00000,0x000000b92cb00000)]
  0x0000029233660800 JavaThread "Unconstrained build operations Thread 36" [_thread_blocked, id=10244, stack(0x000000b92cb00000,0x000000b92cc00000)]
  0x000002923365e800 JavaThread "Unconstrained build operations Thread 37" [_thread_blocked, id=5872, stack(0x000000b92cc00000,0x000000b92cd00000)]
  0x0000029233666000 JavaThread "Unconstrained build operations Thread 38" [_thread_blocked, id=9320, stack(0x000000b92cd00000,0x000000b92ce00000)]
  0x000002923366b000 JavaThread "Unconstrained build operations Thread 39" [_thread_blocked, id=10528, stack(0x000000b92ce00000,0x000000b92cf00000)]
  0x000002923366a000 JavaThread "Unconstrained build operations Thread 40" [_thread_blocked, id=14204, stack(0x000000b92cf00000,0x000000b92d000000)]
  0x0000029233667000 JavaThread "jar transforms Thread 4" [_thread_blocked, id=6496, stack(0x000000b92d000000,0x000000b92d100000)]
  0x0000029233669800 JavaThread "Memory manager" [_thread_blocked, id=4244, stack(0x000000b92d100000,0x000000b92d200000)]
  0x0000029233665800 JavaThread "build event listener" [_thread_blocked, id=1116, stack(0x000000b92d200000,0x000000b92d300000)]
  0x000002923366c000 JavaThread "pool-3-thread-1" [_thread_blocked, id=7712, stack(0x000000b92d300000,0x000000b92d400000)]
  0x0000029233668800 JavaThread "build event listener" [_thread_blocked, id=12068, stack(0x000000b92d400000,0x000000b92d500000)]
  0x000002923366c800 JavaThread "Execution worker for ':'" [_thread_blocked, id=7692, stack(0x000000b92d500000,0x000000b92d600000)]
  0x0000029233667800 JavaThread "Execution worker for ':' Thread 2" [_thread_blocked, id=10624, stack(0x000000b92d600000,0x000000b92d700000)]
  0x0000029238b97800 JavaThread "Execution worker for ':' Thread 3" [_thread_blocked, id=7144, stack(0x000000b92d700000,0x000000b92d800000)]
  0x0000029238b96000 JavaThread "Cache worker for execution history cache (C:\Project\Hitch Dating App\Hitch Dating Platform\.gradle\7.2\executionHistory)" [_thread_blocked, id=8748, stack(0x000000b92d800000,0x000000b92d900000)]

Other Threads:
=>0x000002923008c800 VMThread "VM Thread" [stack: 0x000000b928000000,0x000000b928100000] [id=5908]
  0x0000029230b89000 WatcherThread [stack: 0x000000b928a00000,0x000000b928b00000] [id=5708]
  0x0000029215d15800 GCTaskThread "GC Thread#0" [stack: 0x000000b927b00000,0x000000b927c00000] [id=7640]
  0x00000292312cb000 GCTaskThread "GC Thread#1" [stack: 0x000000b928b00000,0x000000b928c00000] [id=6652]
  0x0000029230ea8000 GCTaskThread "GC Thread#2" [stack: 0x000000b928c00000,0x000000b928d00000] [id=5148]
  0x000002923179c800 GCTaskThread "GC Thread#3" [stack: 0x000000b929800000,0x000000b929900000] [id=3084]
  0x0000029215d45000 ConcurrentGCThread "G1 Main Marker" [stack: 0x000000b927c00000,0x000000b927d00000] [id=7244]
  0x0000029215d47800 ConcurrentGCThread "G1 Conc#0" [stack: 0x000000b927d00000,0x000000b927e00000] [id=12304]
  0x0000029215dd8800 ConcurrentGCThread "G1 Refine#0" [stack: 0x000000b927e00000,0x000000b927f00000] [id=6060]
  0x0000029215dd9800 ConcurrentGCThread "G1 Young RemSet Sampling" [stack: 0x000000b927f00000,0x000000b928000000] [id=9264]

Threads with active compile tasks:
C2 CompilerThread0  28768 9140       4       org.gradle.cache.internal.btree.CachingBlockStore::read (56 bytes)

VM state:at safepoint (normal execution)

VM Mutex/Monitor currently owned by a thread:  ([mutex/lock_event])
[0x0000029215cf66b0] Threads_lock - owner thread: 0x000002923008c800
[0x0000029215cf5a50] Heap_lock - owner thread: 0x00000292318e4000

Heap address: 0x0000000080000000, size: 2048 MB, Compressed Oops mode: 32-bit
Narrow klass base: 0x0000000000000000, Narrow klass shift: 3
Compressed class space size: 1073741824 Address: 0x0000000100000000

Heap:
 garbage-first heap   total 225280K, used 76798K [0x0000000080000000, 0x0000000100000000)
  region size 1024K, 7 young (7168K), 7 survivors (7168K)
 Metaspace       used 84084K, capacity 86252K, committed 86436K, reserved 1124352K
  class space    used 10859K, capacity 11625K, committed 11648K, reserved 1048576K
Heap Regions: E=young(eden), S=young(survivor), O=old, HS=humongous(starts), HC=humongous(continues), CS=collection set, F=free, A=archive, TAMS=top-at-mark-start (previous, next)
|   0|0x0000000080000000, 0x0000000080100000, 0x0000000080100000|100%| O|  |TAMS 0x0000000080100000, 0x0000000080000000| Untracked 
|   1|0x0000000080100000, 0x0000000080200000, 0x0000000080200000|100%| O|  |TAMS 0x0000000080200000, 0x0000000080100000| Untracked 
|   2|0x0000000080200000, 0x0000000080300000, 0x0000000080300000|100%| O|  |TAMS 0x0000000080300000, 0x0000000080200000| Untracked 
|   3|0x0000000080300000, 0x0000000080400000, 0x0000000080400000|100%|HS|  |TAMS 0x0000000080400000, 0x0000000080300000| Complete 
|   4|0x0000000080400000, 0x0000000080500000, 0x0000000080500000|100%|HC|  |TAMS 0x0000000080500000, 0x0000000080400000| Complete 
|   5|0x0000000080500000, 0x0000000080600000, 0x0000000080600000|100%|HC|  |TAMS 0x0000000080600000, 0x0000000080500000| Complete 
|   6|0x0000000080600000, 0x0000000080700000, 0x0000000080700000|100%| O|  |TAMS 0x0000000080700000, 0x0000000080600000| Untracked 
|   7|0x0000000080700000, 0x0000000080800000, 0x0000000080800000|100%| O|  |TAMS 0x0000000080800000, 0x0000000080700000| Untracked 
|   8|0x0000000080800000, 0x0000000080900000, 0x0000000080900000|100%| O|  |TAMS 0x0000000080900000, 0x0000000080800000| Untracked 
|   9|0x0000000080900000, 0x0000000080a00000, 0x0000000080a00000|100%| O|  |TAMS 0x0000000080a00000, 0x0000000080900000| Untracked 
|  10|0x0000000080a00000, 0x0000000080b00000, 0x0000000080b00000|100%| O|  |TAMS 0x0000000080b00000, 0x0000000080a00000| Untracked 
|  11|0x0000000080b00000, 0x0000000080c00000, 0x0000000080c00000|100%| O|  |TAMS 0x0000000080c00000, 0x0000000080b00000| Untracked 
|  12|0x0000000080c00000, 0x0000000080d00000, 0x0000000080d00000|100%| O|  |TAMS 0x0000000080d00000, 0x0000000080c00000| Untracked 
|  13|0x0000000080d00000, 0x0000000080e00000, 0x0000000080e00000|100%| O|  |TAMS 0x0000000080e00000, 0x0000000080d00000| Untracked 
|  14|0x0000000080e00000, 0x0000000080f00000, 0x0000000080f00000|100%| O|  |TAMS 0x0000000080f00000, 0x0000000080e00000| Untracked 
|  15|0x0000000080f00000, 0x0000000081000000, 0x0000000081000000|100%| O|  |TAMS 0x0000000081000000, 0x0000000080f00000| Untracked 
|  16|0x0000000081000000, 0x0000000081100000, 0x0000000081100000|100%| O|  |TAMS 0x0000000081100000, 0x0000000081000000| Untracked 
|  17|0x0000000081100000, 0x0000000081200000, 0x0000000081200000|100%|HS|  |TAMS 0x0000000081200000, 0x0000000081100000| Complete 
|  18|0x0000000081200000, 0x0000000081300000, 0x0000000081300000|100%| O|  |TAMS 0x0000000081300000, 0x0000000081200000| Untracked 
|  19|0x0000000081300000, 0x0000000081400000, 0x0000000081400000|100%| O|  |TAMS 0x0000000081400000, 0x0000000081300000| Untracked 
|  20|0x0000000081400000, 0x0000000081500000, 0x0000000081500000|100%| O|  |TAMS 0x0000000081500000, 0x0000000081400000| Untracked 
|  21|0x0000000081500000, 0x0000000081600000, 0x0000000081600000|100%| O|  |TAMS 0x0000000081600000, 0x0000000081500000| Untracked 
|  22|0x0000000081600000, 0x0000000081700000, 0x0000000081700000|100%|HS|  |TAMS 0x0000000081700000, 0x0000000081600000| Complete 
|  23|0x0000000081700000, 0x0000000081800000, 0x0000000081800000|100%|HS|  |TAMS 0x0000000081800000, 0x0000000081700000| Complete 
|  24|0x0000000081800000, 0x0000000081900000, 0x0000000081900000|100%|HS|  |TAMS 0x0000000081900000, 0x0000000081800000| Complete 
|  25|0x0000000081900000, 0x0000000081a00000, 0x0000000081a00000|100%|HC|  |TAMS 0x0000000081a00000, 0x0000000081900000| Complete 
|  26|0x0000000081a00000, 0x0000000081b00000, 0x0000000081b00000|100%| O|  |TAMS 0x0000000081b00000, 0x0000000081a00000| Untracked 
|  27|0x0000000081b00000, 0x0000000081c00000, 0x0000000081c00000|100%| O|  |TAMS 0x0000000081c00000, 0x0000000081b00000| Untracked 
|  28|0x0000000081c00000, 0x0000000081d00000, 0x0000000081d00000|100%| O|  |TAMS 0x0000000081d00000, 0x0000000081c00000| Untracked 
|  29|0x0000000081d00000, 0x0000000081e00000, 0x0000000081e00000|100%| O|  |TAMS 0x0000000081e00000, 0x0000000081d00000| Untracked 
|  30|0x0000000081e00000, 0x0000000081f00000, 0x0000000081f00000|100%| O|  |TAMS 0x0000000081f00000, 0x0000000081e00000| Untracked 
|  31|0x0000000081f00000, 0x0000000082000000, 0x0000000082000000|100%| O|  |TAMS 0x0000000082000000, 0x0000000081f00000| Untracked 
|  32|0x0000000082000000, 0x0000000082100000, 0x0000000082100000|100%| O|  |TAMS 0x0000000082100000, 0x0000000082000000| Untracked 
|  33|0x0000000082100000, 0x0000000082200000, 0x0000000082200000|100%| O|  |TAMS 0x0000000082200000, 0x0000000082100000| Untracked 
|  34|0x0000000082200000, 0x0000000082300000, 0x0000000082300000|100%| O|  |TAMS 0x0000000082300000, 0x0000000082200000| Untracked 
|  35|0x0000000082300000, 0x0000000082400000, 0x0000000082400000|100%| O|  |TAMS 0x0000000082400000, 0x0000000082300000| Untracked 
|  36|0x0000000082400000, 0x0000000082500000, 0x0000000082500000|100%| O|  |TAMS 0x0000000082500000, 0x0000000082400000| Untracked 
|  37|0x0000000082500000, 0x0000000082600000, 0x0000000082600000|100%| O|  |TAMS 0x0000000082600000, 0x0000000082500000| Untracked 
|  38|0x0000000082600000, 0x0000000082700000, 0x0000000082700000|100%| O|  |TAMS 0x0000000082700000, 0x0000000082600000| Untracked 
|  39|0x0000000082700000, 0x0000000082800000, 0x0000000082800000|100%| O|  |TAMS 0x0000000082800000, 0x0000000082700000| Untracked 
|  40|0x0000000082800000, 0x0000000082900000, 0x0000000082900000|100%| O|  |TAMS 0x0000000082900000, 0x0000000082800000| Untracked 
|  41|0x0000000082900000, 0x0000000082a00000, 0x0000000082a00000|100%| O|  |TAMS 0x0000000082a00000, 0x0000000082900000| Untracked 
|  42|0x0000000082a00000, 0x0000000082b00000, 0x0000000082b00000|100%| O|  |TAMS 0x0000000082b00000, 0x0000000082a00000| Untracked 
|  43|0x0000000082b00000, 0x0000000082c00000, 0x0000000082c00000|100%| O|  |TAMS 0x0000000082c00000, 0x0000000082b00000| Untracked 
|  44|0x0000000082c00000, 0x0000000082d00000, 0x0000000082d00000|100%| O|  |TAMS 0x0000000082ca8200, 0x0000000082c00000| Untracked 
|  45|0x0000000082d00000, 0x0000000082e00000, 0x0000000082e00000|100%| O|  |TAMS 0x0000000082d00000, 0x0000000082d00000| Untracked 
|  46|0x0000000082e00000, 0x0000000082f00000, 0x0000000082f00000|100%| O|  |TAMS 0x0000000082e00000, 0x0000000082e00000| Untracked 
|  47|0x0000000082f00000, 0x0000000083000000, 0x0000000083000000|100%| O|  |TAMS 0x0000000082f00000, 0x0000000082f00000| Untracked 
|  48|0x0000000083000000, 0x0000000083100000, 0x0000000083100000|100%| O|  |TAMS 0x0000000083000000, 0x0000000083000000| Untracked 
|  49|0x0000000083100000, 0x0000000083200000, 0x0000000083200000|100%| O|  |TAMS 0x0000000083100000, 0x0000000083100000| Untracked 
|  50|0x0000000083200000, 0x0000000083300000, 0x0000000083300000|100%| O|  |TAMS 0x0000000083200000, 0x0000000083200000| Untracked 
|  51|0x0000000083300000, 0x0000000083400000, 0x0000000083400000|100%| O|  |TAMS 0x0000000083300000, 0x0000000083300000| Untracked 
|  52|0x0000000083400000, 0x0000000083500000, 0x0000000083500000|100%| O|  |TAMS 0x0000000083400000, 0x0000000083400000| Untracked 
|  53|0x0000000083500000, 0x0000000083600000, 0x0000000083600000|100%| O|  |TAMS 0x0000000083500000, 0x0000000083500000| Untracked 
|  54|0x0000000083600000, 0x0000000083700000, 0x0000000083700000|100%| O|  |TAMS 0x0000000083600000, 0x0000000083600000| Untracked 
|  55|0x0000000083700000, 0x0000000083800000, 0x0000000083800000|100%| O|  |TAMS 0x0000000083700000, 0x0000000083700000| Untracked 
|  56|0x0000000083800000, 0x0000000083900000, 0x0000000083900000|100%| O|  |TAMS 0x0000000083800000, 0x0000000083800000| Untracked 
|  57|0x0000000083900000, 0x0000000083a00000, 0x0000000083a00000|100%| O|  |TAMS 0x0000000083900000, 0x0000000083900000| Untracked 
|  58|0x0000000083a00000, 0x0000000083b00000, 0x0000000083b00000|100%| O|  |TAMS 0x0000000083a00000, 0x0000000083a00000| Untracked 
|  59|0x0000000083b00000, 0x0000000083c00000, 0x0000000083c00000|100%| O|  |TAMS 0x0000000083b00000, 0x0000000083b00000| Untracked 
|  60|0x0000000083c00000, 0x0000000083d00000, 0x0000000083d00000|100%| O|  |TAMS 0x0000000083c00000, 0x0000000083c00000| Untracked 
|  61|0x0000000083d00000, 0x0000000083e00000, 0x0000000083e00000|100%| O|  |TAMS 0x0000000083d00000, 0x0000000083d00000| Untracked 
|  62|0x0000000083e00000, 0x0000000083f00000, 0x0000000083f00000|100%| O|  |TAMS 0x0000000083e00000, 0x0000000083e00000| Untracked 
|  63|0x0000000083f00000, 0x0000000084000000, 0x0000000084000000|100%| O|  |TAMS 0x0000000083f00000, 0x0000000083f00000| Untracked 
|  64|0x0000000084000000, 0x0000000084100000, 0x0000000084100000|100%| O|  |TAMS 0x0000000084000000, 0x0000000084000000| Untracked 
|  65|0x0000000084100000, 0x0000000084200000, 0x0000000084200000|100%| O|  |TAMS 0x0000000084100000, 0x0000000084100000| Untracked 
|  66|0x0000000084200000, 0x0000000084300000, 0x0000000084300000|100%| O|  |TAMS 0x0000000084200000, 0x0000000084200000| Untracked 
|  67|0x0000000084300000, 0x00000000843ffa00, 0x0000000084400000| 99%| O|  |TAMS 0x0000000084300000, 0x0000000084300000| Untracked 
|  68|0x0000000084400000, 0x0000000084400000, 0x0000000084500000|  0%| F|  |TAMS 0x0000000084400000, 0x0000000084400000| Untracked 
|  69|0x0000000084500000, 0x0000000084500000, 0x0000000084600000|  0%| F|  |TAMS 0x0000000084500000, 0x0000000084500000| Untracked 
|  70|0x0000000084600000, 0x0000000084600000, 0x0000000084700000|  0%| F|  |TAMS 0x0000000084600000, 0x0000000084600000| Untracked 
|  71|0x0000000084700000, 0x0000000084700000, 0x0000000084800000|  0%| F|  |TAMS 0x0000000084700000, 0x0000000084700000| Untracked 
|  72|0x0000000084800000, 0x0000000084800000, 0x0000000084900000|  0%| F|  |TAMS 0x0000000084800000, 0x0000000084800000| Untracked 
|  73|0x0000000084900000, 0x0000000084900000, 0x0000000084a00000|  0%| F|  |TAMS 0x0000000084900000, 0x0000000084900000| Untracked 
|  74|0x0000000084a00000, 0x0000000084a00000, 0x0000000084b00000|  0%| F|  |TAMS 0x0000000084a00000, 0x0000000084a00000| Untracked 
|  75|0x0000000084b00000, 0x0000000084b00000, 0x0000000084c00000|  0%| F|  |TAMS 0x0000000084b00000, 0x0000000084b00000| Untracked 
|  76|0x0000000084c00000, 0x0000000084c00000, 0x0000000084d00000|  0%| F|  |TAMS 0x0000000084c00000, 0x0000000084c00000| Untracked 
|  77|0x0000000084d00000, 0x0000000084d00000, 0x0000000084e00000|  0%| F|  |TAMS 0x0000000084d00000, 0x0000000084d00000| Untracked 
|  78|0x0000000084e00000, 0x0000000084e00000, 0x0000000084f00000|  0%| F|  |TAMS 0x0000000084e00000, 0x0000000084e00000| Untracked 
|  79|0x0000000084f00000, 0x0000000084f00000, 0x0000000085000000|  0%| F|  |TAMS 0x0000000084f00000, 0x0000000084f00000| Untracked 
|  80|0x0000000085000000, 0x0000000085000000, 0x0000000085100000|  0%| F|  |TAMS 0x0000000085000000, 0x0000000085000000| Untracked 
|  81|0x0000000085100000, 0x0000000085100000, 0x0000000085200000|  0%| F|  |TAMS 0x0000000085100000, 0x0000000085100000| Untracked 
|  82|0x0000000085200000, 0x0000000085200000, 0x0000000085300000|  0%| F|  |TAMS 0x0000000085200000, 0x0000000085200000| Untracked 
|  83|0x0000000085300000, 0x0000000085300000, 0x0000000085400000|  0%| F|  |TAMS 0x0000000085300000, 0x0000000085300000| Untracked 
|  84|0x0000000085400000, 0x0000000085400000, 0x0000000085500000|  0%| F|  |TAMS 0x0000000085400000, 0x0000000085400000| Untracked 
|  85|0x0000000085500000, 0x0000000085500000, 0x0000000085600000|  0%| F|  |TAMS 0x0000000085500000, 0x0000000085500000| Untracked 
|  86|0x0000000085600000, 0x0000000085600000, 0x0000000085700000|  0%| F|  |TAMS 0x0000000085600000, 0x0000000085600000| Untracked 
|  87|0x0000000085700000, 0x0000000085700000, 0x0000000085800000|  0%| F|  |TAMS 0x0000000085700000, 0x0000000085700000| Untracked 
|  88|0x0000000085800000, 0x0000000085800000, 0x0000000085900000|  0%| F|  |TAMS 0x0000000085800000, 0x0000000085800000| Untracked 
|  89|0x0000000085900000, 0x0000000085900000, 0x0000000085a00000|  0%| F|  |TAMS 0x0000000085900000, 0x0000000085900000| Untracked 
|  90|0x0000000085a00000, 0x0000000085a00000, 0x0000000085b00000|  0%| F|  |TAMS 0x0000000085a00000, 0x0000000085a00000| Untracked 
|  91|0x0000000085b00000, 0x0000000085b00000, 0x0000000085c00000|  0%| F|  |TAMS 0x0000000085b00000, 0x0000000085b00000| Untracked 
|  92|0x0000000085c00000, 0x0000000085c00000, 0x0000000085d00000|  0%| F|  |TAMS 0x0000000085c00000, 0x0000000085c00000| Untracked 
|  93|0x0000000085d00000, 0x0000000085d00000, 0x0000000085e00000|  0%| F|  |TAMS 0x0000000085d00000, 0x0000000085d00000| Untracked 
|  94|0x0000000085e00000, 0x0000000085e00000, 0x0000000085f00000|  0%| F|  |TAMS 0x0000000085e00000, 0x0000000085e00000| Untracked 
|  95|0x0000000085f00000, 0x0000000085f00000, 0x0000000086000000|  0%| F|  |TAMS 0x0000000085f00000, 0x0000000085f00000| Untracked 
|  96|0x0000000086000000, 0x0000000086000000, 0x0000000086100000|  0%| F|  |TAMS 0x0000000086000000, 0x0000000086000000| Untracked 
|  97|0x0000000086100000, 0x0000000086100000, 0x0000000086200000|  0%| F|  |TAMS 0x0000000086100000, 0x0000000086100000| Untracked 
|  98|0x0000000086200000, 0x0000000086200000, 0x0000000086300000|  0%| F|  |TAMS 0x0000000086200000, 0x0000000086200000| Untracked 
|  99|0x0000000086300000, 0x0000000086300000, 0x0000000086400000|  0%| F|  |TAMS 0x0000000086300000, 0x0000000086300000| Untracked 
| 100|0x0000000086400000, 0x0000000086400000, 0x0000000086500000|  0%| F|  |TAMS 0x0000000086400000, 0x0000000086400000| Untracked 
| 101|0x0000000086500000, 0x0000000086500000, 0x0000000086600000|  0%| F|  |TAMS 0x0000000086500000, 0x0000000086500000| Untracked 
| 102|0x0000000086600000, 0x0000000086600000, 0x0000000086700000|  0%| F|  |TAMS 0x0000000086600000, 0x0000000086600000| Untracked 
| 103|0x0000000086700000, 0x0000000086700000, 0x0000000086800000|  0%| F|  |TAMS 0x0000000086700000, 0x0000000086700000| Untracked 
| 104|0x0000000086800000, 0x0000000086800000, 0x0000000086900000|  0%| F|  |TAMS 0x0000000086800000, 0x0000000086800000| Untracked 
| 105|0x0000000086900000, 0x0000000086900000, 0x0000000086a00000|  0%| F|  |TAMS 0x0000000086900000, 0x0000000086900000| Untracked 
| 106|0x0000000086a00000, 0x0000000086b00000, 0x0000000086b00000|100%| S|CS|TAMS 0x0000000086a00000, 0x0000000086a00000| Complete 
| 107|0x0000000086b00000, 0x0000000086c00000, 0x0000000086c00000|100%| S|CS|TAMS 0x0000000086b00000, 0x0000000086b00000| Complete 
| 108|0x0000000086c00000, 0x0000000086d00000, 0x0000000086d00000|100%| S|CS|TAMS 0x0000000086c00000, 0x0000000086c00000| Complete 
| 109|0x0000000086d00000, 0x0000000086e00000, 0x0000000086e00000|100%| S|CS|TAMS 0x0000000086d00000, 0x0000000086d00000| Complete 
| 110|0x0000000086e00000, 0x0000000086f00000, 0x0000000086f00000|100%| S|CS|TAMS 0x0000000086e00000, 0x0000000086e00000| Complete 
| 111|0x0000000086f00000, 0x0000000086f00000, 0x0000000087000000|  0%| F|  |TAMS 0x0000000086f00000, 0x0000000086f00000| Untracked 
| 112|0x0000000087000000, 0x0000000087100000, 0x0000000087100000|100%| S|CS|TAMS 0x0000000087000000, 0x0000000087000000| Complete 
| 113|0x0000000087100000, 0x0000000087200000, 0x0000000087200000|100%| S|CS|TAMS 0x0000000087100000, 0x0000000087100000| Complete 
| 114|0x0000000087200000, 0x0000000087200000, 0x0000000087300000|  0%| F|  |TAMS 0x0000000087200000, 0x0000000087200000| Untracked 
| 115|0x0000000087300000, 0x0000000087300000, 0x0000000087400000|  0%| F|  |TAMS 0x0000000087300000, 0x0000000087300000| Untracked 
| 116|0x0000000087400000, 0x0000000087400000, 0x0000000087500000|  0%| F|  |TAMS 0x0000000087400000, 0x0000000087400000| Untracked 
| 117|0x0000000087500000, 0x0000000087500000, 0x0000000087600000|  0%| F|  |TAMS 0x0000000087500000, 0x0000000087500000| Untracked 
| 118|0x0000000087600000, 0x0000000087600000, 0x0000000087700000|  0%| F|  |TAMS 0x0000000087600000, 0x0000000087600000| Untracked 
| 119|0x0000000087700000, 0x0000000087700000, 0x0000000087800000|  0%| F|  |TAMS 0x0000000087700000, 0x0000000087700000| Untracked 
| 120|0x0000000087800000, 0x0000000087800000, 0x0000000087900000|  0%| F|  |TAMS 0x0000000087800000, 0x0000000087800000| Untracked 
| 121|0x0000000087900000, 0x0000000087900000, 0x0000000087a00000|  0%| F|  |TAMS 0x0000000087900000, 0x0000000087900000| Untracked 
| 122|0x0000000087a00000, 0x0000000087a00000, 0x0000000087b00000|  0%| F|  |TAMS 0x0000000087a00000, 0x0000000087a00000| Untracked 
| 123|0x0000000087b00000, 0x0000000087b00000, 0x0000000087c00000|  0%| F|  |TAMS 0x0000000087b00000, 0x0000000087b00000| Untracked 
| 124|0x0000000087c00000, 0x0000000087c00000, 0x0000000087d00000|  0%| F|  |TAMS 0x0000000087c00000, 0x0000000087c00000| Untracked 
| 125|0x0000000087d00000, 0x0000000087d00000, 0x0000000087e00000|  0%| F|  |TAMS 0x0000000087d00000, 0x0000000087d00000| Untracked 
| 126|0x0000000087e00000, 0x0000000087e00000, 0x0000000087f00000|  0%| F|  |TAMS 0x0000000087e00000, 0x0000000087e00000| Untracked 
| 127|0x0000000087f00000, 0x0000000087f00000, 0x0000000088000000|  0%| F|  |TAMS 0x0000000087f00000, 0x0000000087f00000| Untracked 
| 128|0x0000000088000000, 0x0000000088000000, 0x0000000088100000|  0%| F|  |TAMS 0x0000000088000000, 0x0000000088000000| Untracked 
| 129|0x0000000088100000, 0x0000000088100000, 0x0000000088200000|  0%| F|  |TAMS 0x0000000088100000, 0x0000000088100000| Untracked 
| 130|0x0000000088200000, 0x0000000088200000, 0x0000000088300000|  0%| F|  |TAMS 0x0000000088200000, 0x0000000088200000| Untracked 
| 131|0x0000000088300000, 0x0000000088300000, 0x0000000088400000|  0%| F|  |TAMS 0x0000000088300000, 0x0000000088300000| Untracked 
| 132|0x0000000088400000, 0x0000000088400000, 0x0000000088500000|  0%| F|  |TAMS 0x0000000088400000, 0x0000000088400000| Untracked 
| 133|0x0000000088500000, 0x0000000088500000, 0x0000000088600000|  0%| F|  |TAMS 0x0000000088500000, 0x0000000088500000| Untracked 
| 134|0x0000000088600000, 0x0000000088600000, 0x0000000088700000|  0%| F|  |TAMS 0x0000000088600000, 0x0000000088600000| Untracked 
| 135|0x0000000088700000, 0x0000000088700000, 0x0000000088800000|  0%| F|  |TAMS 0x0000000088700000, 0x0000000088700000| Untracked 
| 136|0x0000000088800000, 0x0000000088800000, 0x0000000088900000|  0%| F|  |TAMS 0x0000000088800000, 0x0000000088800000| Untracked 
| 137|0x0000000088900000, 0x0000000088900000, 0x0000000088a00000|  0%| F|  |TAMS 0x0000000088900000, 0x0000000088900000| Untracked 
| 138|0x0000000088a00000, 0x0000000088a00000, 0x0000000088b00000|  0%| F|  |TAMS 0x0000000088a00000, 0x0000000088a00000| Untracked 
| 139|0x0000000088b00000, 0x0000000088b00000, 0x0000000088c00000|  0%| F|  |TAMS 0x0000000088b00000, 0x0000000088b00000| Untracked 
| 140|0x0000000088c00000, 0x0000000088c00000, 0x0000000088d00000|  0%| F|  |TAMS 0x0000000088c00000, 0x0000000088c00000| Untracked 
| 141|0x0000000088d00000, 0x0000000088d00000, 0x0000000088e00000|  0%| F|  |TAMS 0x0000000088d00000, 0x0000000088d00000| Untracked 
| 142|0x0000000088e00000, 0x0000000088e00000, 0x0000000088f00000|  0%| F|  |TAMS 0x0000000088e00000, 0x0000000088e00000| Untracked 
| 143|0x0000000088f00000, 0x0000000088f00000, 0x0000000089000000|  0%| F|  |TAMS 0x0000000088f00000, 0x0000000088f00000| Untracked 
| 144|0x0000000089000000, 0x0000000089000000, 0x0000000089100000|  0%| F|  |TAMS 0x0000000089000000, 0x0000000089000000| Untracked 
| 145|0x0000000089100000, 0x0000000089100000, 0x0000000089200000|  0%| F|  |TAMS 0x0000000089100000, 0x0000000089100000| Untracked 
| 146|0x0000000089200000, 0x0000000089200000, 0x0000000089300000|  0%| F|  |TAMS 0x0000000089200000, 0x0000000089200000| Untracked 
| 147|0x0000000089300000, 0x0000000089300000, 0x0000000089400000|  0%| F|  |TAMS 0x0000000089300000, 0x0000000089300000| Untracked 
| 148|0x0000000089400000, 0x0000000089400000, 0x0000000089500000|  0%| F|  |TAMS 0x0000000089400000, 0x0000000089400000| Untracked 
| 149|0x0000000089500000, 0x0000000089500000, 0x0000000089600000|  0%| F|  |TAMS 0x0000000089500000, 0x0000000089500000| Untracked 
| 150|0x0000000089600000, 0x0000000089600000, 0x0000000089700000|  0%| F|  |TAMS 0x0000000089600000, 0x0000000089600000| Untracked 
| 151|0x0000000089700000, 0x0000000089700000, 0x0000000089800000|  0%| F|  |TAMS 0x0000000089700000, 0x0000000089700000| Untracked 
| 152|0x0000000089800000, 0x0000000089800000, 0x0000000089900000|  0%| F|  |TAMS 0x0000000089800000, 0x0000000089800000| Untracked 
| 153|0x0000000089900000, 0x0000000089900000, 0x0000000089a00000|  0%| F|  |TAMS 0x0000000089900000, 0x0000000089900000| Untracked 
| 154|0x0000000089a00000, 0x0000000089a00000, 0x0000000089b00000|  0%| F|  |TAMS 0x0000000089a00000, 0x0000000089a00000| Untracked 
| 155|0x0000000089b00000, 0x0000000089b00000, 0x0000000089c00000|  0%| F|  |TAMS 0x0000000089b00000, 0x0000000089b00000| Untracked 
| 156|0x0000000089c00000, 0x0000000089c00000, 0x0000000089d00000|  0%| F|  |TAMS 0x0000000089c00000, 0x0000000089c00000| Untracked 
| 157|0x0000000089d00000, 0x0000000089d00000, 0x0000000089e00000|  0%| F|  |TAMS 0x0000000089d00000, 0x0000000089d00000| Untracked 
| 158|0x0000000089e00000, 0x0000000089e00000, 0x0000000089f00000|  0%| F|  |TAMS 0x0000000089e00000, 0x0000000089e00000| Untracked 
| 159|0x0000000089f00000, 0x0000000089f00000, 0x000000008a000000|  0%| F|  |TAMS 0x0000000089f00000, 0x0000000089f00000| Untracked 
| 160|0x000000008a000000, 0x000000008a000000, 0x000000008a100000|  0%| F|  |TAMS 0x000000008a000000, 0x000000008a000000| Untracked 
| 161|0x000000008a100000, 0x000000008a100000, 0x000000008a200000|  0%| F|  |TAMS 0x000000008a100000, 0x000000008a100000| Untracked 
| 162|0x000000008a200000, 0x000000008a200000, 0x000000008a300000|  0%| F|  |TAMS 0x000000008a200000, 0x000000008a200000| Untracked 
| 163|0x000000008a300000, 0x000000008a300000, 0x000000008a400000|  0%| F|  |TAMS 0x000000008a300000, 0x000000008a300000| Untracked 
| 164|0x000000008a400000, 0x000000008a400000, 0x000000008a500000|  0%| F|  |TAMS 0x000000008a400000, 0x000000008a400000| Untracked 
| 165|0x000000008a500000, 0x000000008a500000, 0x000000008a600000|  0%| F|  |TAMS 0x000000008a500000, 0x000000008a500000| Untracked 
| 166|0x000000008a600000, 0x000000008a600000, 0x000000008a700000|  0%| F|  |TAMS 0x000000008a600000, 0x000000008a600000| Untracked 
| 167|0x000000008a700000, 0x000000008a700000, 0x000000008a800000|  0%| F|  |TAMS 0x000000008a700000, 0x000000008a700000| Untracked 
| 168|0x000000008a800000, 0x000000008a800000, 0x000000008a900000|  0%| F|  |TAMS 0x000000008a800000, 0x000000008a800000| Untracked 
| 169|0x000000008a900000, 0x000000008a900000, 0x000000008aa00000|  0%| F|  |TAMS 0x000000008a900000, 0x000000008a900000| Untracked 
| 170|0x000000008aa00000, 0x000000008aa00000, 0x000000008ab00000|  0%| F|  |TAMS 0x000000008aa00000, 0x000000008aa00000| Untracked 
| 171|0x000000008ab00000, 0x000000008ab00000, 0x000000008ac00000|  0%| F|  |TAMS 0x000000008ab00000, 0x000000008ab00000| Untracked 
| 172|0x000000008ac00000, 0x000000008ac00000, 0x000000008ad00000|  0%| F|  |TAMS 0x000000008ac00000, 0x000000008ac00000| Untracked 
| 173|0x000000008ad00000, 0x000000008ad00000, 0x000000008ae00000|  0%| F|  |TAMS 0x000000008ad00000, 0x000000008ad00000| Untracked 
| 174|0x000000008ae00000, 0x000000008ae00000, 0x000000008af00000|  0%| F|  |TAMS 0x000000008ae00000, 0x000000008ae00000| Untracked 
| 175|0x000000008af00000, 0x000000008af00000, 0x000000008b000000|  0%| F|  |TAMS 0x000000008af00000, 0x000000008af00000| Untracked 
| 176|0x000000008b000000, 0x000000008b000000, 0x000000008b100000|  0%| F|  |TAMS 0x000000008b000000, 0x000000008b000000| Untracked 
| 177|0x000000008b100000, 0x000000008b100000, 0x000000008b200000|  0%| F|  |TAMS 0x000000008b100000, 0x000000008b100000| Untracked 
| 178|0x000000008b200000, 0x000000008b200000, 0x000000008b300000|  0%| F|  |TAMS 0x000000008b200000, 0x000000008b200000| Untracked 
| 179|0x000000008b300000, 0x000000008b300000, 0x000000008b400000|  0%| F|  |TAMS 0x000000008b300000, 0x000000008b300000| Untracked 
| 180|0x000000008b400000, 0x000000008b400000, 0x000000008b500000|  0%| F|  |TAMS 0x000000008b400000, 0x000000008b400000| Untracked 
| 181|0x000000008b500000, 0x000000008b500000, 0x000000008b600000|  0%| F|  |TAMS 0x000000008b500000, 0x000000008b500000| Untracked 
| 182|0x000000008b600000, 0x000000008b600000, 0x000000008b700000|  0%| F|  |TAMS 0x000000008b600000, 0x000000008b600000| Untracked 

Card table byte_map: [0x0000029229250000,0x0000029229650000] _byte_map_base: 0x0000029228e50000

Marking Bits (Prev, Next): (CMBitMap*) 0x0000029215d3c548, (CMBitMap*) 0x0000029215d3c580
 Prev Bits: [0x0000029229a50000, 0x000002922ba50000)
 Next Bits: [0x000002922ba50000, 0x000002922da50000)

Polling page: 0x0000029215de0000

Metaspace:

Usage:
  Non-class:     72.88 MB capacity,    71.51 MB ( 98%) used,     1.14 MB (  2%) free+waste,   229.81 KB ( <1%) overhead. 
      Class:     11.35 MB capacity,    10.60 MB ( 93%) used,   659.86 KB (  6%) free+waste,   105.75 KB ( <1%) overhead. 
       Both:     84.23 MB capacity,    82.11 MB ( 97%) used,     1.79 MB (  2%) free+waste,   335.56 KB ( <1%) overhead. 

Virtual space:
  Non-class space:       74.00 MB reserved,      73.04 MB ( 99%) committed 
      Class space:        1.00 GB reserved,      11.38 MB (  1%) committed 
             Both:        1.07 GB reserved,      84.41 MB (  8%) committed 

Chunk freelists:
   Non-Class:  33.00 KB
       Class:  0 bytes
        Both:  33.00 KB

MaxMetaspaceSize: 17179869184.00 GB
CompressedClassSpaceSize: 1.00 GB

CodeHeap 'non-profiled nmethods': size=120064Kb used=3818Kb max_used=3818Kb free=116245Kb
 bounds [0x00000292212e0000, 0x00000292216a0000, 0x0000029228820000]
CodeHeap 'profiled nmethods': size=120000Kb used=18704Kb max_used=18704Kb free=101295Kb
 bounds [0x0000029219db0000, 0x000002921b000000, 0x00000292212e0000]
CodeHeap 'non-nmethods': size=5696Kb used=2276Kb max_used=2320Kb free=3419Kb
 bounds [0x0000029219820000, 0x0000029219a90000, 0x0000029219db0000]
 total_blobs=9908 nmethods=9032 adapters=787
 compilation: enabled
              stopped_count=0, restarted_count=0
 full_count=0

Compilation events (20 events):
Event: 28.654 Thread 0x00000292300bf000 9154       3       org.gradle.internal.serialize.HashCodeSerializer::read (6 bytes)
Event: 28.654 Thread 0x00000292300bf000 nmethod 9154 0x000002921aff1d10 code [0x000002921aff1f00, 0x000002921aff22c8]
Event: 28.655 Thread 0x00000292300bf000 9155       3       org.gradle.api.internal.artifacts.transform.CacheableInvocation::nonCached (9 bytes)
Event: 28.655 Thread 0x00000292300bf000 nmethod 9155 0x000002921aff2410 code [0x000002921aff25e0, 0x000002921aff2838]
Event: 28.655 Thread 0x00000292300bf000 9156       3       org.gradle.api.internal.artifacts.transform.CacheableInvocation$3::<init> (10 bytes)
Event: 28.655 Thread 0x00000292300bf000 nmethod 9156 0x000002921aff2910 code [0x000002921aff2ac0, 0x000002921aff2c78]
Event: 28.658 Thread 0x00000292300bf000 9159       3       com.google.common.collect.ImmutableMultimap::of (4 bytes)
Event: 28.658 Thread 0x00000292300bf000 nmethod 9159 0x000002921aff2d90 code [0x000002921aff2f40, 0x000002921aff3078]
Event: 28.669 Thread 0x00000292300bf000 9161       3       com.google.common.collect.ImmutableMap$Builder::put (17 bytes)
Event: 28.670 Thread 0x00000292300bf000 nmethod 9161 0x000002921aff3110 code [0x000002921aff32e0, 0x000002921aff3628]
Event: 28.670 Thread 0x00000292300bf000 9162       3       org.gradle.internal.snapshot.SnapshotUtil$1::handleExactMatchWithChild (9 bytes)
Event: 28.671 Thread 0x00000292300bf000 nmethod 9162 0x000002921aff3710 code [0x000002921aff38e0, 0x000002921aff3c08]
Event: 28.671 Thread 0x00000292300bf000 9163       3       org.gradle.internal.snapshot.SnapshotUtil$1::handleExactMatchWithChild (7 bytes)
Event: 28.671 Thread 0x00000292300bf000 nmethod 9163 0x000002921aff3d10 code [0x000002921aff3ec0, 0x000002921aff4088]
Event: 28.673 Thread 0x00000292300bf000 9164       1       org.gradle.internal.snapshot.SnapshottingFilter$1::isEmpty (2 bytes)
Event: 28.673 Thread 0x00000292300bf000 nmethod 9164 0x000002922169a110 code [0x000002922169a2c0, 0x000002922169a378]
Event: 28.674 Thread 0x00000292300bf000 9165       1       org.gradle.internal.snapshot.MerkleDirectorySnapshotBuilder::getResult (5 bytes)
Event: 28.674 Thread 0x00000292300bf000 nmethod 9165 0x000002922169a410 code [0x000002922169a5c0, 0x000002922169a678]
Event: 28.675 Thread 0x00000292300bf000 9166       1       sun.nio.fs.WindowsPath::getPathForPermissionCheck (5 bytes)
Event: 28.675 Thread 0x00000292300bf000 nmethod 9166 0x000002922169a710 code [0x000002922169a8c0, 0x000002922169a978]

GC Heap History (20 events):
Event: 10.462 GC heap after
{Heap after GC invocations=8 (full 0):
 garbage-first heap   total 155648K, used 21269K [0x0000000080000000, 0x0000000100000000)
  region size 1024K, 6 young (6144K), 6 survivors (6144K)
 Metaspace       used 32164K, capacity 32832K, committed 32944K, reserved 1077248K
  class space    used 4250K, capacity 4536K, committed 4608K, reserved 1048576K
}
Event: 11.004 GC heap before
{Heap before GC invocations=8 (full 0):
 garbage-first heap   total 155648K, used 26389K [0x0000000080000000, 0x0000000100000000)
  region size 1024K, 12 young (12288K), 6 survivors (6144K)
 Metaspace       used 34855K, capacity 35642K, committed 35708K, reserved 1081344K
  class space    used 4527K, capacity 4857K, committed 4864K, reserved 1048576K
}
Event: 11.021 GC heap after
{Heap after GC invocations=9 (full 0):
 garbage-first heap   total 155648K, used 22467K [0x0000000080000000, 0x0000000100000000)
  region size 1024K, 6 young (6144K), 6 survivors (6144K)
 Metaspace       used 34855K, capacity 35642K, committed 35708K, reserved 1081344K
  class space    used 4527K, capacity 4857K, committed 4864K, reserved 1048576K
}
Event: 12.633 GC heap before
{Heap before GC invocations=10 (full 0):
 garbage-first heap   total 155648K, used 92099K [0x0000000080000000, 0x0000000100000000)
  region size 1024K, 72 young (73728K), 6 survivors (6144K)
 Metaspace       used 41237K, capacity 42211K, committed 42492K, reserved 1085440K
  class space    used 5322K, capacity 5690K, committed 5760K, reserved 1048576K
}
Event: 12.656 GC heap after
{Heap after GC invocations=11 (full 0):
 garbage-first heap   total 155648K, used 26880K [0x0000000080000000, 0x0000000100000000)
  region size 1024K, 8 young (8192K), 8 survivors (8192K)
 Metaspace       used 41237K, capacity 42211K, committed 42492K, reserved 1085440K
  class space    used 5322K, capacity 5690K, committed 5760K, reserved 1048576K
}
Event: 15.269 GC heap before
{Heap before GC invocations=11 (full 0):
 garbage-first heap   total 155648K, used 101632K [0x0000000080000000, 0x0000000100000000)
  region size 1024K, 81 young (82944K), 8 survivors (8192K)
 Metaspace       used 46738K, capacity 47889K, committed 48124K, reserved 1091584K
  class space    used 5968K, capacity 6408K, committed 6528K, reserved 1048576K
}
Event: 15.297 GC heap after
{Heap after GC invocations=12 (full 0):
 garbage-first heap   total 155648K, used 30561K [0x0000000080000000, 0x0000000100000000)
  region size 1024K, 10 young (10240K), 10 survivors (10240K)
 Metaspace       used 46738K, capacity 47889K, committed 48124K, reserved 1091584K
  class space    used 5968K, capacity 6408K, committed 6528K, reserved 1048576K
}
Event: 17.654 GC heap before
{Heap before GC invocations=12 (full 0):
 garbage-first heap   total 155648K, used 113505K [0x0000000080000000, 0x0000000100000000)
  region size 1024K, 87 young (89088K), 10 survivors (10240K)
 Metaspace       used 51958K, capacity 53340K, committed 53628K, reserved 1095680K
  class space    used 6608K, capacity 7099K, committed 7168K, reserved 1048576K
}
Event: 17.690 GC heap after
{Heap after GC invocations=13 (full 0):
 garbage-first heap   total 155648K, used 45056K [0x0000000080000000, 0x0000000100000000)
  region size 1024K, 11 young (11264K), 11 survivors (11264K)
 Metaspace       used 51958K, capacity 53340K, committed 53628K, reserved 1095680K
  class space    used 6608K, capacity 7099K, committed 7168K, reserved 1048576K
}
Event: 19.141 GC heap before
{Heap before GC invocations=13 (full 0):
 garbage-first heap   total 155648K, used 89088K [0x0000000080000000, 0x0000000100000000)
  region size 1024K, 55 young (56320K), 11 survivors (11264K)
 Metaspace       used 58385K, capacity 59825K, committed 59940K, reserved 1101824K
  class space    used 7367K, capacity 7893K, committed 7936K, reserved 1048576K
}
Event: 19.175 GC heap after
{Heap after GC invocations=14 (full 0):
 garbage-first heap   total 187392K, used 48228K [0x0000000080000000, 0x0000000100000000)
  region size 1024K, 3 young (3072K), 3 survivors (3072K)
 Metaspace       used 58385K, capacity 59825K, committed 59940K, reserved 1101824K
  class space    used 7367K, capacity 7893K, committed 7936K, reserved 1048576K
}
Event: 21.198 GC heap before
{Heap before GC invocations=15 (full 0):
 garbage-first heap   total 187392K, used 119908K [0x0000000080000000, 0x0000000100000000)
  region size 1024K, 73 young (74752K), 3 survivors (3072K)
 Metaspace       used 65608K, capacity 67183K, committed 67364K, reserved 1107968K
  class space    used 8292K, capacity 8839K, committed 8960K, reserved 1048576K
}
Event: 21.219 GC heap after
{Heap after GC invocations=16 (full 0):
 garbage-first heap   total 187392K, used 52896K [0x0000000080000000, 0x0000000100000000)
  region size 1024K, 7 young (7168K), 7 survivors (7168K)
 Metaspace       used 65608K, capacity 67183K, committed 67364K, reserved 1107968K
  class space    used 8292K, capacity 8839K, committed 8960K, reserved 1048576K
}
Event: 22.916 GC heap before
{Heap before GC invocations=17 (full 0):
 garbage-first heap   total 187392K, used 126624K [0x0000000080000000, 0x0000000100000000)
  region size 1024K, 79 young (80896K), 7 survivors (7168K)
 Metaspace       used 69776K, capacity 71492K, committed 71588K, reserved 1112064K
  class space    used 8965K, capacity 9567K, committed 9600K, reserved 1048576K
}
Event: 22.944 GC heap after
{Heap after GC invocations=18 (full 0):
 garbage-first heap   total 187392K, used 58574K [0x0000000080000000, 0x0000000100000000)
  region size 1024K, 6 young (6144K), 6 survivors (6144K)
 Metaspace       used 69776K, capacity 71492K, committed 71588K, reserved 1112064K
  class space    used 8965K, capacity 9567K, committed 9600K, reserved 1048576K
}
Event: 24.473 GC heap before
{Heap before GC invocations=18 (full 0):
 garbage-first heap   total 187392K, used 132302K [0x0000000080000000, 0x0000000100000000)
  region size 1024K, 78 young (79872K), 6 survivors (6144K)
 Metaspace       used 73590K, capacity 75350K, committed 75556K, reserved 1114112K
  class space    used 9518K, capacity 10136K, committed 10240K, reserved 1048576K
}
Event: 24.498 GC heap after
{Heap after GC invocations=19 (full 0):
 garbage-first heap   total 187392K, used 64038K [0x0000000080000000, 0x0000000100000000)
  region size 1024K, 6 young (6144K), 6 survivors (6144K)
 Metaspace       used 73590K, capacity 75350K, committed 75556K, reserved 1114112K
  class space    used 9518K, capacity 10136K, committed 10240K, reserved 1048576K
}
Event: 26.367 GC heap before
{Heap before GC invocations=19 (full 0):
 garbage-first heap   total 187392K, used 135718K [0x0000000080000000, 0x0000000100000000)
  region size 1024K, 77 young (78848K), 6 survivors (6144K)
 Metaspace       used 80371K, capacity 82254K, committed 82340K, reserved 1120256K
  class space    used 10423K, capacity 11073K, committed 11136K, reserved 1048576K
}
Event: 26.394 GC heap after
{Heap after GC invocations=20 (full 0):
 garbage-first heap   total 187392K, used 69895K [0x0000000080000000, 0x0000000100000000)
  region size 1024K, 10 young (10240K), 10 survivors (10240K)
 Metaspace       used 80371K, capacity 82254K, committed 82340K, reserved 1120256K
  class space    used 10423K, capacity 11073K, committed 11136K, reserved 1048576K
}
Event: 28.676 GC heap before
{Heap before GC invocations=20 (full 0):
 garbage-first heap   total 187392K, used 139527K [0x0000000080000000, 0x0000000100000000)
  region size 1024K, 79 young (80896K), 10 survivors (10240K)
 Metaspace       used 84084K, capacity 86252K, committed 86436K, reserved 1124352K
  class space    used 10859K, capacity 11625K, committed 11648K, reserved 1048576K
}

Deoptimization events (20 events):
Event: 28.258 Thread 0x00000292318dc800 DEOPT PACKING pc=0x0000029221535e5c sp=0x000000b92a8fde40
Event: 28.258 Thread 0x00000292318dc800 DEOPT UNPACKING pc=0x000002921984662f sp=0x000000b92a8fdda8 mode 2
Event: 28.264 Thread 0x00000292318dc800 Uncommon trap: trap_request=0xffffffde fr.pc=0x0000029221535e5c relative=0x000000000000029c
Event: 28.265 Thread 0x00000292318dc800 Uncommon trap: reason=class_check action=maybe_recompile pc=0x0000029221535e5c method=java.util.concurrent.ConcurrentHashMap.get(Ljava/lang/Object;)Ljava/lang/Object; @ 93 c2
Event: 28.265 Thread 0x00000292318dc800 DEOPT PACKING pc=0x0000029221535e5c sp=0x000000b92a8fda70
Event: 28.265 Thread 0x00000292318dc800 DEOPT UNPACKING pc=0x000002921984662f sp=0x000000b92a8fd9d8 mode 2
Event: 28.318 Thread 0x00000292318e4000 DEOPT PACKING pc=0x000002921a4344f4 sp=0x000000b92acfd4b0
Event: 28.318 Thread 0x00000292318e4000 DEOPT UNPACKING pc=0x0000029219846dde sp=0x000000b92acfca50 mode 0
Event: 28.401 Thread 0x00000292318de000 DEOPT PACKING pc=0x000002921aefeb1f sp=0x000000b92adfb9e0
Event: 28.401 Thread 0x00000292318de000 DEOPT UNPACKING pc=0x0000029219846dde sp=0x000000b92adfaef8 mode 0
Event: 28.425 Thread 0x00000292318e4000 DEOPT PACKING pc=0x000002921a4344f4 sp=0x000000b92acfcfd0
Event: 28.425 Thread 0x00000292318e4000 DEOPT UNPACKING pc=0x0000029219846dde sp=0x000000b92acfc570 mode 0
Event: 28.618 Thread 0x000002923366c800 Uncommon trap: trap_request=0xffffff7e fr.pc=0x00000292216971ac relative=0x000000000000066c
Event: 28.618 Thread 0x00000292318de000 Uncommon trap: trap_request=0xffffff7e fr.pc=0x00000292216971ac relative=0x000000000000066c
Event: 28.618 Thread 0x000002923366c800 Uncommon trap: reason=predicate action=maybe_recompile pc=0x00000292216971ac method=java.util.TimSort.binarySort([Ljava/lang/Object;IIILjava/util/Comparator;)V @ 34 c2
Event: 28.618 Thread 0x00000292318de000 Uncommon trap: reason=predicate action=maybe_recompile pc=0x00000292216971ac method=java.util.TimSort.binarySort([Ljava/lang/Object;IIILjava/util/Comparator;)V @ 34 c2
Event: 28.618 Thread 0x000002923366c800 DEOPT PACKING pc=0x00000292216971ac sp=0x000000b92d5fa0c0
Event: 28.618 Thread 0x00000292318de000 DEOPT PACKING pc=0x00000292216971ac sp=0x000000b92adfdb90
Event: 28.618 Thread 0x000002923366c800 DEOPT UNPACKING pc=0x000002921984662f sp=0x000000b92d5fa080 mode 2
Event: 28.618 Thread 0x00000292318de000 DEOPT UNPACKING pc=0x000002921984662f sp=0x000000b92adfdb50 mode 2

Classes redefined (0 events):
No events

Internal exceptions (20 events):
Event: 26.537 Thread 0x0000029232b30800 Exception <a 'java/lang/NoSuchMethodError'{0x000000008b2a66c0}: 'void java.lang.invoke.DirectMethodHandle$Holder.invokeSpecial(java.lang.Object, java.lang.Object, java.lang.Object, int)'> (0x000000008b2a66c0) thrown at [./src/hotspot/share/interpreter/linkResolver.cpp, line 773]
Event: 26.617 Thread 0x0000029232b30800 Exception <a 'sun/nio/fs/WindowsException'{0x000000008b0bf0e0}> (0x000000008b0bf0e0) thrown at [./src/hotspot/share/prims/jni.cpp, line 615]
Event: 26.784 Thread 0x0000029230d40000 Exception <a 'java/lang/NoSuchMethodError'{0x000000008ac88988}: <clinit>> (0x000000008ac88988) thrown at [./src/hotspot/share/prims/jni.cpp, line 1362]
Event: 26.785 Thread 0x0000029230d40000 Exception <a 'java/lang/NoSuchMethodError'{0x000000008ac92bc8}: <clinit>> (0x000000008ac92bc8) thrown at [./src/hotspot/share/prims/jni.cpp, line 1362]
Event: 26.804 Thread 0x0000029230d40000 Exception <a 'java/lang/NoSuchMethodError'{0x000000008ab33ba0}: <clinit>> (0x000000008ab33ba0) thrown at [./src/hotspot/share/prims/jni.cpp, line 1362]
Event: 26.807 Thread 0x0000029230d40000 Exception <a 'java/lang/NoSuchMethodError'{0x000000008ab71998}: <clinit>> (0x000000008ab71998) thrown at [./src/hotspot/share/prims/jni.cpp, line 1362]
Event: 26.807 Thread 0x0000029230d40000 Exception <a 'java/lang/NoSuchMethodError'{0x000000008ab72ee0}: <clinit>> (0x000000008ab72ee0) thrown at [./src/hotspot/share/prims/jni.cpp, line 1362]
Event: 26.868 Thread 0x0000029233665800 Exception <a 'java/lang/NoSuchMethodError'{0x000000008acd9fb8}: <clinit>> (0x000000008acd9fb8) thrown at [./src/hotspot/share/prims/jni.cpp, line 1362]
Event: 26.874 Thread 0x0000029233665800 Exception <a 'java/lang/NoSuchMethodError'{0x000000008a94d3b8}: <clinit>> (0x000000008a94d3b8) thrown at [./src/hotspot/share/prims/jni.cpp, line 1362]
Event: 26.880 Thread 0x0000029233665800 Exception <a 'java/lang/NoSuchMethodError'{0x000000008a99bde0}: <clinit>> (0x000000008a99bde0) thrown at [./src/hotspot/share/prims/jni.cpp, line 1362]
Event: 26.898 Thread 0x000002923366c800 Exception <a 'java/lang/IncompatibleClassChangeError'{0x000000008a8248f8}: Found class java.lang.Object, but interface was expected> (0x000000008a8248f8) thrown at [./src/hotspot/share/interpreter/linkResolver.cpp, line 839]
Event: 26.945 Thread 0x0000029230d40000 Exception <a 'java/lang/NoSuchMethodError'{0x000000008a7e7c88}: <clinit>> (0x000000008a7e7c88) thrown at [./src/hotspot/share/prims/jni.cpp, line 1362]
Event: 26.946 Thread 0x000002923366c800 Exception <a 'java/lang/NoSuchMethodError'{0x000000008a7b5f78}: 'java.lang.Object java.lang.invoke.DirectMethodHandle$Holder.invokeInterface(java.lang.Object, java.lang.Object, int)'> (0x000000008a7b5f78) thrown at [./src/hotspot/share/interpreter/linkResolver.cpp, line 773]
Event: 26.951 Thread 0x000002923366c800 Exception <a 'java/lang/NoSuchMethodError'{0x000000008a7c8838}: 'void java.lang.invoke.DirectMethodHandle$Holder.invokeStatic(java.lang.Object, java.lang.Object, java.lang.Object, int)'> (0x000000008a7c8838) thrown at [./src/hotspot/share/interpreter/linkResolver.cpp, line 773]
Event: 27.055 Thread 0x000002923366c800 Exception <a 'java/lang/IncompatibleClassChangeError'{0x000000008a5364d8}: Found class java.lang.Object, but interface was expected> (0x000000008a5364d8) thrown at [./src/hotspot/share/interpreter/linkResolver.cpp, line 839]
Event: 27.068 Thread 0x000002923366c800 Exception <a 'java/lang/IncompatibleClassChangeError'{0x000000008a577d88}: Found class java.lang.Object, but interface was expected> (0x000000008a577d88) thrown at [./src/hotspot/share/interpreter/linkResolver.cpp, line 839]
Event: 27.203 Thread 0x000002923366c800 Exception <a 'java/lang/NoSuchMethodError'{0x000000008a3bdc68}: 'int java.lang.invoke.DirectMethodHandle$Holder.invokeStaticInit(java.lang.Object, java.lang.Object, java.lang.Object, java.lang.Object, java.lang.Object)'> (0x000000008a3bdc68) thrown at [./src/hotspot/share/interpreter/linkResolver.cpp, line 773]
Event: 27.740 Thread 0x000002923366c800 Exception <a 'java/lang/NoSuchMethodError'{0x00000000896ccb10}: 'void java.lang.invoke.DirectMethodHandle$Holder.invokeStatic(java.lang.Object, java.lang.Object, java.lang.Object, java.lang.Object, int, java.lang.Object, java.lang.Object)'> (0x00000000896ccb10) thrown at [./src/hotspot/share/interpreter/linkResolver.cpp, line 773]
Event: 27.785 Thread 0x00000292318dc800 Exception <a 'java/lang/NoSuchMethodError'{0x00000000893abf40}: 'java.lang.Object java.lang.invoke.DirectMethodHandle$Holder.invokeSpecialIFC(java.lang.Object, java.lang.Object, java.lang.Object)'> (0x00000000893abf40) thrown at [./src/hotspot/share/interpreter/linkResolver.cpp, line 773]
Event: 27.785 Thread 0x000002923366c800 Exception <a 'java/lang/NoSuchMethodError'{0x00000000893c54d8}: 'java.lang.Object java.lang.invoke.DirectMethodHandle$Holder.invokeSpecialIFC(java.lang.Object, java.lang.Object, java.lang.Object)'> (0x00000000893c54d8) thrown at [./src/hotspot/share/interpreter/linkResolver.cpp, line 773]

Events (20 events):
Event: 28.499 Executing VM operation: RevokeBias done
Event: 28.542 Executing VM operation: RevokeBias
Event: 28.543 Executing VM operation: RevokeBias done
Event: 28.545 Executing VM operation: RevokeBias
Event: 28.546 Executing VM operation: RevokeBias done
Event: 28.549 Executing VM operation: RevokeBias
Event: 28.549 Executing VM operation: RevokeBias done
Event: 28.618 Executing VM operation: RevokeBias
Event: 28.619 Executing VM operation: RevokeBias done
Event: 28.629 Executing VM operation: RevokeBias
Event: 28.629 Executing VM operation: RevokeBias done
Event: 28.648 Executing VM operation: RevokeBias
Event: 28.648 Executing VM operation: RevokeBias done
Event: 28.660 Executing VM operation: RevokeBias
Event: 28.661 Executing VM operation: RevokeBias done
Event: 28.662 Executing VM operation: RevokeBias
Event: 28.662 Executing VM operation: RevokeBias done
Event: 28.672 Executing VM operation: RevokeBias
Event: 28.672 Executing VM operation: RevokeBias done
Event: 28.676 Executing VM operation: G1CollectForAllocation


Dynamic libraries:
0x00007ff702b70000 - 0x00007ff702b7a000 	C:\Android Studio\Android Installed\jre\bin\java.exe
0x00007ffc8b610000 - 0x00007ffc8b805000 	C:\WINDOWS\SYSTEM32\ntdll.dll
0x00007ffc8b440000 - 0x00007ffc8b4fe000 	C:\WINDOWS\System32\KERNEL32.DLL
0x00007ffc88fe0000 - 0x00007ffc892a8000 	C:\WINDOWS\System32\KERNELBASE.dll
0x00007ffc88ee0000 - 0x00007ffc88fe0000 	C:\WINDOWS\System32\ucrtbase.dll
0x00007ffc84110000 - 0x00007ffc84129000 	C:\Android Studio\Android Installed\jre\bin\jli.dll
0x00007ffc83d80000 - 0x00007ffc83d97000 	C:\Android Studio\Android Installed\jre\bin\VCRUNTIME140.dll
0x00007ffc89cf0000 - 0x00007ffc89e90000 	C:\WINDOWS\System32\USER32.dll
0x00007ffc89530000 - 0x00007ffc89552000 	C:\WINDOWS\System32\win32u.dll
0x00007ffc76af0000 - 0x00007ffc76d8a000 	C:\WINDOWS\WinSxS\amd64_microsoft.windows.common-controls_6595b64144ccf1df_6.0.19041.1110_none_60b5254171f9507e\COMCTL32.dll
0x00007ffc8a5b0000 - 0x00007ffc8a5db000 	C:\WINDOWS\System32\GDI32.dll
0x00007ffc89ec0000 - 0x00007ffc89f5e000 	C:\WINDOWS\System32\msvcrt.dll
0x00007ffc89560000 - 0x00007ffc8966b000 	C:\WINDOWS\System32\gdi32full.dll
0x00007ffc88d60000 - 0x00007ffc88dfd000 	C:\WINDOWS\System32\msvcp_win.dll
0x00007ffc89e90000 - 0x00007ffc89ec0000 	C:\WINDOWS\System32\IMM32.DLL
0x00007ffc7fd10000 - 0x00007ffc7fdad000 	C:\Android Studio\Android Installed\jre\bin\msvcp140.dll
0x00007ffc39000000 - 0x00007ffc39ad5000 	C:\Android Studio\Android Installed\jre\bin\server\jvm.dll
0x00007ffc8a4a0000 - 0x00007ffc8a54e000 	C:\WINDOWS\System32\ADVAPI32.dll
0x00007ffc8a2c0000 - 0x00007ffc8a35c000 	C:\WINDOWS\System32\sechost.dll
0x00007ffc89bc0000 - 0x00007ffc89ce5000 	C:\WINDOWS\System32\RPCRT4.dll
0x00007ffc8a490000 - 0x00007ffc8a498000 	C:\WINDOWS\System32\PSAPI.DLL
0x00007ffc73a90000 - 0x00007ffc73a99000 	C:\WINDOWS\SYSTEM32\WSOCK32.dll
0x00007ffc8b560000 - 0x00007ffc8b5cb000 	C:\WINDOWS\System32\WS2_32.dll
0x00007ffc74f60000 - 0x00007ffc74f87000 	C:\WINDOWS\SYSTEM32\WINMM.dll
0x00007ffc80270000 - 0x00007ffc8027a000 	C:\WINDOWS\SYSTEM32\VERSION.dll
0x00007ffc875d0000 - 0x00007ffc875e2000 	C:\WINDOWS\SYSTEM32\kernel.appcore.dll
0x00007ffc82300000 - 0x00007ffc82311000 	C:\Android Studio\Android Installed\jre\bin\verify.dll
0x00007ffc86550000 - 0x00007ffc86734000 	C:\WINDOWS\SYSTEM32\DBGHELP.DLL
0x00007ffc70cb0000 - 0x00007ffc70cdc000 	C:\WINDOWS\SYSTEM32\dbgcore.DLL
0x00007ffc88e00000 - 0x00007ffc88e82000 	C:\WINDOWS\System32\bcryptPrimitives.dll
0x00007ffc81f80000 - 0x00007ffc81fa9000 	C:\Android Studio\Android Installed\jre\bin\java.dll
0x00007ffc84030000 - 0x00007ffc8403b000 	C:\Android Studio\Android Installed\jre\bin\jimage.dll
0x00007ffc81f60000 - 0x00007ffc81f78000 	C:\Android Studio\Android Installed\jre\bin\zip.dll
0x00007ffc8a890000 - 0x00007ffc8afd4000 	C:\WINDOWS\System32\SHELL32.dll
0x00007ffc86e20000 - 0x00007ffc875b4000 	C:\WINDOWS\SYSTEM32\windows.storage.dll
0x00007ffc89f60000 - 0x00007ffc8a2b4000 	C:\WINDOWS\System32\combase.dll
0x00007ffc886c0000 - 0x00007ffc886ec000 	C:\WINDOWS\SYSTEM32\Wldp.dll
0x00007ffc8afe0000 - 0x00007ffc8b08d000 	C:\WINDOWS\System32\SHCORE.dll
0x00007ffc8a830000 - 0x00007ffc8a885000 	C:\WINDOWS\System32\shlwapi.dll
0x00007ffc88c70000 - 0x00007ffc88c8f000 	C:\WINDOWS\SYSTEM32\profapi.dll
0x00007ffc81f40000 - 0x00007ffc81f5a000 	C:\Android Studio\Android Installed\jre\bin\net.dll
0x00007ffc82420000 - 0x00007ffc82529000 	C:\WINDOWS\SYSTEM32\WINHTTP.dll
0x00007ffc88420000 - 0x00007ffc8848a000 	C:\WINDOWS\system32\mswsock.dll
0x00007ffc81f20000 - 0x00007ffc81f34000 	C:\Android Studio\Android Installed\jre\bin\nio.dll
0x00007ffc80640000 - 0x00007ffc80667000 	C:\Users\Dell\.gradle\native\e1d6ef7f7dcc3fd88c89a11ec53ec762bb8ba0a96d01ffa2cd45eb1d1d8dd5c5\windows-amd64\native-platform.dll
0x00007ffc76ff0000 - 0x00007ffc77134000 	C:\Users\Dell\.gradle\native\5664cfc778a61ccfe75a443a1ab52a65af34e5dc3c78e0209fed803814484fcb\windows-amd64\native-platform-file-events.dll
0x00007ffc84000000 - 0x00007ffc8400a000 	C:\Android Studio\Android Installed\jre\bin\management.dll
0x00007ffc822f0000 - 0x00007ffc822fd000 	C:\Android Studio\Android Installed\jre\bin\management_ext.dll
0x00007ffc88610000 - 0x00007ffc88628000 	C:\WINDOWS\SYSTEM32\CRYPTSP.dll
0x00007ffc87da0000 - 0x00007ffc87dd4000 	C:\WINDOWS\system32\rsaenh.dll
0x00007ffc88d30000 - 0x00007ffc88d57000 	C:\WINDOWS\System32\bcrypt.dll
0x00007ffc88c30000 - 0x00007ffc88c5e000 	C:\WINDOWS\SYSTEM32\USERENV.dll
0x00007ffc88630000 - 0x00007ffc8863c000 	C:\WINDOWS\SYSTEM32\CRYPTBASE.dll
0x00007ffc88110000 - 0x00007ffc8814b000 	C:\WINDOWS\SYSTEM32\IPHLPAPI.DLL
0x00007ffc8a7a0000 - 0x00007ffc8a7a8000 	C:\WINDOWS\System32\NSI.dll
0x00007ffc80970000 - 0x00007ffc80987000 	C:\WINDOWS\SYSTEM32\dhcpcsvc6.DLL
0x00007ffc7f010000 - 0x00007ffc7f02d000 	C:\WINDOWS\SYSTEM32\dhcpcsvc.DLL
0x00007ffc88150000 - 0x00007ffc8821a000 	C:\WINDOWS\SYSTEM32\DNSAPI.dll

dbghelp: loaded successfully - version: 4.0.5 - missing functions: none
symbol engine: initialized successfully - sym options: 0x614 - pdb path: .;C:\Android Studio\Android Installed\jre\bin;C:\WINDOWS\SYSTEM32;C:\WINDOWS\WinSxS\amd64_microsoft.windows.common-controls_6595b64144ccf1df_6.0.19041.1110_none_60b5254171f9507e;C:\Android Studio\Android Installed\jre\bin\server;C:\Users\Dell\.gradle\native\e1d6ef7f7dcc3fd88c89a11ec53ec762bb8ba0a96d01ffa2cd45eb1d1d8dd5c5\windows-amd64;C:\Users\Dell\.gradle\native\5664cfc778a61ccfe75a443a1ab52a65af34e5dc3c78e0209fed803814484fcb\windows-amd64

VM Arguments:
jvm_args: --add-opens=java.base/java.util=ALL-UNNAMED --add-opens=java.base/java.lang=ALL-UNNAMED --add-opens=java.base/java.lang.invoke=ALL-UNNAMED --add-opens=java.base/java.util=ALL-UNNAMED --add-opens=java.prefs/java.util.prefs=ALL-UNNAMED --add-opens=java.prefs/java.util.prefs=ALL-UNNAMED --add-opens=java.base/java.nio.charset=ALL-UNNAMED --add-opens=java.base/java.net=ALL-UNNAMED --add-opens=java.base/java.util.concurrent.atomic=ALL-UNNAMED -Xmx2048m -Dfile.encoding=UTF-8 -Duser.country=IN -Duser.language=en -Duser.variant 
java_command: org.gradle.launcher.daemon.bootstrap.GradleDaemon 7.2
java_class_path (initial): C:\Users\Dell\.gradle\wrapper\dists\gradle-7.2-bin\2dnblmf4td7x66yl1d74lt32g\gradle-7.2\lib\gradle-launcher-7.2.jar
Launcher Type: SUN_STANDARD

[Global flags]
     intx CICompilerCount                          = 3                                         {product} {ergonomic}
     uint ConcGCThreads                            = 1                                         {product} {ergonomic}
     uint G1ConcRefinementThreads                  = 4                                         {product} {ergonomic}
   size_t G1HeapRegionSize                         = 1048576                                   {product} {ergonomic}
    uintx GCDrainStackTargetSize                   = 64                                        {product} {ergonomic}
   size_t InitialHeapSize                          = 132120576                                 {product} {ergonomic}
   size_t MarkStackSize                            = 4194304                                   {product} {ergonomic}
   size_t MaxHeapSize                              = 2147483648                                {product} {command line}
   size_t MaxNewSize                               = 1287651328                                {product} {ergonomic}
   size_t MinHeapDeltaBytes                        = 1048576                                   {product} {ergonomic}
    uintx NonNMethodCodeHeapSize                   = 5830732                                {pd product} {ergonomic}
    uintx NonProfiledCodeHeapSize                  = 122913754                              {pd product} {ergonomic}
    uintx ProfiledCodeHeapSize                     = 122913754                              {pd product} {ergonomic}
    uintx ReservedCodeCacheSize                    = 251658240                              {pd product} {ergonomic}
     bool SegmentedCodeCache                       = true                                      {product} {ergonomic}
     bool UseCompressedClassPointers               = true                                 {lp64_product} {ergonomic}
     bool UseCompressedOops                        = true                                 {lp64_product} {ergonomic}
     bool UseG1GC                                  = true                                      {product} {ergonomic}
     bool UseLargePagesIndividualAllocation        = false                                  {pd product} {ergonomic}

Logging:
Log output configuration:
 #0: stdout all=warning uptime,level,tags
 #1: stderr all=off uptime,level,tags

Environment Variables:
PATH=C:\WINDOWS\system32;C:\WINDOWS;C:\WINDOWS\System32\Wbem;C:\WINDOWS\System32\WindowsPowerShell\v1.0\;C:\WINDOWS\System32\OpenSSH\;C:\Program Files\Git\cmd;C:\Program Files (x86)\Filestar;C:\Users\Dell\AppData\Roaming\Filestar\aliases;C:\Users\Dell\AppData\Local\Microsoft\WindowsApps;C:\Users\Dell\AppData\Local\GitHubDesktop\bin
USERNAME=Dell
OS=Windows_NT
PROCESSOR_IDENTIFIER=Intel64 Family 6 Model 78 Stepping 3, GenuineIntel



---------------  S Y S T E M  ---------------

OS: Windows 10 , 64 bit Build 19041 (10.0.19041.1566)
OS uptime: 1 days 22:08 hours

CPU:total 4 (initial active 4) (2 cores per cpu, 2 threads per core) family 6 model 78 stepping 3 microcode 0xcc, cmov, cx8, fxsr, mmx, sse, sse2, sse3, ssse3, sse4.1, sse4.2, popcnt, avx, avx2, aes, clmul, erms, 3dnowpref, lzcnt, ht, tsc, tscinvbit, bmi1, bmi2, adx, fma

Memory: 4k page, system-wide physical 8057M (282M free)
TotalPageFile size 32633M (AvailPageFile size 32M)
current process WorkingSet (physical memory assigned to process): 409M, peak: 409M
current process commit charge ("private bytes"): 438M, peak: 475M

vm_info: OpenJDK 64-Bit Server VM (11.0.11+9-b60-7590822) for windows-amd64 JRE (11.0.11+9-b60-7590822), built on Jul 29 2021 21:43:44 by "builder" with MS VC++ 14.0 (VS2015)

END.
