#
# There is insufficient memory for the Java Runtime Environment to continue.
# Native memory allocation (mmap) failed to map 32505856 bytes for Failed to commit area from 0x0000000089800000 to 0x000000008b700000 of length 32505856.
# Possible reasons:
#   The system is out of physical RAM or swap space
#   The process is running with CompressedOops enabled, and the Java Heap may be blocking the growth of the native heap
# Possible solutions:
#   Reduce memory load on the system
#   Increase physical memory or swap space
#   Check if swap backing store is full
#   Decrease Java heap size (-Xmx/-Xms)
#   Decrease number of Java threads
#   Decrease Java thread stack sizes (-Xss)
#   Set larger code cache with -XX:ReservedCodeCacheSize=
#   JVM is running with Unscaled Compressed Oops mode in which the Java heap is
#     placed in the first 4GB address space. The Java Heap base address is the
#     maximum limit for the native heap growth. Please use -XX:HeapBaseMinAddress
#     to set the Java Heap base and to place the Java Heap above 4GB virtual address.
# This output file may be truncated or incomplete.
#
#  Out of Memory Error (./src/hotspot/os/windows/os_windows.cpp:3301), pid=9448, tid=13156
#
# JRE version: OpenJDK Runtime Environment (11.0.11+9) (build 11.0.11+9-b60-7590822)
# Java VM: OpenJDK 64-Bit Server VM (11.0.11+9-b60-7590822, mixed mode, tiered, compressed oops, g1 gc, windows-amd64)
# No core dump will be written. Minidumps are not enabled by default on client versions of Windows
#

---------------  S U M M A R Y ------------

Command Line: --add-opens=java.base/java.util=ALL-UNNAMED --add-opens=java.base/java.lang=ALL-UNNAMED --add-opens=java.base/java.lang.invoke=ALL-UNNAMED --add-opens=java.base/java.util=ALL-UNNAMED --add-opens=java.prefs/java.util.prefs=ALL-UNNAMED --add-opens=java.prefs/java.util.prefs=ALL-UNNAMED --add-opens=java.base/java.nio.charset=ALL-UNNAMED --add-opens=java.base/java.net=ALL-UNNAMED --add-opens=java.base/java.util.concurrent.atomic=ALL-UNNAMED -Xmx2048m -Dfile.encoding=UTF-8 -Duser.country=IN -Duser.language=en -Duser.variant org.gradle.launcher.daemon.bootstrap.GradleDaemon 7.2

Host: Intel(R) Core(TM) i3-6006U CPU @ 2.00GHz, 4 cores, 7G,  Windows 10 , 64 bit Build 19041 (10.0.19041.1566)
Time: Thu Apr 14 12:11:16 2022 India Standard Time elapsed time: 24.803328 seconds (0d 0h 0m 24s)

---------------  T H R E A D  ---------------

Current thread (0x000001a17fb9e000):  VMThread "VM Thread" [stack: 0x0000004aec100000,0x0000004aec200000] [id=13156]

Stack: [0x0000004aec100000,0x0000004aec200000]
[error occurred during error reporting (printing stack bounds), id 0xc0000005, EXCEPTION_ACCESS_VIOLATION (0xc0000005) at pc=0x000001a16f330f2d]

Native frames: (J=compiled Java code, j=interpreted, Vv=VM code, C=native code)
V  [jvm.dll+0x5f214a]
V  [jvm.dll+0x726fb5]
V  [jvm.dll+0x7285cd]
V  [jvm.dll+0x728be5]
V  [jvm.dll+0x728b9b]
V  [jvm.dll+0x5f14e8]
V  [jvm.dll+0x5f1c78]
C  [ntdll.dll+0xa20cf]
C  [ntdll.dll+0x51454]
C  [ntdll.dll+0xa0bfe]
C  0x000001a16f330f2d

VM_Operation (0x0000004aed4f6af0): G1CollectForAllocation, mode: safepoint, requested by thread 0x000001a106b96000


---------------  P R O C E S S  ---------------

Threads class SMR info:
_java_thread_list=0x000001a10a7a98c0, length=79, elements={
0x000001a16a077800, 0x000001a17fba3000, 0x000001a17fba4800, 0x000001a17fbbe000,
0x000001a17fbc0000, 0x000001a17fbc1000, 0x000001a17fbc6800, 0x000001a17fbc8000,
0x000001a17fbee800, 0x000001a106988800, 0x000001a106b97800, 0x000001a106b98800,
0x000001a106b93800, 0x000001a106b93000, 0x000001a106b94800, 0x000001a106b95000,
0x000001a106b96000, 0x000001a106b97000, 0x000001a1088f8000, 0x000001a1088f8800,
0x000001a1088f7000, 0x000001a1088f3000, 0x000001a1088f6000, 0x000001a1088f4800,
0x000001a1088f4000, 0x000001a1088fa800, 0x000001a1088fb000, 0x000001a1088f5800,
0x000001a1088fc800, 0x000001a1088fd800, 0x000001a108901000, 0x000001a108900000,
0x000001a108901800, 0x000001a106f5f800, 0x000001a106f5e800, 0x000001a106f5e000,
0x000001a106f5a800, 0x000001a106f5c000, 0x000001a106f60800, 0x000001a106f61000,
0x000001a106f5b800, 0x000001a106f67000, 0x000001a106f67800, 0x000001a106f62000,
0x000001a106f65000, 0x000001a106f68800, 0x000001a106f64800, 0x000001a106f62800,
0x000001a106f63800, 0x000001a106f66000, 0x000001a1088fe800, 0x000001a10bdb5800,
0x000001a10bdb7000, 0x000001a10bdba800, 0x000001a10bdb8000, 0x000001a10bdb9000,
0x000001a10bdb6800, 0x000001a10bdb4800, 0x000001a10bdb9800, 0x000001a10bdbf800,
0x000001a10bdbb000, 0x000001a10bdbc000, 0x000001a10bdc2000, 0x000001a10bdbd800,
0x000001a10bdbe800, 0x000001a10bdc0000, 0x000001a10bdc2800, 0x000001a10bdc1000,
0x000001a10bdbd000, 0x000001a10bdc3800, 0x000001a10c40f000, 0x000001a10c40c800,
0x000001a10c411800, 0x000001a10c413000, 0x000001a10c412800, 0x000001a10c410000,
0x000001a10c410800, 0x000001a10c40d800, 0x000001a10c40e000
}

Java Threads: ( => current thread )
  0x000001a16a077800 JavaThread "main" [_thread_blocked, id=1732, stack(0x0000004aebb00000,0x0000004aebc00000)]
  0x000001a17fba3000 JavaThread "Reference Handler" daemon [_thread_blocked, id=5500, stack(0x0000004aec200000,0x0000004aec300000)]
  0x000001a17fba4800 JavaThread "Finalizer" daemon [_thread_blocked, id=12224, stack(0x0000004aec300000,0x0000004aec400000)]
  0x000001a17fbbe000 JavaThread "Signal Dispatcher" daemon [_thread_blocked, id=6224, stack(0x0000004aec400000,0x0000004aec500000)]
  0x000001a17fbc0000 JavaThread "Attach Listener" daemon [_thread_blocked, id=11920, stack(0x0000004aec500000,0x0000004aec600000)]
  0x000001a17fbc1000 JavaThread "Service Thread" daemon [_thread_blocked, id=1220, stack(0x0000004aec600000,0x0000004aec700000)]
  0x000001a17fbc6800 JavaThread "C2 CompilerThread0" daemon [_thread_blocked, id=5220, stack(0x0000004aec700000,0x0000004aec800000)]
  0x000001a17fbc8000 JavaThread "C1 CompilerThread0" daemon [_thread_blocked, id=4484, stack(0x0000004aec800000,0x0000004aec900000)]
  0x000001a17fbee800 JavaThread "Sweeper thread" daemon [_thread_blocked, id=2120, stack(0x0000004aec900000,0x0000004aeca00000)]
  0x000001a106988800 JavaThread "Common-Cleaner" daemon [_thread_blocked, id=11908, stack(0x0000004aeca00000,0x0000004aecb00000)]
  0x000001a106b97800 JavaThread "Daemon health stats" [_thread_blocked, id=8592, stack(0x0000004aecf00000,0x0000004aed000000)]
  0x000001a106b98800 JavaThread "Incoming local TCP Connector on port 60513" [_thread_in_native, id=1856, stack(0x0000004aece00000,0x0000004aecf00000)]
  0x000001a106b93800 JavaThread "Daemon periodic checks" [_thread_blocked, id=7564, stack(0x0000004aed000000,0x0000004aed100000)]
  0x000001a106b93000 JavaThread "Daemon" [_thread_blocked, id=12188, stack(0x0000004aed100000,0x0000004aed200000)]
  0x000001a106b94800 JavaThread "Handler for socket connection from /127.0.0.1:60513 to /127.0.0.1:60514" [_thread_in_native, id=10296, stack(0x0000004aed200000,0x0000004aed300000)]
  0x000001a106b95000 JavaThread "Cancel handler" [_thread_blocked, id=8916, stack(0x0000004aed300000,0x0000004aed400000)]
  0x000001a106b96000 JavaThread "Daemon worker" [_thread_blocked, id=7308, stack(0x0000004aed400000,0x0000004aed500000)]
  0x000001a106b97000 JavaThread "Asynchronous log dispatcher for DefaultDaemonConnection: socket connection from /127.0.0.1:60513 to /127.0.0.1:60514" [_thread_blocked, id=12176, stack(0x0000004aed500000,0x0000004aed600000)]
  0x000001a1088f8000 JavaThread "Stdin handler" [_thread_blocked, id=4448, stack(0x0000004aed600000,0x0000004aed700000)]
  0x000001a1088f8800 JavaThread "Daemon client event forwarder" [_thread_blocked, id=8824, stack(0x0000004aed700000,0x0000004aed800000)]
  0x000001a1088f7000 JavaThread "Cache worker for journal cache (C:\Users\Dell\.gradle\caches\journal-1)" [_thread_blocked, id=8036, stack(0x0000004aed900000,0x0000004aeda00000)]
  0x000001a1088f3000 JavaThread "File lock request listener" [_thread_in_native, id=11608, stack(0x0000004aeda00000,0x0000004aedb00000)]
  0x000001a1088f6000 JavaThread "Cache worker for file hash cache (C:\Users\Dell\.gradle\caches\7.2\fileHashes)" [_thread_blocked, id=2240, stack(0x0000004aedb00000,0x0000004aedc00000)]
  0x000001a1088f4800 JavaThread "Cache worker for file hash cache (C:\Project\Hitch Dating App\Hitch Dating Platform\.gradle\7.2\fileHashes)" [_thread_blocked, id=3940, stack(0x0000004aedd00000,0x0000004aede00000)]
  0x000001a1088f4000 JavaThread "File watcher server" daemon [_thread_in_native, id=840, stack(0x0000004aede00000,0x0000004aedf00000)]
  0x000001a1088fa800 JavaThread "File watcher consumer" daemon [_thread_blocked, id=9708, stack(0x0000004aedf00000,0x0000004aee000000)]
  0x000001a1088fb000 JavaThread "Cache worker for checksums cache (C:\Project\Hitch Dating App\Hitch Dating Platform\.gradle\checksums)" [_thread_blocked, id=8420, stack(0x0000004aee000000,0x0000004aee100000)]
  0x000001a1088f5800 JavaThread "Cache worker for cache directory md-supplier (C:\Users\Dell\.gradle\caches\7.2\md-supplier)" [_thread_blocked, id=10964, stack(0x0000004aee100000,0x0000004aee200000)]
  0x000001a1088fc800 JavaThread "Cache worker for cache directory md-rule (C:\Users\Dell\.gradle\caches\7.2\md-rule)" [_thread_blocked, id=5660, stack(0x0000004aee200000,0x0000004aee300000)]
  0x000001a1088fd800 JavaThread "Cache worker for execution history cache (C:\Users\Dell\.gradle\caches\7.2\executionHistory)" [_thread_blocked, id=2432, stack(0x0000004aee300000,0x0000004aee400000)]
  0x000001a108901000 JavaThread "jar transforms" [_thread_blocked, id=13704, stack(0x0000004aee400000,0x0000004aee500000)]
  0x000001a108900000 JavaThread "jar transforms Thread 2" [_thread_blocked, id=10520, stack(0x0000004aee500000,0x0000004aee600000)]
  0x000001a108901800 JavaThread "Cache worker for file content cache (C:\Users\Dell\.gradle\caches\7.2\fileContent)" [_thread_blocked, id=10536, stack(0x0000004aee600000,0x0000004aee700000)]
  0x000001a106f5f800 JavaThread "Cache worker for dependencies-accessors (C:\Project\Hitch Dating App\Hitch Dating Platform\.gradle\7.2\dependencies-accessors)" [_thread_blocked, id=10468, stack(0x0000004aee700000,0x0000004aee800000)]
  0x000001a106f5e800 JavaThread "jar transforms Thread 3" [_thread_blocked, id=3736, stack(0x0000004aee800000,0x0000004aee900000)]
  0x000001a106f5e000 JavaThread "Cache worker for Build Output Cleanup Cache (C:\Project\Hitch Dating App\Hitch Dating Platform\.gradle\buildOutputCleanup)" [_thread_blocked, id=3860, stack(0x0000004aee900000,0x0000004aeea00000)]
  0x000001a106f5a800 JavaThread "Unconstrained build operations" [_thread_blocked, id=6312, stack(0x0000004aeea00000,0x0000004aeeb00000)]
  0x000001a106f5c000 JavaThread "Unconstrained build operations Thread 2" [_thread_blocked, id=10952, stack(0x0000004aeeb00000,0x0000004aeec00000)]
  0x000001a106f60800 JavaThread "Unconstrained build operations Thread 3" [_thread_blocked, id=2520, stack(0x0000004aeec00000,0x0000004aeed00000)]
  0x000001a106f61000 JavaThread "Unconstrained build operations Thread 4" [_thread_blocked, id=7336, stack(0x0000004aeed00000,0x0000004aeee00000)]
  0x000001a106f5b800 JavaThread "Unconstrained build operations Thread 5" [_thread_blocked, id=11660, stack(0x0000004aeee00000,0x0000004aeef00000)]
  0x000001a106f67000 JavaThread "Unconstrained build operations Thread 6" [_thread_blocked, id=7580, stack(0x0000004aeef00000,0x0000004aef000000)]
  0x000001a106f67800 JavaThread "Unconstrained build operations Thread 7" [_thread_blocked, id=10784, stack(0x0000004aef000000,0x0000004aef100000)]
  0x000001a106f62000 JavaThread "Unconstrained build operations Thread 8" [_thread_blocked, id=8244, stack(0x0000004aef100000,0x0000004aef200000)]
  0x000001a106f65000 JavaThread "Unconstrained build operations Thread 9" [_thread_blocked, id=13004, stack(0x0000004aef200000,0x0000004aef300000)]
  0x000001a106f68800 JavaThread "Unconstrained build operations Thread 10" [_thread_blocked, id=5628, stack(0x0000004aef300000,0x0000004aef400000)]
  0x000001a106f64800 JavaThread "Unconstrained build operations Thread 11" [_thread_blocked, id=932, stack(0x0000004aef400000,0x0000004aef500000)]
  0x000001a106f62800 JavaThread "Unconstrained build operations Thread 12" [_thread_blocked, id=11700, stack(0x0000004aef500000,0x0000004aef600000)]
  0x000001a106f63800 JavaThread "Unconstrained build operations Thread 13" [_thread_blocked, id=14252, stack(0x0000004aef600000,0x0000004aef700000)]
  0x000001a106f66000 JavaThread "Unconstrained build operations Thread 14" [_thread_blocked, id=12552, stack(0x0000004aef700000,0x0000004aef800000)]
  0x000001a1088fe800 JavaThread "Unconstrained build operations Thread 15" [_thread_blocked, id=928, stack(0x0000004aef800000,0x0000004aef900000)]
  0x000001a10bdb5800 JavaThread "Unconstrained build operations Thread 16" [_thread_blocked, id=9644, stack(0x0000004aef900000,0x0000004aefa00000)]
  0x000001a10bdb7000 JavaThread "Unconstrained build operations Thread 17" [_thread_blocked, id=4924, stack(0x0000004aefa00000,0x0000004aefb00000)]
  0x000001a10bdba800 JavaThread "Unconstrained build operations Thread 18" [_thread_blocked, id=13008, stack(0x0000004aefb00000,0x0000004aefc00000)]
  0x000001a10bdb8000 JavaThread "Unconstrained build operations Thread 19" [_thread_blocked, id=11792, stack(0x0000004aefc00000,0x0000004aefd00000)]
  0x000001a10bdb9000 JavaThread "Unconstrained build operations Thread 20" [_thread_blocked, id=5352, stack(0x0000004aefd00000,0x0000004aefe00000)]
  0x000001a10bdb6800 JavaThread "Unconstrained build operations Thread 21" [_thread_blocked, id=6328, stack(0x0000004aefe00000,0x0000004aeff00000)]
  0x000001a10bdb4800 JavaThread "Unconstrained build operations Thread 22" [_thread_blocked, id=14088, stack(0x0000004aeff00000,0x0000004af0000000)]
  0x000001a10bdb9800 JavaThread "Unconstrained build operations Thread 23" [_thread_blocked, id=14284, stack(0x0000004af0000000,0x0000004af0100000)]
  0x000001a10bdbf800 JavaThread "Unconstrained build operations Thread 24" [_thread_blocked, id=9932, stack(0x0000004af0100000,0x0000004af0200000)]
  0x000001a10bdbb000 JavaThread "Unconstrained build operations Thread 25" [_thread_blocked, id=11912, stack(0x0000004af0200000,0x0000004af0300000)]
  0x000001a10bdbc000 JavaThread "Unconstrained build operations Thread 26" [_thread_blocked, id=3104, stack(0x0000004af0300000,0x0000004af0400000)]
  0x000001a10bdc2000 JavaThread "Unconstrained build operations Thread 27" [_thread_blocked, id=6020, stack(0x0000004af0400000,0x0000004af0500000)]
  0x000001a10bdbd800 JavaThread "Unconstrained build operations Thread 28" [_thread_blocked, id=7468, stack(0x0000004af0500000,0x0000004af0600000)]
  0x000001a10bdbe800 JavaThread "Unconstrained build operations Thread 29" [_thread_blocked, id=12604, stack(0x0000004af0600000,0x0000004af0700000)]
  0x000001a10bdc0000 JavaThread "Unconstrained build operations Thread 30" [_thread_blocked, id=6728, stack(0x0000004af0700000,0x0000004af0800000)]
  0x000001a10bdc2800 JavaThread "Unconstrained build operations Thread 31" [_thread_blocked, id=9504, stack(0x0000004af0800000,0x0000004af0900000)]
  0x000001a10bdc1000 JavaThread "Unconstrained build operations Thread 32" [_thread_blocked, id=3088, stack(0x0000004af0900000,0x0000004af0a00000)]
  0x000001a10bdbd000 JavaThread "Unconstrained build operations Thread 33" [_thread_blocked, id=10316, stack(0x0000004af0a00000,0x0000004af0b00000)]
  0x000001a10bdc3800 JavaThread "Unconstrained build operations Thread 34" [_thread_blocked, id=3068, stack(0x0000004af0b00000,0x0000004af0c00000)]
  0x000001a10c40f000 JavaThread "Unconstrained build operations Thread 35" [_thread_blocked, id=4488, stack(0x0000004af0c00000,0x0000004af0d00000)]
  0x000001a10c40c800 JavaThread "Unconstrained build operations Thread 36" [_thread_blocked, id=6536, stack(0x0000004af0d00000,0x0000004af0e00000)]
  0x000001a10c411800 JavaThread "Unconstrained build operations Thread 37" [_thread_blocked, id=12260, stack(0x0000004af0e00000,0x0000004af0f00000)]
  0x000001a10c413000 JavaThread "Unconstrained build operations Thread 38" [_thread_blocked, id=244, stack(0x0000004af0f00000,0x0000004af1000000)]
  0x000001a10c412800 JavaThread "Unconstrained build operations Thread 39" [_thread_blocked, id=10652, stack(0x0000004af1000000,0x0000004af1100000)]
  0x000001a10c410000 JavaThread "Unconstrained build operations Thread 40" [_thread_blocked, id=9472, stack(0x0000004af1100000,0x0000004af1200000)]
  0x000001a10c410800 JavaThread "jar transforms Thread 4" [_thread_blocked, id=13792, stack(0x0000004af1200000,0x0000004af1300000)]
  0x000001a10c40d800 JavaThread "C2 CompilerThread1" daemon [_thread_blocked, id=12676, stack(0x0000004aedc00000,0x0000004aedd00000)]
  0x000001a10c40e000 JavaThread "Memory manager" [_thread_blocked, id=2792, stack(0x0000004af1300000,0x0000004af1400000)]

Other Threads:
=>0x000001a17fb9e000 VMThread "VM Thread" [stack: 0x0000004aec100000,0x0000004aec200000] [id=13156]
  0x000001a1069e5800 WatcherThread [stack: 0x0000004aecb00000,0x0000004aecc00000] [id=5964]
  0x000001a16a093000 GCTaskThread "GC Thread#0" [stack: 0x0000004aebc00000,0x0000004aebd00000] [id=848]
  0x000001a107159800 GCTaskThread "GC Thread#1" [stack: 0x0000004aecc00000,0x0000004aecd00000] [id=9652]
  0x000001a107131000 GCTaskThread "GC Thread#2" [stack: 0x0000004aecd00000,0x0000004aece00000] [id=12012]
  0x000001a10763b800 GCTaskThread "GC Thread#3" [stack: 0x0000004aed800000,0x0000004aed900000] [id=6016]
  0x000001a16a0c4800 ConcurrentGCThread "G1 Main Marker" [stack: 0x0000004aebd00000,0x0000004aebe00000] [id=7204]
  0x000001a16a0c7000 ConcurrentGCThread "G1 Conc#0" [stack: 0x0000004aebe00000,0x0000004aebf00000] [id=8456]
  0x000001a16a157000 ConcurrentGCThread "G1 Refine#0" [stack: 0x0000004aebf00000,0x0000004aec000000] [id=5784]
  0x000001a16a158000 ConcurrentGCThread "G1 Young RemSet Sampling" [stack: 0x0000004aec000000,0x0000004aec100000] [id=12172]

Threads with active compile tasks:
C2 CompilerThread0  24844 6474       4       com.google.gson.stream.JsonReader::nextQuotedValue (271 bytes)
C2 CompilerThread1  24844 6401 %     4       org.gradle.internal.instantiation.generator.AbstractClassGenerator::inspectType @ 107 (560 bytes)

VM state:at safepoint (normal execution)

VM Mutex/Monitor currently owned by a thread:  ([mutex/lock_event])
[0x000001a16a074fc0] Threads_lock - owner thread: 0x000001a17fb9e000
[0x000001a16a0761c0] Heap_lock - owner thread: 0x000001a106b96000

Heap address: 0x0000000080000000, size: 2048 MB, Compressed Oops mode: 32-bit
Narrow klass base: 0x0000000000000000, Narrow klass shift: 3
Compressed class space size: 1073741824 Address: 0x0000000100000000

Heap:
 garbage-first heap   total 187392K, used 56750K [0x0000000080000000, 0x0000000100000000)
  region size 1024K, 8 young (8192K), 8 survivors (8192K)
 Metaspace       used 65817K, capacity 67464K, committed 67660K, reserved 1107968K
  class space    used 8315K, capacity 8909K, committed 9036K, reserved 1048576K
Heap Regions: E=young(eden), S=young(survivor), O=old, HS=humongous(starts), HC=humongous(continues), CS=collection set, F=free, A=archive, TAMS=top-at-mark-start (previous, next)
|   0|0x0000000080000000, 0x0000000080100000, 0x0000000080100000|100%| O|  |TAMS 0x0000000080100000, 0x0000000080000000| Untracked 
|   1|0x0000000080100000, 0x0000000080200000, 0x0000000080200000|100%| O|  |TAMS 0x0000000080200000, 0x0000000080100000| Untracked 
|   2|0x0000000080200000, 0x0000000080300000, 0x0000000080300000|100%| O|  |TAMS 0x0000000080300000, 0x0000000080200000| Untracked 
|   3|0x0000000080300000, 0x0000000080400000, 0x0000000080400000|100%|HS|  |TAMS 0x0000000080400000, 0x0000000080300000| Complete 
|   4|0x0000000080400000, 0x0000000080500000, 0x0000000080500000|100%|HC|  |TAMS 0x0000000080500000, 0x0000000080400000| Complete 
|   5|0x0000000080500000, 0x0000000080600000, 0x0000000080600000|100%|HC|  |TAMS 0x0000000080600000, 0x0000000080500000| Complete 
|   6|0x0000000080600000, 0x0000000080700000, 0x0000000080700000|100%| O|  |TAMS 0x0000000080700000, 0x0000000080600000| Untracked 
|   7|0x0000000080700000, 0x0000000080800000, 0x0000000080800000|100%| O|  |TAMS 0x0000000080800000, 0x0000000080700000| Untracked 
|   8|0x0000000080800000, 0x0000000080900000, 0x0000000080900000|100%| O|  |TAMS 0x0000000080900000, 0x0000000080800000| Untracked 
|   9|0x0000000080900000, 0x0000000080a00000, 0x0000000080a00000|100%| O|  |TAMS 0x0000000080a00000, 0x0000000080900000| Untracked 
|  10|0x0000000080a00000, 0x0000000080b00000, 0x0000000080b00000|100%| O|  |TAMS 0x0000000080b00000, 0x0000000080a00000| Untracked 
|  11|0x0000000080b00000, 0x0000000080c00000, 0x0000000080c00000|100%| O|  |TAMS 0x0000000080c00000, 0x0000000080b00000| Untracked 
|  12|0x0000000080c00000, 0x0000000080d00000, 0x0000000080d00000|100%| O|  |TAMS 0x0000000080d00000, 0x0000000080c00000| Untracked 
|  13|0x0000000080d00000, 0x0000000080e00000, 0x0000000080e00000|100%| O|  |TAMS 0x0000000080e00000, 0x0000000080d00000| Untracked 
|  14|0x0000000080e00000, 0x0000000080f00000, 0x0000000080f00000|100%| O|  |TAMS 0x0000000080f00000, 0x0000000080e00000| Untracked 
|  15|0x0000000080f00000, 0x0000000081000000, 0x0000000081000000|100%| O|  |TAMS 0x0000000081000000, 0x0000000080f00000| Untracked 
|  16|0x0000000081000000, 0x0000000081100000, 0x0000000081100000|100%| O|  |TAMS 0x0000000081100000, 0x0000000081000000| Untracked 
|  17|0x0000000081100000, 0x0000000081200000, 0x0000000081200000|100%|HS|  |TAMS 0x0000000081200000, 0x0000000081100000| Complete 
|  18|0x0000000081200000, 0x0000000081300000, 0x0000000081300000|100%| O|  |TAMS 0x0000000081300000, 0x0000000081200000| Untracked 
|  19|0x0000000081300000, 0x0000000081400000, 0x0000000081400000|100%| O|  |TAMS 0x0000000081400000, 0x0000000081300000| Untracked 
|  20|0x0000000081400000, 0x0000000081500000, 0x0000000081500000|100%| O|  |TAMS 0x0000000081500000, 0x0000000081400000| Untracked 
|  21|0x0000000081500000, 0x0000000081600000, 0x0000000081600000|100%| O|  |TAMS 0x0000000081600000, 0x0000000081500000| Untracked 
|  22|0x0000000081600000, 0x0000000081700000, 0x0000000081700000|100%| O|  |TAMS 0x0000000081700000, 0x0000000081600000| Untracked 
|  23|0x0000000081700000, 0x0000000081800000, 0x0000000081800000|100%| O|  |TAMS 0x0000000081800000, 0x0000000081700000| Untracked 
|  24|0x0000000081800000, 0x0000000081900000, 0x0000000081900000|100%|HS|  |TAMS 0x0000000081900000, 0x0000000081800000| Complete 
|  25|0x0000000081900000, 0x0000000081a00000, 0x0000000081a00000|100%|HS|  |TAMS 0x0000000081a00000, 0x0000000081900000| Complete 
|  26|0x0000000081a00000, 0x0000000081b00000, 0x0000000081b00000|100%|HS|  |TAMS 0x0000000081b00000, 0x0000000081a00000| Complete 
|  27|0x0000000081b00000, 0x0000000081c00000, 0x0000000081c00000|100%|HC|  |TAMS 0x0000000081c00000, 0x0000000081b00000| Complete 
|  28|0x0000000081c00000, 0x0000000081d00000, 0x0000000081d00000|100%| O|  |TAMS 0x0000000081d00000, 0x0000000081c00000| Untracked 
|  29|0x0000000081d00000, 0x0000000081e00000, 0x0000000081e00000|100%| O|  |TAMS 0x0000000081e00000, 0x0000000081d00000| Untracked 
|  30|0x0000000081e00000, 0x0000000081f00000, 0x0000000081f00000|100%| O|  |TAMS 0x0000000081f00000, 0x0000000081e00000| Untracked 
|  31|0x0000000081f00000, 0x0000000082000000, 0x0000000082000000|100%| O|  |TAMS 0x0000000082000000, 0x0000000081f00000| Untracked 
|  32|0x0000000082000000, 0x0000000082100000, 0x0000000082100000|100%| O|  |TAMS 0x0000000082100000, 0x0000000082000000| Untracked 
|  33|0x0000000082100000, 0x0000000082200000, 0x0000000082200000|100%| O|  |TAMS 0x0000000082200000, 0x0000000082100000| Untracked 
|  34|0x0000000082200000, 0x0000000082300000, 0x0000000082300000|100%| O|  |TAMS 0x0000000082300000, 0x0000000082200000| Untracked 
|  35|0x0000000082300000, 0x0000000082400000, 0x0000000082400000|100%| O|  |TAMS 0x0000000082400000, 0x0000000082300000| Untracked 
|  36|0x0000000082400000, 0x0000000082500000, 0x0000000082500000|100%| O|  |TAMS 0x0000000082500000, 0x0000000082400000| Untracked 
|  37|0x0000000082500000, 0x0000000082600000, 0x0000000082600000|100%| O|  |TAMS 0x0000000082600000, 0x0000000082500000| Untracked 
|  38|0x0000000082600000, 0x0000000082700000, 0x0000000082700000|100%| O|  |TAMS 0x0000000082700000, 0x0000000082600000| Untracked 
|  39|0x0000000082700000, 0x0000000082800000, 0x0000000082800000|100%| O|  |TAMS 0x0000000082800000, 0x0000000082700000| Untracked 
|  40|0x0000000082800000, 0x0000000082900000, 0x0000000082900000|100%| O|  |TAMS 0x0000000082900000, 0x0000000082800000| Untracked 
|  41|0x0000000082900000, 0x0000000082a00000, 0x0000000082a00000|100%| O|  |TAMS 0x0000000082a00000, 0x0000000082900000| Untracked 
|  42|0x0000000082a00000, 0x0000000082b00000, 0x0000000082b00000|100%| O|  |TAMS 0x0000000082b00000, 0x0000000082a00000| Untracked 
|  43|0x0000000082b00000, 0x0000000082c00000, 0x0000000082c00000|100%| O|  |TAMS 0x0000000082c00000, 0x0000000082b00000| Untracked 
|  44|0x0000000082c00000, 0x0000000082d00000, 0x0000000082d00000|100%| O|  |TAMS 0x0000000082c2cc00, 0x0000000082c00000| Untracked 
|  45|0x0000000082d00000, 0x0000000082d00000, 0x0000000082e00000|  0%| F|  |TAMS 0x0000000082d00000, 0x0000000082d00000| Untracked 
|  46|0x0000000082e00000, 0x0000000082f00000, 0x0000000082f00000|100%| O|  |TAMS 0x0000000082e00000, 0x0000000082e00000| Untracked 
|  47|0x0000000082f00000, 0x0000000083000000, 0x0000000083000000|100%| O|  |TAMS 0x0000000082f00000, 0x0000000082f00000| Untracked 
|  48|0x0000000083000000, 0x000000008306ba00, 0x0000000083100000| 42%| O|  |TAMS 0x0000000083000000, 0x0000000083000000| Untracked 
|  49|0x0000000083100000, 0x0000000083100000, 0x0000000083200000|  0%| F|  |TAMS 0x0000000083100000, 0x0000000083100000| Untracked 
|  50|0x0000000083200000, 0x0000000083200000, 0x0000000083300000|  0%| F|  |TAMS 0x0000000083200000, 0x0000000083200000| Untracked 
|  51|0x0000000083300000, 0x0000000083300000, 0x0000000083400000|  0%| F|  |TAMS 0x0000000083300000, 0x0000000083300000| Untracked 
|  52|0x0000000083400000, 0x0000000083400000, 0x0000000083500000|  0%| F|  |TAMS 0x0000000083400000, 0x0000000083400000| Untracked 
|  53|0x0000000083500000, 0x0000000083500000, 0x0000000083600000|  0%| F|  |TAMS 0x0000000083500000, 0x0000000083500000| Untracked 
|  54|0x0000000083600000, 0x0000000083600000, 0x0000000083700000|  0%| F|  |TAMS 0x0000000083600000, 0x0000000083600000| Untracked 
|  55|0x0000000083700000, 0x0000000083700000, 0x0000000083800000|  0%| F|  |TAMS 0x0000000083700000, 0x0000000083700000| Untracked 
|  56|0x0000000083800000, 0x0000000083800000, 0x0000000083900000|  0%| F|  |TAMS 0x0000000083800000, 0x0000000083800000| Untracked 
|  57|0x0000000083900000, 0x0000000083900000, 0x0000000083a00000|  0%| F|  |TAMS 0x0000000083900000, 0x0000000083900000| Untracked 
|  58|0x0000000083a00000, 0x0000000083a00000, 0x0000000083b00000|  0%| F|  |TAMS 0x0000000083a00000, 0x0000000083a00000| Untracked 
|  59|0x0000000083b00000, 0x0000000083b00000, 0x0000000083c00000|  0%| F|  |TAMS 0x0000000083b00000, 0x0000000083b00000| Untracked 
|  60|0x0000000083c00000, 0x0000000083c00000, 0x0000000083d00000|  0%| F|  |TAMS 0x0000000083c00000, 0x0000000083c00000| Untracked 
|  61|0x0000000083d00000, 0x0000000083d00000, 0x0000000083e00000|  0%| F|  |TAMS 0x0000000083d00000, 0x0000000083d00000| Untracked 
|  62|0x0000000083e00000, 0x0000000083e00000, 0x0000000083f00000|  0%| F|  |TAMS 0x0000000083e00000, 0x0000000083e00000| Untracked 
|  63|0x0000000083f00000, 0x0000000083f00000, 0x0000000084000000|  0%| F|  |TAMS 0x0000000083f00000, 0x0000000083f00000| Untracked 
|  64|0x0000000084000000, 0x0000000084000000, 0x0000000084100000|  0%| F|  |TAMS 0x0000000084000000, 0x0000000084000000| Untracked 
|  65|0x0000000084100000, 0x0000000084100000, 0x0000000084200000|  0%| F|  |TAMS 0x0000000084100000, 0x0000000084100000| Untracked 
|  66|0x0000000084200000, 0x0000000084200000, 0x0000000084300000|  0%| F|  |TAMS 0x0000000084200000, 0x0000000084200000| Untracked 
|  67|0x0000000084300000, 0x0000000084300000, 0x0000000084400000|  0%| F|  |TAMS 0x0000000084300000, 0x0000000084300000| Untracked 
|  68|0x0000000084400000, 0x0000000084400000, 0x0000000084500000|  0%| F|  |TAMS 0x0000000084400000, 0x0000000084400000| Untracked 
|  69|0x0000000084500000, 0x0000000084500000, 0x0000000084600000|  0%| F|  |TAMS 0x0000000084500000, 0x0000000084500000| Untracked 
|  70|0x0000000084600000, 0x0000000084600000, 0x0000000084700000|  0%| F|  |TAMS 0x0000000084600000, 0x0000000084600000| Untracked 
|  71|0x0000000084700000, 0x0000000084700000, 0x0000000084800000|  0%| F|  |TAMS 0x0000000084700000, 0x0000000084700000| Untracked 
|  72|0x0000000084800000, 0x0000000084800000, 0x0000000084900000|  0%| F|  |TAMS 0x0000000084800000, 0x0000000084800000| Untracked 
|  73|0x0000000084900000, 0x0000000084900000, 0x0000000084a00000|  0%| F|  |TAMS 0x0000000084900000, 0x0000000084900000| Untracked 
|  74|0x0000000084a00000, 0x0000000084a00000, 0x0000000084b00000|  0%| F|  |TAMS 0x0000000084a00000, 0x0000000084a00000| Untracked 
|  75|0x0000000084b00000, 0x0000000084b00000, 0x0000000084c00000|  0%| F|  |TAMS 0x0000000084b00000, 0x0000000084b00000| Untracked 
|  76|0x0000000084c00000, 0x0000000084c00000, 0x0000000084d00000|  0%| F|  |TAMS 0x0000000084c00000, 0x0000000084c00000| Untracked 
|  77|0x0000000084d00000, 0x0000000084d00000, 0x0000000084e00000|  0%| F|  |TAMS 0x0000000084d00000, 0x0000000084d00000| Untracked 
|  78|0x0000000084e00000, 0x0000000084e00000, 0x0000000084f00000|  0%| F|  |TAMS 0x0000000084e00000, 0x0000000084e00000| Untracked 
|  79|0x0000000084f00000, 0x0000000084f00000, 0x0000000085000000|  0%| F|  |TAMS 0x0000000084f00000, 0x0000000084f00000| Untracked 
|  80|0x0000000085000000, 0x0000000085000000, 0x0000000085100000|  0%| F|  |TAMS 0x0000000085000000, 0x0000000085000000| Untracked 
|  81|0x0000000085100000, 0x0000000085100000, 0x0000000085200000|  0%| F|  |TAMS 0x0000000085100000, 0x0000000085100000| Untracked 
|  82|0x0000000085200000, 0x0000000085200000, 0x0000000085300000|  0%| F|  |TAMS 0x0000000085200000, 0x0000000085200000| Untracked 
|  83|0x0000000085300000, 0x0000000085300000, 0x0000000085400000|  0%| F|  |TAMS 0x0000000085300000, 0x0000000085300000| Untracked 
|  84|0x0000000085400000, 0x0000000085400000, 0x0000000085500000|  0%| F|  |TAMS 0x0000000085400000, 0x0000000085400000| Untracked 
|  85|0x0000000085500000, 0x0000000085500000, 0x0000000085600000|  0%| F|  |TAMS 0x0000000085500000, 0x0000000085500000| Untracked 
|  86|0x0000000085600000, 0x0000000085700000, 0x0000000085700000|100%| S|CS|TAMS 0x0000000085600000, 0x0000000085600000| Complete 
|  87|0x0000000085700000, 0x0000000085800000, 0x0000000085800000|100%| S|CS|TAMS 0x0000000085700000, 0x0000000085700000| Complete 
|  88|0x0000000085800000, 0x0000000085900000, 0x0000000085900000|100%| S|CS|TAMS 0x0000000085800000, 0x0000000085800000| Complete 
|  89|0x0000000085900000, 0x0000000085a00000, 0x0000000085a00000|100%| S|CS|TAMS 0x0000000085900000, 0x0000000085900000| Complete 
|  90|0x0000000085a00000, 0x0000000085b00000, 0x0000000085b00000|100%| S|CS|TAMS 0x0000000085a00000, 0x0000000085a00000| Complete 
|  91|0x0000000085b00000, 0x0000000085b00000, 0x0000000085c00000|  0%| F|  |TAMS 0x0000000085b00000, 0x0000000085b00000| Untracked 
|  92|0x0000000085c00000, 0x0000000085c00000, 0x0000000085d00000|  0%| F|  |TAMS 0x0000000085c00000, 0x0000000085c00000| Untracked 
|  93|0x0000000085d00000, 0x0000000085d00000, 0x0000000085e00000|  0%| F|  |TAMS 0x0000000085d00000, 0x0000000085d00000| Untracked 
|  94|0x0000000085e00000, 0x0000000085e00000, 0x0000000085f00000|  0%| F|  |TAMS 0x0000000085e00000, 0x0000000085e00000| Untracked 
|  95|0x0000000085f00000, 0x0000000085f00000, 0x0000000086000000|  0%| F|  |TAMS 0x0000000085f00000, 0x0000000085f00000| Untracked 
|  96|0x0000000086000000, 0x0000000086000000, 0x0000000086100000|  0%| F|  |TAMS 0x0000000086000000, 0x0000000086000000| Untracked 
|  97|0x0000000086100000, 0x0000000086100000, 0x0000000086200000|  0%| F|  |TAMS 0x0000000086100000, 0x0000000086100000| Untracked 
|  98|0x0000000086200000, 0x0000000086300000, 0x0000000086300000|100%| S|CS|TAMS 0x0000000086200000, 0x0000000086200000| Complete 
|  99|0x0000000086300000, 0x0000000086400000, 0x0000000086400000|100%| S|CS|TAMS 0x0000000086300000, 0x0000000086300000| Complete 
| 100|0x0000000086400000, 0x0000000086500000, 0x0000000086500000|100%| S|CS|TAMS 0x0000000086400000, 0x0000000086400000| Complete 
| 101|0x0000000086500000, 0x0000000086500000, 0x0000000086600000|  0%| F|  |TAMS 0x0000000086500000, 0x0000000086500000| Untracked 
| 102|0x0000000086600000, 0x0000000086600000, 0x0000000086700000|  0%| F|  |TAMS 0x0000000086600000, 0x0000000086600000| Untracked 
| 103|0x0000000086700000, 0x0000000086700000, 0x0000000086800000|  0%| F|  |TAMS 0x0000000086700000, 0x0000000086700000| Untracked 
| 104|0x0000000086800000, 0x0000000086800000, 0x0000000086900000|  0%| F|  |TAMS 0x0000000086800000, 0x0000000086800000| Untracked 
| 105|0x0000000086900000, 0x0000000086900000, 0x0000000086a00000|  0%| F|  |TAMS 0x0000000086900000, 0x0000000086900000| Untracked 
| 106|0x0000000086a00000, 0x0000000086a00000, 0x0000000086b00000|  0%| F|  |TAMS 0x0000000086a00000, 0x0000000086a00000| Untracked 
| 107|0x0000000086b00000, 0x0000000086b00000, 0x0000000086c00000|  0%| F|  |TAMS 0x0000000086b00000, 0x0000000086b00000| Untracked 
| 108|0x0000000086c00000, 0x0000000086c00000, 0x0000000086d00000|  0%| F|  |TAMS 0x0000000086c00000, 0x0000000086c00000| Untracked 
| 109|0x0000000086d00000, 0x0000000086d00000, 0x0000000086e00000|  0%| F|  |TAMS 0x0000000086d00000, 0x0000000086d00000| Untracked 
| 110|0x0000000086e00000, 0x0000000086e00000, 0x0000000086f00000|  0%| F|  |TAMS 0x0000000086e00000, 0x0000000086e00000| Untracked 
| 111|0x0000000086f00000, 0x0000000086f00000, 0x0000000087000000|  0%| F|  |TAMS 0x0000000086f00000, 0x0000000086f00000| Untracked 
| 112|0x0000000087000000, 0x0000000087000000, 0x0000000087100000|  0%| F|  |TAMS 0x0000000087000000, 0x0000000087000000| Untracked 
| 113|0x0000000087100000, 0x0000000087100000, 0x0000000087200000|  0%| F|  |TAMS 0x0000000087100000, 0x0000000087100000| Untracked 
| 114|0x0000000087200000, 0x0000000087200000, 0x0000000087300000|  0%| F|  |TAMS 0x0000000087200000, 0x0000000087200000| Untracked 
| 115|0x0000000087300000, 0x0000000087300000, 0x0000000087400000|  0%| F|  |TAMS 0x0000000087300000, 0x0000000087300000| Untracked 
| 116|0x0000000087400000, 0x0000000087400000, 0x0000000087500000|  0%| F|  |TAMS 0x0000000087400000, 0x0000000087400000| Untracked 
| 117|0x0000000087500000, 0x0000000087500000, 0x0000000087600000|  0%| F|  |TAMS 0x0000000087500000, 0x0000000087500000| Untracked 
| 118|0x0000000087600000, 0x0000000087600000, 0x0000000087700000|  0%| F|  |TAMS 0x0000000087600000, 0x0000000087600000| Untracked 
| 119|0x0000000087700000, 0x0000000087700000, 0x0000000087800000|  0%| F|  |TAMS 0x0000000087700000, 0x0000000087700000| Untracked 
| 120|0x0000000087800000, 0x0000000087800000, 0x0000000087900000|  0%| F|  |TAMS 0x0000000087800000, 0x0000000087800000| Untracked 
| 121|0x0000000087900000, 0x0000000087900000, 0x0000000087a00000|  0%| F|  |TAMS 0x0000000087900000, 0x0000000087900000| Untracked 
| 122|0x0000000087a00000, 0x0000000087a00000, 0x0000000087b00000|  0%| F|  |TAMS 0x0000000087a00000, 0x0000000087a00000| Untracked 
| 123|0x0000000087b00000, 0x0000000087b00000, 0x0000000087c00000|  0%| F|  |TAMS 0x0000000087b00000, 0x0000000087b00000| Untracked 
| 124|0x0000000087c00000, 0x0000000087c00000, 0x0000000087d00000|  0%| F|  |TAMS 0x0000000087c00000, 0x0000000087c00000| Untracked 
| 125|0x0000000087d00000, 0x0000000087d00000, 0x0000000087e00000|  0%| F|  |TAMS 0x0000000087d00000, 0x0000000087d00000| Untracked 
| 126|0x0000000087e00000, 0x0000000087e00000, 0x0000000087f00000|  0%| F|  |TAMS 0x0000000087e00000, 0x0000000087e00000| Untracked 
| 127|0x0000000087f00000, 0x0000000087f00000, 0x0000000088000000|  0%| F|  |TAMS 0x0000000087f00000, 0x0000000087f00000| Untracked 
| 128|0x0000000088000000, 0x0000000088000000, 0x0000000088100000|  0%| F|  |TAMS 0x0000000088000000, 0x0000000088000000| Untracked 
| 129|0x0000000088100000, 0x0000000088100000, 0x0000000088200000|  0%| F|  |TAMS 0x0000000088100000, 0x0000000088100000| Untracked 
| 130|0x0000000088200000, 0x0000000088200000, 0x0000000088300000|  0%| F|  |TAMS 0x0000000088200000, 0x0000000088200000| Untracked 
| 131|0x0000000088300000, 0x0000000088300000, 0x0000000088400000|  0%| F|  |TAMS 0x0000000088300000, 0x0000000088300000| Untracked 
| 132|0x0000000088400000, 0x0000000088400000, 0x0000000088500000|  0%| F|  |TAMS 0x0000000088400000, 0x0000000088400000| Untracked 
| 133|0x0000000088500000, 0x0000000088500000, 0x0000000088600000|  0%| F|  |TAMS 0x0000000088500000, 0x0000000088500000| Untracked 
| 134|0x0000000088600000, 0x0000000088600000, 0x0000000088700000|  0%| F|  |TAMS 0x0000000088600000, 0x0000000088600000| Untracked 
| 135|0x0000000088700000, 0x0000000088700000, 0x0000000088800000|  0%| F|  |TAMS 0x0000000088700000, 0x0000000088700000| Untracked 
| 136|0x0000000088800000, 0x0000000088800000, 0x0000000088900000|  0%| F|  |TAMS 0x0000000088800000, 0x0000000088800000| Untracked 
| 137|0x0000000088900000, 0x0000000088900000, 0x0000000088a00000|  0%| F|  |TAMS 0x0000000088900000, 0x0000000088900000| Untracked 
| 138|0x0000000088a00000, 0x0000000088a00000, 0x0000000088b00000|  0%| F|  |TAMS 0x0000000088a00000, 0x0000000088a00000| Untracked 
| 139|0x0000000088b00000, 0x0000000088b00000, 0x0000000088c00000|  0%| F|  |TAMS 0x0000000088b00000, 0x0000000088b00000| Untracked 
| 140|0x0000000088c00000, 0x0000000088c00000, 0x0000000088d00000|  0%| F|  |TAMS 0x0000000088c00000, 0x0000000088c00000| Untracked 
| 141|0x0000000088d00000, 0x0000000088d00000, 0x0000000088e00000|  0%| F|  |TAMS 0x0000000088d00000, 0x0000000088d00000| Untracked 
| 142|0x0000000088e00000, 0x0000000088e00000, 0x0000000088f00000|  0%| F|  |TAMS 0x0000000088e00000, 0x0000000088e00000| Untracked 
| 143|0x0000000088f00000, 0x0000000088f00000, 0x0000000089000000|  0%| F|  |TAMS 0x0000000088f00000, 0x0000000088f00000| Untracked 
| 144|0x0000000089000000, 0x0000000089000000, 0x0000000089100000|  0%| F|  |TAMS 0x0000000089000000, 0x0000000089000000| Untracked 
| 145|0x0000000089100000, 0x0000000089100000, 0x0000000089200000|  0%| F|  |TAMS 0x0000000089100000, 0x0000000089100000| Untracked 
| 146|0x0000000089200000, 0x0000000089200000, 0x0000000089300000|  0%| F|  |TAMS 0x0000000089200000, 0x0000000089200000| Untracked 
| 147|0x0000000089300000, 0x0000000089300000, 0x0000000089400000|  0%| F|  |TAMS 0x0000000089300000, 0x0000000089300000| Untracked 
| 148|0x0000000089400000, 0x0000000089400000, 0x0000000089500000|  0%| F|  |TAMS 0x0000000089400000, 0x0000000089400000| Untracked 
| 149|0x0000000089500000, 0x0000000089500000, 0x0000000089600000|  0%| F|  |TAMS 0x0000000089500000, 0x0000000089500000| Untracked 
| 150|0x0000000089600000, 0x0000000089600000, 0x0000000089700000|  0%| F|  |TAMS 0x0000000089600000, 0x0000000089600000| Untracked 
| 151|0x0000000089700000, 0x0000000089700000, 0x0000000089800000|  0%| F|  |TAMS 0x0000000089700000, 0x0000000089700000| Untracked 

Card table byte_map: [0x000001a17ed60000,0x000001a17f160000] _byte_map_base: 0x000001a17e960000

Marking Bits (Prev, Next): (CMBitMap*) 0x000001a16a0bbc78, (CMBitMap*) 0x000001a16a0bbcb0
 Prev Bits: [0x000001a100000000, 0x000001a102000000)
 Next Bits: [0x000001a102000000, 0x000001a104000000)

Polling page: 0x000001a169e70000

Metaspace:

Usage:
  Non-class:     57.18 MB capacity,    56.15 MB ( 98%) used,   888.84 KB (  2%) free+waste,   164.31 KB ( <1%) overhead. 
      Class:      8.70 MB capacity,     8.12 MB ( 93%) used,   517.13 KB (  6%) free+waste,    76.50 KB ( <1%) overhead. 
       Both:     65.88 MB capacity,    64.27 MB ( 98%) used,     1.37 MB (  2%) free+waste,   240.81 KB ( <1%) overhead. 

Virtual space:
  Non-class space:       58.00 MB reserved,      57.25 MB ( 99%) committed 
      Class space:        1.00 GB reserved,       8.82 MB ( <1%) committed 
             Both:        1.06 GB reserved,      66.07 MB (  6%) committed 

Chunk freelists:
   Non-Class:  5.00 KB
       Class:  19.00 KB
        Both:  24.00 KB

MaxMetaspaceSize: 17179869184.00 GB
CompressedClassSpaceSize: 1.00 GB

CodeHeap 'non-profiled nmethods': size=120064Kb used=3863Kb max_used=3863Kb free=116200Kb
 bounds [0x000001a176df0000, 0x000001a1771c0000, 0x000001a17e330000]
CodeHeap 'profiled nmethods': size=120000Kb used=14035Kb max_used=14035Kb free=105964Kb
 bounds [0x000001a16f8c0000, 0x000001a170680000, 0x000001a176df0000]
CodeHeap 'non-nmethods': size=5696Kb used=2302Kb max_used=2318Kb free=3393Kb
 bounds [0x000001a16f330000, 0x000001a16f5a0000, 0x000001a16f8c0000]
 total_blobs=7477 nmethods=6622 adapters=764
 compilation: enabled
              stopped_count=0, restarted_count=0
 full_count=0

Compilation events (20 events):
Event: 24.760 Thread 0x000001a17fbc8000 6671       2       jdk.internal.reflect.ByteVectorFactory::create (8 bytes)
Event: 24.760 Thread 0x000001a17fbc8000 nmethod 6671 0x000001a170672090 code [0x000001a170672240, 0x000001a170672458]
Event: 24.760 Thread 0x000001a17fbc8000 6669       1       jdk.internal.reflect.ClassFileAssembler::setMaxLocals (6 bytes)
Event: 24.760 Thread 0x000001a17fbc8000 nmethod 6669 0x000001a1771b4b90 code [0x000001a1771b4d40, 0x000001a1771b4df8]
Event: 24.766 Thread 0x000001a17fbc6800 nmethod 6610 0x000001a1771b4e90 code [0x000001a1771b5060, 0x000001a1771b56d8]
Event: 24.766 Thread 0x000001a17fbc8000 6672       2       java.lang.reflect.Constructor::isSynthetic (5 bytes)
Event: 24.766 Thread 0x000001a17fbc6800 6520       4       java.util.regex.Pattern::has (15 bytes)
Event: 24.766 Thread 0x000001a17fbc8000 nmethod 6672 0x000001a170672510 code [0x000001a1706726c0, 0x000001a1706727d8]
Event: 24.766 Thread 0x000001a17fbc8000 6673       2       groovyjarjarasm.asm.SymbolTable::hash (10 bytes)
Event: 24.766 Thread 0x000001a17fbc6800 nmethod 6520 0x000001a1771b5a10 code [0x000001a1771b5ba0, 0x000001a1771b5c18]
Event: 24.767 Thread 0x000001a17fbc6800 6474       4       com.google.gson.stream.JsonReader::nextQuotedValue (271 bytes)
Event: 24.767 Thread 0x000001a17fbc8000 nmethod 6673 0x000001a170672890 code [0x000001a170672a40, 0x000001a170672b48]
Event: 24.767 Thread 0x000001a17fbc8000 6674       2       groovyjarjarasm.asm.Symbol::<init> (38 bytes)
Event: 24.767 Thread 0x000001a17fbc8000 nmethod 6674 0x000001a170672c10 code [0x000001a170672dc0, 0x000001a170672fd8]
Event: 24.767 Thread 0x000001a17fbc8000 6676       2       groovyjarjarasm.asm.ByteVector::putUTF8 (144 bytes)
Event: 24.768 Thread 0x000001a17fbc8000 nmethod 6676 0x000001a170673090 code [0x000001a1706732a0, 0x000001a170673848]
Event: 24.768 Thread 0x000001a17fbc8000 6677       2       groovyjarjarasm.asm.Frame::merge (322 bytes)
Event: 24.770 Thread 0x000001a17fbc8000 nmethod 6677 0x000001a170673c90 code [0x000001a170673e80, 0x000001a1706742c8]
Event: 24.770 Thread 0x000001a17fbc8000 6675       2       groovyjarjarasm.asm.SymbolTable::put (150 bytes)
Event: 24.770 Thread 0x000001a17fbc8000 nmethod 6675 0x000001a170674490 code [0x000001a170674680, 0x000001a170674c98]

GC Heap History (20 events):
Event: 7.858 GC heap after
{Heap after GC invocations=5 (full 0):
 garbage-first heap   total 129024K, used 17060K [0x0000000080000000, 0x0000000100000000)
  region size 1024K, 6 young (6144K), 6 survivors (6144K)
 Metaspace       used 20720K, capacity 21083K, committed 21248K, reserved 1067008K
  class space    used 2539K, capacity 2693K, committed 2816K, reserved 1048576K
}
Event: 9.414 GC heap before
{Heap before GC invocations=6 (full 0):
 garbage-first heap   total 129024K, used 64164K [0x0000000080000000, 0x0000000100000000)
  region size 1024K, 52 young (53248K), 6 survivors (6144K)
 Metaspace       used 25583K, capacity 26143K, committed 26368K, reserved 1073152K
  class space    used 3326K, capacity 3534K, committed 3584K, reserved 1048576K
}
Event: 9.426 GC heap after
{Heap after GC invocations=7 (full 0):
 garbage-first heap   total 129024K, used 19155K [0x0000000080000000, 0x0000000100000000)
  region size 1024K, 3 young (3072K), 3 survivors (3072K)
 Metaspace       used 25583K, capacity 26143K, committed 26368K, reserved 1073152K
  class space    used 3326K, capacity 3534K, committed 3584K, reserved 1048576K
}
Event: 11.175 GC heap before
{Heap before GC invocations=7 (full 0):
 garbage-first heap   total 129024K, used 72403K [0x0000000080000000, 0x0000000100000000)
  region size 1024K, 55 young (56320K), 3 survivors (3072K)
 Metaspace       used 31312K, capacity 32025K, committed 32128K, reserved 1077248K
  class space    used 4196K, capacity 4480K, committed 4480K, reserved 1048576K
}
Event: 11.190 GC heap after
{Heap after GC invocations=8 (full 0):
 garbage-first heap   total 129024K, used 20954K [0x0000000080000000, 0x0000000100000000)
  region size 1024K, 5 young (5120K), 5 survivors (5120K)
 Metaspace       used 31312K, capacity 32025K, committed 32128K, reserved 1077248K
  class space    used 4196K, capacity 4480K, committed 4480K, reserved 1048576K
}
Event: 12.324 GC heap before
{Heap before GC invocations=8 (full 0):
 garbage-first heap   total 129024K, used 31194K [0x0000000080000000, 0x0000000100000000)
  region size 1024K, 16 young (16384K), 5 survivors (5120K)
 Metaspace       used 35049K, capacity 35795K, committed 35840K, reserved 1081344K
  class space    used 4543K, capacity 4863K, committed 4864K, reserved 1048576K
}
Event: 12.350 GC heap after
{Heap after GC invocations=9 (full 0):
 garbage-first heap   total 129024K, used 22954K [0x0000000080000000, 0x0000000100000000)
  region size 1024K, 6 young (6144K), 6 survivors (6144K)
 Metaspace       used 35049K, capacity 35795K, committed 35840K, reserved 1081344K
  class space    used 4543K, capacity 4863K, committed 4864K, reserved 1048576K
}
Event: 14.476 GC heap before
{Heap before GC invocations=10 (full 0):
 garbage-first heap   total 129024K, used 82346K [0x0000000080000000, 0x0000000100000000)
  region size 1024K, 61 young (62464K), 6 survivors (6144K)
 Metaspace       used 40326K, capacity 41274K, committed 41472K, reserved 1085440K
  class space    used 5176K, capacity 5547K, committed 5632K, reserved 1048576K
}
Event: 14.500 GC heap after
{Heap after GC invocations=11 (full 0):
 garbage-first heap   total 129024K, used 27468K [0x0000000080000000, 0x0000000100000000)
  region size 1024K, 8 young (8192K), 8 survivors (8192K)
 Metaspace       used 40326K, capacity 41274K, committed 41472K, reserved 1085440K
  class space    used 5176K, capacity 5547K, committed 5632K, reserved 1048576K
}
Event: 15.926 GC heap before
{Heap before GC invocations=11 (full 0):
 garbage-first heap   total 129024K, used 83788K [0x0000000080000000, 0x0000000100000000)
  region size 1024K, 63 young (64512K), 8 survivors (8192K)
 Metaspace       used 44757K, capacity 45816K, committed 46080K, reserved 1089536K
  class space    used 5740K, capacity 6102K, committed 6144K, reserved 1048576K
}
Event: 15.997 GC heap after
{Heap after GC invocations=12 (full 0):
 garbage-first heap   total 155648K, used 29109K [0x0000000080000000, 0x0000000100000000)
  region size 1024K, 6 young (6144K), 6 survivors (6144K)
 Metaspace       used 44757K, capacity 45816K, committed 46080K, reserved 1089536K
  class space    used 5740K, capacity 6102K, committed 6144K, reserved 1048576K
}
Event: 18.484 GC heap before
{Heap before GC invocations=12 (full 0):
 garbage-first heap   total 155648K, used 101813K [0x0000000080000000, 0x0000000100000000)
  region size 1024K, 73 young (74752K), 6 survivors (6144K)
 Metaspace       used 47987K, capacity 49225K, committed 49408K, reserved 1091584K
  class space    used 6111K, capacity 6529K, committed 6656K, reserved 1048576K
}
Event: 18.511 GC heap after
{Heap after GC invocations=13 (full 0):
 garbage-first heap   total 155648K, used 44032K [0x0000000080000000, 0x0000000100000000)
  region size 1024K, 10 young (10240K), 10 survivors (10240K)
 Metaspace       used 47987K, capacity 49225K, committed 49408K, reserved 1091584K
  class space    used 6111K, capacity 6529K, committed 6656K, reserved 1048576K
}
Event: 20.741 GC heap before
{Heap before GC invocations=13 (full 0):
 garbage-first heap   total 155648K, used 111616K [0x0000000080000000, 0x0000000100000000)
  region size 1024K, 76 young (77824K), 10 survivors (10240K)
 Metaspace       used 57031K, capacity 58512K, committed 58624K, reserved 1099776K
  class space    used 7172K, capacity 7673K, committed 7680K, reserved 1048576K
}
Event: 20.766 GC heap after
{Heap after GC invocations=14 (full 0):
 garbage-first heap   total 155648K, used 47718K [0x0000000080000000, 0x0000000100000000)
  region size 1024K, 3 young (3072K), 3 survivors (3072K)
 Metaspace       used 57031K, capacity 58512K, committed 58624K, reserved 1099776K
  class space    used 7172K, capacity 7673K, committed 7680K, reserved 1048576K
}
Event: 21.219 GC heap before
{Heap before GC invocations=14 (full 0):
 garbage-first heap   total 155648K, used 61030K [0x0000000080000000, 0x0000000100000000)
  region size 1024K, 17 young (17408K), 3 survivors (3072K)
 Metaspace       used 58632K, capacity 60133K, committed 60160K, reserved 1101824K
  class space    used 7400K, capacity 7932K, committed 7936K, reserved 1048576K
}
Event: 21.230 GC heap after
{Heap after GC invocations=15 (full 0):
 garbage-first heap   total 155648K, used 48124K [0x0000000080000000, 0x0000000100000000)
  region size 1024K, 4 young (4096K), 4 survivors (4096K)
 Metaspace       used 58632K, capacity 60133K, committed 60160K, reserved 1101824K
  class space    used 7400K, capacity 7932K, committed 7936K, reserved 1048576K
}
Event: 23.470 GC heap before
{Heap before GC invocations=16 (full 0):
 garbage-first heap   total 155648K, used 98300K [0x0000000080000000, 0x0000000100000000)
  region size 1024K, 54 young (55296K), 4 survivors (4096K)
 Metaspace       used 64306K, capacity 65890K, committed 65996K, reserved 1105920K
  class space    used 8074K, capacity 8629K, committed 8652K, reserved 1048576K
}
Event: 23.496 GC heap after
{Heap after GC invocations=17 (full 0):
 garbage-first heap   total 155648K, used 52403K [0x0000000080000000, 0x0000000100000000)
  region size 1024K, 7 young (7168K), 7 survivors (7168K)
 Metaspace       used 64306K, capacity 65890K, committed 65996K, reserved 1105920K
  class space    used 8074K, capacity 8629K, committed 8652K, reserved 1048576K
}
Event: 24.771 GC heap before
{Heap before GC invocations=18 (full 0):
 garbage-first heap   total 155648K, used 105651K [0x0000000080000000, 0x0000000100000000)
  region size 1024K, 58 young (59392K), 7 survivors (7168K)
 Metaspace       used 65817K, capacity 67464K, committed 67660K, reserved 1107968K
  class space    used 8315K, capacity 8909K, committed 9036K, reserved 1048576K
}

Deoptimization events (20 events):
Event: 23.976 Thread 0x000001a106b96000 Uncommon trap: trap_request=0xffffff4d fr.pc=0x000001a176e27194 relative=0x0000000000000454
Event: 23.976 Thread 0x000001a106b96000 Uncommon trap: reason=unstable_if action=reinterpret pc=0x000001a176e27194 method=java.lang.AbstractStringBuilder.putStringAt(ILjava/lang/String;)V @ 8 c2
Event: 23.976 Thread 0x000001a106b96000 DEOPT PACKING pc=0x000001a176e27194 sp=0x0000004aed4f6b20
Event: 23.976 Thread 0x000001a106b96000 DEOPT UNPACKING pc=0x000001a16f35662f sp=0x0000004aed4f6a80 mode 2
Event: 23.976 Thread 0x000001a106b96000 Uncommon trap: trap_request=0xffffff4d fr.pc=0x000001a177016cec relative=0x00000000000000cc
Event: 23.976 Thread 0x000001a106b96000 Uncommon trap: reason=unstable_if action=reinterpret pc=0x000001a177016cec method=java.lang.String.getBytes([BIB)V @ 5 c2
Event: 23.976 Thread 0x000001a106b96000 DEOPT PACKING pc=0x000001a177016cec sp=0x0000004aed4f6a30
Event: 23.976 Thread 0x000001a106b96000 DEOPT UNPACKING pc=0x000001a16f35662f sp=0x0000004aed4f69f8 mode 2
Event: 24.138 Thread 0x000001a106b96000 Uncommon trap: trap_request=0xffffff4d fr.pc=0x000001a176f9be6c relative=0x000000000000032c
Event: 24.138 Thread 0x000001a106b96000 Uncommon trap: reason=unstable_if action=reinterpret pc=0x000001a176f9be6c method=java.util.StringJoiner.add(Ljava/lang/CharSequence;)Ljava/util/StringJoiner; @ 33 c2
Event: 24.138 Thread 0x000001a106b96000 DEOPT PACKING pc=0x000001a176f9be6c sp=0x0000004aed4f6030
Event: 24.138 Thread 0x000001a106b96000 DEOPT UNPACKING pc=0x000001a16f35662f sp=0x0000004aed4f5fe0 mode 2
Event: 24.328 Thread 0x000001a106b96000 Uncommon trap: trap_request=0xffffff4d fr.pc=0x000001a1770b6a04 relative=0x0000000000005984
Event: 24.328 Thread 0x000001a106b96000 Uncommon trap: reason=unstable_if action=reinterpret pc=0x000001a1770b6a04 method=org.codehaus.groovy.runtime.metaclass.MetaMethodIndex.isOverridden(Lgroovy/lang/MetaMethod;Lgroovy/lang/MetaMethod;)Z @ 33 c2
Event: 24.328 Thread 0x000001a106b96000 DEOPT PACKING pc=0x000001a1770b6a04 sp=0x0000004aed4f67d0
Event: 24.328 Thread 0x000001a106b96000 DEOPT UNPACKING pc=0x000001a16f35662f sp=0x0000004aed4f67e8 mode 2
Event: 24.388 Thread 0x000001a106b96000 Uncommon trap: trap_request=0xffffff4d fr.pc=0x000001a176f4a044 relative=0x0000000000000964
Event: 24.388 Thread 0x000001a106b96000 Uncommon trap: reason=unstable_if action=reinterpret pc=0x000001a176f4a044 method=java.util.WeakHashMap.eq(Ljava/lang/Object;Ljava/lang/Object;)Z @ 2 c2
Event: 24.388 Thread 0x000001a106b96000 DEOPT PACKING pc=0x000001a176f4a044 sp=0x0000004aed4f4100
Event: 24.388 Thread 0x000001a106b96000 DEOPT UNPACKING pc=0x000001a16f35662f sp=0x0000004aed4f4070 mode 2

Classes redefined (0 events):
No events

Internal exceptions (20 events):
Event: 24.497 Thread 0x000001a106b96000 Exception <a 'java/lang/ClassNotFoundException'{0x0000000086a06d08}: com/android/build/gradle/internal/CompileOptionsBeanInfo> (0x0000000086a06d08) thrown at [./src/hotspot/share/classfile/systemDictionary.cpp, line 231]
Event: 24.498 Thread 0x000001a106b96000 Exception <a 'java/lang/ClassNotFoundException'{0x0000000086a206e8}: com/android/build/gradle/internal/CompileOptionsCustomizer> (0x0000000086a206e8) thrown at [./src/hotspot/share/classfile/systemDictionary.cpp, line 231]
Event: 24.499 Thread 0x000001a106b96000 Exception <a 'java/lang/ClassNotFoundException'{0x0000000086a47e38}: com/android/build/gradle/internal/CompileOptions$AgpDecoratedCustomizer> (0x0000000086a47e38) thrown at [./src/hotspot/share/classfile/systemDictionary.cpp, line 231]
Event: 24.503 Thread 0x000001a106b96000 Exception <a 'java/lang/ClassNotFoundException'{0x0000000086a72dd8}: com/android/build/gradle/internal/CompileOptions$AgpDecorated_DecoratedCustomizer> (0x0000000086a72dd8) thrown at [./src/hotspot/share/classfile/systemDictionary.cpp, line 231]
Event: 24.525 Thread 0x000001a106b96000 Exception <a 'java/lang/ClassNotFoundException'{0x000000008692b518}: com/android/build/gradle/internal/api/DefaultAndroidSourceSet_DecoratedBeanInfo> (0x000000008692b518) thrown at [./src/hotspot/share/classfile/systemDictionary.cpp, line 231]
Event: 24.527 Thread 0x000001a106b96000 Exception <a 'java/lang/ClassNotFoundException'{0x0000000086947cf8}: com/android/build/gradle/internal/api/DefaultAndroidSourceSetBeanInfo> (0x0000000086947cf8) thrown at [./src/hotspot/share/classfile/systemDictionary.cpp, line 231]
Event: 24.533 Thread 0x000001a106b96000 Exception <a 'java/lang/ClassNotFoundException'{0x00000000869646d0}: com/android/build/gradle/internal/api/DefaultAndroidSourceSetCustomizer> (0x00000000869646d0) thrown at [./src/hotspot/share/classfile/systemDictionary.cpp, line 231]
Event: 24.610 Thread 0x000001a106b96000 Exception <a 'java/lang/ClassNotFoundException'{0x00000000869d51b0}: com/android/build/gradle/internal/api/DefaultAndroidSourceSet_DecoratedCustomizer> (0x00000000869d51b0) thrown at [./src/hotspot/share/classfile/systemDictionary.cpp, line 231]
Event: 24.659 Thread 0x000001a106b96000 Exception <a 'java/lang/ClassNotFoundException'{0x0000000086865668}: com/android/build/gradle/internal/api/DefaultAndroidSourceDirectorySetBeanInfo> (0x0000000086865668) thrown at [./src/hotspot/share/classfile/systemDictionary.cpp, line 231]
Event: 24.663 Thread 0x000001a106b96000 Exception <a 'java/lang/ClassNotFoundException'{0x0000000086883740}: com/android/build/gradle/internal/api/DefaultAndroidSourceDirectorySetCustomizer> (0x0000000086883740) thrown at [./src/hotspot/share/classfile/systemDictionary.cpp, line 231]
Event: 24.722 Thread 0x000001a106b96000 Exception <a 'java/lang/ClassNotFoundException'{0x00000000867673c0}: com/google/gms/googleservices/GoogleServicesPluginBeanInfo> (0x00000000867673c0) thrown at [./src/hotspot/share/classfile/systemDictionary.cpp, line 231]
Event: 24.722 Thread 0x000001a106b96000 Exception <a 'java/lang/ClassNotFoundException'{0x0000000086780078}: com/google/gms/googleservices/GoogleServicesPluginCustomizer> (0x0000000086780078) thrown at [./src/hotspot/share/classfile/systemDictionary.cpp, line 231]
Event: 24.727 Thread 0x000001a106b96000 Exception <a 'java/lang/ClassNotFoundException'{0x00000000867dab18}: groovy/lang/ReferenceBeanInfo> (0x00000000867dab18) thrown at [./src/hotspot/share/classfile/systemDictionary.cpp, line 231]
Event: 24.729 Thread 0x000001a106b96000 Exception <a 'java/lang/ClassNotFoundException'{0x00000000866163f8}: groovy/lang/ReferenceCustomizer> (0x00000000866163f8) thrown at [./src/hotspot/share/classfile/systemDictionary.cpp, line 231]
Event: 24.737 Thread 0x000001a106b96000 Exception <a 'java/lang/ClassNotFoundException'{0x000000008667d440}: org/gradle/internal/extensibility/DefaultConventionBeanInfo> (0x000000008667d440) thrown at [./src/hotspot/share/classfile/systemDictionary.cpp, line 231]
Event: 24.739 Thread 0x000001a106b96000 Exception <a 'java/lang/ClassNotFoundException'{0x00000000866aeaa0}: org/gradle/internal/extensibility/DefaultConventionCustomizer> (0x00000000866aeaa0) thrown at [./src/hotspot/share/classfile/systemDictionary.cpp, line 231]
Event: 24.756 Thread 0x000001a106b96000 Exception <a 'java/lang/ClassNotFoundException'{0x0000000086545390}: com/google/gms/googleservices/GoogleServicesPlugin$GoogleServicesPluginConfig_DecoratedBeanInfo> (0x0000000086545390) thrown at [./src/hotspot/share/classfile/systemDictionary.cpp, line 231]
Event: 24.757 Thread 0x000001a106b96000 Exception <a 'java/lang/ClassNotFoundException'{0x0000000086563158}: com/google/gms/googleservices/GoogleServicesPlugin$GoogleServicesPluginConfigBeanInfo> (0x0000000086563158) thrown at [./src/hotspot/share/classfile/systemDictionary.cpp, line 231]
Event: 24.758 Thread 0x000001a106b96000 Exception <a 'java/lang/ClassNotFoundException'{0x0000000086581388}: com/google/gms/googleservices/GoogleServicesPlugin$GoogleServicesPluginConfigCustomizer> (0x0000000086581388) thrown at [./src/hotspot/share/classfile/systemDictionary.cpp, line 231]
Event: 24.761 Thread 0x000001a106b96000 Exception <a 'java/lang/ClassNotFoundException'{0x00000000865ad850}: com/google/gms/googleservices/GoogleServicesPlugin$GoogleServicesPluginConfig_DecoratedCustomizer> (0x00000000865ad850) thrown at [./src/hotspot/share/classfile/systemDictionary.cpp, line 231]

Events (20 events):
Event: 24.756 loading class com/google/gms/googleservices/GoogleServicesPlugin$GoogleServicesPluginConfigBeanInfo done
Event: 24.757 loading class com/google/gms/googleservices/GoogleServicesPlugin$GoogleServicesPluginConfigBeanInfo
Event: 24.757 loading class com/google/gms/googleservices/GoogleServicesPlugin$GoogleServicesPluginConfigBeanInfo done
Event: 24.757 loading class com/google/gms/googleservices/GoogleServicesPlugin$GoogleServicesPluginConfigCustomizer
Event: 24.757 loading class com/google/gms/googleservices/GoogleServicesPlugin$GoogleServicesPluginConfigCustomizer done
Event: 24.758 loading class com/google/gms/googleservices/GoogleServicesPlugin$GoogleServicesPluginConfigCustomizer
Event: 24.758 loading class com/google/gms/googleservices/GoogleServicesPlugin$GoogleServicesPluginConfigCustomizer done
Event: 24.760 loading class com/google/gms/googleservices/GoogleServicesPlugin$GoogleServicesPluginConfig_DecoratedCustomizer
Event: 24.760 loading class com/google/gms/googleservices/GoogleServicesPlugin$GoogleServicesPluginConfig_DecoratedCustomizer done
Event: 24.761 loading class com/google/gms/googleservices/GoogleServicesPlugin$GoogleServicesPluginConfig_DecoratedCustomizer
Event: 24.761 loading class com/google/gms/googleservices/GoogleServicesPlugin$GoogleServicesPluginConfig_DecoratedCustomizer done
Event: 24.764 loading class com/google/gms/googleservices/GoogleServicesPlugin$_apply_closure1
Event: 24.764 loading class com/google/gms/googleservices/GoogleServicesPlugin$_apply_closure1 done
Event: 24.765 loading class groovy/runtime/metaclass/com/google/gms/googleservices/GoogleServicesPlugin$_apply_closure1MetaClass
Event: 24.765 loading class groovy/runtime/metaclass/com/google/gms/googleservices/GoogleServicesPlugin$_apply_closure1MetaClass done
Event: 24.769 loading class org/gradle/listener/ClosureBackedMethodInvocationDispatch
Event: 24.769 loading class org/gradle/listener/ClosureBackedMethodInvocationDispatch done
Event: 24.770 loading class groovy/runtime/metaclass/org/gradle/configuration/internal/DefaultListenerBuildOperationDecorator$BuildOperationEmittingClosureMetaClass
Event: 24.770 loading class groovy/runtime/metaclass/org/gradle/configuration/internal/DefaultListenerBuildOperationDecorator$BuildOperationEmittingClosureMetaClass done
Event: 24.771 Executing VM operation: G1CollectForAllocation


Dynamic libraries:
0x00007ff702b70000 - 0x00007ff702b7a000 	C:\Android Studio\Android Installed\jre\bin\java.exe
0x00007ffc8b610000 - 0x00007ffc8b805000 	C:\WINDOWS\SYSTEM32\ntdll.dll
0x00007ffc8b440000 - 0x00007ffc8b4fe000 	C:\WINDOWS\System32\KERNEL32.DLL
0x00007ffc88fe0000 - 0x00007ffc892a8000 	C:\WINDOWS\System32\KERNELBASE.dll
0x00007ffc88ee0000 - 0x00007ffc88fe0000 	C:\WINDOWS\System32\ucrtbase.dll
0x00007ffc84110000 - 0x00007ffc84129000 	C:\Android Studio\Android Installed\jre\bin\jli.dll
0x00007ffc83d80000 - 0x00007ffc83d97000 	C:\Android Studio\Android Installed\jre\bin\VCRUNTIME140.dll
0x00007ffc89cf0000 - 0x00007ffc89e90000 	C:\WINDOWS\System32\USER32.dll
0x00007ffc89530000 - 0x00007ffc89552000 	C:\WINDOWS\System32\win32u.dll
0x00007ffc76af0000 - 0x00007ffc76d8a000 	C:\WINDOWS\WinSxS\amd64_microsoft.windows.common-controls_6595b64144ccf1df_6.0.19041.1110_none_60b5254171f9507e\COMCTL32.dll
0x00007ffc89ec0000 - 0x00007ffc89f5e000 	C:\WINDOWS\System32\msvcrt.dll
0x00007ffc8a5b0000 - 0x00007ffc8a5db000 	C:\WINDOWS\System32\GDI32.dll
0x00007ffc89560000 - 0x00007ffc8966b000 	C:\WINDOWS\System32\gdi32full.dll
0x00007ffc88d60000 - 0x00007ffc88dfd000 	C:\WINDOWS\System32\msvcp_win.dll
0x00007ffc89e90000 - 0x00007ffc89ec0000 	C:\WINDOWS\System32\IMM32.DLL
0x00007ffc7fc80000 - 0x00007ffc7fd1d000 	C:\Android Studio\Android Installed\jre\bin\msvcp140.dll
0x00007ffc39000000 - 0x00007ffc39ad5000 	C:\Android Studio\Android Installed\jre\bin\server\jvm.dll
0x00007ffc8a4a0000 - 0x00007ffc8a54e000 	C:\WINDOWS\System32\ADVAPI32.dll
0x00007ffc8a2c0000 - 0x00007ffc8a35c000 	C:\WINDOWS\System32\sechost.dll
0x00007ffc89bc0000 - 0x00007ffc89ce5000 	C:\WINDOWS\System32\RPCRT4.dll
0x00007ffc8a490000 - 0x00007ffc8a498000 	C:\WINDOWS\System32\PSAPI.DLL
0x00007ffc73a90000 - 0x00007ffc73a99000 	C:\WINDOWS\SYSTEM32\WSOCK32.dll
0x00007ffc8b560000 - 0x00007ffc8b5cb000 	C:\WINDOWS\System32\WS2_32.dll
0x00007ffc74f60000 - 0x00007ffc74f87000 	C:\WINDOWS\SYSTEM32\WINMM.dll
0x00007ffc80270000 - 0x00007ffc8027a000 	C:\WINDOWS\SYSTEM32\VERSION.dll
0x00007ffc875d0000 - 0x00007ffc875e2000 	C:\WINDOWS\SYSTEM32\kernel.appcore.dll
0x00007ffc82300000 - 0x00007ffc82311000 	C:\Android Studio\Android Installed\jre\bin\verify.dll
0x00007ffc86550000 - 0x00007ffc86734000 	C:\WINDOWS\SYSTEM32\DBGHELP.DLL
0x00007ffc70cb0000 - 0x00007ffc70cdc000 	C:\WINDOWS\SYSTEM32\dbgcore.DLL
0x00007ffc88e00000 - 0x00007ffc88e82000 	C:\WINDOWS\System32\bcryptPrimitives.dll
0x00007ffc81f80000 - 0x00007ffc81fa9000 	C:\Android Studio\Android Installed\jre\bin\java.dll
0x00007ffc84030000 - 0x00007ffc8403b000 	C:\Android Studio\Android Installed\jre\bin\jimage.dll
0x00007ffc81f60000 - 0x00007ffc81f78000 	C:\Android Studio\Android Installed\jre\bin\zip.dll
0x00007ffc8a890000 - 0x00007ffc8afd4000 	C:\WINDOWS\System32\SHELL32.dll
0x00007ffc86e20000 - 0x00007ffc875b4000 	C:\WINDOWS\SYSTEM32\windows.storage.dll
0x00007ffc89f60000 - 0x00007ffc8a2b4000 	C:\WINDOWS\System32\combase.dll
0x00007ffc886c0000 - 0x00007ffc886ec000 	C:\WINDOWS\SYSTEM32\Wldp.dll
0x00007ffc8afe0000 - 0x00007ffc8b08d000 	C:\WINDOWS\System32\SHCORE.dll
0x00007ffc8a830000 - 0x00007ffc8a885000 	C:\WINDOWS\System32\shlwapi.dll
0x00007ffc88c70000 - 0x00007ffc88c8f000 	C:\WINDOWS\SYSTEM32\profapi.dll
0x00007ffc81f40000 - 0x00007ffc81f5a000 	C:\Android Studio\Android Installed\jre\bin\net.dll
0x00007ffc82420000 - 0x00007ffc82529000 	C:\WINDOWS\SYSTEM32\WINHTTP.dll
0x00007ffc88420000 - 0x00007ffc8848a000 	C:\WINDOWS\system32\mswsock.dll
0x00007ffc81f20000 - 0x00007ffc81f34000 	C:\Android Studio\Android Installed\jre\bin\nio.dll
0x00007ffc80640000 - 0x00007ffc80667000 	C:\Users\Dell\.gradle\native\e1d6ef7f7dcc3fd88c89a11ec53ec762bb8ba0a96d01ffa2cd45eb1d1d8dd5c5\windows-amd64\native-platform.dll
0x00007ffc67e90000 - 0x00007ffc67fd4000 	C:\Users\Dell\.gradle\native\5664cfc778a61ccfe75a443a1ab52a65af34e5dc3c78e0209fed803814484fcb\windows-amd64\native-platform-file-events.dll
0x00007ffc84000000 - 0x00007ffc8400a000 	C:\Android Studio\Android Installed\jre\bin\management.dll
0x00007ffc822f0000 - 0x00007ffc822fd000 	C:\Android Studio\Android Installed\jre\bin\management_ext.dll
0x00007ffc88610000 - 0x00007ffc88628000 	C:\WINDOWS\SYSTEM32\CRYPTSP.dll
0x00007ffc87da0000 - 0x00007ffc87dd4000 	C:\WINDOWS\system32\rsaenh.dll
0x00007ffc88d30000 - 0x00007ffc88d57000 	C:\WINDOWS\System32\bcrypt.dll
0x00007ffc88c30000 - 0x00007ffc88c5e000 	C:\WINDOWS\SYSTEM32\USERENV.dll
0x00007ffc88630000 - 0x00007ffc8863c000 	C:\WINDOWS\SYSTEM32\CRYPTBASE.dll
0x00007ffc88110000 - 0x00007ffc8814b000 	C:\WINDOWS\SYSTEM32\IPHLPAPI.DLL
0x00007ffc8a7a0000 - 0x00007ffc8a7a8000 	C:\WINDOWS\System32\NSI.dll
0x00007ffc80970000 - 0x00007ffc80987000 	C:\WINDOWS\SYSTEM32\dhcpcsvc6.DLL
0x00007ffc7f010000 - 0x00007ffc7f02d000 	C:\WINDOWS\SYSTEM32\dhcpcsvc.DLL
0x00007ffc88150000 - 0x00007ffc8821a000 	C:\WINDOWS\SYSTEM32\DNSAPI.dll

dbghelp: loaded successfully - version: 4.0.5 - missing functions: none
symbol engine: initialized successfully - sym options: 0x614 - pdb path: .;C:\Android Studio\Android Installed\jre\bin;C:\WINDOWS\SYSTEM32;C:\WINDOWS\WinSxS\amd64_microsoft.windows.common-controls_6595b64144ccf1df_6.0.19041.1110_none_60b5254171f9507e;C:\Android Studio\Android Installed\jre\bin\server;C:\Users\Dell\.gradle\native\e1d6ef7f7dcc3fd88c89a11ec53ec762bb8ba0a96d01ffa2cd45eb1d1d8dd5c5\windows-amd64;C:\Users\Dell\.gradle\native\5664cfc778a61ccfe75a443a1ab52a65af34e5dc3c78e0209fed803814484fcb\windows-amd64

VM Arguments:
jvm_args: --add-opens=java.base/java.util=ALL-UNNAMED --add-opens=java.base/java.lang=ALL-UNNAMED --add-opens=java.base/java.lang.invoke=ALL-UNNAMED --add-opens=java.base/java.util=ALL-UNNAMED --add-opens=java.prefs/java.util.prefs=ALL-UNNAMED --add-opens=java.prefs/java.util.prefs=ALL-UNNAMED --add-opens=java.base/java.nio.charset=ALL-UNNAMED --add-opens=java.base/java.net=ALL-UNNAMED --add-opens=java.base/java.util.concurrent.atomic=ALL-UNNAMED -Xmx2048m -Dfile.encoding=UTF-8 -Duser.country=IN -Duser.language=en -Duser.variant 
java_command: org.gradle.launcher.daemon.bootstrap.GradleDaemon 7.2
java_class_path (initial): C:\Users\Dell\.gradle\wrapper\dists\gradle-7.2-bin\2dnblmf4td7x66yl1d74lt32g\gradle-7.2\lib\gradle-launcher-7.2.jar
Launcher Type: SUN_STANDARD

[Global flags]
     intx CICompilerCount                          = 3                                         {product} {ergonomic}
     uint ConcGCThreads                            = 1                                         {product} {ergonomic}
     uint G1ConcRefinementThreads                  = 4                                         {product} {ergonomic}
   size_t G1HeapRegionSize                         = 1048576                                   {product} {ergonomic}
    uintx GCDrainStackTargetSize                   = 64                                        {product} {ergonomic}
   size_t InitialHeapSize                          = 132120576                                 {product} {ergonomic}
   size_t MarkStackSize                            = 4194304                                   {product} {ergonomic}
   size_t MaxHeapSize                              = 2147483648                                {product} {command line}
   size_t MaxNewSize                               = 1287651328                                {product} {ergonomic}
   size_t MinHeapDeltaBytes                        = 1048576                                   {product} {ergonomic}
    uintx NonNMethodCodeHeapSize                   = 5830732                                {pd product} {ergonomic}
    uintx NonProfiledCodeHeapSize                  = 122913754                              {pd product} {ergonomic}
    uintx ProfiledCodeHeapSize                     = 122913754                              {pd product} {ergonomic}
    uintx ReservedCodeCacheSize                    = 251658240                              {pd product} {ergonomic}
     bool SegmentedCodeCache                       = true                                      {product} {ergonomic}
     bool UseCompressedClassPointers               = true                                 {lp64_product} {ergonomic}
     bool UseCompressedOops                        = true                                 {lp64_product} {ergonomic}
     bool UseG1GC                                  = true                                      {product} {ergonomic}
     bool UseLargePagesIndividualAllocation        = false                                  {pd product} {ergonomic}

Logging:
Log output configuration:
 #0: stdout all=warning uptime,level,tags
 #1: stderr all=off uptime,level,tags

Environment Variables:
PATH=C:\WINDOWS\system32;C:\WINDOWS;C:\WINDOWS\System32\Wbem;C:\WINDOWS\System32\WindowsPowerShell\v1.0\;C:\WINDOWS\System32\OpenSSH\;C:\Program Files\Git\cmd;C:\Program Files (x86)\Filestar;C:\Users\Dell\AppData\Roaming\Filestar\aliases;C:\Users\Dell\AppData\Local\Microsoft\WindowsApps;C:\Users\Dell\AppData\Local\GitHubDesktop\bin
USERNAME=Dell
OS=Windows_NT
PROCESSOR_IDENTIFIER=Intel64 Family 6 Model 78 Stepping 3, GenuineIntel



---------------  S Y S T E M  ---------------

OS: Windows 10 , 64 bit Build 19041 (10.0.19041.1566)
OS uptime: 1 days 22:06 hours

CPU:total 4 (initial active 4) (2 cores per cpu, 2 threads per core) family 6 model 78 stepping 3 microcode 0xcc, cmov, cx8, fxsr, mmx, sse, sse2, sse3, ssse3, sse4.1, sse4.2, popcnt, avx, avx2, aes, clmul, erms, 3dnowpref, lzcnt, ht, tsc, tscinvbit, bmi1, bmi2, adx, fma

Memory: 4k page, system-wide physical 8057M (408M free)
TotalPageFile size 32633M (AvailPageFile size 26M)
current process WorkingSet (physical memory assigned to process): 366M, peak: 370M
current process commit charge ("private bytes"): 407M, peak: 438M

vm_info: OpenJDK 64-Bit Server VM (11.0.11+9-b60-7590822) for windows-amd64 JRE (11.0.11+9-b60-7590822), built on Jul 29 2021 21:43:44 by "builder" with MS VC++ 14.0 (VS2015)

END.
