#
# There is insufficient memory for the Java Runtime Environment to continue.
# Native memory allocation (malloc) failed to allocate 1640496 bytes for Chunk::new
# Possible reasons:
#   The system is out of physical RAM or swap space
#   The process is running with CompressedOops enabled, and the Java Heap may be blocking the growth of the native heap
# Possible solutions:
#   Reduce memory load on the system
#   Increase physical memory or swap space
#   Check if swap backing store is full
#   Decrease Java heap size (-Xmx/-Xms)
#   Decrease number of Java threads
#   Decrease Java thread stack sizes (-Xss)
#   Set larger code cache with -XX:ReservedCodeCacheSize=
#   JVM is running with Unscaled Compressed Oops mode in which the Java heap is
#     placed in the first 4GB address space. The Java Heap base address is the
#     maximum limit for the native heap growth. Please use -XX:HeapBaseMinAddress
#     to set the Java Heap base and to place the Java Heap above 4GB virtual address.
# This output file may be truncated or incomplete.
#
#  Out of Memory Error (./src/hotspot/share/memory/arena.cpp:197), pid=12420, tid=556
#
# JRE version: OpenJDK Runtime Environment (11.0.11+9) (build 11.0.11+9-b60-7590822)
# Java VM: OpenJDK 64-Bit Server VM (11.0.11+9-b60-7590822, mixed mode, tiered, compressed oops, g1 gc, windows-amd64)
# No core dump will be written. Minidumps are not enabled by default on client versions of Windows
#

---------------  S U M M A R Y ------------

Command Line: --add-opens=java.base/java.util=ALL-UNNAMED --add-opens=java.base/java.lang=ALL-UNNAMED --add-opens=java.base/java.lang.invoke=ALL-UNNAMED --add-opens=java.base/java.util=ALL-UNNAMED --add-opens=java.prefs/java.util.prefs=ALL-UNNAMED --add-opens=java.prefs/java.util.prefs=ALL-UNNAMED --add-opens=java.base/java.nio.charset=ALL-UNNAMED --add-opens=java.base/java.net=ALL-UNNAMED --add-opens=java.base/java.util.concurrent.atomic=ALL-UNNAMED -Xmx2048m -Dfile.encoding=UTF-8 -Duser.country=IN -Duser.language=en -Duser.variant org.gradle.launcher.daemon.bootstrap.GradleDaemon 7.2

Host: Intel(R) Core(TM) i3-6006U CPU @ 2.00GHz, 4 cores, 7G,  Windows 10 , 64 bit Build 19041 (10.0.19041.1566)
Time: Thu Apr 14 12:08:15 2022 India Standard Time elapsed time: 628.480654 seconds (0d 0h 10m 28s)

---------------  T H R E A D  ---------------

Current thread (0x0000024bf9db4800):  JavaThread "C2 CompilerThread0" daemon [_thread_in_native, id=556, stack(0x000000d460c00000,0x000000d460d00000)]


Current CompileTask:
C2: 628480 13235       4       org.gradle.api.internal.artifacts.ModuleComponentSelectorSerializer::read (50 bytes)

Stack: [0x000000d460c00000,0x000000d460d00000]
Native frames: (J=compiled Java code, j=interpreted, Vv=VM code, C=native code)
V  [jvm.dll+0x5f214a]
V  [jvm.dll+0x726fb5]
V  [jvm.dll+0x7285cd]
V  [jvm.dll+0x728c83]
V  [jvm.dll+0x243278]
V  [jvm.dll+0xbc53c]
V  [jvm.dll+0xbca3c]
V  [jvm.dll+0x353e3b]
V  [jvm.dll+0x321893]
V  [jvm.dll+0x320d8a]
V  [jvm.dll+0x1fc1e2]
V  [jvm.dll+0x1fb3d4]
V  [jvm.dll+0x183d6c]
V  [jvm.dll+0x209a57]
V  [jvm.dll+0x2082a1]
V  [jvm.dll+0x6ef58f]
V  [jvm.dll+0x6e80b5]
V  [jvm.dll+0x5f1036]
C  [ucrtbase.dll+0x21bb2]
C  [KERNEL32.DLL+0x17034]
C  [ntdll.dll+0x52651]


---------------  P R O C E S S  ---------------

Threads class SMR info:
_java_thread_list=0x0000024b9214ca80, length=39, elements={
0x0000024bef1b2800, 0x0000024bf9d91800, 0x0000024bf9d93000, 0x0000024bf9daa000,
0x0000024bf9dad000, 0x0000024bf9daf800, 0x0000024bf9db4800, 0x0000024bf9db5800,
0x0000024bfa756000, 0x0000024bfa85a000, 0x0000024bfc2a1000, 0x0000024bfbb12800,
0x0000024bfb4c6800, 0x0000024bfaae8800, 0x0000024bfaae9000, 0x0000024bfb830000,
0x0000024bfb82e800, 0x0000024bfb82f000, 0x0000024bfb82a000, 0x0000024bfb830800,
0x0000024bfb82c000, 0x0000024bfb82b000, 0x0000024bfb835800, 0x0000024bfb831800,
0x0000024b8f9f1800, 0x0000024b8f9f8000, 0x0000024b8f9ed000, 0x0000024b8f9ef800,
0x0000024b8f9ec800, 0x0000024b8f9f3000, 0x0000024b8f9f2000, 0x0000024b8f9f3800,
0x0000024b8f9ee000, 0x0000024b8f9ef000, 0x0000024b8f9f0800, 0x0000024b8f9fa000,
0x0000024b8f9f7000, 0x0000024b8f9f9800, 0x0000024b8f9f6000
}

Java Threads: ( => current thread )
  0x0000024bef1b2800 JavaThread "main" [_thread_blocked, id=1912, stack(0x000000d460000000,0x000000d460100000)]
  0x0000024bf9d91800 JavaThread "Reference Handler" daemon [_thread_blocked, id=7548, stack(0x000000d460700000,0x000000d460800000)]
  0x0000024bf9d93000 JavaThread "Finalizer" daemon [_thread_blocked, id=4552, stack(0x000000d460800000,0x000000d460900000)]
  0x0000024bf9daa000 JavaThread "Signal Dispatcher" daemon [_thread_blocked, id=14028, stack(0x000000d460900000,0x000000d460a00000)]
  0x0000024bf9dad000 JavaThread "Attach Listener" daemon [_thread_blocked, id=13240, stack(0x000000d460a00000,0x000000d460b00000)]
  0x0000024bf9daf800 JavaThread "Service Thread" daemon [_thread_blocked, id=11940, stack(0x000000d460b00000,0x000000d460c00000)]
=>0x0000024bf9db4800 JavaThread "C2 CompilerThread0" daemon [_thread_in_native, id=556, stack(0x000000d460c00000,0x000000d460d00000)]
  0x0000024bf9db5800 JavaThread "C1 CompilerThread0" daemon [_thread_in_vm, id=5812, stack(0x000000d460d00000,0x000000d460e00000)]
  0x0000024bfa756000 JavaThread "Sweeper thread" daemon [_thread_blocked, id=9156, stack(0x000000d460e00000,0x000000d460f00000)]
  0x0000024bfa85a000 JavaThread "Common-Cleaner" daemon [_thread_blocked, id=13384, stack(0x000000d460f00000,0x000000d461000000)]
  0x0000024bfc2a1000 JavaThread "Daemon health stats" [_thread_blocked, id=3748, stack(0x000000d461300000,0x000000d461400000)]
  0x0000024bfbb12800 JavaThread "Incoming local TCP Connector on port 54423" [_thread_in_native, id=11228, stack(0x000000d461400000,0x000000d461500000)]
  0x0000024bfb4c6800 JavaThread "Daemon periodic checks" [_thread_blocked, id=12720, stack(0x000000d461500000,0x000000d461600000)]
  0x0000024bfaae8800 JavaThread "Cache worker for journal cache (C:\Users\Dell\.gradle\caches\journal-1)" [_thread_blocked, id=3952, stack(0x000000d461e00000,0x000000d461f00000)]
  0x0000024bfaae9000 JavaThread "File lock request listener" [_thread_in_native, id=11604, stack(0x000000d461f00000,0x000000d462000000)]
  0x0000024bfb830000 JavaThread "Cache worker for file hash cache (C:\Users\Dell\.gradle\caches\7.2\fileHashes)" [_thread_blocked, id=10500, stack(0x000000d462000000,0x000000d462100000)]
  0x0000024bfb82e800 JavaThread "File watcher server" daemon [_thread_in_native, id=6428, stack(0x000000d462400000,0x000000d462500000)]
  0x0000024bfb82f000 JavaThread "File watcher consumer" daemon [_thread_blocked, id=7396, stack(0x000000d462500000,0x000000d462600000)]
  0x0000024bfb82a000 JavaThread "jar transforms" [_thread_blocked, id=3388, stack(0x000000d462600000,0x000000d462700000)]
  0x0000024bfb830800 JavaThread "jar transforms Thread 2" [_thread_blocked, id=11140, stack(0x000000d462700000,0x000000d462800000)]
  0x0000024bfb82c000 JavaThread "jar transforms Thread 3" [_thread_blocked, id=7592, stack(0x000000d462800000,0x000000d462900000)]
  0x0000024bfb82b000 JavaThread "jar transforms Thread 4" [_thread_blocked, id=13548, stack(0x000000d462900000,0x000000d462a00000)]
  0x0000024bfb835800 JavaThread "Cache worker for execution history cache (C:\Users\Dell\.gradle\caches\7.2\executionHistory)" [_thread_blocked, id=1760, stack(0x000000d462c00000,0x000000d462d00000)]
  0x0000024bfb831800 JavaThread "Cache worker for file content cache (C:\Users\Dell\.gradle\caches\7.2\fileContent)" [_thread_blocked, id=8628, stack(0x000000d462d00000,0x000000d462e00000)]
  0x0000024b8f9f1800 JavaThread "Memory manager" [_thread_blocked, id=7952, stack(0x000000d465900000,0x000000d465a00000)]
  0x0000024b8f9f8000 JavaThread "pool-3-thread-1" [_thread_blocked, id=7872, stack(0x000000d45fd00000,0x000000d45fe00000)]
  0x0000024b8f9ed000 JavaThread "Daemon Thread 2" [_thread_blocked, id=2952, stack(0x000000d45ff00000,0x000000d460000000)]
  0x0000024b8f9ef800 JavaThread "Handler for socket connection from /127.0.0.1:54423 to /127.0.0.1:58190" [_thread_in_native, id=9116, stack(0x000000d461600000,0x000000d461700000)]
  0x0000024b8f9ec800 JavaThread "Cancel handler" [_thread_blocked, id=5136, stack(0x000000d461700000,0x000000d461800000)]
  0x0000024b8f9f3000 JavaThread "Daemon worker Thread 2" [_thread_in_Java, id=8388, stack(0x000000d461800000,0x000000d461900000)]
  0x0000024b8f9f2000 JavaThread "Asynchronous log dispatcher for DefaultDaemonConnection: socket connection from /127.0.0.1:54423 to /127.0.0.1:58190" [_thread_blocked, id=4604, stack(0x000000d461900000,0x000000d461a00000)]
  0x0000024b8f9f3800 JavaThread "Stdin handler" [_thread_blocked, id=9840, stack(0x000000d461a00000,0x000000d461b00000)]
  0x0000024b8f9ee000 JavaThread "Daemon client event forwarder" [_thread_blocked, id=3552, stack(0x000000d461b00000,0x000000d461c00000)]
  0x0000024b8f9ef000 JavaThread "Cache worker for file hash cache (C:\Project\Hitch Dating App\Hitch Dating Platform\.gradle\7.2\fileHashes)" [_thread_blocked, id=5412, stack(0x000000d461c00000,0x000000d461d00000)]
  0x0000024b8f9f0800 JavaThread "Cache worker for checksums cache (C:\Project\Hitch Dating App\Hitch Dating Platform\.gradle\checksums)" [_thread_blocked, id=1416, stack(0x000000d462100000,0x000000d462200000)]
  0x0000024b8f9fa000 JavaThread "Cache worker for cache directory md-supplier (C:\Users\Dell\.gradle\caches\7.2\md-supplier)" [_thread_blocked, id=2272, stack(0x000000d462200000,0x000000d462300000)]
  0x0000024b8f9f7000 JavaThread "Cache worker for cache directory md-rule (C:\Users\Dell\.gradle\caches\7.2\md-rule)" [_thread_blocked, id=7908, stack(0x000000d462300000,0x000000d462400000)]
  0x0000024b8f9f9800 JavaThread "Cache worker for dependencies-accessors (C:\Project\Hitch Dating App\Hitch Dating Platform\.gradle\7.2\dependencies-accessors)" [_thread_blocked, id=6972, stack(0x000000d462a00000,0x000000d462b00000)]
  0x0000024b8f9f6000 JavaThread "Cache worker for Build Output Cleanup Cache (C:\Project\Hitch Dating App\Hitch Dating Platform\.gradle\buildOutputCleanup)" [_thread_blocked, id=6508, stack(0x000000d462b00000,0x000000d462c00000)]

Other Threads:
  0x0000024bf9d8d000 VMThread "VM Thread" [stack: 0x000000d460600000,0x000000d460700000] [id=6812]
  0x0000024bfa85b800 WatcherThread [stack: 0x000000d461000000,0x000000d461100000] [id=12660]
  0x0000024bed1ed800 GCTaskThread "GC Thread#0" [stack: 0x000000d460100000,0x000000d460200000] [id=4892]
  0x0000024bfb098800 GCTaskThread "GC Thread#1" [stack: 0x000000d461100000,0x000000d461200000] [id=12236]
  0x0000024bfb099000 GCTaskThread "GC Thread#2" [stack: 0x000000d461200000,0x000000d461300000] [id=8476]
  0x0000024bfabb9800 GCTaskThread "GC Thread#3" [stack: 0x000000d461d00000,0x000000d461e00000] [id=12432]
  0x0000024bef1f6800 ConcurrentGCThread "G1 Main Marker" [stack: 0x000000d460200000,0x000000d460300000] [id=7432]
  0x0000024bef1f9000 ConcurrentGCThread "G1 Conc#0" [stack: 0x000000d460300000,0x000000d460400000] [id=10584]
  0x0000024bef286000 ConcurrentGCThread "G1 Refine#0" [stack: 0x000000d460400000,0x000000d460500000] [id=1208]
  0x0000024bef287000 ConcurrentGCThread "G1 Young RemSet Sampling" [stack: 0x000000d460500000,0x000000d460600000] [id=13852]

Threads with active compile tasks:
C2 CompilerThread0 628565 13235       4       org.gradle.api.internal.artifacts.ModuleComponentSelectorSerializer::read (50 bytes)
C1 CompilerThread0 628565 13279       3       org.gradle.api.internal.artifacts.repositories.resolver.MavenResolver$MavenLocalRepositoryAccess::resolveModuleArtifacts (94 bytes)

VM state:not at safepoint (normal execution)

VM Mutex/Monitor currently owned by a thread:  ([mutex/lock_event])
[0x0000024bef1ae3b0] CodeCache_lock - owner thread: 0x0000024bf9db5800
[0x0000024bef1af0a0] Compile_lock - owner thread: 0x0000024bf9db5800

Heap address: 0x0000000080000000, size: 2048 MB, Compressed Oops mode: 32-bit
Narrow klass base: 0x0000000000000000, Narrow klass shift: 3
Compressed class space size: 1073741824 Address: 0x0000000100000000

Heap:
 garbage-first heap   total 187392K, used 144692K [0x0000000080000000, 0x0000000100000000)
  region size 1024K, 13 young (13312K), 3 survivors (3072K)
 Metaspace       used 111661K, capacity 114596K, committed 114600K, reserved 1148928K
  class space    used 14055K, capacity 15101K, committed 15104K, reserved 1048576K
Heap Regions: E=young(eden), S=young(survivor), O=old, HS=humongous(starts), HC=humongous(continues), CS=collection set, F=free, A=archive, TAMS=top-at-mark-start (previous, next)
|   0|0x0000000080000000, 0x0000000080100000, 0x0000000080100000|100%| O|  |TAMS 0x0000000080100000, 0x0000000080000000| Untracked 
|   1|0x0000000080100000, 0x0000000080200000, 0x0000000080200000|100%| O|  |TAMS 0x0000000080200000, 0x0000000080100000| Untracked 
|   2|0x0000000080200000, 0x0000000080300000, 0x0000000080300000|100%| O|  |TAMS 0x0000000080300000, 0x0000000080200000| Untracked 
|   3|0x0000000080300000, 0x0000000080400000, 0x0000000080400000|100%|HS|  |TAMS 0x0000000080400000, 0x0000000080300000| Complete 
|   4|0x0000000080400000, 0x0000000080500000, 0x0000000080500000|100%|HC|  |TAMS 0x0000000080500000, 0x0000000080400000| Complete 
|   5|0x0000000080500000, 0x0000000080600000, 0x0000000080600000|100%|HC|  |TAMS 0x0000000080600000, 0x0000000080500000| Complete 
|   6|0x0000000080600000, 0x0000000080700000, 0x0000000080700000|100%| O|  |TAMS 0x0000000080700000, 0x0000000080600000| Untracked 
|   7|0x0000000080700000, 0x0000000080800000, 0x0000000080800000|100%| O|  |TAMS 0x0000000080800000, 0x0000000080700000| Untracked 
|   8|0x0000000080800000, 0x0000000080900000, 0x0000000080900000|100%| O|  |TAMS 0x0000000080900000, 0x0000000080800000| Untracked 
|   9|0x0000000080900000, 0x0000000080a00000, 0x0000000080a00000|100%| O|  |TAMS 0x0000000080a00000, 0x0000000080900000| Untracked 
|  10|0x0000000080a00000, 0x0000000080b00000, 0x0000000080b00000|100%| O|  |TAMS 0x0000000080b00000, 0x0000000080a00000| Untracked 
|  11|0x0000000080b00000, 0x0000000080c00000, 0x0000000080c00000|100%| O|  |TAMS 0x0000000080c00000, 0x0000000080b00000| Untracked 
|  12|0x0000000080c00000, 0x0000000080d00000, 0x0000000080d00000|100%| O|  |TAMS 0x0000000080d00000, 0x0000000080c00000| Untracked 
|  13|0x0000000080d00000, 0x0000000080e00000, 0x0000000080e00000|100%| O|  |TAMS 0x0000000080e00000, 0x0000000080d00000| Untracked 
|  14|0x0000000080e00000, 0x0000000080f00000, 0x0000000080f00000|100%| O|  |TAMS 0x0000000080f00000, 0x0000000080e00000| Untracked 
|  15|0x0000000080f00000, 0x0000000081000000, 0x0000000081000000|100%| O|  |TAMS 0x0000000081000000, 0x0000000080f00000| Untracked 
|  16|0x0000000081000000, 0x0000000081100000, 0x0000000081100000|100%|HS|  |TAMS 0x0000000081100000, 0x0000000081000000| Complete 
|  17|0x0000000081100000, 0x0000000081200000, 0x0000000081200000|100%|HC|  |TAMS 0x0000000081200000, 0x0000000081100000| Complete 
|  18|0x0000000081200000, 0x0000000081300000, 0x0000000081300000|100%|HS|  |TAMS 0x0000000081300000, 0x0000000081200000| Complete 
|  19|0x0000000081300000, 0x0000000081400000, 0x0000000081400000|100%|HC|  |TAMS 0x0000000081400000, 0x0000000081300000| Complete 
|  20|0x0000000081400000, 0x0000000081500000, 0x0000000081500000|100%|HC|  |TAMS 0x0000000081500000, 0x0000000081400000| Complete 
|  21|0x0000000081500000, 0x0000000081600000, 0x0000000081600000|100%|HS|  |TAMS 0x0000000081600000, 0x0000000081500000| Complete 
|  22|0x0000000081600000, 0x0000000081700000, 0x0000000081700000|100%|HC|  |TAMS 0x0000000081700000, 0x0000000081600000| Complete 
|  23|0x0000000081700000, 0x0000000081800000, 0x0000000081800000|100%|HC|  |TAMS 0x0000000081800000, 0x0000000081700000| Complete 
|  24|0x0000000081800000, 0x0000000081900000, 0x0000000081900000|100%|HC|  |TAMS 0x0000000081900000, 0x0000000081800000| Complete 
|  25|0x0000000081900000, 0x0000000081a00000, 0x0000000081a00000|100%| O|  |TAMS 0x0000000081a00000, 0x0000000081900000| Untracked 
|  26|0x0000000081a00000, 0x0000000081b00000, 0x0000000081b00000|100%| O|  |TAMS 0x0000000081b00000, 0x0000000081a00000| Untracked 
|  27|0x0000000081b00000, 0x0000000081c00000, 0x0000000081c00000|100%| O|  |TAMS 0x0000000081c00000, 0x0000000081b00000| Untracked 
|  28|0x0000000081c00000, 0x0000000081d00000, 0x0000000081d00000|100%| O|  |TAMS 0x0000000081d00000, 0x0000000081c00000| Untracked 
|  29|0x0000000081d00000, 0x0000000081e00000, 0x0000000081e00000|100%| O|  |TAMS 0x0000000081e00000, 0x0000000081d00000| Untracked 
|  30|0x0000000081e00000, 0x0000000081f00000, 0x0000000081f00000|100%| O|  |TAMS 0x0000000081f00000, 0x0000000081e00000| Untracked 
|  31|0x0000000081f00000, 0x0000000082000000, 0x0000000082000000|100%| O|  |TAMS 0x0000000082000000, 0x0000000081f00000| Untracked 
|  32|0x0000000082000000, 0x0000000082100000, 0x0000000082100000|100%|HS|  |TAMS 0x0000000082100000, 0x0000000082000000| Complete 
|  33|0x0000000082100000, 0x0000000082200000, 0x0000000082200000|100%|HC|  |TAMS 0x0000000082200000, 0x0000000082100000| Complete 
|  34|0x0000000082200000, 0x0000000082300000, 0x0000000082300000|100%|HC|  |TAMS 0x0000000082300000, 0x0000000082200000| Complete 
|  35|0x0000000082300000, 0x0000000082400000, 0x0000000082400000|100%| O|  |TAMS 0x0000000082400000, 0x0000000082300000| Untracked 
|  36|0x0000000082400000, 0x0000000082500000, 0x0000000082500000|100%| O|  |TAMS 0x0000000082500000, 0x0000000082400000| Untracked 
|  37|0x0000000082500000, 0x0000000082600000, 0x0000000082600000|100%| O|  |TAMS 0x0000000082600000, 0x0000000082500000| Untracked 
|  38|0x0000000082600000, 0x0000000082700000, 0x0000000082700000|100%| O|  |TAMS 0x0000000082700000, 0x0000000082600000| Untracked 
|  39|0x0000000082700000, 0x0000000082800000, 0x0000000082800000|100%| O|  |TAMS 0x0000000082800000, 0x0000000082700000| Untracked 
|  40|0x0000000082800000, 0x0000000082900000, 0x0000000082900000|100%| O|  |TAMS 0x0000000082900000, 0x0000000082800000| Untracked 
|  41|0x0000000082900000, 0x0000000082a00000, 0x0000000082a00000|100%|HS|  |TAMS 0x0000000082a00000, 0x0000000082900000| Complete 
|  42|0x0000000082a00000, 0x0000000082b00000, 0x0000000082b00000|100%|HC|  |TAMS 0x0000000082b00000, 0x0000000082a00000| Complete 
|  43|0x0000000082b00000, 0x0000000082c00000, 0x0000000082c00000|100%|HC|  |TAMS 0x0000000082c00000, 0x0000000082b00000| Complete 
|  44|0x0000000082c00000, 0x0000000082d00000, 0x0000000082d00000|100%|HC|  |TAMS 0x0000000082d00000, 0x0000000082c00000| Complete 
|  45|0x0000000082d00000, 0x0000000082e00000, 0x0000000082e00000|100%| O|  |TAMS 0x0000000082e00000, 0x0000000082d00000| Untracked 
|  46|0x0000000082e00000, 0x0000000082f00000, 0x0000000082f00000|100%| O|  |TAMS 0x0000000082f00000, 0x0000000082e00000| Untracked 
|  47|0x0000000082f00000, 0x0000000083000000, 0x0000000083000000|100%| O|  |TAMS 0x0000000083000000, 0x0000000082f00000| Untracked 
|  48|0x0000000083000000, 0x0000000083100000, 0x0000000083100000|100%| O|  |TAMS 0x0000000083100000, 0x0000000083000000| Untracked 
|  49|0x0000000083100000, 0x0000000083200000, 0x0000000083200000|100%| O|  |TAMS 0x0000000083200000, 0x0000000083100000| Untracked 
|  50|0x0000000083200000, 0x0000000083300000, 0x0000000083300000|100%| O|  |TAMS 0x0000000083300000, 0x0000000083200000| Untracked 
|  51|0x0000000083300000, 0x0000000083400000, 0x0000000083400000|100%|HS|  |TAMS 0x0000000083400000, 0x0000000083300000| Complete 
|  52|0x0000000083400000, 0x0000000083500000, 0x0000000083500000|100%|HS|  |TAMS 0x0000000083500000, 0x0000000083400000| Complete 
|  53|0x0000000083500000, 0x0000000083600000, 0x0000000083600000|100%|HS|  |TAMS 0x0000000083600000, 0x0000000083500000| Complete 
|  54|0x0000000083600000, 0x0000000083700000, 0x0000000083700000|100%|HS|  |TAMS 0x0000000083700000, 0x0000000083600000| Complete 
|  55|0x0000000083700000, 0x0000000083800000, 0x0000000083800000|100%|HC|  |TAMS 0x0000000083800000, 0x0000000083700000| Complete 
|  56|0x0000000083800000, 0x0000000083900000, 0x0000000083900000|100%| O|  |TAMS 0x0000000083900000, 0x0000000083800000| Untracked 
|  57|0x0000000083900000, 0x0000000083a00000, 0x0000000083a00000|100%| O|  |TAMS 0x0000000083a00000, 0x0000000083900000| Untracked 
|  58|0x0000000083a00000, 0x0000000083b00000, 0x0000000083b00000|100%| O|  |TAMS 0x0000000083b00000, 0x0000000083a00000| Untracked 
|  59|0x0000000083b00000, 0x0000000083c00000, 0x0000000083c00000|100%| O|  |TAMS 0x0000000083c00000, 0x0000000083b00000| Untracked 
|  60|0x0000000083c00000, 0x0000000083d00000, 0x0000000083d00000|100%| O|  |TAMS 0x0000000083d00000, 0x0000000083c00000| Untracked 
|  61|0x0000000083d00000, 0x0000000083e00000, 0x0000000083e00000|100%| O|  |TAMS 0x0000000083e00000, 0x0000000083d00000| Untracked 
|  62|0x0000000083e00000, 0x0000000083f00000, 0x0000000083f00000|100%| O|  |TAMS 0x0000000083f00000, 0x0000000083e00000| Untracked 
|  63|0x0000000083f00000, 0x0000000084000000, 0x0000000084000000|100%| O|  |TAMS 0x0000000084000000, 0x0000000083f00000| Untracked 
|  64|0x0000000084000000, 0x0000000084100000, 0x0000000084100000|100%| O|  |TAMS 0x0000000084100000, 0x0000000084000000| Untracked 
|  65|0x0000000084100000, 0x0000000084200000, 0x0000000084200000|100%| O|  |TAMS 0x0000000084200000, 0x0000000084100000| Untracked 
|  66|0x0000000084200000, 0x0000000084300000, 0x0000000084300000|100%| O|  |TAMS 0x0000000084300000, 0x0000000084200000| Untracked 
|  67|0x0000000084300000, 0x0000000084400000, 0x0000000084400000|100%| O|  |TAMS 0x0000000084400000, 0x0000000084300000| Untracked 
|  68|0x0000000084400000, 0x0000000084500000, 0x0000000084500000|100%| O|  |TAMS 0x0000000084500000, 0x0000000084400000| Untracked 
|  69|0x0000000084500000, 0x0000000084600000, 0x0000000084600000|100%| O|  |TAMS 0x0000000084600000, 0x0000000084500000| Untracked 
|  70|0x0000000084600000, 0x0000000084700000, 0x0000000084700000|100%| O|  |TAMS 0x0000000084700000, 0x0000000084600000| Untracked 
|  71|0x0000000084700000, 0x0000000084800000, 0x0000000084800000|100%| O|  |TAMS 0x0000000084800000, 0x0000000084700000| Untracked 
|  72|0x0000000084800000, 0x0000000084900000, 0x0000000084900000|100%| O|  |TAMS 0x0000000084900000, 0x0000000084800000| Untracked 
|  73|0x0000000084900000, 0x0000000084a00000, 0x0000000084a00000|100%| O|  |TAMS 0x0000000084a00000, 0x0000000084900000| Untracked 
|  74|0x0000000084a00000, 0x0000000084b00000, 0x0000000084b00000|100%| O|  |TAMS 0x0000000084b00000, 0x0000000084a00000| Untracked 
|  75|0x0000000084b00000, 0x0000000084c00000, 0x0000000084c00000|100%| O|  |TAMS 0x0000000084c00000, 0x0000000084b00000| Untracked 
|  76|0x0000000084c00000, 0x0000000084d00000, 0x0000000084d00000|100%| O|  |TAMS 0x0000000084d00000, 0x0000000084c00000| Untracked 
|  77|0x0000000084d00000, 0x0000000084e00000, 0x0000000084e00000|100%| O|  |TAMS 0x0000000084e00000, 0x0000000084d00000| Untracked 
|  78|0x0000000084e00000, 0x0000000084f00000, 0x0000000084f00000|100%| O|  |TAMS 0x0000000084f00000, 0x0000000084e00000| Untracked 
|  79|0x0000000084f00000, 0x0000000085000000, 0x0000000085000000|100%| O|  |TAMS 0x0000000085000000, 0x0000000084f00000| Untracked 
|  80|0x0000000085000000, 0x0000000085100000, 0x0000000085100000|100%| O|  |TAMS 0x0000000085100000, 0x0000000085000000| Untracked 
|  81|0x0000000085100000, 0x0000000085200000, 0x0000000085200000|100%| O|  |TAMS 0x0000000085200000, 0x0000000085100000| Untracked 
|  82|0x0000000085200000, 0x0000000085300000, 0x0000000085300000|100%|HS|  |TAMS 0x0000000085300000, 0x0000000085200000| Complete 
|  83|0x0000000085300000, 0x0000000085400000, 0x0000000085400000|100%|HC|  |TAMS 0x0000000085400000, 0x0000000085300000| Complete 
|  84|0x0000000085400000, 0x0000000085500000, 0x0000000085500000|100%|HS|  |TAMS 0x0000000085500000, 0x0000000085400000| Complete 
|  85|0x0000000085500000, 0x0000000085600000, 0x0000000085600000|100%|HC|  |TAMS 0x0000000085600000, 0x0000000085500000| Complete 
|  86|0x0000000085600000, 0x0000000085700000, 0x0000000085700000|100%|HC|  |TAMS 0x0000000085700000, 0x0000000085600000| Complete 
|  87|0x0000000085700000, 0x0000000085800000, 0x0000000085800000|100%|HS|  |TAMS 0x0000000085800000, 0x0000000085700000| Complete 
|  88|0x0000000085800000, 0x0000000085900000, 0x0000000085900000|100%|HC|  |TAMS 0x0000000085900000, 0x0000000085800000| Complete 
|  89|0x0000000085900000, 0x0000000085a00000, 0x0000000085a00000|100%|HC|  |TAMS 0x0000000085a00000, 0x0000000085900000| Complete 
|  90|0x0000000085a00000, 0x0000000085b00000, 0x0000000085b00000|100%|HC|  |TAMS 0x0000000085b00000, 0x0000000085a00000| Complete 
|  91|0x0000000085b00000, 0x0000000085c00000, 0x0000000085c00000|100%| O|  |TAMS 0x0000000085c00000, 0x0000000085b00000| Untracked 
|  92|0x0000000085c00000, 0x0000000085d00000, 0x0000000085d00000|100%| O|  |TAMS 0x0000000085d00000, 0x0000000085c00000| Untracked 
|  93|0x0000000085d00000, 0x0000000085e00000, 0x0000000085e00000|100%| O|  |TAMS 0x0000000085e00000, 0x0000000085d00000| Untracked 
|  94|0x0000000085e00000, 0x0000000085f00000, 0x0000000085f00000|100%| O|  |TAMS 0x0000000085f00000, 0x0000000085e00000| Untracked 
|  95|0x0000000085f00000, 0x0000000086000000, 0x0000000086000000|100%| O|  |TAMS 0x0000000086000000, 0x0000000085f00000| Untracked 
|  96|0x0000000086000000, 0x0000000086100000, 0x0000000086100000|100%| O|  |TAMS 0x0000000086100000, 0x0000000086000000| Untracked 
|  97|0x0000000086100000, 0x0000000086200000, 0x0000000086200000|100%| O|  |TAMS 0x0000000086100000, 0x0000000086100000| Untracked 
|  98|0x0000000086200000, 0x0000000086300000, 0x0000000086300000|100%| O|  |TAMS 0x0000000086300000, 0x0000000086200000| Untracked 
|  99|0x0000000086300000, 0x0000000086400000, 0x0000000086400000|100%| O|  |TAMS 0x0000000086400000, 0x0000000086300000| Untracked 
| 100|0x0000000086400000, 0x0000000086500000, 0x0000000086500000|100%| O|  |TAMS 0x0000000086500000, 0x0000000086400000| Untracked 
| 101|0x0000000086500000, 0x0000000086600000, 0x0000000086600000|100%| O|  |TAMS 0x0000000086600000, 0x0000000086500000| Untracked 
| 102|0x0000000086600000, 0x0000000086700000, 0x0000000086700000|100%| O|  |TAMS 0x0000000086700000, 0x0000000086600000| Untracked 
| 103|0x0000000086700000, 0x0000000086800000, 0x0000000086800000|100%| O|  |TAMS 0x0000000086800000, 0x0000000086700000| Untracked 
| 104|0x0000000086800000, 0x0000000086900000, 0x0000000086900000|100%| O|  |TAMS 0x0000000086900000, 0x0000000086800000| Untracked 
| 105|0x0000000086900000, 0x0000000086a00000, 0x0000000086a00000|100%| O|  |TAMS 0x0000000086a00000, 0x0000000086900000| Untracked 
| 106|0x0000000086a00000, 0x0000000086b00000, 0x0000000086b00000|100%| O|  |TAMS 0x0000000086b00000, 0x0000000086a00000| Untracked 
| 107|0x0000000086b00000, 0x0000000086c00000, 0x0000000086c00000|100%| O|  |TAMS 0x0000000086c00000, 0x0000000086b00000| Untracked 
| 108|0x0000000086c00000, 0x0000000086d00000, 0x0000000086d00000|100%| O|  |TAMS 0x0000000086d00000, 0x0000000086c00000| Untracked 
| 109|0x0000000086d00000, 0x0000000086e00000, 0x0000000086e00000|100%| O|  |TAMS 0x0000000086e00000, 0x0000000086d00000| Untracked 
| 110|0x0000000086e00000, 0x0000000086f00000, 0x0000000086f00000|100%| O|  |TAMS 0x0000000086f00000, 0x0000000086e00000| Untracked 
| 111|0x0000000086f00000, 0x0000000087000000, 0x0000000087000000|100%| O|  |TAMS 0x0000000086f00000, 0x0000000086f00000| Untracked 
| 112|0x0000000087000000, 0x0000000087100000, 0x0000000087100000|100%| O|  |TAMS 0x0000000087100000, 0x0000000087000000| Untracked 
| 113|0x0000000087100000, 0x0000000087100000, 0x0000000087200000|  0%| F|  |TAMS 0x0000000087100000, 0x0000000087100000| Untracked 
| 114|0x0000000087200000, 0x0000000087300000, 0x0000000087300000|100%| O|  |TAMS 0x0000000087300000, 0x0000000087200000| Untracked 
| 115|0x0000000087300000, 0x0000000087400000, 0x0000000087400000|100%| O|  |TAMS 0x0000000087400000, 0x0000000087300000| Untracked 
| 116|0x0000000087400000, 0x0000000087500000, 0x0000000087500000|100%| O|  |TAMS 0x0000000087500000, 0x0000000087400000| Untracked 
| 117|0x0000000087500000, 0x0000000087600000, 0x0000000087600000|100%| O|  |TAMS 0x0000000087600000, 0x0000000087500000| Untracked 
| 118|0x0000000087600000, 0x0000000087700000, 0x0000000087700000|100%| O|  |TAMS 0x0000000087700000, 0x0000000087600000| Untracked 
| 119|0x0000000087700000, 0x0000000087800000, 0x0000000087800000|100%| O|  |TAMS 0x0000000087800000, 0x0000000087700000| Untracked 
| 120|0x0000000087800000, 0x0000000087900000, 0x0000000087900000|100%| O|  |TAMS 0x0000000087900000, 0x0000000087800000| Untracked 
| 121|0x0000000087900000, 0x0000000087a00000, 0x0000000087a00000|100%| O|  |TAMS 0x0000000087a00000, 0x0000000087900000| Untracked 
| 122|0x0000000087a00000, 0x0000000087b00000, 0x0000000087b00000|100%| O|  |TAMS 0x0000000087b00000, 0x0000000087a00000| Untracked 
| 123|0x0000000087b00000, 0x0000000087c00000, 0x0000000087c00000|100%| O|  |TAMS 0x0000000087c00000, 0x0000000087b00000| Untracked 
| 124|0x0000000087c00000, 0x0000000087d00000, 0x0000000087d00000|100%| O|  |TAMS 0x0000000087d00000, 0x0000000087c00000| Untracked 
| 125|0x0000000087d00000, 0x0000000087e00000, 0x0000000087e00000|100%| O|  |TAMS 0x0000000087e00000, 0x0000000087d00000| Untracked 
| 126|0x0000000087e00000, 0x0000000087f00000, 0x0000000087f00000|100%| O|  |TAMS 0x0000000087f00000, 0x0000000087e00000| Untracked 
| 127|0x0000000087f00000, 0x0000000088000000, 0x0000000088000000|100%| O|  |TAMS 0x0000000087fbce00, 0x0000000087f00000| Untracked 
| 128|0x0000000088000000, 0x0000000088100000, 0x0000000088100000|100%| O|  |TAMS 0x0000000088000000, 0x0000000088000000| Untracked 
| 129|0x0000000088100000, 0x0000000088200000, 0x0000000088200000|100%| O|  |TAMS 0x0000000088100000, 0x0000000088100000| Untracked 
| 130|0x0000000088200000, 0x00000000882d1a00, 0x0000000088300000| 81%| O|  |TAMS 0x0000000088200000, 0x0000000088200000| Untracked 
| 131|0x0000000088300000, 0x0000000088300000, 0x0000000088400000|  0%| F|  |TAMS 0x0000000088300000, 0x0000000088300000| Untracked 
| 132|0x0000000088400000, 0x0000000088400000, 0x0000000088500000|  0%| F|  |TAMS 0x0000000088400000, 0x0000000088400000| Untracked 
| 133|0x0000000088500000, 0x0000000088500000, 0x0000000088600000|  0%| F|  |TAMS 0x0000000088500000, 0x0000000088500000| Untracked 
| 134|0x0000000088600000, 0x0000000088600000, 0x0000000088700000|  0%| F|  |TAMS 0x0000000088600000, 0x0000000088600000| Untracked 
| 135|0x0000000088700000, 0x0000000088700000, 0x0000000088800000|  0%| F|  |TAMS 0x0000000088700000, 0x0000000088700000| Untracked 
| 136|0x0000000088800000, 0x0000000088800000, 0x0000000088900000|  0%| F|  |TAMS 0x0000000088800000, 0x0000000088800000| Untracked 
| 137|0x0000000088900000, 0x0000000088900000, 0x0000000088a00000|  0%| F|  |TAMS 0x0000000088900000, 0x0000000088900000| Untracked 
| 138|0x0000000088a00000, 0x0000000088a00000, 0x0000000088b00000|  0%| F|  |TAMS 0x0000000088a00000, 0x0000000088a00000| Untracked 
| 139|0x0000000088b00000, 0x0000000088b00000, 0x0000000088c00000|  0%| F|  |TAMS 0x0000000088b00000, 0x0000000088b00000| Untracked 
| 140|0x0000000088c00000, 0x0000000088c00000, 0x0000000088d00000|  0%| F|  |TAMS 0x0000000088c00000, 0x0000000088c00000| Untracked 
| 141|0x0000000088d00000, 0x0000000088d00000, 0x0000000088e00000|  0%| F|  |TAMS 0x0000000088d00000, 0x0000000088d00000| Untracked 
| 142|0x0000000088e00000, 0x0000000088e00000, 0x0000000088f00000|  0%| F|  |TAMS 0x0000000088e00000, 0x0000000088e00000| Untracked 
| 143|0x0000000088f00000, 0x0000000088f00000, 0x0000000089000000|  0%| F|  |TAMS 0x0000000088f00000, 0x0000000088f00000| Untracked 
| 144|0x0000000089000000, 0x0000000089000000, 0x0000000089100000|  0%| F|  |TAMS 0x0000000089000000, 0x0000000089000000| Untracked 
| 145|0x0000000089100000, 0x0000000089100000, 0x0000000089200000|  0%| F|  |TAMS 0x0000000089100000, 0x0000000089100000| Untracked 
| 146|0x0000000089200000, 0x0000000089200000, 0x0000000089300000|  0%| F|  |TAMS 0x0000000089200000, 0x0000000089200000| Untracked 
| 147|0x0000000089300000, 0x0000000089300000, 0x0000000089400000|  0%| F|  |TAMS 0x0000000089300000, 0x0000000089300000| Untracked 
| 148|0x0000000089400000, 0x0000000089400000, 0x0000000089500000|  0%| F|  |TAMS 0x0000000089400000, 0x0000000089400000| Untracked 
| 149|0x0000000089500000, 0x0000000089500000, 0x0000000089600000|  0%| F|  |TAMS 0x0000000089500000, 0x0000000089500000| Untracked 
| 150|0x0000000089600000, 0x0000000089600000, 0x0000000089700000|  0%| F|  |TAMS 0x0000000089600000, 0x0000000089600000| Untracked 
| 151|0x0000000089700000, 0x0000000089700000, 0x0000000089800000|  0%| F|  |TAMS 0x0000000089700000, 0x0000000089700000| Untracked 
| 152|0x0000000089800000, 0x0000000089800000, 0x0000000089900000|  0%| F|  |TAMS 0x0000000089800000, 0x0000000089800000| Untracked 
| 153|0x0000000089900000, 0x0000000089900000, 0x0000000089a00000|  0%| F|  |TAMS 0x0000000089900000, 0x0000000089900000| Untracked 
| 154|0x0000000089a00000, 0x0000000089a7b6a0, 0x0000000089b00000| 48%| S|CS|TAMS 0x0000000089a00000, 0x0000000089a00000| Complete 
| 155|0x0000000089b00000, 0x0000000089b00000, 0x0000000089c00000|  0%| F|  |TAMS 0x0000000089b00000, 0x0000000089b00000| Untracked 
| 156|0x0000000089c00000, 0x0000000089c00000, 0x0000000089d00000|  0%| F|  |TAMS 0x0000000089c00000, 0x0000000089c00000| Untracked 
| 157|0x0000000089d00000, 0x0000000089d00000, 0x0000000089e00000|  0%| F|  |TAMS 0x0000000089d00000, 0x0000000089d00000| Untracked 
| 158|0x0000000089e00000, 0x0000000089f00000, 0x0000000089f00000|100%| S|CS|TAMS 0x0000000089e00000, 0x0000000089e00000| Complete 
| 159|0x0000000089f00000, 0x000000008a000000, 0x000000008a000000|100%| S|CS|TAMS 0x0000000089f00000, 0x0000000089f00000| Complete 
| 160|0x000000008a000000, 0x000000008a000000, 0x000000008a100000|  0%| F|  |TAMS 0x000000008a000000, 0x000000008a000000| Untracked 
| 161|0x000000008a100000, 0x000000008a100000, 0x000000008a200000|  0%| F|  |TAMS 0x000000008a100000, 0x000000008a100000| Untracked 
| 162|0x000000008a200000, 0x000000008a200000, 0x000000008a300000|  0%| F|  |TAMS 0x000000008a200000, 0x000000008a200000| Untracked 
| 163|0x000000008a300000, 0x000000008a300000, 0x000000008a400000|  0%| F|  |TAMS 0x000000008a300000, 0x000000008a300000| Untracked 
| 164|0x000000008a400000, 0x000000008a400000, 0x000000008a500000|  0%| F|  |TAMS 0x000000008a400000, 0x000000008a400000| Untracked 
| 165|0x000000008a500000, 0x000000008a500000, 0x000000008a600000|  0%| F|  |TAMS 0x000000008a500000, 0x000000008a500000| Untracked 
| 166|0x000000008a600000, 0x000000008a600000, 0x000000008a700000|  0%| F|  |TAMS 0x000000008a600000, 0x000000008a600000| Untracked 
| 167|0x000000008a700000, 0x000000008a700000, 0x000000008a800000|  0%| F|  |TAMS 0x000000008a700000, 0x000000008a700000| Untracked 
| 168|0x000000008a800000, 0x000000008a800000, 0x000000008a900000|  0%| F|  |TAMS 0x000000008a800000, 0x000000008a800000| Untracked 
| 169|0x000000008a900000, 0x000000008a900000, 0x000000008aa00000|  0%| F|  |TAMS 0x000000008a900000, 0x000000008a900000| Untracked 
| 170|0x000000008aa00000, 0x000000008aa00000, 0x000000008ab00000|  0%| F|  |TAMS 0x000000008aa00000, 0x000000008aa00000| Untracked 
| 171|0x000000008ab00000, 0x000000008ab00000, 0x000000008ac00000|  0%| F|  |TAMS 0x000000008ab00000, 0x000000008ab00000| Untracked 
| 172|0x000000008ac00000, 0x000000008ac00000, 0x000000008ad00000|  0%| F|  |TAMS 0x000000008ac00000, 0x000000008ac00000| Untracked 
| 173|0x000000008ad00000, 0x000000008ad956e0, 0x000000008ae00000| 58%| E|  |TAMS 0x000000008ad00000, 0x000000008ad00000| Complete 
| 174|0x000000008ae00000, 0x000000008af00000, 0x000000008af00000|100%| E|CS|TAMS 0x000000008ae00000, 0x000000008ae00000| Complete 
| 175|0x000000008af00000, 0x000000008b000000, 0x000000008b000000|100%| E|CS|TAMS 0x000000008af00000, 0x000000008af00000| Complete 
| 176|0x000000008b000000, 0x000000008b100000, 0x000000008b100000|100%| E|CS|TAMS 0x000000008b000000, 0x000000008b000000| Complete 
| 177|0x000000008b100000, 0x000000008b200000, 0x000000008b200000|100%| E|CS|TAMS 0x000000008b100000, 0x000000008b100000| Complete 
| 178|0x000000008b200000, 0x000000008b300000, 0x000000008b300000|100%| E|CS|TAMS 0x000000008b200000, 0x000000008b200000| Complete 
| 179|0x000000008b300000, 0x000000008b400000, 0x000000008b400000|100%| E|CS|TAMS 0x000000008b300000, 0x000000008b300000| Complete 
| 180|0x000000008b400000, 0x000000008b500000, 0x000000008b500000|100%| E|CS|TAMS 0x000000008b400000, 0x000000008b400000| Complete 
| 181|0x000000008b500000, 0x000000008b600000, 0x000000008b600000|100%| E|CS|TAMS 0x000000008b500000, 0x000000008b500000| Complete 
| 182|0x000000008b600000, 0x000000008b700000, 0x000000008b700000|100%| E|CS|TAMS 0x000000008b600000, 0x000000008b600000| Complete 

Card table byte_map: [0x0000024bf30b0000,0x0000024bf34b0000] _byte_map_base: 0x0000024bf2cb0000

Marking Bits (Prev, Next): (CMBitMap*) 0x0000024bef1edeb8, (CMBitMap*) 0x0000024bef1edef0
 Prev Bits: [0x0000024bf38b0000, 0x0000024bf58b0000)
 Next Bits: [0x0000024bf58b0000, 0x0000024bf78b0000)

Polling page: 0x0000024bed080000

Metaspace:

Usage:
  Non-class:     97.16 MB capacity,    95.32 MB ( 98%) used,     1.54 MB (  2%) free+waste,   312.56 KB ( <1%) overhead. 
      Class:     14.75 MB capacity,    13.73 MB ( 93%) used,   903.44 KB (  6%) free+waste,   142.06 KB ( <1%) overhead. 
       Both:    111.91 MB capacity,   109.05 MB ( 97%) used,     2.42 MB (  2%) free+waste,   454.63 KB ( <1%) overhead. 

Virtual space:
  Non-class space:       98.00 MB reserved,      97.16 MB (>99%) committed 
      Class space:        1.00 GB reserved,      14.75 MB (  1%) committed 
             Both:        1.10 GB reserved,     111.91 MB ( 10%) committed 

Chunk freelists:
   Non-Class:  1.00 KB
       Class:  3.00 KB
        Both:  4.00 KB

MaxMetaspaceSize: 17179869184.00 GB
CompressedClassSpaceSize: 1.00 GB

CodeHeap 'non-profiled nmethods': size=120064Kb used=8947Kb max_used=8947Kb free=111116Kb
 bounds [0x0000024b87ac0000, 0x0000024b88380000, 0x0000024b8f000000]
CodeHeap 'profiled nmethods': size=120000Kb used=30308Kb max_used=30308Kb free=89691Kb
 bounds [0x0000024b80590000, 0x0000024b82330000, 0x0000024b87ac0000]
CodeHeap 'non-nmethods': size=5696Kb used=2334Kb max_used=2386Kb free=3361Kb
 bounds [0x0000024b80000000, 0x0000024b80270000, 0x0000024b80590000]
 total_blobs=14142 nmethods=13194 adapters=859
 compilation: enabled
              stopped_count=0, restarted_count=0
 full_count=0

Compilation events (20 events):
Event: 628.162 Thread 0x0000024bf9db5800 13245       1       org.gradle.internal.component.external.model.JavaEcosystemVariantDerivationStrategy::derivesVariants (2 bytes)
Event: 628.162 Thread 0x0000024bf9db5800 nmethod 13245 0x0000024b8837c590 code [0x0000024b8837c740, 0x0000024b8837c7f8]
Event: 628.263 Thread 0x0000024bf9db5800 13246       3       org.gradle.internal.component.external.model.AbstractLazyModuleComponentResolveMetadata::constructHierarchy (39 bytes)
Event: 628.265 Thread 0x0000024bf9db5800 nmethod 13246 0x0000024b8230a690 code [0x0000024b8230a920, 0x0000024b8230b5d8]
Event: 628.265 Thread 0x0000024bf9db5800 13247       3       org.gradle.internal.component.external.model.maven.DefaultMavenModuleResolveMetadata::createConfiguration (54 bytes)
Event: 628.268 Thread 0x0000024bf9db5800 nmethod 13247 0x0000024b8230ba10 code [0x0000024b8230bc20, 0x0000024b8230c288]
Event: 628.268 Thread 0x0000024bf9db5800 13248       3       org.gradle.internal.component.external.model.maven.DefaultMavenModuleResolveMetadata::getArtifactsForConfiguration (95 bytes)
Event: 628.270 Thread 0x0000024bf9db5800 nmethod 13248 0x0000024b8230c510 code [0x0000024b8230c7e0, 0x0000024b8230d658]
Event: 628.270 Thread 0x0000024bf9db5800 13249       3       org.gradle.internal.component.external.model.DefaultConfigurationMetadata::<init> (42 bytes)
Event: 628.271 Thread 0x0000024bf9db5800 nmethod 13249 0x0000024b8230db90 code [0x0000024b8230dd60, 0x0000024b8230dfc8]
Event: 628.271 Thread 0x0000024bf9db5800 13250       3       org.gradle.internal.component.external.model.maven.DefaultMavenModuleResolveMetadata$1::<init> (15 bytes)
Event: 628.271 Thread 0x0000024bf9db5800 nmethod 13250 0x0000024b8230e090 code [0x0000024b8230e240, 0x0000024b8230e458]
Event: 628.271 Thread 0x0000024bf9db5800 13251       3       org.gradle.internal.component.external.model.AbstractConfigurationMetadata::setConfigDependenciesFactory (48 bytes)
Event: 628.271 Thread 0x0000024bf9db5800 nmethod 13251 0x0000024b8230e510 code [0x0000024b8230e6c0, 0x0000024b8230e838]
Event: 628.274 Thread 0x0000024bf9db5800 13252       3       org.gradle.internal.component.external.model.AbstractLazyModuleComponentResolveMetadata::populateConfigurationFromDescriptor (56 bytes)
Event: 628.275 Thread 0x0000024bf9db5800 nmethod 13252 0x0000024b8230e910 code [0x0000024b8230eb00, 0x0000024b8230f068]
Event: 628.275 Thread 0x0000024bf9db5800 13253       1       org.gradle.internal.component.external.model.AbstractVariantBackedConfigurationMetadata::getDependencies (5 bytes)
Event: 628.275 Thread 0x0000024bf9db5800 nmethod 13253 0x0000024b8837c890 code [0x0000024b8837ca40, 0x0000024b8837caf8]
Event: 628.281 Thread 0x0000024bf9db5800 13254       3       com.google.common.math.IntMath::log2 (118 bytes)
Event: 628.282 Thread 0x0000024bf9db5800 nmethod 13254 0x0000024b8230f210 code [0x0000024b8230f460, 0x0000024b8230fb78]

GC Heap History (20 events):
Event: 121.532 GC heap before
{Heap before GC invocations=96 (full 0):
 garbage-first heap   total 187392K, used 151025K [0x0000000080000000, 0x0000000100000000)
  region size 1024K, 31 young (31744K), 4 survivors (4096K)
 Metaspace       used 101074K, capacity 103731K, committed 103848K, reserved 1138688K
  class space    used 12811K, capacity 13708K, committed 13824K, reserved 1048576K
}
Event: 121.547 GC heap after
{Heap after GC invocations=97 (full 0):
 garbage-first heap   total 187392K, used 125622K [0x0000000080000000, 0x0000000100000000)
  region size 1024K, 3 young (3072K), 3 survivors (3072K)
 Metaspace       used 101074K, capacity 103731K, committed 103848K, reserved 1138688K
  class space    used 12811K, capacity 13708K, committed 13824K, reserved 1048576K
}
Event: 121.898 GC heap before
{Heap before GC invocations=97 (full 0):
 garbage-first heap   total 187392K, used 131766K [0x0000000080000000, 0x0000000100000000)
  region size 1024K, 9 young (9216K), 3 survivors (3072K)
 Metaspace       used 101181K, capacity 103871K, committed 104104K, reserved 1140736K
  class space    used 12820K, capacity 13711K, committed 13824K, reserved 1048576K
}
Event: 121.907 GC heap after
{Heap after GC invocations=98 (full 0):
 garbage-first heap   total 187392K, used 125564K [0x0000000080000000, 0x0000000100000000)
  region size 1024K, 1 young (1024K), 1 survivors (1024K)
 Metaspace       used 101181K, capacity 103871K, committed 104104K, reserved 1140736K
  class space    used 12820K, capacity 13711K, committed 13824K, reserved 1048576K
}
Event: 123.066 GC heap before
{Heap before GC invocations=98 (full 0):
 garbage-first heap   total 187392K, used 153212K [0x0000000080000000, 0x0000000100000000)
  region size 1024K, 29 young (29696K), 1 survivors (1024K)
 Metaspace       used 101711K, capacity 104434K, committed 104616K, reserved 1140736K
  class space    used 12884K, capacity 13813K, committed 13824K, reserved 1048576K
}
Event: 123.078 GC heap after
{Heap after GC invocations=99 (full 0):
 garbage-first heap   total 187392K, used 129138K [0x0000000080000000, 0x0000000100000000)
  region size 1024K, 4 young (4096K), 4 survivors (4096K)
 Metaspace       used 101711K, capacity 104434K, committed 104616K, reserved 1140736K
  class space    used 12884K, capacity 13813K, committed 13824K, reserved 1048576K
}
Event: 125.035 GC heap before
{Heap before GC invocations=100 (full 0):
 garbage-first heap   total 187392K, used 154738K [0x0000000080000000, 0x0000000100000000)
  region size 1024K, 30 young (30720K), 4 survivors (4096K)
 Metaspace       used 102922K, capacity 105624K, committed 105896K, reserved 1140736K
  class space    used 13054K, capacity 14014K, committed 14080K, reserved 1048576K
}
Event: 125.048 GC heap after
{Heap after GC invocations=101 (full 0):
 garbage-first heap   total 187392K, used 130024K [0x0000000080000000, 0x0000000100000000)
  region size 1024K, 2 young (2048K), 2 survivors (2048K)
 Metaspace       used 102922K, capacity 105624K, committed 105896K, reserved 1140736K
  class space    used 13054K, capacity 14014K, committed 14080K, reserved 1048576K
}
Event: 125.185 GC heap before
{Heap before GC invocations=101 (full 0):
 garbage-first heap   total 187392K, used 137192K [0x0000000080000000, 0x0000000100000000)
  region size 1024K, 9 young (9216K), 2 survivors (2048K)
 Metaspace       used 103230K, capacity 105923K, committed 106152K, reserved 1140736K
  class space    used 13107K, capacity 14047K, committed 14080K, reserved 1048576K
}
Event: 125.194 GC heap after
{Heap after GC invocations=102 (full 0):
 garbage-first heap   total 187392K, used 129245K [0x0000000080000000, 0x0000000100000000)
  region size 1024K, 1 young (1024K), 1 survivors (1024K)
 Metaspace       used 103230K, capacity 105923K, committed 106152K, reserved 1140736K
  class space    used 13107K, capacity 14047K, committed 14080K, reserved 1048576K
}
Event: 126.140 GC heap before
{Heap before GC invocations=102 (full 0):
 garbage-first heap   total 187392K, used 155869K [0x0000000080000000, 0x0000000100000000)
  region size 1024K, 27 young (27648K), 1 survivors (1024K)
 Metaspace       used 104556K, capacity 107265K, committed 107432K, reserved 1142784K
  class space    used 13296K, capacity 14253K, committed 14336K, reserved 1048576K
}
Event: 126.147 GC heap after
{Heap after GC invocations=103 (full 0):
 garbage-first heap   total 187392K, used 130839K [0x0000000080000000, 0x0000000100000000)
  region size 1024K, 3 young (3072K), 3 survivors (3072K)
 Metaspace       used 104556K, capacity 107265K, committed 107432K, reserved 1142784K
  class space    used 13296K, capacity 14253K, committed 14336K, reserved 1048576K
}
Event: 127.366 GC heap before
{Heap before GC invocations=104 (full 0):
 garbage-first heap   total 187392K, used 157463K [0x0000000080000000, 0x0000000100000000)
  region size 1024K, 29 young (29696K), 3 survivors (3072K)
 Metaspace       used 106133K, capacity 108902K, committed 109224K, reserved 1144832K
  class space    used 13515K, capacity 14498K, committed 14592K, reserved 1048576K
}
Event: 127.378 GC heap after
{Heap after GC invocations=105 (full 0):
 garbage-first heap   total 187392K, used 132967K [0x0000000080000000, 0x0000000100000000)
  region size 1024K, 4 young (4096K), 4 survivors (4096K)
 Metaspace       used 106133K, capacity 108902K, committed 109224K, reserved 1144832K
  class space    used 13515K, capacity 14498K, committed 14592K, reserved 1048576K
}
Event: 127.645 GC heap before
{Heap before GC invocations=105 (full 0):
 garbage-first heap   total 187392K, used 137063K [0x0000000080000000, 0x0000000100000000)
  region size 1024K, 9 young (9216K), 4 survivors (4096K)
 Metaspace       used 106261K, capacity 109051K, committed 109224K, reserved 1144832K
  class space    used 13540K, capacity 14569K, committed 14592K, reserved 1048576K
}
Event: 127.658 GC heap after
{Heap after GC invocations=106 (full 0):
 garbage-first heap   total 187392K, used 133132K [0x0000000080000000, 0x0000000100000000)
  region size 1024K, 1 young (1024K), 1 survivors (1024K)
 Metaspace       used 106261K, capacity 109051K, committed 109224K, reserved 1144832K
  class space    used 13540K, capacity 14569K, committed 14592K, reserved 1048576K
}
Event: 131.202 GC heap before
{Heap before GC invocations=106 (full 0):
 garbage-first heap   total 187392K, used 156684K [0x0000000080000000, 0x0000000100000000)
  region size 1024K, 25 young (25600K), 1 survivors (1024K)
 Metaspace       used 109328K, capacity 112255K, committed 112424K, reserved 1146880K
  class space    used 13900K, capacity 14952K, committed 14976K, reserved 1048576K
}
Event: 131.215 GC heap after
{Heap after GC invocations=107 (full 0):
 garbage-first heap   total 187392K, used 134509K [0x0000000080000000, 0x0000000100000000)
  region size 1024K, 3 young (3072K), 3 survivors (3072K)
 Metaspace       used 109328K, capacity 112255K, committed 112424K, reserved 1146880K
  class space    used 13900K, capacity 14952K, committed 14976K, reserved 1048576K
}
Event: 626.937 GC heap before
{Heap before GC invocations=107 (full 0):
 garbage-first heap   total 187392K, used 157037K [0x0000000080000000, 0x0000000100000000)
  region size 1024K, 26 young (26624K), 3 survivors (3072K)
 Metaspace       used 111575K, capacity 114540K, committed 114600K, reserved 1148928K
  class space    used 14046K, capacity 15089K, committed 15104K, reserved 1048576K
}
Event: 627.366 GC heap after
{Heap after GC invocations=108 (full 0):
 garbage-first heap   total 187392K, used 135476K [0x0000000080000000, 0x0000000100000000)
  region size 1024K, 3 young (3072K), 3 survivors (3072K)
 Metaspace       used 111575K, capacity 114540K, committed 114600K, reserved 1148928K
  class space    used 14046K, capacity 15089K, committed 15104K, reserved 1048576K
}

Deoptimization events (20 events):
Event: 628.035 Thread 0x0000024b8f9f3000 Uncommon trap: trap_request=0xffffffc6 fr.pc=0x0000024b88230dc8 relative=0x00000000000003e8
Event: 628.035 Thread 0x0000024b8f9f3000 Uncommon trap: reason=bimorphic_or_optimized_type_check action=maybe_recompile pc=0x0000024b88230dc8 method=com.google.common.collect.NaturalOrdering.compare(Ljava/lang/Comparable;Ljava/lang/Comparable;)I @ 12 c2
Event: 628.035 Thread 0x0000024b8f9f3000 DEOPT PACKING pc=0x0000024b88230dc8 sp=0x000000d4618f8500
Event: 628.035 Thread 0x0000024b8f9f3000 DEOPT UNPACKING pc=0x0000024b8002662f sp=0x000000d4618f8458 mode 2
Event: 628.036 Thread 0x0000024b8f9f3000 Uncommon trap: trap_request=0xffffffc6 fr.pc=0x0000024b88230dc8 relative=0x00000000000003e8
Event: 628.036 Thread 0x0000024b8f9f3000 Uncommon trap: reason=bimorphic_or_optimized_type_check action=maybe_recompile pc=0x0000024b88230dc8 method=com.google.common.collect.NaturalOrdering.compare(Ljava/lang/Comparable;Ljava/lang/Comparable;)I @ 12 c2
Event: 628.036 Thread 0x0000024b8f9f3000 DEOPT PACKING pc=0x0000024b88230dc8 sp=0x000000d4618f8500
Event: 628.036 Thread 0x0000024b8f9f3000 DEOPT UNPACKING pc=0x0000024b8002662f sp=0x000000d4618f8458 mode 2
Event: 628.131 Thread 0x0000024b8f9f3000 Uncommon trap: trap_request=0xffffffc6 fr.pc=0x0000024b88230dc8 relative=0x00000000000003e8
Event: 628.131 Thread 0x0000024b8f9f3000 Uncommon trap: reason=bimorphic_or_optimized_type_check action=maybe_recompile pc=0x0000024b88230dc8 method=com.google.common.collect.NaturalOrdering.compare(Ljava/lang/Comparable;Ljava/lang/Comparable;)I @ 12 c2
Event: 628.131 Thread 0x0000024b8f9f3000 DEOPT PACKING pc=0x0000024b88230dc8 sp=0x000000d4618f8660
Event: 628.131 Thread 0x0000024b8f9f3000 DEOPT UNPACKING pc=0x0000024b8002662f sp=0x000000d4618f85b8 mode 2
Event: 628.150 Thread 0x0000024b8f9f3000 Uncommon trap: trap_request=0xffffffc6 fr.pc=0x0000024b88230dc8 relative=0x00000000000003e8
Event: 628.150 Thread 0x0000024b8f9f3000 Uncommon trap: reason=bimorphic_or_optimized_type_check action=maybe_recompile pc=0x0000024b88230dc8 method=com.google.common.collect.NaturalOrdering.compare(Ljava/lang/Comparable;Ljava/lang/Comparable;)I @ 12 c2
Event: 628.150 Thread 0x0000024b8f9f3000 DEOPT PACKING pc=0x0000024b88230dc8 sp=0x000000d4618f8660
Event: 628.150 Thread 0x0000024b8f9f3000 DEOPT UNPACKING pc=0x0000024b8002662f sp=0x000000d4618f85b8 mode 2
Event: 628.181 Thread 0x0000024b8f9f3000 Uncommon trap: trap_request=0xffffffdc fr.pc=0x0000024b88217ca4 relative=0x00000000000002e4
Event: 628.181 Thread 0x0000024b8f9f3000 Uncommon trap: reason=class_check action=make_not_entrant pc=0x0000024b88217ca4 method=java.util.ArrayList$SubList.toArray([Ljava/lang/Object;)[Ljava/lang/Object; @ 37 c2
Event: 628.181 Thread 0x0000024b8f9f3000 DEOPT PACKING pc=0x0000024b88217ca4 sp=0x000000d4618f8960
Event: 628.181 Thread 0x0000024b8f9f3000 DEOPT UNPACKING pc=0x0000024b8002662f sp=0x000000d4618f8928 mode 2

Classes redefined (0 events):
No events

Internal exceptions (20 events):
Event: 127.733 Thread 0x0000024bfba8b800 Exception <a 'java/lang/ClassNotFoundException'{0x000000008b47c7e0}: org/gradle/api/plugins/BasePluginConventionBeanInfo> (0x000000008b47c7e0) thrown at [./src/hotspot/share/classfile/systemDictionary.cpp, line 231]
Event: 127.737 Thread 0x0000024bfba8b800 Exception <a 'java/lang/ClassNotFoundException'{0x000000008b49be80}: org/gradle/api/plugins/BasePluginConventionCustomizer> (0x000000008b49be80) thrown at [./src/hotspot/share/classfile/systemDictionary.cpp, line 231]
Event: 127.742 Thread 0x0000024bfba8b800 Exception <a 'java/lang/ClassNotFoundException'{0x000000008b4c9ae8}: org/gradle/api/plugins/internal/DefaultBasePluginConventionCustomizer> (0x000000008b4c9ae8) thrown at [./src/hotspot/share/classfile/systemDictionary.cpp, line 231]
Event: 127.849 Thread 0x0000024bfba8b800 Implicit null exception at 0x0000024b882c7b35 to 0x0000024b882c8eb4
Event: 128.486 Thread 0x0000024bfba8b800 Exception <a 'java/lang/NoSuchMethodError'{0x000000008a941ec8}: <clinit>> (0x000000008a941ec8) thrown at [./src/hotspot/share/prims/jni.cpp, line 1362]
Event: 129.506 Thread 0x0000024bfaaea000 Exception <a 'java/lang/NoSuchMethodError'{0x000000008a5c9560}: <clinit>> (0x000000008a5c9560) thrown at [./src/hotspot/share/prims/jni.cpp, line 1362]
Event: 129.507 Thread 0x0000024bfaaea000 Exception <a 'java/lang/NoSuchMethodError'{0x000000008a5db110}: <clinit>> (0x000000008a5db110) thrown at [./src/hotspot/share/prims/jni.cpp, line 1362]
Event: 129.510 Thread 0x0000024bfaaea000 Exception <a 'java/lang/NoSuchMethodError'{0x000000008a5f5760}: <clinit>> (0x000000008a5f5760) thrown at [./src/hotspot/share/prims/jni.cpp, line 1362]
Event: 129.532 Thread 0x0000024bfaaea000 Exception <a 'java/lang/NoSuchMethodError'{0x000000008a413260}: <clinit>> (0x000000008a413260) thrown at [./src/hotspot/share/prims/jni.cpp, line 1362]
Event: 129.539 Thread 0x0000024bfaaea000 Exception <a 'java/lang/NoSuchMethodError'{0x000000008a423210}: <clinit>> (0x000000008a423210) thrown at [./src/hotspot/share/prims/jni.cpp, line 1362]
Event: 130.114 Thread 0x0000024b8f9f9800 Exception <a 'sun/nio/fs/WindowsException'{0x000000008a4b2340}> (0x000000008a4b2340) thrown at [./src/hotspot/share/prims/jni.cpp, line 615]
Event: 130.287 Thread 0x0000024bfba8b800 Exception <a 'java/lang/NoSuchMethodError'{0x000000008a4e8678}: 'int java.lang.invoke.DirectMethodHandle$Holder.invokeVirtual(java.lang.Object, java.lang.Object, java.lang.Object)'> (0x000000008a4e8678) thrown at [./src/hotspot/share/interpreter/linkResolver.cpp, line 773]
Event: 130.288 Thread 0x0000024bfba8b800 Exception <a 'java/lang/IncompatibleClassChangeError'{0x000000008a4f1ab8}: Found class java.lang.Object, but interface was expected> (0x000000008a4f1ab8) thrown at [./src/hotspot/share/interpreter/linkResolver.cpp, line 839]
Event: 140.027 Thread 0x0000024bfb4c6800 Implicit null exception at 0x0000024b87af3ff4 to 0x0000024b87af44f4
Event: 140.028 Thread 0x0000024bfb4c6800 Implicit null exception at 0x0000024b87ecc014 to 0x0000024b87ecc5d8
Event: 627.470 Thread 0x0000024b8f9ee000 Exception <a 'java/lang/NoSuchMethodError'{0x000000008b64b7d8}: <clinit>> (0x000000008b64b7d8) thrown at [./src/hotspot/share/prims/jni.cpp, line 1362]
Event: 627.495 Thread 0x0000024b8f9ee000 Exception <a 'java/lang/NoSuchMethodError'{0x000000008b64cdc8}: <clinit>> (0x000000008b64cdc8) thrown at [./src/hotspot/share/prims/jni.cpp, line 1362]
Event: 627.523 Thread 0x0000024b8f9ee000 Exception <a 'java/lang/NoSuchMethodError'{0x000000008b65bee8}: <clinit>> (0x000000008b65bee8) thrown at [./src/hotspot/share/prims/jni.cpp, line 1362]
Event: 627.527 Thread 0x0000024b8f9ee000 Exception <a 'java/lang/NoSuchMethodError'{0x000000008b65dd38}: <clinit>> (0x000000008b65dd38) thrown at [./src/hotspot/share/prims/jni.cpp, line 1362]
Event: 627.528 Thread 0x0000024b8f9ee000 Exception <a 'java/lang/NoSuchMethodError'{0x000000008b665588}: <clinit>> (0x000000008b665588) thrown at [./src/hotspot/share/prims/jni.cpp, line 1362]

Events (20 events):
Event: 627.630 loading class org/gradle/tooling/internal/protocol/events/InternalPluginIdentifier done
Event: 627.631 loading class org/gradle/internal/operations/OperationIdentifier
Event: 627.631 loading class org/gradle/internal/operations/OperationIdentifier done
Event: 627.631 loading class org/gradle/tooling/internal/provider/runner/PluginApplicationTracker
Event: 627.631 loading class org/gradle/tooling/internal/provider/runner/PluginApplicationTracker done
Event: 627.634 loading class org/gradle/tooling/internal/protocol/events/InternalPluginIdentifier
Event: 627.634 loading class org/gradle/tooling/internal/protocol/events/InternalPluginIdentifier done
Event: 627.634 loading class org/gradle/tooling/internal/provider/runner/ClientForwardingProjectConfigurationOperationListener$PluginApplicationResult
Event: 627.634 loading class org/gradle/tooling/internal/provider/runner/ClientForwardingProjectConfigurationOperationListener$PluginApplicationResult done
Event: 627.638 loading class org/gradle/tooling/internal/protocol/events/InternalPluginIdentifier
Event: 627.638 loading class org/gradle/tooling/internal/protocol/events/InternalPluginIdentifier done
Event: 627.638 loading class org/gradle/tooling/internal/protocol/events/InternalPluginIdentifier
Event: 627.638 loading class org/gradle/tooling/internal/protocol/events/InternalPluginIdentifier done
Event: 627.640 loading class org/gradle/tooling/internal/protocol/events/InternalProjectConfigurationResult$InternalPluginApplicationResult
Event: 627.640 loading class org/gradle/tooling/internal/protocol/events/InternalProjectConfigurationResult$InternalPluginApplicationResult done
Event: 627.651 Executing VM operation: RevokeBias
Event: 627.652 Executing VM operation: RevokeBias done
Event: 627.654 Executing VM operation: RevokeBias
Event: 627.654 Executing VM operation: RevokeBias done
Event: 627.945 Thread 0x0000024b8f9f6000 Thread added: 0x0000024b8f9f6000


Dynamic libraries:
0x00007ff702b70000 - 0x00007ff702b7a000 	C:\Android Studio\Android Installed\jre\bin\java.exe
0x00007ffc8b610000 - 0x00007ffc8b805000 	C:\WINDOWS\SYSTEM32\ntdll.dll
0x00007ffc8b440000 - 0x00007ffc8b4fe000 	C:\WINDOWS\System32\KERNEL32.DLL
0x00007ffc88fe0000 - 0x00007ffc892a8000 	C:\WINDOWS\System32\KERNELBASE.dll
0x00007ffc88ee0000 - 0x00007ffc88fe0000 	C:\WINDOWS\System32\ucrtbase.dll
0x00007ffc84110000 - 0x00007ffc84127000 	C:\Android Studio\Android Installed\jre\bin\VCRUNTIME140.dll
0x00007ffc7ff80000 - 0x00007ffc7ff99000 	C:\Android Studio\Android Installed\jre\bin\jli.dll
0x00007ffc89cf0000 - 0x00007ffc89e90000 	C:\WINDOWS\System32\USER32.dll
0x00007ffc89530000 - 0x00007ffc89552000 	C:\WINDOWS\System32\win32u.dll
0x00007ffc8a5b0000 - 0x00007ffc8a5db000 	C:\WINDOWS\System32\GDI32.dll
0x00007ffc89560000 - 0x00007ffc8966b000 	C:\WINDOWS\System32\gdi32full.dll
0x00007ffc88d60000 - 0x00007ffc88dfd000 	C:\WINDOWS\System32\msvcp_win.dll
0x00007ffc76af0000 - 0x00007ffc76d8a000 	C:\WINDOWS\WinSxS\amd64_microsoft.windows.common-controls_6595b64144ccf1df_6.0.19041.1110_none_60b5254171f9507e\COMCTL32.dll
0x00007ffc89ec0000 - 0x00007ffc89f5e000 	C:\WINDOWS\System32\msvcrt.dll
0x00007ffc89e90000 - 0x00007ffc89ec0000 	C:\WINDOWS\System32\IMM32.DLL
0x00007ffc716c0000 - 0x00007ffc7175d000 	C:\Android Studio\Android Installed\jre\bin\msvcp140.dll
0x00007ffc39000000 - 0x00007ffc39ad5000 	C:\Android Studio\Android Installed\jre\bin\server\jvm.dll
0x00007ffc8a4a0000 - 0x00007ffc8a54e000 	C:\WINDOWS\System32\ADVAPI32.dll
0x00007ffc8a2c0000 - 0x00007ffc8a35c000 	C:\WINDOWS\System32\sechost.dll
0x00007ffc89bc0000 - 0x00007ffc89ce5000 	C:\WINDOWS\System32\RPCRT4.dll
0x00007ffc8a490000 - 0x00007ffc8a498000 	C:\WINDOWS\System32\PSAPI.DLL
0x00007ffc73a90000 - 0x00007ffc73a99000 	C:\WINDOWS\SYSTEM32\WSOCK32.dll
0x00007ffc8b560000 - 0x00007ffc8b5cb000 	C:\WINDOWS\System32\WS2_32.dll
0x00007ffc74f60000 - 0x00007ffc74f87000 	C:\WINDOWS\SYSTEM32\WINMM.dll
0x00007ffc80270000 - 0x00007ffc8027a000 	C:\WINDOWS\SYSTEM32\VERSION.dll
0x00007ffc875d0000 - 0x00007ffc875e2000 	C:\WINDOWS\SYSTEM32\kernel.appcore.dll
0x00007ffc82300000 - 0x00007ffc82311000 	C:\Android Studio\Android Installed\jre\bin\verify.dll
0x00007ffc86550000 - 0x00007ffc86734000 	C:\WINDOWS\SYSTEM32\DBGHELP.DLL
0x00007ffc70cb0000 - 0x00007ffc70cdc000 	C:\WINDOWS\SYSTEM32\dbgcore.DLL
0x00007ffc88e00000 - 0x00007ffc88e82000 	C:\WINDOWS\System32\bcryptPrimitives.dll
0x00007ffc81f80000 - 0x00007ffc81fa9000 	C:\Android Studio\Android Installed\jre\bin\java.dll
0x00007ffc84030000 - 0x00007ffc8403b000 	C:\Android Studio\Android Installed\jre\bin\jimage.dll
0x00007ffc81f60000 - 0x00007ffc81f78000 	C:\Android Studio\Android Installed\jre\bin\zip.dll
0x00007ffc8a890000 - 0x00007ffc8afd4000 	C:\WINDOWS\System32\SHELL32.dll
0x00007ffc86e20000 - 0x00007ffc875b4000 	C:\WINDOWS\SYSTEM32\windows.storage.dll
0x00007ffc89f60000 - 0x00007ffc8a2b4000 	C:\WINDOWS\System32\combase.dll
0x00007ffc886c0000 - 0x00007ffc886ec000 	C:\WINDOWS\SYSTEM32\Wldp.dll
0x00007ffc8afe0000 - 0x00007ffc8b08d000 	C:\WINDOWS\System32\SHCORE.dll
0x00007ffc8a830000 - 0x00007ffc8a885000 	C:\WINDOWS\System32\shlwapi.dll
0x00007ffc88c70000 - 0x00007ffc88c8f000 	C:\WINDOWS\SYSTEM32\profapi.dll
0x00007ffc81f40000 - 0x00007ffc81f5a000 	C:\Android Studio\Android Installed\jre\bin\net.dll
0x00007ffc82420000 - 0x00007ffc82529000 	C:\WINDOWS\SYSTEM32\WINHTTP.dll
0x00007ffc88420000 - 0x00007ffc8848a000 	C:\WINDOWS\system32\mswsock.dll
0x00007ffc81f20000 - 0x00007ffc81f34000 	C:\Android Studio\Android Installed\jre\bin\nio.dll
0x00007ffc80640000 - 0x00007ffc80667000 	C:\Users\Dell\.gradle\native\e1d6ef7f7dcc3fd88c89a11ec53ec762bb8ba0a96d01ffa2cd45eb1d1d8dd5c5\windows-amd64\native-platform.dll
0x00007ffc568e0000 - 0x00007ffc56a24000 	C:\Users\Dell\.gradle\native\5664cfc778a61ccfe75a443a1ab52a65af34e5dc3c78e0209fed803814484fcb\windows-amd64\native-platform-file-events.dll
0x00007ffc84000000 - 0x00007ffc8400a000 	C:\Android Studio\Android Installed\jre\bin\management.dll
0x00007ffc822f0000 - 0x00007ffc822fd000 	C:\Android Studio\Android Installed\jre\bin\management_ext.dll
0x00007ffc88610000 - 0x00007ffc88628000 	C:\WINDOWS\SYSTEM32\CRYPTSP.dll
0x00007ffc87da0000 - 0x00007ffc87dd4000 	C:\WINDOWS\system32\rsaenh.dll
0x00007ffc88d30000 - 0x00007ffc88d57000 	C:\WINDOWS\System32\bcrypt.dll
0x00007ffc88c30000 - 0x00007ffc88c5e000 	C:\WINDOWS\SYSTEM32\USERENV.dll
0x00007ffc88630000 - 0x00007ffc8863c000 	C:\WINDOWS\SYSTEM32\CRYPTBASE.dll
0x00007ffc88110000 - 0x00007ffc8814b000 	C:\WINDOWS\SYSTEM32\IPHLPAPI.DLL
0x00007ffc8a7a0000 - 0x00007ffc8a7a8000 	C:\WINDOWS\System32\NSI.dll
0x00007ffc80970000 - 0x00007ffc80987000 	C:\WINDOWS\SYSTEM32\dhcpcsvc6.DLL
0x00007ffc7f010000 - 0x00007ffc7f02d000 	C:\WINDOWS\SYSTEM32\dhcpcsvc.DLL
0x00007ffc88150000 - 0x00007ffc8821a000 	C:\WINDOWS\SYSTEM32\DNSAPI.dll
0x00007ffc80720000 - 0x00007ffc80747000 	C:\Android Studio\Android Installed\jre\bin\sunec.dll
0x00007ffc80280000 - 0x00007ffc8028a000 	C:\Windows\System32\rasadhlp.dll
0x00007ffc76470000 - 0x00007ffc764ef000 	C:\WINDOWS\System32\fwpuclnt.dll

dbghelp: loaded successfully - version: 4.0.5 - missing functions: none
symbol engine: initialized successfully - sym options: 0x614 - pdb path: .;C:\Android Studio\Android Installed\jre\bin;C:\WINDOWS\SYSTEM32;C:\WINDOWS\WinSxS\amd64_microsoft.windows.common-controls_6595b64144ccf1df_6.0.19041.1110_none_60b5254171f9507e;C:\Android Studio\Android Installed\jre\bin\server;C:\Users\Dell\.gradle\native\e1d6ef7f7dcc3fd88c89a11ec53ec762bb8ba0a96d01ffa2cd45eb1d1d8dd5c5\windows-amd64;C:\Users\Dell\.gradle\native\5664cfc778a61ccfe75a443a1ab52a65af34e5dc3c78e0209fed803814484fcb\windows-amd64

VM Arguments:
jvm_args: --add-opens=java.base/java.util=ALL-UNNAMED --add-opens=java.base/java.lang=ALL-UNNAMED --add-opens=java.base/java.lang.invoke=ALL-UNNAMED --add-opens=java.base/java.util=ALL-UNNAMED --add-opens=java.prefs/java.util.prefs=ALL-UNNAMED --add-opens=java.prefs/java.util.prefs=ALL-UNNAMED --add-opens=java.base/java.nio.charset=ALL-UNNAMED --add-opens=java.base/java.net=ALL-UNNAMED --add-opens=java.base/java.util.concurrent.atomic=ALL-UNNAMED -Xmx2048m -Dfile.encoding=UTF-8 -Duser.country=IN -Duser.language=en -Duser.variant 
java_command: org.gradle.launcher.daemon.bootstrap.GradleDaemon 7.2
java_class_path (initial): C:\Users\Dell\.gradle\wrapper\dists\gradle-7.2-bin\2dnblmf4td7x66yl1d74lt32g\gradle-7.2\lib\gradle-launcher-7.2.jar
Launcher Type: SUN_STANDARD

[Global flags]
     intx CICompilerCount                          = 3                                         {product} {ergonomic}
     uint ConcGCThreads                            = 1                                         {product} {ergonomic}
     uint G1ConcRefinementThreads                  = 4                                         {product} {ergonomic}
   size_t G1HeapRegionSize                         = 1048576                                   {product} {ergonomic}
    uintx GCDrainStackTargetSize                   = 64                                        {product} {ergonomic}
   size_t InitialHeapSize                          = 132120576                                 {product} {ergonomic}
   size_t MarkStackSize                            = 4194304                                   {product} {ergonomic}
   size_t MaxHeapSize                              = 2147483648                                {product} {command line}
   size_t MaxNewSize                               = 1287651328                                {product} {ergonomic}
   size_t MinHeapDeltaBytes                        = 1048576                                   {product} {ergonomic}
    uintx NonNMethodCodeHeapSize                   = 5830732                                {pd product} {ergonomic}
    uintx NonProfiledCodeHeapSize                  = 122913754                              {pd product} {ergonomic}
    uintx ProfiledCodeHeapSize                     = 122913754                              {pd product} {ergonomic}
    uintx ReservedCodeCacheSize                    = 251658240                              {pd product} {ergonomic}
     bool SegmentedCodeCache                       = true                                      {product} {ergonomic}
     bool UseCompressedClassPointers               = true                                 {lp64_product} {ergonomic}
     bool UseCompressedOops                        = true                                 {lp64_product} {ergonomic}
     bool UseG1GC                                  = true                                      {product} {ergonomic}
     bool UseLargePagesIndividualAllocation        = false                                  {pd product} {ergonomic}

Logging:
Log output configuration:
 #0: stdout all=warning uptime,level,tags
 #1: stderr all=off uptime,level,tags

Environment Variables:
PATH=C:\WINDOWS\system32;C:\WINDOWS;C:\WINDOWS\System32\Wbem;C:\WINDOWS\System32\WindowsPowerShell\v1.0\;C:\WINDOWS\System32\OpenSSH\;C:\Program Files\Git\cmd;C:\Program Files (x86)\Filestar;C:\Users\Dell\AppData\Roaming\Filestar\aliases;C:\Users\Dell\AppData\Local\Microsoft\WindowsApps;C:\Users\Dell\AppData\Local\GitHubDesktop\bin
USERNAME=Dell
OS=Windows_NT
PROCESSOR_IDENTIFIER=Intel64 Family 6 Model 78 Stepping 3, GenuineIntel



---------------  S Y S T E M  ---------------

OS: Windows 10 , 64 bit Build 19041 (10.0.19041.1566)
OS uptime: 1 days 22:03 hours

CPU:total 4 (initial active 4) (2 cores per cpu, 2 threads per core) family 6 model 78 stepping 3 microcode 0xcc, cmov, cx8, fxsr, mmx, sse, sse2, sse3, ssse3, sse4.1, sse4.2, popcnt, avx, avx2, aes, clmul, erms, 3dnowpref, lzcnt, ht, tsc, tscinvbit, bmi1, bmi2, adx, fma

Memory: 4k page, system-wide physical 8057M (231M free)
TotalPageFile size 32633M (AvailPageFile size 2M)
current process WorkingSet (physical memory assigned to process): 166M, peak: 422M
current process commit charge ("private bytes"): 495M, peak: 504M

vm_info: OpenJDK 64-Bit Server VM (11.0.11+9-b60-7590822) for windows-amd64 JRE (11.0.11+9-b60-7590822), built on Jul 29 2021 21:43:44 by "builder" with MS VC++ 14.0 (VS2015)

END.
