#
# There is insufficient memory for the Java Runtime Environment to continue.
# Native memory allocation (malloc) failed to allocate 1229616 bytes for Chunk::new
# Possible reasons:
#   The system is out of physical RAM or swap space
#   The process is running with CompressedOops enabled, and the Java Heap may be blocking the growth of the native heap
# Possible solutions:
#   Reduce memory load on the system
#   Increase physical memory or swap space
#   Check if swap backing store is full
#   Decrease Java heap size (-Xmx/-Xms)
#   Decrease number of Java threads
#   Decrease Java thread stack sizes (-Xss)
#   Set larger code cache with -XX:ReservedCodeCacheSize=
#   JVM is running with Unscaled Compressed Oops mode in which the Java heap is
#     placed in the first 4GB address space. The Java Heap base address is the
#     maximum limit for the native heap growth. Please use -XX:HeapBaseMinAddress
#     to set the Java Heap base and to place the Java Heap above 4GB virtual address.
# This output file may be truncated or incomplete.
#
#  Out of Memory Error (./src/hotspot/share/memory/arena.cpp:197), pid=10272, tid=2800
#
# JRE version: OpenJDK Runtime Environment (11.0.11+9) (build 11.0.11+9-b60-7590822)
# Java VM: OpenJDK 64-Bit Server VM (11.0.11+9-b60-7590822, mixed mode, tiered, compressed oops, g1 gc, windows-amd64)
# No core dump will be written. Minidumps are not enabled by default on client versions of Windows
#

---------------  S U M M A R Y ------------

Command Line: --add-opens=java.base/java.util=ALL-UNNAMED --add-opens=java.base/java.lang=ALL-UNNAMED --add-opens=java.base/java.lang.invoke=ALL-UNNAMED --add-opens=java.base/java.util=ALL-UNNAMED --add-opens=java.prefs/java.util.prefs=ALL-UNNAMED --add-opens=java.prefs/java.util.prefs=ALL-UNNAMED --add-opens=java.base/java.nio.charset=ALL-UNNAMED --add-opens=java.base/java.net=ALL-UNNAMED --add-opens=java.base/java.util.concurrent.atomic=ALL-UNNAMED -Xmx2048m -Dfile.encoding=UTF-8 -Duser.country=IN -Duser.language=en -Duser.variant org.gradle.launcher.daemon.bootstrap.GradleDaemon 7.2

Host: Intel(R) Core(TM) i3-6006U CPU @ 2.00GHz, 4 cores, 7G,  Windows 10 , 64 bit Build 19041 (10.0.19041.1566)
Time: Thu Apr 14 12:10:20 2022 India Standard Time elapsed time: 114.001438 seconds (0d 0h 1m 54s)

---------------  T H R E A D  ---------------

Current thread (0x0000013332ad3000):  JavaThread "C2 CompilerThread0" daemon [_thread_in_native, id=2800, stack(0x0000002116f00000,0x0000002117000000)]


Current CompileTask:
C2: 114001 13390       4       com.sun.tools.javac.code.Symbol$MethodSymbol::implementation (11 bytes)

Stack: [0x0000002116f00000,0x0000002117000000]
Native frames: (J=compiled Java code, j=interpreted, Vv=VM code, C=native code)
V  [jvm.dll+0x5f214a]
V  [jvm.dll+0x726fb5]
V  [jvm.dll+0x7285cd]
V  [jvm.dll+0x728c83]
V  [jvm.dll+0x243278]
V  [jvm.dll+0xbc53c]
V  [jvm.dll+0xbca3c]
V  [jvm.dll+0x353e3b]
V  [jvm.dll+0x321893]
V  [jvm.dll+0x320d8a]
V  [jvm.dll+0x1fc1e2]
V  [jvm.dll+0x1fb3d4]
V  [jvm.dll+0x183d6c]
V  [jvm.dll+0x209a57]
V  [jvm.dll+0x2082a1]
V  [jvm.dll+0x6ef58f]
V  [jvm.dll+0x6e80b5]
V  [jvm.dll+0x5f1036]
C  [ucrtbase.dll+0x21bb2]
C  [KERNEL32.DLL+0x17034]
C  [ntdll.dll+0x52651]


---------------  P R O C E S S  ---------------

Threads class SMR info:
_java_thread_list=0x0000013336dca040, length=90, elements={
0x0000013316f68800, 0x0000013332ab1800, 0x0000013332ab3000, 0x0000013332acb000,
0x0000013332acc000, 0x0000013332ace000, 0x0000013332ad3000, 0x0000013332ad4800,
0x0000013332ad9000, 0x000001333357e800, 0x0000013335ad2000, 0x00000133348a8000,
0x0000013335c81000, 0x00000133364c6800, 0x00000133355e4000, 0x0000013334358800,
0x0000013334359000, 0x0000013335c9c000, 0x0000013334f93800, 0x0000013334f94000,
0x0000013334f8e800, 0x0000013334f95000, 0x0000013334f92800, 0x0000013334f92000,
0x0000013334f8f800, 0x0000013334f90000, 0x0000013334f91000, 0x000001333663d800,
0x0000013336643000, 0x0000013336640800, 0x0000013336642000, 0x0000013336644000,
0x000001333663f800, 0x0000013336648000, 0x0000013336647000, 0x0000013336648800,
0x0000013336649800, 0x000001333664a800, 0x000001333664c000, 0x000001333664b000,
0x0000013336dd5800, 0x0000013336dd4000, 0x0000013336dd6000, 0x0000013336dd0800,
0x0000013336dd7000, 0x0000013336dd1800, 0x0000013336dd8000, 0x0000013336dd2000,
0x0000013336dd8800, 0x0000013336dd3000, 0x0000013336dd9800, 0x0000013336dda800,
0x0000013336dd4800, 0x0000013336ddb000, 0x0000013336ddf000, 0x0000013336ddd800,
0x0000013336ddc000, 0x0000013336ddc800, 0x0000013336dde800, 0x00000133359d4000,
0x00000133359d5000, 0x00000133359d1000, 0x00000133359d6000, 0x00000133359d0000,
0x00000133359d6800, 0x00000133359d7800, 0x00000133359d2000, 0x00000133359d2800,
0x00000133359d8800, 0x00000133359d9000, 0x00000133359d3800, 0x00000133359da000,
0x00000133359dc800, 0x00000133359dd000, 0x00000133359da800, 0x00000133359db800,
0x0000013336646800, 0x000001333d0cd000, 0x000001333d0ca800, 0x000001333d0cb800,
0x000001333d0cc000, 0x000001333d0c7800, 0x000001333d0ce000, 0x000001333d0c9800,
0x000001333d0c9000, 0x000001333d0d0800, 0x000001333d0d3800, 0x000001333d0d2000,
0x000001333d0d5000, 0x000001333d0d4800
}

Java Threads: ( => current thread )
  0x0000013316f68800 JavaThread "main" [_thread_blocked, id=10592, stack(0x0000002116300000,0x0000002116400000)]
  0x0000013332ab1800 JavaThread "Reference Handler" daemon [_thread_blocked, id=7356, stack(0x0000002116a00000,0x0000002116b00000)]
  0x0000013332ab3000 JavaThread "Finalizer" daemon [_thread_blocked, id=14156, stack(0x0000002116b00000,0x0000002116c00000)]
  0x0000013332acb000 JavaThread "Signal Dispatcher" daemon [_thread_blocked, id=7176, stack(0x0000002116c00000,0x0000002116d00000)]
  0x0000013332acc000 JavaThread "Attach Listener" daemon [_thread_blocked, id=12116, stack(0x0000002116d00000,0x0000002116e00000)]
  0x0000013332ace000 JavaThread "Service Thread" daemon [_thread_blocked, id=13964, stack(0x0000002116e00000,0x0000002116f00000)]
=>0x0000013332ad3000 JavaThread "C2 CompilerThread0" daemon [_thread_in_native, id=2800, stack(0x0000002116f00000,0x0000002117000000)]
  0x0000013332ad4800 JavaThread "C1 CompilerThread0" daemon [_thread_blocked, id=2000, stack(0x0000002117000000,0x0000002117100000)]
  0x0000013332ad9000 JavaThread "Sweeper thread" daemon [_thread_blocked, id=10800, stack(0x0000002117100000,0x0000002117200000)]
  0x000001333357e800 JavaThread "Common-Cleaner" daemon [_thread_blocked, id=13028, stack(0x0000002117200000,0x0000002117300000)]
  0x0000013335ad2000 JavaThread "Daemon health stats" [_thread_blocked, id=7276, stack(0x0000002117700000,0x0000002117800000)]
  0x00000133348a8000 JavaThread "Incoming local TCP Connector on port 58195" [_thread_in_native, id=13856, stack(0x0000002117400000,0x0000002117500000)]
  0x0000013335c81000 JavaThread "Daemon periodic checks" [_thread_blocked, id=10676, stack(0x0000002117800000,0x0000002117900000)]
  0x00000133364c6800 JavaThread "Daemon" [_thread_blocked, id=11884, stack(0x0000002117900000,0x0000002117a00000)]
  0x00000133355e4000 JavaThread "Handler for socket connection from /127.0.0.1:58195 to /127.0.0.1:58196" [_thread_in_native, id=7896, stack(0x0000002117a00000,0x0000002117b00000)]
  0x0000013334358800 JavaThread "Cancel handler" [_thread_blocked, id=13608, stack(0x0000002117b00000,0x0000002117c00000)]
  0x0000013334359000 JavaThread "Daemon worker" [_thread_blocked, id=10352, stack(0x0000002117c00000,0x0000002117d00000)]
  0x0000013335c9c000 JavaThread "Asynchronous log dispatcher for DefaultDaemonConnection: socket connection from /127.0.0.1:58195 to /127.0.0.1:58196" [_thread_blocked, id=3184, stack(0x0000002117d00000,0x0000002117e00000)]
  0x0000013334f93800 JavaThread "Daemon client event forwarder" [_thread_blocked, id=12948, stack(0x0000002117f00000,0x0000002118000000)]
  0x0000013334f94000 JavaThread "Cache worker for journal cache (C:\Users\Dell\.gradle\caches\journal-1)" [_thread_blocked, id=13632, stack(0x0000002118000000,0x0000002118100000)]
  0x0000013334f8e800 JavaThread "File lock request listener" [_thread_in_native, id=2112, stack(0x0000002118100000,0x0000002118200000)]
  0x0000013334f95000 JavaThread "Cache worker for file hash cache (C:\Users\Dell\.gradle\caches\7.2\fileHashes)" [_thread_blocked, id=10456, stack(0x0000002118200000,0x0000002118300000)]
  0x0000013334f92800 JavaThread "Cache worker for file hash cache (C:\Project\Hitch Dating App\Hitch Dating Platform\.gradle\7.2\fileHashes)" [_thread_blocked, id=5700, stack(0x0000002118500000,0x0000002118600000)]
  0x0000013334f92000 JavaThread "File watcher server" daemon [_thread_in_native, id=9428, stack(0x0000002118600000,0x0000002118700000)]
  0x0000013334f8f800 JavaThread "File watcher consumer" daemon [_thread_blocked, id=2400, stack(0x0000002118700000,0x0000002118800000)]
  0x0000013334f90000 JavaThread "Cache worker for checksums cache (C:\Project\Hitch Dating App\Hitch Dating Platform\.gradle\checksums)" [_thread_blocked, id=11684, stack(0x0000002118800000,0x0000002118900000)]
  0x0000013334f91000 JavaThread "Cache worker for cache directory md-supplier (C:\Users\Dell\.gradle\caches\7.2\md-supplier)" [_thread_blocked, id=10872, stack(0x0000002118900000,0x0000002118a00000)]
  0x000001333663d800 JavaThread "Cache worker for cache directory md-rule (C:\Users\Dell\.gradle\caches\7.2\md-rule)" [_thread_blocked, id=6468, stack(0x0000002118a00000,0x0000002118b00000)]
  0x0000013336643000 JavaThread "Cache worker for execution history cache (C:\Users\Dell\.gradle\caches\7.2\executionHistory)" [_thread_blocked, id=6384, stack(0x0000002118b00000,0x0000002118c00000)]
  0x0000013336640800 JavaThread "jar transforms" [_thread_blocked, id=13640, stack(0x0000002118c00000,0x0000002118d00000)]
  0x0000013336642000 JavaThread "jar transforms Thread 2" [_thread_blocked, id=7024, stack(0x0000002118d00000,0x0000002118e00000)]
  0x0000013336644000 JavaThread "Cache worker for file content cache (C:\Users\Dell\.gradle\caches\7.2\fileContent)" [_thread_blocked, id=3544, stack(0x0000002118e00000,0x0000002118f00000)]
  0x000001333663f800 JavaThread "Cache worker for dependencies-accessors (C:\Project\Hitch Dating App\Hitch Dating Platform\.gradle\7.2\dependencies-accessors)" [_thread_blocked, id=2836, stack(0x0000002118f00000,0x0000002119000000)]
  0x0000013336648000 JavaThread "jar transforms Thread 3" [_thread_blocked, id=8108, stack(0x0000002118400000,0x0000002118500000)]
  0x0000013336647000 JavaThread "Cache worker for Build Output Cleanup Cache (C:\Project\Hitch Dating App\Hitch Dating Platform\.gradle\buildOutputCleanup)" [_thread_blocked, id=13492, stack(0x0000002119100000,0x0000002119200000)]
  0x0000013336648800 JavaThread "Unconstrained build operations" [_thread_blocked, id=8932, stack(0x0000002119200000,0x0000002119300000)]
  0x0000013336649800 JavaThread "Unconstrained build operations Thread 2" [_thread_blocked, id=3696, stack(0x0000002119300000,0x0000002119400000)]
  0x000001333664a800 JavaThread "Unconstrained build operations Thread 3" [_thread_blocked, id=4840, stack(0x0000002119400000,0x0000002119500000)]
  0x000001333664c000 JavaThread "Unconstrained build operations Thread 4" [_thread_blocked, id=13396, stack(0x0000002119500000,0x0000002119600000)]
  0x000001333664b000 JavaThread "Unconstrained build operations Thread 5" [_thread_blocked, id=13728, stack(0x0000002119600000,0x0000002119700000)]
  0x0000013336dd5800 JavaThread "Unconstrained build operations Thread 6" [_thread_blocked, id=13520, stack(0x0000002119700000,0x0000002119800000)]
  0x0000013336dd4000 JavaThread "Unconstrained build operations Thread 7" [_thread_blocked, id=8464, stack(0x0000002119800000,0x0000002119900000)]
  0x0000013336dd6000 JavaThread "Unconstrained build operations Thread 8" [_thread_blocked, id=12904, stack(0x0000002119900000,0x0000002119a00000)]
  0x0000013336dd0800 JavaThread "Unconstrained build operations Thread 9" [_thread_blocked, id=12756, stack(0x0000002119a00000,0x0000002119b00000)]
  0x0000013336dd7000 JavaThread "Unconstrained build operations Thread 10" [_thread_blocked, id=7884, stack(0x0000002119b00000,0x0000002119c00000)]
  0x0000013336dd1800 JavaThread "Unconstrained build operations Thread 11" [_thread_blocked, id=11620, stack(0x0000002119c00000,0x0000002119d00000)]
  0x0000013336dd8000 JavaThread "Unconstrained build operations Thread 12" [_thread_blocked, id=13952, stack(0x0000002119d00000,0x0000002119e00000)]
  0x0000013336dd2000 JavaThread "Unconstrained build operations Thread 13" [_thread_blocked, id=9864, stack(0x0000002119e00000,0x0000002119f00000)]
  0x0000013336dd8800 JavaThread "Unconstrained build operations Thread 14" [_thread_blocked, id=4948, stack(0x0000002119f00000,0x000000211a000000)]
  0x0000013336dd3000 JavaThread "Unconstrained build operations Thread 15" [_thread_blocked, id=9532, stack(0x000000211a000000,0x000000211a100000)]
  0x0000013336dd9800 JavaThread "Unconstrained build operations Thread 16" [_thread_blocked, id=1836, stack(0x000000211a100000,0x000000211a200000)]
  0x0000013336dda800 JavaThread "Unconstrained build operations Thread 17" [_thread_blocked, id=11544, stack(0x000000211a200000,0x000000211a300000)]
  0x0000013336dd4800 JavaThread "Unconstrained build operations Thread 18" [_thread_blocked, id=8644, stack(0x000000211a300000,0x000000211a400000)]
  0x0000013336ddb000 JavaThread "Unconstrained build operations Thread 19" [_thread_blocked, id=12140, stack(0x000000211a400000,0x000000211a500000)]
  0x0000013336ddf000 JavaThread "Unconstrained build operations Thread 20" [_thread_blocked, id=8488, stack(0x000000211a500000,0x000000211a600000)]
  0x0000013336ddd800 JavaThread "Unconstrained build operations Thread 21" [_thread_blocked, id=11844, stack(0x000000211a600000,0x000000211a700000)]
  0x0000013336ddc000 JavaThread "Unconstrained build operations Thread 22" [_thread_blocked, id=13860, stack(0x000000211a700000,0x000000211a800000)]
  0x0000013336ddc800 JavaThread "Unconstrained build operations Thread 23" [_thread_blocked, id=12336, stack(0x000000211a800000,0x000000211a900000)]
  0x0000013336dde800 JavaThread "Unconstrained build operations Thread 24" [_thread_blocked, id=12988, stack(0x000000211a900000,0x000000211aa00000)]
  0x00000133359d4000 JavaThread "Unconstrained build operations Thread 25" [_thread_blocked, id=11200, stack(0x000000211aa00000,0x000000211ab00000)]
  0x00000133359d5000 JavaThread "Unconstrained build operations Thread 26" [_thread_blocked, id=8080, stack(0x000000211ab00000,0x000000211ac00000)]
  0x00000133359d1000 JavaThread "Unconstrained build operations Thread 27" [_thread_blocked, id=8440, stack(0x000000211ac00000,0x000000211ad00000)]
  0x00000133359d6000 JavaThread "Unconstrained build operations Thread 28" [_thread_blocked, id=6024, stack(0x000000211ad00000,0x000000211ae00000)]
  0x00000133359d0000 JavaThread "Unconstrained build operations Thread 29" [_thread_blocked, id=12556, stack(0x000000211ae00000,0x000000211af00000)]
  0x00000133359d6800 JavaThread "Unconstrained build operations Thread 30" [_thread_blocked, id=9076, stack(0x000000211af00000,0x000000211b000000)]
  0x00000133359d7800 JavaThread "Unconstrained build operations Thread 31" [_thread_blocked, id=6704, stack(0x000000211b000000,0x000000211b100000)]
  0x00000133359d2000 JavaThread "Unconstrained build operations Thread 32" [_thread_blocked, id=13836, stack(0x000000211b100000,0x000000211b200000)]
  0x00000133359d2800 JavaThread "Unconstrained build operations Thread 33" [_thread_blocked, id=13808, stack(0x000000211b200000,0x000000211b300000)]
  0x00000133359d8800 JavaThread "Unconstrained build operations Thread 34" [_thread_blocked, id=13216, stack(0x000000211b300000,0x000000211b400000)]
  0x00000133359d9000 JavaThread "Unconstrained build operations Thread 35" [_thread_blocked, id=9176, stack(0x000000211b400000,0x000000211b500000)]
  0x00000133359d3800 JavaThread "Unconstrained build operations Thread 36" [_thread_blocked, id=10932, stack(0x000000211b500000,0x000000211b600000)]
  0x00000133359da000 JavaThread "Unconstrained build operations Thread 37" [_thread_blocked, id=13052, stack(0x000000211b600000,0x000000211b700000)]
  0x00000133359dc800 JavaThread "Unconstrained build operations Thread 38" [_thread_blocked, id=9408, stack(0x000000211b700000,0x000000211b800000)]
  0x00000133359dd000 JavaThread "Unconstrained build operations Thread 39" [_thread_blocked, id=1236, stack(0x000000211b800000,0x000000211b900000)]
  0x00000133359da800 JavaThread "Unconstrained build operations Thread 40" [_thread_blocked, id=14268, stack(0x000000211b900000,0x000000211ba00000)]
  0x00000133359db800 JavaThread "jar transforms Thread 4" [_thread_blocked, id=13972, stack(0x000000211ba00000,0x000000211bb00000)]
  0x0000013336646800 JavaThread "Memory manager" [_thread_blocked, id=4116, stack(0x000000211bb00000,0x000000211bc00000)]
  0x000001333d0cd000 JavaThread "build event listener" [_thread_blocked, id=14332, stack(0x000000211bc00000,0x000000211bd00000)]
  0x000001333d0ca800 JavaThread "pool-3-thread-1" [_thread_blocked, id=13480, stack(0x000000211bd00000,0x000000211be00000)]
  0x000001333d0cb800 JavaThread "build event listener" [_thread_blocked, id=752, stack(0x000000211be00000,0x000000211bf00000)]
  0x000001333d0cc000 JavaThread "Execution worker for ':'" [_thread_blocked, id=12124, stack(0x000000211bf00000,0x000000211c000000)]
  0x000001333d0c7800 JavaThread "Execution worker for ':' Thread 2" [_thread_blocked, id=12044, stack(0x000000211c000000,0x000000211c100000)]
  0x000001333d0ce000 JavaThread "Execution worker for ':' Thread 3" [_thread_in_Java, id=108, stack(0x000000211c100000,0x000000211c200000)]
  0x000001333d0c9800 JavaThread "Cache worker for execution history cache (C:\Project\Hitch Dating App\Hitch Dating Platform\.gradle\7.2\executionHistory)" [_thread_blocked, id=5680, stack(0x000000211c200000,0x000000211c300000)]
  0x000001333d0c9000 JavaThread "Cache worker for Java compile cache (C:\Users\Dell\.gradle\caches\7.2\javaCompile)" [_thread_blocked, id=13920, stack(0x000000211c500000,0x000000211c600000)]
  0x000001333d0d0800 JavaThread "Build operations" [_thread_blocked, id=14236, stack(0x000000211c600000,0x000000211c700000)]
  0x000001333d0d3800 JavaThread "Build operations Thread 2" [_thread_blocked, id=2348, stack(0x000000211c700000,0x000000211c800000)]
  0x000001333d0d2000 JavaThread "Build operations Thread 3" [_thread_blocked, id=10852, stack(0x000000211c800000,0x000000211c900000)]
  0x000001333d0d5000 JavaThread "Build operations Thread 4" [_thread_blocked, id=9680, stack(0x000000211c900000,0x000000211ca00000)]
  0x000001333d0d4800 JavaThread "C2 CompilerThread1" daemon [_thread_in_native, id=12088, stack(0x0000002116000000,0x0000002116100000)]

Other Threads:
  0x0000013332aa8800 VMThread "VM Thread" [stack: 0x0000002116900000,0x0000002116a00000] [id=11476]
  0x00000133335c3800 WatcherThread [stack: 0x0000002117300000,0x0000002117400000] [id=13936]
  0x0000013316f82800 GCTaskThread "GC Thread#0" [stack: 0x0000002116400000,0x0000002116500000] [id=13468]
  0x0000013333d12000 GCTaskThread "GC Thread#1" [stack: 0x0000002117500000,0x0000002117600000] [id=5984]
  0x0000013333b7e800 GCTaskThread "GC Thread#2" [stack: 0x0000002117600000,0x0000002117700000] [id=7948]
  0x0000013335c9c800 GCTaskThread "GC Thread#3" [stack: 0x0000002118300000,0x0000002118400000] [id=6168]
  0x0000013316fb4800 ConcurrentGCThread "G1 Main Marker" [stack: 0x0000002116500000,0x0000002116600000] [id=14308]
  0x0000013316fb6000 ConcurrentGCThread "G1 Conc#0" [stack: 0x0000002116600000,0x0000002116700000] [id=10208]
  0x0000013317044000 ConcurrentGCThread "G1 Refine#0" [stack: 0x0000002116700000,0x0000002116800000] [id=1896]
  0x0000013317045000 ConcurrentGCThread "G1 Young RemSet Sampling" [stack: 0x0000002116800000,0x0000002116900000] [id=11960]

Threads with active compile tasks:
C2 CompilerThread0 114071 13390       4       com.sun.tools.javac.code.Symbol$MethodSymbol::implementation (11 bytes)
C2 CompilerThread1 114071 13440       4       com.sun.tools.javac.comp.Check::checkType (168 bytes)

VM state:not at safepoint (normal execution)

VM Mutex/Monitor currently owned by a thread:  ([mutex/lock_event])
[0x0000013316f67780] MethodCompileQueue_lock - owner thread: 0x0000000000000000

Heap address: 0x0000000080000000, size: 2048 MB, Compressed Oops mode: 32-bit
Narrow klass base: 0x0000000000000000, Narrow klass shift: 3
Compressed class space size: 1073741824 Address: 0x0000000100000000

Heap:
 garbage-first heap   total 187392K, used 132996K [0x0000000080000000, 0x0000000100000000)
  region size 1024K, 15 young (15360K), 4 survivors (4096K)
 Metaspace       used 100755K, capacity 103144K, committed 103456K, reserved 1138688K
  class space    used 12757K, capacity 13649K, committed 13720K, reserved 1048576K
Heap Regions: E=young(eden), S=young(survivor), O=old, HS=humongous(starts), HC=humongous(continues), CS=collection set, F=free, A=archive, TAMS=top-at-mark-start (previous, next)
|   0|0x0000000080000000, 0x0000000080100000, 0x0000000080100000|100%| O|  |TAMS 0x0000000080100000, 0x0000000080000000| Untracked 
|   1|0x0000000080100000, 0x0000000080200000, 0x0000000080200000|100%| O|  |TAMS 0x0000000080200000, 0x0000000080100000| Untracked 
|   2|0x0000000080200000, 0x0000000080300000, 0x0000000080300000|100%| O|  |TAMS 0x0000000080300000, 0x0000000080200000| Untracked 
|   3|0x0000000080300000, 0x0000000080400000, 0x0000000080400000|100%|HS|  |TAMS 0x0000000080400000, 0x0000000080300000| Complete 
|   4|0x0000000080400000, 0x0000000080500000, 0x0000000080500000|100%|HC|  |TAMS 0x0000000080500000, 0x0000000080400000| Complete 
|   5|0x0000000080500000, 0x0000000080600000, 0x0000000080600000|100%|HC|  |TAMS 0x0000000080600000, 0x0000000080500000| Complete 
|   6|0x0000000080600000, 0x0000000080700000, 0x0000000080700000|100%| O|  |TAMS 0x0000000080700000, 0x0000000080600000| Untracked 
|   7|0x0000000080700000, 0x0000000080800000, 0x0000000080800000|100%| O|  |TAMS 0x0000000080800000, 0x0000000080700000| Untracked 
|   8|0x0000000080800000, 0x0000000080900000, 0x0000000080900000|100%| O|  |TAMS 0x0000000080900000, 0x0000000080800000| Untracked 
|   9|0x0000000080900000, 0x0000000080a00000, 0x0000000080a00000|100%| O|  |TAMS 0x0000000080a00000, 0x0000000080900000| Untracked 
|  10|0x0000000080a00000, 0x0000000080b00000, 0x0000000080b00000|100%| O|  |TAMS 0x0000000080b00000, 0x0000000080a00000| Untracked 
|  11|0x0000000080b00000, 0x0000000080c00000, 0x0000000080c00000|100%| O|  |TAMS 0x0000000080c00000, 0x0000000080b00000| Untracked 
|  12|0x0000000080c00000, 0x0000000080d00000, 0x0000000080d00000|100%| O|  |TAMS 0x0000000080d00000, 0x0000000080c00000| Untracked 
|  13|0x0000000080d00000, 0x0000000080e00000, 0x0000000080e00000|100%| O|  |TAMS 0x0000000080e00000, 0x0000000080d00000| Untracked 
|  14|0x0000000080e00000, 0x0000000080f00000, 0x0000000080f00000|100%| O|  |TAMS 0x0000000080f00000, 0x0000000080e00000| Untracked 
|  15|0x0000000080f00000, 0x0000000081000000, 0x0000000081000000|100%|HS|  |TAMS 0x0000000081000000, 0x0000000080f00000| Complete 
|  16|0x0000000081000000, 0x0000000081100000, 0x0000000081100000|100%| O|  |TAMS 0x0000000081100000, 0x0000000081000000| Untracked 
|  17|0x0000000081100000, 0x0000000081200000, 0x0000000081200000|100%| O|  |TAMS 0x0000000081200000, 0x0000000081100000| Untracked 
|  18|0x0000000081200000, 0x0000000081300000, 0x0000000081300000|100%| O|  |TAMS 0x0000000081300000, 0x0000000081200000| Untracked 
|  19|0x0000000081300000, 0x0000000081400000, 0x0000000081400000|100%| O|  |TAMS 0x0000000081400000, 0x0000000081300000| Untracked 
|  20|0x0000000081400000, 0x0000000081500000, 0x0000000081500000|100%| O|  |TAMS 0x0000000081500000, 0x0000000081400000| Untracked 
|  21|0x0000000081500000, 0x0000000081600000, 0x0000000081600000|100%| O|  |TAMS 0x0000000081600000, 0x0000000081500000| Untracked 
|  22|0x0000000081600000, 0x0000000081700000, 0x0000000081700000|100%| O|  |TAMS 0x0000000081700000, 0x0000000081600000| Untracked 
|  23|0x0000000081700000, 0x0000000081800000, 0x0000000081800000|100%| O|  |TAMS 0x0000000081800000, 0x0000000081700000| Untracked 
|  24|0x0000000081800000, 0x0000000081900000, 0x0000000081900000|100%|HS|  |TAMS 0x0000000081900000, 0x0000000081800000| Complete 
|  25|0x0000000081900000, 0x0000000081a00000, 0x0000000081a00000|100%|HS|  |TAMS 0x0000000081a00000, 0x0000000081900000| Complete 
|  26|0x0000000081a00000, 0x0000000081b00000, 0x0000000081b00000|100%|HS|  |TAMS 0x0000000081b00000, 0x0000000081a00000| Complete 
|  27|0x0000000081b00000, 0x0000000081c00000, 0x0000000081c00000|100%|HC|  |TAMS 0x0000000081c00000, 0x0000000081b00000| Complete 
|  28|0x0000000081c00000, 0x0000000081d00000, 0x0000000081d00000|100%| O|  |TAMS 0x0000000081d00000, 0x0000000081c00000| Untracked 
|  29|0x0000000081d00000, 0x0000000081e00000, 0x0000000081e00000|100%| O|  |TAMS 0x0000000081e00000, 0x0000000081d00000| Untracked 
|  30|0x0000000081e00000, 0x0000000081f00000, 0x0000000081f00000|100%| O|  |TAMS 0x0000000081f00000, 0x0000000081e00000| Untracked 
|  31|0x0000000081f00000, 0x0000000082000000, 0x0000000082000000|100%| O|  |TAMS 0x0000000082000000, 0x0000000081f00000| Untracked 
|  32|0x0000000082000000, 0x0000000082100000, 0x0000000082100000|100%| O|  |TAMS 0x0000000082100000, 0x0000000082000000| Untracked 
|  33|0x0000000082100000, 0x0000000082200000, 0x0000000082200000|100%| O|  |TAMS 0x0000000082200000, 0x0000000082100000| Untracked 
|  34|0x0000000082200000, 0x0000000082300000, 0x0000000082300000|100%| O|  |TAMS 0x0000000082300000, 0x0000000082200000| Untracked 
|  35|0x0000000082300000, 0x0000000082400000, 0x0000000082400000|100%| O|  |TAMS 0x0000000082400000, 0x0000000082300000| Untracked 
|  36|0x0000000082400000, 0x0000000082500000, 0x0000000082500000|100%| O|  |TAMS 0x0000000082500000, 0x0000000082400000| Untracked 
|  37|0x0000000082500000, 0x0000000082600000, 0x0000000082600000|100%| O|  |TAMS 0x0000000082600000, 0x0000000082500000| Untracked 
|  38|0x0000000082600000, 0x0000000082700000, 0x0000000082700000|100%| O|  |TAMS 0x0000000082700000, 0x0000000082600000| Untracked 
|  39|0x0000000082700000, 0x0000000082800000, 0x0000000082800000|100%| O|  |TAMS 0x0000000082800000, 0x0000000082700000| Untracked 
|  40|0x0000000082800000, 0x0000000082900000, 0x0000000082900000|100%| O|  |TAMS 0x0000000082900000, 0x0000000082800000| Untracked 
|  41|0x0000000082900000, 0x0000000082a00000, 0x0000000082a00000|100%| O|  |TAMS 0x0000000082a00000, 0x0000000082900000| Untracked 
|  42|0x0000000082a00000, 0x0000000082b00000, 0x0000000082b00000|100%| O|  |TAMS 0x0000000082b00000, 0x0000000082a00000| Untracked 
|  43|0x0000000082b00000, 0x0000000082c00000, 0x0000000082c00000|100%| O|  |TAMS 0x0000000082c00000, 0x0000000082b00000| Untracked 
|  44|0x0000000082c00000, 0x0000000082d00000, 0x0000000082d00000|100%| O|  |TAMS 0x0000000082d00000, 0x0000000082c00000| Untracked 
|  45|0x0000000082d00000, 0x0000000082e00000, 0x0000000082e00000|100%| O|  |TAMS 0x0000000082e00000, 0x0000000082d00000| Untracked 
|  46|0x0000000082e00000, 0x0000000082f00000, 0x0000000082f00000|100%| O|  |TAMS 0x0000000082f00000, 0x0000000082e00000| Untracked 
|  47|0x0000000082f00000, 0x0000000083000000, 0x0000000083000000|100%| O|  |TAMS 0x0000000083000000, 0x0000000082f00000| Untracked 
|  48|0x0000000083000000, 0x0000000083100000, 0x0000000083100000|100%| O|  |TAMS 0x0000000083100000, 0x0000000083000000| Untracked 
|  49|0x0000000083100000, 0x0000000083200000, 0x0000000083200000|100%| O|  |TAMS 0x0000000083200000, 0x0000000083100000| Untracked 
|  50|0x0000000083200000, 0x0000000083300000, 0x0000000083300000|100%| O|  |TAMS 0x0000000083300000, 0x0000000083200000| Untracked 
|  51|0x0000000083300000, 0x0000000083400000, 0x0000000083400000|100%| O|  |TAMS 0x0000000083400000, 0x0000000083300000| Untracked 
|  52|0x0000000083400000, 0x0000000083500000, 0x0000000083500000|100%| O|  |TAMS 0x0000000083500000, 0x0000000083400000| Untracked 
|  53|0x0000000083500000, 0x0000000083600000, 0x0000000083600000|100%| O|  |TAMS 0x0000000083600000, 0x0000000083500000| Untracked 
|  54|0x0000000083600000, 0x0000000083700000, 0x0000000083700000|100%| O|  |TAMS 0x0000000083700000, 0x0000000083600000| Untracked 
|  55|0x0000000083700000, 0x0000000083800000, 0x0000000083800000|100%| O|  |TAMS 0x0000000083800000, 0x0000000083700000| Untracked 
|  56|0x0000000083800000, 0x0000000083900000, 0x0000000083900000|100%| O|  |TAMS 0x0000000083900000, 0x0000000083800000| Untracked 
|  57|0x0000000083900000, 0x0000000083a00000, 0x0000000083a00000|100%| O|  |TAMS 0x0000000083a00000, 0x0000000083900000| Untracked 
|  58|0x0000000083a00000, 0x0000000083b00000, 0x0000000083b00000|100%| O|  |TAMS 0x0000000083b00000, 0x0000000083a00000| Untracked 
|  59|0x0000000083b00000, 0x0000000083c00000, 0x0000000083c00000|100%| O|  |TAMS 0x0000000083c00000, 0x0000000083b00000| Untracked 
|  60|0x0000000083c00000, 0x0000000083d00000, 0x0000000083d00000|100%| O|  |TAMS 0x0000000083d00000, 0x0000000083c00000| Untracked 
|  61|0x0000000083d00000, 0x0000000083e00000, 0x0000000083e00000|100%| O|  |TAMS 0x0000000083e00000, 0x0000000083d00000| Untracked 
|  62|0x0000000083e00000, 0x0000000083f00000, 0x0000000083f00000|100%| O|  |TAMS 0x0000000083f00000, 0x0000000083e00000| Untracked 
|  63|0x0000000083f00000, 0x0000000084000000, 0x0000000084000000|100%| O|  |TAMS 0x0000000084000000, 0x0000000083f00000| Untracked 
|  64|0x0000000084000000, 0x0000000084100000, 0x0000000084100000|100%| O|  |TAMS 0x0000000084100000, 0x0000000084000000| Untracked 
|  65|0x0000000084100000, 0x0000000084200000, 0x0000000084200000|100%| O|  |TAMS 0x0000000084200000, 0x0000000084100000| Untracked 
|  66|0x0000000084200000, 0x0000000084300000, 0x0000000084300000|100%| O|  |TAMS 0x0000000084300000, 0x0000000084200000| Untracked 
|  67|0x0000000084300000, 0x0000000084400000, 0x0000000084400000|100%| O|  |TAMS 0x0000000084400000, 0x0000000084300000| Untracked 
|  68|0x0000000084400000, 0x0000000084500000, 0x0000000084500000|100%| O|  |TAMS 0x0000000084500000, 0x0000000084400000| Untracked 
|  69|0x0000000084500000, 0x0000000084600000, 0x0000000084600000|100%| O|  |TAMS 0x0000000084600000, 0x0000000084500000| Untracked 
|  70|0x0000000084600000, 0x0000000084700000, 0x0000000084700000|100%| O|  |TAMS 0x0000000084700000, 0x0000000084600000| Untracked 
|  71|0x0000000084700000, 0x0000000084800000, 0x0000000084800000|100%| O|  |TAMS 0x0000000084800000, 0x0000000084700000| Untracked 
|  72|0x0000000084800000, 0x0000000084900000, 0x0000000084900000|100%| O|  |TAMS 0x0000000084900000, 0x0000000084800000| Untracked 
|  73|0x0000000084900000, 0x0000000084a00000, 0x0000000084a00000|100%| O|  |TAMS 0x0000000084a00000, 0x0000000084900000| Untracked 
|  74|0x0000000084a00000, 0x0000000084b00000, 0x0000000084b00000|100%| O|  |TAMS 0x0000000084b00000, 0x0000000084a00000| Untracked 
|  75|0x0000000084b00000, 0x0000000084c00000, 0x0000000084c00000|100%| O|  |TAMS 0x0000000084c00000, 0x0000000084b00000| Untracked 
|  76|0x0000000084c00000, 0x0000000084d00000, 0x0000000084d00000|100%| O|  |TAMS 0x0000000084d00000, 0x0000000084c00000| Untracked 
|  77|0x0000000084d00000, 0x0000000084e00000, 0x0000000084e00000|100%| O|  |TAMS 0x0000000084e00000, 0x0000000084d00000| Untracked 
|  78|0x0000000084e00000, 0x0000000084f00000, 0x0000000084f00000|100%| O|  |TAMS 0x0000000084f00000, 0x0000000084e00000| Untracked 
|  79|0x0000000084f00000, 0x0000000085000000, 0x0000000085000000|100%| O|  |TAMS 0x0000000085000000, 0x0000000084f00000| Untracked 
|  80|0x0000000085000000, 0x0000000085100000, 0x0000000085100000|100%| O|  |TAMS 0x0000000085100000, 0x0000000085000000| Untracked 
|  81|0x0000000085100000, 0x0000000085200000, 0x0000000085200000|100%| O|  |TAMS 0x0000000085200000, 0x0000000085100000| Untracked 
|  82|0x0000000085200000, 0x0000000085300000, 0x0000000085300000|100%| O|  |TAMS 0x0000000085300000, 0x0000000085200000| Untracked 
|  83|0x0000000085300000, 0x0000000085400000, 0x0000000085400000|100%| O|  |TAMS 0x0000000085400000, 0x0000000085300000| Untracked 
|  84|0x0000000085400000, 0x0000000085500000, 0x0000000085500000|100%| O|  |TAMS 0x0000000085500000, 0x0000000085400000| Untracked 
|  85|0x0000000085500000, 0x0000000085600000, 0x0000000085600000|100%| O|  |TAMS 0x0000000085600000, 0x0000000085500000| Untracked 
|  86|0x0000000085600000, 0x0000000085700000, 0x0000000085700000|100%| O|  |TAMS 0x0000000085700000, 0x0000000085600000| Untracked 
|  87|0x0000000085700000, 0x0000000085800000, 0x0000000085800000|100%| O|  |TAMS 0x0000000085800000, 0x0000000085700000| Untracked 
|  88|0x0000000085800000, 0x0000000085900000, 0x0000000085900000|100%| O|  |TAMS 0x0000000085900000, 0x0000000085800000| Untracked 
|  89|0x0000000085900000, 0x0000000085a00000, 0x0000000085a00000|100%| O|  |TAMS 0x0000000085a00000, 0x0000000085900000| Untracked 
|  90|0x0000000085a00000, 0x0000000085b00000, 0x0000000085b00000|100%| O|  |TAMS 0x0000000085b00000, 0x0000000085a00000| Untracked 
|  91|0x0000000085b00000, 0x0000000085c00000, 0x0000000085c00000|100%| O|  |TAMS 0x0000000085c00000, 0x0000000085b00000| Untracked 
|  92|0x0000000085c00000, 0x0000000085d00000, 0x0000000085d00000|100%| O|  |TAMS 0x0000000085d00000, 0x0000000085c00000| Untracked 
|  93|0x0000000085d00000, 0x0000000085e00000, 0x0000000085e00000|100%| O|  |TAMS 0x0000000085e00000, 0x0000000085d00000| Untracked 
|  94|0x0000000085e00000, 0x0000000085f00000, 0x0000000085f00000|100%| O|  |TAMS 0x0000000085f00000, 0x0000000085e00000| Untracked 
|  95|0x0000000085f00000, 0x0000000086000000, 0x0000000086000000|100%| O|  |TAMS 0x0000000086000000, 0x0000000085f00000| Untracked 
|  96|0x0000000086000000, 0x0000000086100000, 0x0000000086100000|100%| O|  |TAMS 0x0000000086100000, 0x0000000086000000| Untracked 
|  97|0x0000000086100000, 0x0000000086200000, 0x0000000086200000|100%| O|  |TAMS 0x0000000086200000, 0x0000000086100000| Untracked 
|  98|0x0000000086200000, 0x0000000086300000, 0x0000000086300000|100%| O|  |TAMS 0x0000000086300000, 0x0000000086200000| Untracked 
|  99|0x0000000086300000, 0x0000000086400000, 0x0000000086400000|100%|HS|  |TAMS 0x0000000086400000, 0x0000000086300000| Complete 
| 100|0x0000000086400000, 0x0000000086500000, 0x0000000086500000|100%|HC|  |TAMS 0x0000000086500000, 0x0000000086400000| Complete 
| 101|0x0000000086500000, 0x0000000086600000, 0x0000000086600000|100%| O|  |TAMS 0x0000000086600000, 0x0000000086500000| Untracked 
| 102|0x0000000086600000, 0x0000000086700000, 0x0000000086700000|100%| O|  |TAMS 0x0000000086700000, 0x0000000086600000| Untracked 
| 103|0x0000000086700000, 0x0000000086800000, 0x0000000086800000|100%| O|  |TAMS 0x0000000086800000, 0x0000000086700000| Untracked 
| 104|0x0000000086800000, 0x0000000086900000, 0x0000000086900000|100%| O|  |TAMS 0x0000000086900000, 0x0000000086800000| Untracked 
| 105|0x0000000086900000, 0x0000000086a00000, 0x0000000086a00000|100%| O|  |TAMS 0x0000000086a00000, 0x0000000086900000| Untracked 
| 106|0x0000000086a00000, 0x0000000086b00000, 0x0000000086b00000|100%| O|  |TAMS 0x0000000086b00000, 0x0000000086a00000| Untracked 
| 107|0x0000000086b00000, 0x0000000086c00000, 0x0000000086c00000|100%| O|  |TAMS 0x0000000086c00000, 0x0000000086b00000| Untracked 
| 108|0x0000000086c00000, 0x0000000086d00000, 0x0000000086d00000|100%| O|  |TAMS 0x0000000086d00000, 0x0000000086c00000| Untracked 
| 109|0x0000000086d00000, 0x0000000086e00000, 0x0000000086e00000|100%| O|  |TAMS 0x0000000086e00000, 0x0000000086d00000| Untracked 
| 110|0x0000000086e00000, 0x0000000086f00000, 0x0000000086f00000|100%| O|  |TAMS 0x0000000086f00000, 0x0000000086e00000| Untracked 
| 111|0x0000000086f00000, 0x0000000087000000, 0x0000000087000000|100%| O|  |TAMS 0x0000000087000000, 0x0000000086f00000| Untracked 
| 112|0x0000000087000000, 0x0000000087100000, 0x0000000087100000|100%| O|  |TAMS 0x0000000087100000, 0x0000000087000000| Untracked 
| 113|0x0000000087100000, 0x0000000087200000, 0x0000000087200000|100%| O|  |TAMS 0x0000000087200000, 0x0000000087100000| Untracked 
| 114|0x0000000087200000, 0x0000000087300000, 0x0000000087300000|100%| O|  |TAMS 0x0000000087300000, 0x0000000087200000| Untracked 
| 115|0x0000000087300000, 0x00000000873e1000, 0x0000000087400000| 87%| O|  |TAMS 0x00000000873e1000, 0x0000000087300000| Untracked 
| 116|0x0000000087400000, 0x0000000087400000, 0x0000000087500000|  0%| F|  |TAMS 0x0000000087400000, 0x0000000087400000| Untracked 
| 117|0x0000000087500000, 0x0000000087500000, 0x0000000087600000|  0%| F|  |TAMS 0x0000000087500000, 0x0000000087500000| Untracked 
| 118|0x0000000087600000, 0x0000000087600000, 0x0000000087700000|  0%| F|  |TAMS 0x0000000087600000, 0x0000000087600000| Untracked 
| 119|0x0000000087700000, 0x0000000087700000, 0x0000000087800000|  0%| F|  |TAMS 0x0000000087700000, 0x0000000087700000| Untracked 
| 120|0x0000000087800000, 0x0000000087800000, 0x0000000087900000|  0%| F|  |TAMS 0x0000000087800000, 0x0000000087800000| Untracked 
| 121|0x0000000087900000, 0x0000000087900000, 0x0000000087a00000|  0%| F|  |TAMS 0x0000000087900000, 0x0000000087900000| Untracked 
| 122|0x0000000087a00000, 0x0000000087a00000, 0x0000000087b00000|  0%| F|  |TAMS 0x0000000087a00000, 0x0000000087a00000| Untracked 
| 123|0x0000000087b00000, 0x0000000087b00000, 0x0000000087c00000|  0%| F|  |TAMS 0x0000000087b00000, 0x0000000087b00000| Untracked 
| 124|0x0000000087c00000, 0x0000000087c00000, 0x0000000087d00000|  0%| F|  |TAMS 0x0000000087c00000, 0x0000000087c00000| Untracked 
| 125|0x0000000087d00000, 0x0000000087d00000, 0x0000000087e00000|  0%| F|  |TAMS 0x0000000087d00000, 0x0000000087d00000| Untracked 
| 126|0x0000000087e00000, 0x0000000087e00000, 0x0000000087f00000|  0%| F|  |TAMS 0x0000000087e00000, 0x0000000087e00000| Untracked 
| 127|0x0000000087f00000, 0x0000000087f00000, 0x0000000088000000|  0%| F|  |TAMS 0x0000000087f00000, 0x0000000087f00000| Untracked 
| 128|0x0000000088000000, 0x0000000088000000, 0x0000000088100000|  0%| F|  |TAMS 0x0000000088000000, 0x0000000088000000| Untracked 
| 129|0x0000000088100000, 0x0000000088100000, 0x0000000088200000|  0%| F|  |TAMS 0x0000000088100000, 0x0000000088100000| Untracked 
| 130|0x0000000088200000, 0x0000000088200000, 0x0000000088300000|  0%| F|  |TAMS 0x0000000088200000, 0x0000000088200000| Untracked 
| 131|0x0000000088300000, 0x0000000088300000, 0x0000000088400000|  0%| F|  |TAMS 0x0000000088300000, 0x0000000088300000| Untracked 
| 132|0x0000000088400000, 0x0000000088400000, 0x0000000088500000|  0%| F|  |TAMS 0x0000000088400000, 0x0000000088400000| Untracked 
| 133|0x0000000088500000, 0x0000000088500000, 0x0000000088600000|  0%| F|  |TAMS 0x0000000088500000, 0x0000000088500000| Untracked 
| 134|0x0000000088600000, 0x0000000088600000, 0x0000000088700000|  0%| F|  |TAMS 0x0000000088600000, 0x0000000088600000| Untracked 
| 135|0x0000000088700000, 0x0000000088700000, 0x0000000088800000|  0%| F|  |TAMS 0x0000000088700000, 0x0000000088700000| Untracked 
| 136|0x0000000088800000, 0x0000000088800000, 0x0000000088900000|  0%| F|  |TAMS 0x0000000088800000, 0x0000000088800000| Untracked 
| 137|0x0000000088900000, 0x0000000088900000, 0x0000000088a00000|  0%| F|  |TAMS 0x0000000088900000, 0x0000000088900000| Untracked 
| 138|0x0000000088a00000, 0x0000000088a00000, 0x0000000088b00000|  0%| F|  |TAMS 0x0000000088a00000, 0x0000000088a00000| Untracked 
| 139|0x0000000088b00000, 0x0000000088b00000, 0x0000000088c00000|  0%| F|  |TAMS 0x0000000088b00000, 0x0000000088b00000| Untracked 
| 140|0x0000000088c00000, 0x0000000088c00000, 0x0000000088d00000|  0%| F|  |TAMS 0x0000000088c00000, 0x0000000088c00000| Untracked 
| 141|0x0000000088d00000, 0x0000000088d00000, 0x0000000088e00000|  0%| F|  |TAMS 0x0000000088d00000, 0x0000000088d00000| Untracked 
| 142|0x0000000088e00000, 0x0000000088e00000, 0x0000000088f00000|  0%| F|  |TAMS 0x0000000088e00000, 0x0000000088e00000| Untracked 
| 143|0x0000000088f00000, 0x0000000088f00000, 0x0000000089000000|  0%| F|  |TAMS 0x0000000088f00000, 0x0000000088f00000| Untracked 
| 144|0x0000000089000000, 0x0000000089000000, 0x0000000089100000|  0%| F|  |TAMS 0x0000000089000000, 0x0000000089000000| Untracked 
| 145|0x0000000089100000, 0x0000000089200000, 0x0000000089200000|100%| S|CS|TAMS 0x0000000089100000, 0x0000000089100000| Complete 
| 146|0x0000000089200000, 0x0000000089300000, 0x0000000089300000|100%| S|CS|TAMS 0x0000000089200000, 0x0000000089200000| Complete 
| 147|0x0000000089300000, 0x0000000089400000, 0x0000000089400000|100%| S|CS|TAMS 0x0000000089300000, 0x0000000089300000| Complete 
| 148|0x0000000089400000, 0x0000000089500000, 0x0000000089500000|100%| S|CS|TAMS 0x0000000089400000, 0x0000000089400000| Complete 
| 149|0x0000000089500000, 0x0000000089500000, 0x0000000089600000|  0%| F|  |TAMS 0x0000000089500000, 0x0000000089500000| Untracked 
| 150|0x0000000089600000, 0x0000000089600000, 0x0000000089700000|  0%| F|  |TAMS 0x0000000089600000, 0x0000000089600000| Untracked 
| 151|0x0000000089700000, 0x0000000089700000, 0x0000000089800000|  0%| F|  |TAMS 0x0000000089700000, 0x0000000089700000| Untracked 
| 152|0x0000000089800000, 0x0000000089800000, 0x0000000089900000|  0%| F|  |TAMS 0x0000000089800000, 0x0000000089800000| Untracked 
| 153|0x0000000089900000, 0x0000000089900000, 0x0000000089a00000|  0%| F|  |TAMS 0x0000000089900000, 0x0000000089900000| Untracked 
| 154|0x0000000089a00000, 0x0000000089a00000, 0x0000000089b00000|  0%| F|  |TAMS 0x0000000089a00000, 0x0000000089a00000| Untracked 
| 155|0x0000000089b00000, 0x0000000089b00000, 0x0000000089c00000|  0%| F|  |TAMS 0x0000000089b00000, 0x0000000089b00000| Untracked 
| 156|0x0000000089c00000, 0x0000000089c00000, 0x0000000089d00000|  0%| F|  |TAMS 0x0000000089c00000, 0x0000000089c00000| Untracked 
| 157|0x0000000089d00000, 0x0000000089d00000, 0x0000000089e00000|  0%| F|  |TAMS 0x0000000089d00000, 0x0000000089d00000| Untracked 
| 158|0x0000000089e00000, 0x0000000089e00000, 0x0000000089f00000|  0%| F|  |TAMS 0x0000000089e00000, 0x0000000089e00000| Untracked 
| 159|0x0000000089f00000, 0x0000000089f00000, 0x000000008a000000|  0%| F|  |TAMS 0x0000000089f00000, 0x0000000089f00000| Untracked 
| 160|0x000000008a000000, 0x000000008a000000, 0x000000008a100000|  0%| F|  |TAMS 0x000000008a000000, 0x000000008a000000| Untracked 
| 161|0x000000008a100000, 0x000000008a100000, 0x000000008a200000|  0%| F|  |TAMS 0x000000008a100000, 0x000000008a100000| Untracked 
| 162|0x000000008a200000, 0x000000008a200000, 0x000000008a300000|  0%| F|  |TAMS 0x000000008a200000, 0x000000008a200000| Untracked 
| 163|0x000000008a300000, 0x000000008a300000, 0x000000008a400000|  0%| F|  |TAMS 0x000000008a300000, 0x000000008a300000| Untracked 
| 164|0x000000008a400000, 0x000000008a400000, 0x000000008a500000|  0%| F|  |TAMS 0x000000008a400000, 0x000000008a400000| Untracked 
| 165|0x000000008a500000, 0x000000008a500000, 0x000000008a600000|  0%| F|  |TAMS 0x000000008a500000, 0x000000008a500000| Untracked 
| 166|0x000000008a600000, 0x000000008a600000, 0x000000008a700000|  0%| F|  |TAMS 0x000000008a600000, 0x000000008a600000| Untracked 
| 167|0x000000008a700000, 0x000000008a700000, 0x000000008a800000|  0%| F|  |TAMS 0x000000008a700000, 0x000000008a700000| Untracked 
| 168|0x000000008a800000, 0x000000008a800000, 0x000000008a900000|  0%| F|  |TAMS 0x000000008a800000, 0x000000008a800000| Untracked 
| 169|0x000000008a900000, 0x000000008a900000, 0x000000008aa00000|  0%| F|  |TAMS 0x000000008a900000, 0x000000008a900000| Untracked 
| 170|0x000000008aa00000, 0x000000008aa00000, 0x000000008ab00000|  0%| F|  |TAMS 0x000000008aa00000, 0x000000008aa00000| Untracked 
| 171|0x000000008ab00000, 0x000000008ab00000, 0x000000008ac00000|  0%| F|  |TAMS 0x000000008ab00000, 0x000000008ab00000| Untracked 
| 172|0x000000008ac00000, 0x000000008acedab0, 0x000000008ad00000| 92%| E|  |TAMS 0x000000008ac00000, 0x000000008ac00000| Complete 
| 173|0x000000008ad00000, 0x000000008ae00000, 0x000000008ae00000|100%| E|CS|TAMS 0x000000008ad00000, 0x000000008ad00000| Complete 
| 174|0x000000008ae00000, 0x000000008af00000, 0x000000008af00000|100%| E|CS|TAMS 0x000000008ae00000, 0x000000008ae00000| Complete 
| 175|0x000000008af00000, 0x000000008b000000, 0x000000008b000000|100%| E|CS|TAMS 0x000000008af00000, 0x000000008af00000| Complete 
| 176|0x000000008b000000, 0x000000008b100000, 0x000000008b100000|100%| E|CS|TAMS 0x000000008b000000, 0x000000008b000000| Complete 
| 177|0x000000008b100000, 0x000000008b200000, 0x000000008b200000|100%| E|CS|TAMS 0x000000008b100000, 0x000000008b100000| Complete 
| 178|0x000000008b200000, 0x000000008b300000, 0x000000008b300000|100%| E|CS|TAMS 0x000000008b200000, 0x000000008b200000| Complete 
| 179|0x000000008b300000, 0x000000008b400000, 0x000000008b400000|100%| E|CS|TAMS 0x000000008b300000, 0x000000008b300000| Complete 
| 180|0x000000008b400000, 0x000000008b500000, 0x000000008b500000|100%| E|CS|TAMS 0x000000008b400000, 0x000000008b400000| Complete 
| 181|0x000000008b500000, 0x000000008b600000, 0x000000008b600000|100%| E|CS|TAMS 0x000000008b500000, 0x000000008b500000| Complete 
| 182|0x000000008b600000, 0x000000008b700000, 0x000000008b700000|100%| E|CS|TAMS 0x000000008b600000, 0x000000008b600000| Complete 

Card table byte_map: [0x000001332bcc0000,0x000001332c0c0000] _byte_map_base: 0x000001332b8c0000

Marking Bits (Prev, Next): (CMBitMap*) 0x0000013316fabc50, (CMBitMap*) 0x0000013316fabc18
 Prev Bits: [0x000001332e4c0000, 0x00000133304c0000)
 Next Bits: [0x000001332c4c0000, 0x000001332e4c0000)

Polling page: 0x0000013316e40000

Metaspace:

Usage:
  Non-class:     87.46 MB capacity,    85.94 MB ( 98%) used,     1.24 MB (  1%) free+waste,   288.06 KB ( <1%) overhead. 
      Class:     13.33 MB capacity,    12.46 MB ( 93%) used,   764.39 KB (  6%) free+waste,   127.38 KB ( <1%) overhead. 
       Both:    100.79 MB capacity,    98.40 MB ( 98%) used,     1.99 MB (  2%) free+waste,   415.44 KB ( <1%) overhead. 

Virtual space:
  Non-class space:       88.00 MB reserved,      87.63 MB (>99%) committed 
      Class space:        1.00 GB reserved,      13.40 MB (  1%) committed 
             Both:        1.09 GB reserved,     101.03 MB (  9%) committed 

Chunk freelists:
   Non-Class:  48.00 KB
       Class:  15.00 KB
        Both:  63.00 KB

MaxMetaspaceSize: 17179869184.00 GB
CompressedClassSpaceSize: 1.00 GB

CodeHeap 'non-profiled nmethods': size=120064Kb used=8975Kb max_used=8975Kb free=111088Kb
 bounds [0x0000013323d60000, 0x0000013324630000, 0x000001332b2a0000]
CodeHeap 'profiled nmethods': size=120000Kb used=30985Kb max_used=30985Kb free=89015Kb
 bounds [0x000001331c830000, 0x000001331e680000, 0x0000013323d60000]
CodeHeap 'non-nmethods': size=5696Kb used=2309Kb max_used=2372Kb free=3387Kb
 bounds [0x000001331c2a0000, 0x000001331c510000, 0x000001331c830000]
 total_blobs=14265 nmethods=13341 adapters=835
 compilation: enabled
              stopped_count=0, restarted_count=0
 full_count=0

Compilation events (20 events):
Event: 113.947 Thread 0x0000013332ad4800 13448       3       com.sun.tools.javac.comp.Attr::visitTypeIdent (32 bytes)
Event: 113.947 Thread 0x0000013332ad4800 nmethod 13448 0x000001331e650f90 code [0x000001331e651160, 0x000001331e651388]
Event: 113.950 Thread 0x0000013332ad4800 13449       3       com.sun.tools.javac.comp.Infer$CheckBounds::boundsToCheck (29 bytes)
Event: 113.951 Thread 0x0000013332ad4800 nmethod 13449 0x000001331e651510 code [0x000001331e651760, 0x000001331e651ee8]
Event: 113.951 Thread 0x0000013332ad4800 13450       3       java.lang.invoke.LambdaForm$MH/0x00000001004fe040::linkToTargetMethod (11 bytes)
Event: 113.952 Thread 0x0000013332ad4800 nmethod 13450 0x000001331e652210 code [0x000001331e6523e0, 0x000001331e652818]
Event: 113.952 Thread 0x0000013332ad4800 13451       3       java.lang.invoke.LambdaForm$DMH/0x00000001004fd440::invokeStatic (18 bytes)
Event: 113.952 Thread 0x0000013332ad4800 nmethod 13451 0x000001331e652910 code [0x000001331e652ae0, 0x000001331e653038]
Event: 113.979 Thread 0x000001333d0d4800 nmethod 13441 0x0000013324621890 code [0x0000013324621b40, 0x00000133246227e0]
Event: 113.979 Thread 0x000001333d0d4800 13446       4       com.sun.tools.javac.code.Types$13::visitClassType (10 bytes)
Event: 113.981 Thread 0x000001333d0d4800 nmethod 13446 0x0000013324623610 code [0x00000133246237c0, 0x0000013324623888]
Event: 113.981 Thread 0x000001333d0d4800 13440       4       com.sun.tools.javac.comp.Check::checkType (168 bytes)
Event: 113.981 Thread 0x0000013332ad4800 13452   !   3       com.sun.tools.javac.comp.TypeEnter$Phase::completeEnvs (137 bytes)
Event: 113.982 Thread 0x0000013332ad4800 nmethod 13452 0x000001331e653190 code [0x000001331e6533e0, 0x000001331e653cf8]
Event: 113.982 Thread 0x0000013332ad4800 13453   !   3       com.sun.tools.javac.comp.TypeEnter$Phase::doCompleteEnvs (247 bytes)
Event: 113.986 Thread 0x0000013332ad4800 nmethod 13453 0x000001331e654010 code [0x000001331e654440, 0x000001331e656cc8]
Event: 113.988 Thread 0x0000013332ad4800 13457       3       com.sun.tools.javac.comp.Check::checkClassType (82 bytes)
Event: 113.990 Thread 0x0000013332ad4800 nmethod 13457 0x000001331e657c90 code [0x000001331e657f20, 0x000001331e658a58]
Event: 113.995 Thread 0x0000013332ad4800 13458       1       com.sun.tools.javac.comp.Attr$CheckMode$1::updateTreeType (2 bytes)
Event: 113.995 Thread 0x0000013332ad4800 nmethod 13458 0x0000013324623990 code [0x0000013324623b40, 0x0000013324623bf8]

GC Heap History (20 events):
Event: 27.890 GC heap before
{Heap before GC invocations=19 (full 0):
 garbage-first heap   total 155648K, used 119568K [0x0000000080000000, 0x0000000100000000)
  region size 1024K, 61 young (62464K), 5 survivors (5120K)
 Metaspace       used 75613K, capacity 77459K, committed 77728K, reserved 1116160K
  class space    used 9786K, capacity 10428K, committed 10520K, reserved 1048576K
}
Event: 27.915 GC heap after
{Heap after GC invocations=20 (full 0):
 garbage-first heap   total 187392K, used 65201K [0x0000000080000000, 0x0000000100000000)
  region size 1024K, 8 young (8192K), 8 survivors (8192K)
 Metaspace       used 75613K, capacity 77459K, committed 77728K, reserved 1116160K
  class space    used 9786K, capacity 10428K, committed 10520K, reserved 1048576K
}
Event: 30.439 GC heap before
{Heap before GC invocations=20 (full 0):
 garbage-first heap   total 187392K, used 134833K [0x0000000080000000, 0x0000000100000000)
  region size 1024K, 77 young (78848K), 8 survivors (8192K)
 Metaspace       used 82845K, capacity 84868K, committed 85152K, reserved 1122304K
  class space    used 10737K, capacity 11458K, committed 11544K, reserved 1048576K
}
Event: 30.475 GC heap after
{Heap after GC invocations=21 (full 0):
 garbage-first heap   total 187392K, used 71982K [0x0000000080000000, 0x0000000100000000)
  region size 1024K, 10 young (10240K), 10 survivors (10240K)
 Metaspace       used 82845K, capacity 84868K, committed 85152K, reserved 1122304K
  class space    used 10737K, capacity 11458K, committed 11544K, reserved 1048576K
}
Event: 33.815 GC heap before
{Heap before GC invocations=21 (full 0):
 garbage-first heap   total 187392K, used 139566K [0x0000000080000000, 0x0000000100000000)
  region size 1024K, 77 young (78848K), 10 survivors (10240K)
 Metaspace       used 89043K, capacity 91189K, committed 91296K, reserved 1128448K
  class space    used 11526K, capacity 12287K, committed 12312K, reserved 1048576K
}
Event: 33.846 GC heap after
{Heap after GC invocations=22 (full 0):
 garbage-first heap   total 187392K, used 77989K [0x0000000080000000, 0x0000000100000000)
  region size 1024K, 6 young (6144K), 6 survivors (6144K)
 Metaspace       used 89043K, capacity 91189K, committed 91296K, reserved 1128448K
  class space    used 11526K, capacity 12287K, committed 12312K, reserved 1048576K
}
Event: 35.775 GC heap before
{Heap before GC invocations=22 (full 0):
 garbage-first heap   total 187392K, used 144549K [0x0000000080000000, 0x0000000100000000)
  region size 1024K, 71 young (72704K), 6 survivors (6144K)
 Metaspace       used 89471K, capacity 91710K, committed 91808K, reserved 1128448K
  class space    used 11531K, capacity 12295K, committed 12312K, reserved 1048576K
}
Event: 35.795 GC heap after
{Heap after GC invocations=23 (full 0):
 garbage-first heap   total 187392K, used 83359K [0x0000000080000000, 0x0000000100000000)
  region size 1024K, 6 young (6144K), 6 survivors (6144K)
 Metaspace       used 89471K, capacity 91710K, committed 91808K, reserved 1128448K
  class space    used 11531K, capacity 12295K, committed 12312K, reserved 1048576K
}
Event: 38.052 GC heap before
{Heap before GC invocations=23 (full 0):
 garbage-first heap   total 187392K, used 146847K [0x0000000080000000, 0x0000000100000000)
  region size 1024K, 69 young (70656K), 6 survivors (6144K)
 Metaspace       used 89967K, capacity 92151K, committed 92448K, reserved 1130496K
  class space    used 11572K, capacity 12352K, committed 12440K, reserved 1048576K
}
Event: 38.079 GC heap after
{Heap after GC invocations=24 (full 0):
 garbage-first heap   total 187392K, used 88623K [0x0000000080000000, 0x0000000100000000)
  region size 1024K, 6 young (6144K), 6 survivors (6144K)
 Metaspace       used 89967K, capacity 92151K, committed 92448K, reserved 1130496K
  class space    used 11572K, capacity 12352K, committed 12440K, reserved 1048576K
}
Event: 45.669 GC heap before
{Heap before GC invocations=24 (full 0):
 garbage-first heap   total 187392K, used 149039K [0x0000000080000000, 0x0000000100000000)
  region size 1024K, 66 young (67584K), 6 survivors (6144K)
 Metaspace       used 91318K, capacity 93634K, committed 93856K, reserved 1130496K
  class space    used 11723K, capacity 12540K, committed 12568K, reserved 1048576K
}
Event: 45.694 GC heap after
{Heap after GC invocations=25 (full 0):
 garbage-first heap   total 187392K, used 94194K [0x0000000080000000, 0x0000000100000000)
  region size 1024K, 6 young (6144K), 6 survivors (6144K)
 Metaspace       used 91318K, capacity 93634K, committed 93856K, reserved 1130496K
  class space    used 11723K, capacity 12540K, committed 12568K, reserved 1048576K
}
Event: 103.914 GC heap before
{Heap before GC invocations=25 (full 0):
 garbage-first heap   total 187392K, used 150514K [0x0000000080000000, 0x0000000100000000)
  region size 1024K, 62 young (63488K), 6 survivors (6144K)
 Metaspace       used 96914K, capacity 99240K, committed 99488K, reserved 1136640K
  class space    used 12471K, capacity 13296K, committed 13336K, reserved 1048576K
}
Event: 103.975 GC heap after
{Heap after GC invocations=26 (full 0):
 garbage-first heap   total 187392K, used 101345K [0x0000000080000000, 0x0000000100000000)
  region size 1024K, 8 young (8192K), 8 survivors (8192K)
 Metaspace       used 96914K, capacity 99240K, committed 99488K, reserved 1136640K
  class space    used 12471K, capacity 13296K, committed 13336K, reserved 1048576K
}
Event: 104.873 GC heap before
{Heap before GC invocations=27 (full 0):
 garbage-first heap   total 187392K, used 109537K [0x0000000080000000, 0x0000000100000000)
  region size 1024K, 17 young (17408K), 8 survivors (8192K)
 Metaspace       used 97875K, capacity 100226K, committed 100384K, reserved 1136640K
  class space    used 12537K, capacity 13370K, committed 13464K, reserved 1048576K
}
Event: 104.908 GC heap after
{Heap after GC invocations=28 (full 0):
 garbage-first heap   total 187392K, used 104093K [0x0000000080000000, 0x0000000100000000)
  region size 1024K, 3 young (3072K), 3 survivors (3072K)
 Metaspace       used 97875K, capacity 100226K, committed 100384K, reserved 1136640K
  class space    used 12537K, capacity 13370K, committed 13464K, reserved 1048576K
}
Event: 110.164 GC heap before
{Heap before GC invocations=29 (full 0):
 garbage-first heap   total 187392K, used 156317K [0x0000000080000000, 0x0000000100000000)
  region size 1024K, 52 young (53248K), 3 survivors (3072K)
 Metaspace       used 98712K, capacity 101154K, committed 101536K, reserved 1136640K
  class space    used 12589K, capacity 13462K, committed 13592K, reserved 1048576K
}
Event: 110.194 GC heap after
{Heap after GC invocations=30 (full 0):
 garbage-first heap   total 187392K, used 118357K [0x0000000080000000, 0x0000000100000000)
  region size 1024K, 7 young (7168K), 7 survivors (7168K)
 Metaspace       used 98712K, capacity 101154K, committed 101536K, reserved 1136640K
  class space    used 12589K, capacity 13462K, committed 13592K, reserved 1048576K
}
Event: 113.189 GC heap before
{Heap before GC invocations=30 (full 0):
 garbage-first heap   total 187392K, used 153173K [0x0000000080000000, 0x0000000100000000)
  region size 1024K, 41 young (41984K), 7 survivors (7168K)
 Metaspace       used 100593K, capacity 103010K, committed 103200K, reserved 1138688K
  class space    used 12756K, capacity 13648K, committed 13720K, reserved 1048576K
}
Event: 113.216 GC heap after
{Heap after GC invocations=31 (full 0):
 garbage-first heap   total 187392K, used 122756K [0x0000000080000000, 0x0000000100000000)
  region size 1024K, 4 young (4096K), 4 survivors (4096K)
 Metaspace       used 100593K, capacity 103010K, committed 103200K, reserved 1138688K
  class space    used 12756K, capacity 13648K, committed 13720K, reserved 1048576K
}

Deoptimization events (20 events):
Event: 113.930 Thread 0x000001333d0ce000 Uncommon trap: trap_request=0xffffffc6 fr.pc=0x00000133245f5320 relative=0x0000000000000440
Event: 113.930 Thread 0x000001333d0ce000 Uncommon trap: reason=bimorphic_or_optimized_type_check action=maybe_recompile pc=0x00000133245f5320 method=com.sun.tools.javac.code.Types$13.visitClassType(Lcom/sun/tools/javac/code/Type$ClassType;Lcom/sun/tools/javac/code/Symbol;)Lcom/sun/tools/javac/co
Event: 113.930 Thread 0x000001333d0ce000 DEOPT PACKING pc=0x00000133245f5320 sp=0x000000211c1f6ea0
Event: 113.930 Thread 0x000001333d0ce000 DEOPT UNPACKING pc=0x000001331c2c662f sp=0x000000211c1f6de8 mode 2
Event: 113.930 Thread 0x000001333d0ce000 Uncommon trap: trap_request=0xffffffc6 fr.pc=0x00000133245f5320 relative=0x0000000000000440
Event: 113.931 Thread 0x000001333d0ce000 Uncommon trap: reason=bimorphic_or_optimized_type_check action=maybe_recompile pc=0x00000133245f5320 method=com.sun.tools.javac.code.Types$13.visitClassType(Lcom/sun/tools/javac/code/Type$ClassType;Lcom/sun/tools/javac/code/Symbol;)Lcom/sun/tools/javac/co
Event: 113.931 Thread 0x000001333d0ce000 DEOPT PACKING pc=0x00000133245f5320 sp=0x000000211c1f75d0
Event: 113.931 Thread 0x000001333d0ce000 DEOPT UNPACKING pc=0x000001331c2c662f sp=0x000000211c1f7518 mode 2
Event: 113.931 Thread 0x000001333d0ce000 Uncommon trap: trap_request=0xffffffc6 fr.pc=0x00000133245f5320 relative=0x0000000000000440
Event: 113.931 Thread 0x000001333d0ce000 Uncommon trap: reason=bimorphic_or_optimized_type_check action=maybe_recompile pc=0x00000133245f5320 method=com.sun.tools.javac.code.Types$13.visitClassType(Lcom/sun/tools/javac/code/Type$ClassType;Lcom/sun/tools/javac/code/Symbol;)Lcom/sun/tools/javac/co
Event: 113.931 Thread 0x000001333d0ce000 DEOPT PACKING pc=0x00000133245f5320 sp=0x000000211c1f7660
Event: 113.931 Thread 0x000001333d0ce000 DEOPT UNPACKING pc=0x000001331c2c662f sp=0x000000211c1f75a8 mode 2
Event: 113.931 Thread 0x000001333d0ce000 Uncommon trap: trap_request=0xffffffc6 fr.pc=0x00000133245f6cec relative=0x000000000000060c
Event: 113.931 Thread 0x000001333d0ce000 Uncommon trap: reason=bimorphic_or_optimized_type_check action=maybe_recompile pc=0x00000133245f6cec method=com.sun.tools.javac.code.Types.asOuterSuper(Lcom/sun/tools/javac/code/Type;Lcom/sun/tools/javac/code/Symbol;)Lcom/sun/tools/javac/code/Type; @ 4 c2
Event: 113.931 Thread 0x000001333d0ce000 DEOPT PACKING pc=0x00000133245f6cec sp=0x000000211c1f7d00
Event: 113.931 Thread 0x000001333d0ce000 DEOPT UNPACKING pc=0x000001331c2c662f sp=0x000000211c1f7c50 mode 2
Event: 113.931 Thread 0x000001333d0ce000 Uncommon trap: trap_request=0xffffffc6 fr.pc=0x00000133245f6cec relative=0x000000000000060c
Event: 113.931 Thread 0x000001333d0ce000 Uncommon trap: reason=bimorphic_or_optimized_type_check action=maybe_recompile pc=0x00000133245f6cec method=com.sun.tools.javac.code.Types.asOuterSuper(Lcom/sun/tools/javac/code/Type;Lcom/sun/tools/javac/code/Symbol;)Lcom/sun/tools/javac/code/Type; @ 4 c2
Event: 113.931 Thread 0x000001333d0ce000 DEOPT PACKING pc=0x00000133245f6cec sp=0x000000211c1f7d90
Event: 113.931 Thread 0x000001333d0ce000 DEOPT UNPACKING pc=0x000001331c2c662f sp=0x000000211c1f7ce0 mode 2

Classes redefined (0 events):
No events

Internal exceptions (20 events):
Event: 113.033 Thread 0x000001333d0ce000 Exception <a 'sun/nio/fs/WindowsException'{0x00000000897dae38}> (0x00000000897dae38) thrown at [./src/hotspot/share/prims/jni.cpp, line 615]
Event: 113.040 Thread 0x000001333d0ce000 Exception <a 'sun/nio/fs/WindowsException'{0x00000000897e1730}> (0x00000000897e1730) thrown at [./src/hotspot/share/prims/jni.cpp, line 615]
Event: 113.051 Thread 0x000001333d0ce000 Exception <a 'sun/nio/fs/WindowsException'{0x00000000897ee308}> (0x00000000897ee308) thrown at [./src/hotspot/share/prims/jni.cpp, line 615]
Event: 113.057 Thread 0x000001333d0ce000 Exception <a 'sun/nio/fs/WindowsException'{0x00000000897fc128}> (0x00000000897fc128) thrown at [./src/hotspot/share/prims/jni.cpp, line 615]
Event: 113.064 Thread 0x000001333d0ce000 Exception <a 'sun/nio/fs/WindowsException'{0x000000008960d780}> (0x000000008960d780) thrown at [./src/hotspot/share/prims/jni.cpp, line 615]
Event: 113.071 Thread 0x000001333d0ce000 Exception <a 'sun/nio/fs/WindowsException'{0x0000000089617530}> (0x0000000089617530) thrown at [./src/hotspot/share/prims/jni.cpp, line 615]
Event: 113.083 Thread 0x000001333d0ce000 Exception <a 'sun/nio/fs/WindowsException'{0x0000000089625360}> (0x0000000089625360) thrown at [./src/hotspot/share/prims/jni.cpp, line 615]
Event: 113.089 Thread 0x000001333d0ce000 Exception <a 'sun/nio/fs/WindowsException'{0x000000008962d8b0}> (0x000000008962d8b0) thrown at [./src/hotspot/share/prims/jni.cpp, line 615]
Event: 113.097 Thread 0x000001333d0ce000 Exception <a 'sun/nio/fs/WindowsException'{0x0000000089636180}> (0x0000000089636180) thrown at [./src/hotspot/share/prims/jni.cpp, line 615]
Event: 113.123 Thread 0x000001333d0ce000 Exception <a 'sun/nio/fs/WindowsException'{0x00000000896712a8}> (0x00000000896712a8) thrown at [./src/hotspot/share/prims/jni.cpp, line 615]
Event: 113.460 Thread 0x000001333d0ce000 Exception <a 'sun/nio/fs/WindowsException'{0x000000008b482ee8}> (0x000000008b482ee8) thrown at [./src/hotspot/share/prims/jni.cpp, line 615]
Event: 113.471 Thread 0x000001333d0ce000 Exception <a 'sun/nio/fs/WindowsException'{0x000000008b48a268}> (0x000000008b48a268) thrown at [./src/hotspot/share/prims/jni.cpp, line 615]
Event: 113.489 Thread 0x000001333d0ce000 Exception <a 'sun/nio/fs/WindowsException'{0x000000008b48f750}> (0x000000008b48f750) thrown at [./src/hotspot/share/prims/jni.cpp, line 615]
Event: 113.522 Thread 0x000001333d0ce000 Exception <a 'sun/nio/fs/WindowsException'{0x000000008b498bd0}> (0x000000008b498bd0) thrown at [./src/hotspot/share/prims/jni.cpp, line 615]
Event: 113.534 Thread 0x000001333d0ce000 Exception <a 'sun/nio/fs/WindowsException'{0x000000008b4af730}> (0x000000008b4af730) thrown at [./src/hotspot/share/prims/jni.cpp, line 615]
Event: 113.548 Thread 0x000001333d0ce000 Exception <a 'sun/nio/fs/WindowsException'{0x000000008b4c0da0}> (0x000000008b4c0da0) thrown at [./src/hotspot/share/prims/jni.cpp, line 615]
Event: 113.666 Thread 0x000001333d0ce000 Exception <a 'sun/nio/fs/WindowsException'{0x000000008b10cac0}> (0x000000008b10cac0) thrown at [./src/hotspot/share/prims/jni.cpp, line 615]
Event: 113.701 Thread 0x000001333d0ce000 Exception <a 'sun/nio/fs/WindowsException'{0x000000008b1131e0}> (0x000000008b1131e0) thrown at [./src/hotspot/share/prims/jni.cpp, line 615]
Event: 113.714 Thread 0x000001333d0ce000 Exception <a 'sun/nio/fs/WindowsException'{0x000000008b11aa08}> (0x000000008b11aa08) thrown at [./src/hotspot/share/prims/jni.cpp, line 615]
Event: 113.724 Thread 0x000001333d0ce000 Exception <a 'sun/nio/fs/WindowsException'{0x000000008b1252f0}> (0x000000008b1252f0) thrown at [./src/hotspot/share/prims/jni.cpp, line 615]

Events (20 events):
Event: 112.814 loading class com/sun/tools/javac/util/Filter done
Event: 113.129 Executing VM operation: ICBufferFull
Event: 113.129 Executing VM operation: ICBufferFull done
Event: 113.151 Thread 0x0000013332ad9000 flushing nmethod 0x0000013323dca410
Event: 113.156 Thread 0x0000013332ad9000 flushing nmethod 0x000001331c830010
Event: 113.156 Thread 0x0000013332ad9000 flushing nmethod 0x000001331c831190
Event: 113.156 Thread 0x0000013332ad9000 flushing nmethod 0x000001331c831510
Event: 113.161 Thread 0x0000013332ad9000 flushing nmethod 0x000001331ccc7c10
Event: 113.188 Executing VM operation: G1CollectForAllocation
Event: 113.216 Executing VM operation: G1CollectForAllocation done
Event: 113.328 loading class com/sun/tools/javac/code/Symbol
Event: 113.328 loading class com/sun/tools/javac/code/Symbol done
Event: 113.328 loading class com/sun/tools/javac/code/Symbol
Event: 113.328 loading class com/sun/tools/javac/code/Symbol done
Event: 113.328 loading class com/sun/tools/javac/code/Symbol
Event: 113.328 loading class com/sun/tools/javac/code/Symbol done
Event: 113.713 Executing VM operation: ICBufferFull
Event: 113.713 Executing VM operation: ICBufferFull done
Event: 113.755 Executing VM operation: CGC_Operation
Event: 113.773 Executing VM operation: CGC_Operation done


Dynamic libraries:
0x00007ff702b70000 - 0x00007ff702b7a000 	C:\Android Studio\Android Installed\jre\bin\java.exe
0x00007ffc8b610000 - 0x00007ffc8b805000 	C:\WINDOWS\SYSTEM32\ntdll.dll
0x00007ffc8b440000 - 0x00007ffc8b4fe000 	C:\WINDOWS\System32\KERNEL32.DLL
0x00007ffc88fe0000 - 0x00007ffc892a8000 	C:\WINDOWS\System32\KERNELBASE.dll
0x00007ffc88ee0000 - 0x00007ffc88fe0000 	C:\WINDOWS\System32\ucrtbase.dll
0x00007ffc84110000 - 0x00007ffc84127000 	C:\Android Studio\Android Installed\jre\bin\VCRUNTIME140.dll
0x00007ffc83d80000 - 0x00007ffc83d99000 	C:\Android Studio\Android Installed\jre\bin\jli.dll
0x00007ffc89cf0000 - 0x00007ffc89e90000 	C:\WINDOWS\System32\USER32.dll
0x00007ffc89530000 - 0x00007ffc89552000 	C:\WINDOWS\System32\win32u.dll
0x00007ffc76af0000 - 0x00007ffc76d8a000 	C:\WINDOWS\WinSxS\amd64_microsoft.windows.common-controls_6595b64144ccf1df_6.0.19041.1110_none_60b5254171f9507e\COMCTL32.dll
0x00007ffc89ec0000 - 0x00007ffc89f5e000 	C:\WINDOWS\System32\msvcrt.dll
0x00007ffc8a5b0000 - 0x00007ffc8a5db000 	C:\WINDOWS\System32\GDI32.dll
0x00007ffc89560000 - 0x00007ffc8966b000 	C:\WINDOWS\System32\gdi32full.dll
0x00007ffc88d60000 - 0x00007ffc88dfd000 	C:\WINDOWS\System32\msvcp_win.dll
0x00007ffc89e90000 - 0x00007ffc89ec0000 	C:\WINDOWS\System32\IMM32.DLL
0x00007ffc81c20000 - 0x00007ffc81cbd000 	C:\Android Studio\Android Installed\jre\bin\msvcp140.dll
0x00007ffc39000000 - 0x00007ffc39ad5000 	C:\Android Studio\Android Installed\jre\bin\server\jvm.dll
0x00007ffc8a4a0000 - 0x00007ffc8a54e000 	C:\WINDOWS\System32\ADVAPI32.dll
0x00007ffc8a2c0000 - 0x00007ffc8a35c000 	C:\WINDOWS\System32\sechost.dll
0x00007ffc89bc0000 - 0x00007ffc89ce5000 	C:\WINDOWS\System32\RPCRT4.dll
0x00007ffc8a490000 - 0x00007ffc8a498000 	C:\WINDOWS\System32\PSAPI.DLL
0x00007ffc73a90000 - 0x00007ffc73a99000 	C:\WINDOWS\SYSTEM32\WSOCK32.dll
0x00007ffc8b560000 - 0x00007ffc8b5cb000 	C:\WINDOWS\System32\WS2_32.dll
0x00007ffc74f60000 - 0x00007ffc74f87000 	C:\WINDOWS\SYSTEM32\WINMM.dll
0x00007ffc80270000 - 0x00007ffc8027a000 	C:\WINDOWS\SYSTEM32\VERSION.dll
0x00007ffc875d0000 - 0x00007ffc875e2000 	C:\WINDOWS\SYSTEM32\kernel.appcore.dll
0x00007ffc82300000 - 0x00007ffc82311000 	C:\Android Studio\Android Installed\jre\bin\verify.dll
0x00007ffc86550000 - 0x00007ffc86734000 	C:\WINDOWS\SYSTEM32\DBGHELP.DLL
0x00007ffc70cb0000 - 0x00007ffc70cdc000 	C:\WINDOWS\SYSTEM32\dbgcore.DLL
0x00007ffc88e00000 - 0x00007ffc88e82000 	C:\WINDOWS\System32\bcryptPrimitives.dll
0x00007ffc81f80000 - 0x00007ffc81fa9000 	C:\Android Studio\Android Installed\jre\bin\java.dll
0x00007ffc84030000 - 0x00007ffc8403b000 	C:\Android Studio\Android Installed\jre\bin\jimage.dll
0x00007ffc81f60000 - 0x00007ffc81f78000 	C:\Android Studio\Android Installed\jre\bin\zip.dll
0x00007ffc8a890000 - 0x00007ffc8afd4000 	C:\WINDOWS\System32\SHELL32.dll
0x00007ffc86e20000 - 0x00007ffc875b4000 	C:\WINDOWS\SYSTEM32\windows.storage.dll
0x00007ffc89f60000 - 0x00007ffc8a2b4000 	C:\WINDOWS\System32\combase.dll
0x00007ffc886c0000 - 0x00007ffc886ec000 	C:\WINDOWS\SYSTEM32\Wldp.dll
0x00007ffc8afe0000 - 0x00007ffc8b08d000 	C:\WINDOWS\System32\SHCORE.dll
0x00007ffc8a830000 - 0x00007ffc8a885000 	C:\WINDOWS\System32\shlwapi.dll
0x00007ffc88c70000 - 0x00007ffc88c8f000 	C:\WINDOWS\SYSTEM32\profapi.dll
0x00007ffc81f40000 - 0x00007ffc81f5a000 	C:\Android Studio\Android Installed\jre\bin\net.dll
0x00007ffc82420000 - 0x00007ffc82529000 	C:\WINDOWS\SYSTEM32\WINHTTP.dll
0x00007ffc88420000 - 0x00007ffc8848a000 	C:\WINDOWS\system32\mswsock.dll
0x00007ffc81f20000 - 0x00007ffc81f34000 	C:\Android Studio\Android Installed\jre\bin\nio.dll
0x00007ffc80640000 - 0x00007ffc80667000 	C:\Users\Dell\.gradle\native\e1d6ef7f7dcc3fd88c89a11ec53ec762bb8ba0a96d01ffa2cd45eb1d1d8dd5c5\windows-amd64\native-platform.dll
0x00007ffc79340000 - 0x00007ffc79484000 	C:\Users\Dell\.gradle\native\5664cfc778a61ccfe75a443a1ab52a65af34e5dc3c78e0209fed803814484fcb\windows-amd64\native-platform-file-events.dll
0x00007ffc84000000 - 0x00007ffc8400a000 	C:\Android Studio\Android Installed\jre\bin\management.dll
0x00007ffc822f0000 - 0x00007ffc822fd000 	C:\Android Studio\Android Installed\jre\bin\management_ext.dll
0x00007ffc88610000 - 0x00007ffc88628000 	C:\WINDOWS\SYSTEM32\CRYPTSP.dll
0x00007ffc87da0000 - 0x00007ffc87dd4000 	C:\WINDOWS\system32\rsaenh.dll
0x00007ffc88d30000 - 0x00007ffc88d57000 	C:\WINDOWS\System32\bcrypt.dll
0x00007ffc88c30000 - 0x00007ffc88c5e000 	C:\WINDOWS\SYSTEM32\USERENV.dll
0x00007ffc88630000 - 0x00007ffc8863c000 	C:\WINDOWS\SYSTEM32\CRYPTBASE.dll
0x00007ffc88110000 - 0x00007ffc8814b000 	C:\WINDOWS\SYSTEM32\IPHLPAPI.DLL
0x00007ffc8a7a0000 - 0x00007ffc8a7a8000 	C:\WINDOWS\System32\NSI.dll
0x00007ffc80970000 - 0x00007ffc80987000 	C:\WINDOWS\SYSTEM32\dhcpcsvc6.DLL
0x00007ffc7f010000 - 0x00007ffc7f02d000 	C:\WINDOWS\SYSTEM32\dhcpcsvc.DLL
0x00007ffc88150000 - 0x00007ffc8821a000 	C:\WINDOWS\SYSTEM32\DNSAPI.dll
0x00007ffc80720000 - 0x00007ffc80747000 	C:\Android Studio\Android Installed\jre\bin\sunec.dll
0x00007ffc80280000 - 0x00007ffc8028a000 	C:\Windows\System32\rasadhlp.dll
0x00007ffc76470000 - 0x00007ffc764ef000 	C:\WINDOWS\System32\fwpuclnt.dll

dbghelp: loaded successfully - version: 4.0.5 - missing functions: none
symbol engine: initialized successfully - sym options: 0x614 - pdb path: .;C:\Android Studio\Android Installed\jre\bin;C:\WINDOWS\SYSTEM32;C:\WINDOWS\WinSxS\amd64_microsoft.windows.common-controls_6595b64144ccf1df_6.0.19041.1110_none_60b5254171f9507e;C:\Android Studio\Android Installed\jre\bin\server;C:\Users\Dell\.gradle\native\e1d6ef7f7dcc3fd88c89a11ec53ec762bb8ba0a96d01ffa2cd45eb1d1d8dd5c5\windows-amd64;C:\Users\Dell\.gradle\native\5664cfc778a61ccfe75a443a1ab52a65af34e5dc3c78e0209fed803814484fcb\windows-amd64

VM Arguments:
jvm_args: --add-opens=java.base/java.util=ALL-UNNAMED --add-opens=java.base/java.lang=ALL-UNNAMED --add-opens=java.base/java.lang.invoke=ALL-UNNAMED --add-opens=java.base/java.util=ALL-UNNAMED --add-opens=java.prefs/java.util.prefs=ALL-UNNAMED --add-opens=java.prefs/java.util.prefs=ALL-UNNAMED --add-opens=java.base/java.nio.charset=ALL-UNNAMED --add-opens=java.base/java.net=ALL-UNNAMED --add-opens=java.base/java.util.concurrent.atomic=ALL-UNNAMED -Xmx2048m -Dfile.encoding=UTF-8 -Duser.country=IN -Duser.language=en -Duser.variant 
java_command: org.gradle.launcher.daemon.bootstrap.GradleDaemon 7.2
java_class_path (initial): C:\Users\Dell\.gradle\wrapper\dists\gradle-7.2-bin\2dnblmf4td7x66yl1d74lt32g\gradle-7.2\lib\gradle-launcher-7.2.jar
Launcher Type: SUN_STANDARD

[Global flags]
     intx CICompilerCount                          = 3                                         {product} {ergonomic}
     uint ConcGCThreads                            = 1                                         {product} {ergonomic}
     uint G1ConcRefinementThreads                  = 4                                         {product} {ergonomic}
   size_t G1HeapRegionSize                         = 1048576                                   {product} {ergonomic}
    uintx GCDrainStackTargetSize                   = 64                                        {product} {ergonomic}
   size_t InitialHeapSize                          = 132120576                                 {product} {ergonomic}
   size_t MarkStackSize                            = 4194304                                   {product} {ergonomic}
   size_t MaxHeapSize                              = 2147483648                                {product} {command line}
   size_t MaxNewSize                               = 1287651328                                {product} {ergonomic}
   size_t MinHeapDeltaBytes                        = 1048576                                   {product} {ergonomic}
    uintx NonNMethodCodeHeapSize                   = 5830732                                {pd product} {ergonomic}
    uintx NonProfiledCodeHeapSize                  = 122913754                              {pd product} {ergonomic}
    uintx ProfiledCodeHeapSize                     = 122913754                              {pd product} {ergonomic}
    uintx ReservedCodeCacheSize                    = 251658240                              {pd product} {ergonomic}
     bool SegmentedCodeCache                       = true                                      {product} {ergonomic}
     bool UseCompressedClassPointers               = true                                 {lp64_product} {ergonomic}
     bool UseCompressedOops                        = true                                 {lp64_product} {ergonomic}
     bool UseG1GC                                  = true                                      {product} {ergonomic}
     bool UseLargePagesIndividualAllocation        = false                                  {pd product} {ergonomic}

Logging:
Log output configuration:
 #0: stdout all=warning uptime,level,tags
 #1: stderr all=off uptime,level,tags

Environment Variables:
PATH=C:\WINDOWS\system32;C:\WINDOWS;C:\WINDOWS\System32\Wbem;C:\WINDOWS\System32\WindowsPowerShell\v1.0\;C:\WINDOWS\System32\OpenSSH\;C:\Program Files\Git\cmd;C:\Program Files (x86)\Filestar;C:\Users\Dell\AppData\Roaming\Filestar\aliases;C:\Users\Dell\AppData\Local\Microsoft\WindowsApps;C:\Users\Dell\AppData\Local\GitHubDesktop\bin
USERNAME=Dell
OS=Windows_NT
PROCESSOR_IDENTIFIER=Intel64 Family 6 Model 78 Stepping 3, GenuineIntel



---------------  S Y S T E M  ---------------

OS: Windows 10 , 64 bit Build 19041 (10.0.19041.1566)
OS uptime: 1 days 22:05 hours

CPU:total 4 (initial active 4) (2 cores per cpu, 2 threads per core) family 6 model 78 stepping 3 microcode 0xcc, cmov, cx8, fxsr, mmx, sse, sse2, sse3, ssse3, sse4.1, sse4.2, popcnt, avx, avx2, aes, clmul, erms, 3dnowpref, lzcnt, ht, tsc, tscinvbit, bmi1, bmi2, adx, fma

Memory: 4k page, system-wide physical 8057M (1016M free)
TotalPageFile size 32633M (AvailPageFile size 4M)
current process WorkingSet (physical memory assigned to process): 470M, peak: 472M
current process commit charge ("private bytes"): 499M, peak: 501M

vm_info: OpenJDK 64-Bit Server VM (11.0.11+9-b60-7590822) for windows-amd64 JRE (11.0.11+9-b60-7590822), built on Jul 29 2021 21:43:44 by "builder" with MS VC++ 14.0 (VS2015)

END.
