#
# There is insufficient memory for the Java Runtime Environment to continue.
# Native memory allocation (mmap) failed to map 38797312 bytes for Failed to commit area from 0x000000008b700000 to 0x000000008dc00000 of length 38797312.
# Possible reasons:
#   The system is out of physical RAM or swap space
#   The process is running with CompressedOops enabled, and the Java Heap may be blocking the growth of the native heap
# Possible solutions:
#   Reduce memory load on the system
#   Increase physical memory or swap space
#   Check if swap backing store is full
#   Decrease Java heap size (-Xmx/-Xms)
#   Decrease number of Java threads
#   Decrease Java thread stack sizes (-Xss)
#   Set larger code cache with -XX:ReservedCodeCacheSize=
#   JVM is running with Unscaled Compressed Oops mode in which the Java heap is
#     placed in the first 4GB address space. The Java Heap base address is the
#     maximum limit for the native heap growth. Please use -XX:HeapBaseMinAddress
#     to set the Java Heap base and to place the Java Heap above 4GB virtual address.
# This output file may be truncated or incomplete.
#
#  Out of Memory Error (./src/hotspot/os/windows/os_windows.cpp:3301), pid=12292, tid=7684
#
# JRE version: OpenJDK Runtime Environment (11.0.11+9) (build 11.0.11+9-b60-7590822)
# Java VM: OpenJDK 64-Bit Server VM (11.0.11+9-b60-7590822, mixed mode, tiered, compressed oops, g1 gc, windows-amd64)
# No core dump will be written. Minidumps are not enabled by default on client versions of Windows
#

---------------  S U M M A R Y ------------

Command Line: --add-opens=java.base/java.util=ALL-UNNAMED --add-opens=java.base/java.lang=ALL-UNNAMED --add-opens=java.base/java.lang.invoke=ALL-UNNAMED --add-opens=java.base/java.util=ALL-UNNAMED --add-opens=java.prefs/java.util.prefs=ALL-UNNAMED --add-opens=java.prefs/java.util.prefs=ALL-UNNAMED --add-opens=java.base/java.nio.charset=ALL-UNNAMED --add-opens=java.base/java.net=ALL-UNNAMED --add-opens=java.base/java.util.concurrent.atomic=ALL-UNNAMED -Xmx2048m -Dfile.encoding=UTF-8 -Duser.country=IN -Duser.language=en -Duser.variant org.gradle.launcher.daemon.bootstrap.GradleDaemon 7.2

Host: Intel(R) Core(TM) i3-6006U CPU @ 2.00GHz, 4 cores, 7G,  Windows 10 , 64 bit Build 19041 (10.0.19041.1566)
Time: Thu Apr 14 12:12:03 2022 India Standard Time elapsed time: 34.977293 seconds (0d 0h 0m 34s)

---------------  T H R E A D  ---------------

Current thread (0x00000161fec18800):  VMThread "VM Thread" [stack: 0x0000000b26c00000,0x0000000b26d00000] [id=7684]

Stack: [0x0000000b26c00000,0x0000000b26d00000]
[error occurred during error reporting (printing stack bounds), id 0xc0000005, EXCEPTION_ACCESS_VIOLATION (0xc0000005) at pc=0x0000016180000f2d]

Native frames: (J=compiled Java code, j=interpreted, Vv=VM code, C=native code)
V  [jvm.dll+0x5f214a]
V  [jvm.dll+0x726fb5]
V  [jvm.dll+0x7285cd]
V  [jvm.dll+0x728be5]
V  [jvm.dll+0x728b9b]
V  [jvm.dll+0x5f14e8]
V  [jvm.dll+0x5f1c78]
C  [ntdll.dll+0xa20cf]
C  [ntdll.dll+0x51454]
C  [ntdll.dll+0xa0bfe]
C  0x0000016180000f2d

VM_Operation (0x0000000b2c1f85f0): G1CollectForAllocation, mode: safepoint, requested by thread 0x0000016198e46000


---------------  P R O C E S S  ---------------

Threads class SMR info:
_java_thread_list=0x0000016196a90ae0, length=86, elements={
0x00000161f588a000, 0x00000161fec1e000, 0x00000161fec20000, 0x00000161fec37000,
0x00000161fec39800, 0x00000161fec3e000, 0x00000161fec41800, 0x00000161fec48000,
0x00000161fec49800, 0x00000161ff6f6800, 0x00000161923ae000, 0x0000016192519800,
0x0000016192c5a800, 0x0000016192707000, 0x00000161927b9800, 0x00000161924fb800,
0x000001619240f800, 0x0000016192687800, 0x0000016192a22000, 0x000001619215e000,
0x0000016192159800, 0x000001619215e800, 0x000001619215a800, 0x000001619215c000,
0x000001619215d000, 0x000001619215b800, 0x0000016192159000, 0x000001619215f800,
0x000001619492d800, 0x000001619492e000, 0x000001619492c800, 0x000001619492f800,
0x0000016194930800, 0x0000016194932000, 0x0000016194934000, 0x0000016194933000,
0x0000016194939800, 0x0000016194934800, 0x0000016194938800, 0x0000016194935800,
0x0000016194937000, 0x0000016194938000, 0x000001619206b000, 0x000001619206e000,
0x000001619206f000, 0x000001619206f800, 0x0000016192071800, 0x000001619206c800,
0x0000016192070800, 0x000001619206b800, 0x0000016192072000, 0x0000016192073000,
0x000001619206d800, 0x0000016192074800, 0x0000016192077000, 0x0000016192078000,
0x0000016192076800, 0x0000016192075800, 0x0000016192078800, 0x0000016192074000,
0x0000016192079800, 0x00000161933ae800, 0x00000161933b0000, 0x00000161933af800,
0x00000161933b1000, 0x00000161933b2000, 0x00000161933b2800, 0x00000161933ae000,
0x00000161933ad000, 0x00000161933b9000, 0x00000161933b5000, 0x00000161933b6000,
0x00000161933b6800, 0x00000161933b3800, 0x00000161933b7800, 0x00000161933b8800,
0x00000161933ba000, 0x00000161933b4800, 0x00000161933bb800, 0x0000016198e42800,
0x0000016198e43800, 0x0000016198e46000, 0x0000016198e44000, 0x0000016198e46800,
0x0000016198e45000, 0x0000016198e41000
}

Java Threads: ( => current thread )
  0x00000161f588a000 JavaThread "main" [_thread_blocked, id=10056, stack(0x0000000b26600000,0x0000000b26700000)]
  0x00000161fec1e000 JavaThread "Reference Handler" daemon [_thread_blocked, id=13672, stack(0x0000000b26d00000,0x0000000b26e00000)]
  0x00000161fec20000 JavaThread "Finalizer" daemon [_thread_blocked, id=8660, stack(0x0000000b26e00000,0x0000000b26f00000)]
  0x00000161fec37000 JavaThread "Signal Dispatcher" daemon [_thread_blocked, id=11240, stack(0x0000000b26f00000,0x0000000b27000000)]
  0x00000161fec39800 JavaThread "Attach Listener" daemon [_thread_blocked, id=7804, stack(0x0000000b27000000,0x0000000b27100000)]
  0x00000161fec3e000 JavaThread "Service Thread" daemon [_thread_blocked, id=3208, stack(0x0000000b27100000,0x0000000b27200000)]
  0x00000161fec41800 JavaThread "C2 CompilerThread0" daemon [_thread_blocked, id=7264, stack(0x0000000b27200000,0x0000000b27300000)]
  0x00000161fec48000 JavaThread "C1 CompilerThread0" daemon [_thread_blocked, id=10168, stack(0x0000000b27300000,0x0000000b27400000)]
  0x00000161fec49800 JavaThread "Sweeper thread" daemon [_thread_blocked, id=6516, stack(0x0000000b27400000,0x0000000b27500000)]
  0x00000161ff6f6800 JavaThread "Common-Cleaner" daemon [_thread_blocked, id=10740, stack(0x0000000b27500000,0x0000000b27600000)]
  0x00000161923ae000 JavaThread "Daemon health stats" [_thread_blocked, id=13904, stack(0x0000000b27700000,0x0000000b27800000)]
  0x0000016192519800 JavaThread "Incoming local TCP Connector on port 60523" [_thread_in_native, id=4824, stack(0x0000000b27a00000,0x0000000b27b00000)]
  0x0000016192c5a800 JavaThread "Daemon periodic checks" [_thread_blocked, id=2312, stack(0x0000000b27b00000,0x0000000b27c00000)]
  0x0000016192707000 JavaThread "Daemon" [_thread_blocked, id=9516, stack(0x0000000b27c00000,0x0000000b27d00000)]
  0x00000161927b9800 JavaThread "Handler for socket connection from /127.0.0.1:60523 to /127.0.0.1:60524" [_thread_in_native, id=12864, stack(0x0000000b27d00000,0x0000000b27e00000)]
  0x00000161924fb800 JavaThread "Cancel handler" [_thread_blocked, id=13084, stack(0x0000000b27e00000,0x0000000b27f00000)]
  0x000001619240f800 JavaThread "Daemon worker" [_thread_blocked, id=2568, stack(0x0000000b27f00000,0x0000000b28000000)]
  0x0000016192687800 JavaThread "Asynchronous log dispatcher for DefaultDaemonConnection: socket connection from /127.0.0.1:60523 to /127.0.0.1:60524" [_thread_blocked, id=7208, stack(0x0000000b28000000,0x0000000b28100000)]
  0x0000016192a22000 JavaThread "Stdin handler" [_thread_blocked, id=5348, stack(0x0000000b28100000,0x0000000b28200000)]
  0x000001619215e000 JavaThread "Daemon client event forwarder" [_thread_blocked, id=11652, stack(0x0000000b28200000,0x0000000b28300000)]
  0x0000016192159800 JavaThread "Cache worker for journal cache (C:\Users\Dell\.gradle\caches\journal-1)" [_thread_blocked, id=8536, stack(0x0000000b28400000,0x0000000b28500000)]
  0x000001619215e800 JavaThread "File lock request listener" [_thread_in_native, id=10644, stack(0x0000000b28500000,0x0000000b28600000)]
  0x000001619215a800 JavaThread "Cache worker for file hash cache (C:\Users\Dell\.gradle\caches\7.2\fileHashes)" [_thread_blocked, id=11504, stack(0x0000000b28600000,0x0000000b28700000)]
  0x000001619215c000 JavaThread "Cache worker for file hash cache (C:\Project\Hitch Dating App\Hitch Dating Platform\.gradle\7.2\fileHashes)" [_thread_blocked, id=6708, stack(0x0000000b28700000,0x0000000b28800000)]
  0x000001619215d000 JavaThread "File watcher server" daemon [_thread_blocked, id=11048, stack(0x0000000b28800000,0x0000000b28900000)]
  0x000001619215b800 JavaThread "File watcher consumer" daemon [_thread_blocked, id=13308, stack(0x0000000b28900000,0x0000000b28a00000)]
  0x0000016192159000 JavaThread "Cache worker for checksums cache (C:\Project\Hitch Dating App\Hitch Dating Platform\.gradle\checksums)" [_thread_blocked, id=11436, stack(0x0000000b28a00000,0x0000000b28b00000)]
  0x000001619215f800 JavaThread "Cache worker for cache directory md-supplier (C:\Users\Dell\.gradle\caches\7.2\md-supplier)" [_thread_blocked, id=1808, stack(0x0000000b28b00000,0x0000000b28c00000)]
  0x000001619492d800 JavaThread "Cache worker for cache directory md-rule (C:\Users\Dell\.gradle\caches\7.2\md-rule)" [_thread_blocked, id=7116, stack(0x0000000b28c00000,0x0000000b28d00000)]
  0x000001619492e000 JavaThread "Cache worker for execution history cache (C:\Users\Dell\.gradle\caches\7.2\executionHistory)" [_thread_blocked, id=11172, stack(0x0000000b28d00000,0x0000000b28e00000)]
  0x000001619492c800 JavaThread "jar transforms" [_thread_blocked, id=10648, stack(0x0000000b28e00000,0x0000000b28f00000)]
  0x000001619492f800 JavaThread "jar transforms Thread 2" [_thread_blocked, id=1492, stack(0x0000000b28f00000,0x0000000b29000000)]
  0x0000016194930800 JavaThread "Cache worker for file content cache (C:\Users\Dell\.gradle\caches\7.2\fileContent)" [_thread_blocked, id=4064, stack(0x0000000b29000000,0x0000000b29100000)]
  0x0000016194932000 JavaThread "Cache worker for dependencies-accessors (C:\Project\Hitch Dating App\Hitch Dating Platform\.gradle\7.2\dependencies-accessors)" [_thread_blocked, id=2592, stack(0x0000000b29100000,0x0000000b29200000)]
  0x0000016194934000 JavaThread "jar transforms Thread 3" [_thread_blocked, id=7112, stack(0x0000000b29200000,0x0000000b29300000)]
  0x0000016194933000 JavaThread "Cache worker for Build Output Cleanup Cache (C:\Project\Hitch Dating App\Hitch Dating Platform\.gradle\buildOutputCleanup)" [_thread_blocked, id=416, stack(0x0000000b29300000,0x0000000b29400000)]
  0x0000016194939800 JavaThread "Unconstrained build operations" [_thread_blocked, id=5200, stack(0x0000000b29400000,0x0000000b29500000)]
  0x0000016194934800 JavaThread "Unconstrained build operations Thread 2" [_thread_blocked, id=8936, stack(0x0000000b29500000,0x0000000b29600000)]
  0x0000016194938800 JavaThread "Unconstrained build operations Thread 3" [_thread_blocked, id=8724, stack(0x0000000b29600000,0x0000000b29700000)]
  0x0000016194935800 JavaThread "Unconstrained build operations Thread 4" [_thread_blocked, id=9928, stack(0x0000000b29700000,0x0000000b29800000)]
  0x0000016194937000 JavaThread "Unconstrained build operations Thread 5" [_thread_blocked, id=5044, stack(0x0000000b29800000,0x0000000b29900000)]
  0x0000016194938000 JavaThread "Unconstrained build operations Thread 6" [_thread_blocked, id=8848, stack(0x0000000b29900000,0x0000000b29a00000)]
  0x000001619206b000 JavaThread "Unconstrained build operations Thread 7" [_thread_blocked, id=11360, stack(0x0000000b29a00000,0x0000000b29b00000)]
  0x000001619206e000 JavaThread "Unconstrained build operations Thread 8" [_thread_blocked, id=10712, stack(0x0000000b29b00000,0x0000000b29c00000)]
  0x000001619206f000 JavaThread "Unconstrained build operations Thread 9" [_thread_blocked, id=14060, stack(0x0000000b29c00000,0x0000000b29d00000)]
  0x000001619206f800 JavaThread "Unconstrained build operations Thread 10" [_thread_blocked, id=12900, stack(0x0000000b29d00000,0x0000000b29e00000)]
  0x0000016192071800 JavaThread "Unconstrained build operations Thread 11" [_thread_blocked, id=8596, stack(0x0000000b29e00000,0x0000000b29f00000)]
  0x000001619206c800 JavaThread "Unconstrained build operations Thread 12" [_thread_blocked, id=3412, stack(0x0000000b29f00000,0x0000000b2a000000)]
  0x0000016192070800 JavaThread "Unconstrained build operations Thread 13" [_thread_blocked, id=4884, stack(0x0000000b2a000000,0x0000000b2a100000)]
  0x000001619206b800 JavaThread "Unconstrained build operations Thread 14" [_thread_blocked, id=11804, stack(0x0000000b2a100000,0x0000000b2a200000)]
  0x0000016192072000 JavaThread "Unconstrained build operations Thread 15" [_thread_blocked, id=6320, stack(0x0000000b2a200000,0x0000000b2a300000)]
  0x0000016192073000 JavaThread "Unconstrained build operations Thread 16" [_thread_blocked, id=10248, stack(0x0000000b2a300000,0x0000000b2a400000)]
  0x000001619206d800 JavaThread "Unconstrained build operations Thread 17" [_thread_blocked, id=12084, stack(0x0000000b2a400000,0x0000000b2a500000)]
  0x0000016192074800 JavaThread "Unconstrained build operations Thread 18" [_thread_blocked, id=2056, stack(0x0000000b2a500000,0x0000000b2a600000)]
  0x0000016192077000 JavaThread "Unconstrained build operations Thread 19" [_thread_blocked, id=3232, stack(0x0000000b2a600000,0x0000000b2a700000)]
  0x0000016192078000 JavaThread "Unconstrained build operations Thread 20" [_thread_blocked, id=2668, stack(0x0000000b2a700000,0x0000000b2a800000)]
  0x0000016192076800 JavaThread "Unconstrained build operations Thread 21" [_thread_blocked, id=6476, stack(0x0000000b2a800000,0x0000000b2a900000)]
  0x0000016192075800 JavaThread "Unconstrained build operations Thread 22" [_thread_blocked, id=5024, stack(0x0000000b2a900000,0x0000000b2aa00000)]
  0x0000016192078800 JavaThread "Unconstrained build operations Thread 23" [_thread_blocked, id=2652, stack(0x0000000b2aa00000,0x0000000b2ab00000)]
  0x0000016192074000 JavaThread "Unconstrained build operations Thread 24" [_thread_blocked, id=6000, stack(0x0000000b2ab00000,0x0000000b2ac00000)]
  0x0000016192079800 JavaThread "Unconstrained build operations Thread 25" [_thread_blocked, id=7028, stack(0x0000000b2ac00000,0x0000000b2ad00000)]
  0x00000161933ae800 JavaThread "Unconstrained build operations Thread 26" [_thread_blocked, id=8816, stack(0x0000000b2ad00000,0x0000000b2ae00000)]
  0x00000161933b0000 JavaThread "Unconstrained build operations Thread 27" [_thread_blocked, id=8572, stack(0x0000000b2ae00000,0x0000000b2af00000)]
  0x00000161933af800 JavaThread "Unconstrained build operations Thread 28" [_thread_blocked, id=10448, stack(0x0000000b2af00000,0x0000000b2b000000)]
  0x00000161933b1000 JavaThread "Unconstrained build operations Thread 29" [_thread_blocked, id=13328, stack(0x0000000b2b000000,0x0000000b2b100000)]
  0x00000161933b2000 JavaThread "Unconstrained build operations Thread 30" [_thread_blocked, id=4028, stack(0x0000000b2b100000,0x0000000b2b200000)]
  0x00000161933b2800 JavaThread "Unconstrained build operations Thread 31" [_thread_blocked, id=11356, stack(0x0000000b2b200000,0x0000000b2b300000)]
  0x00000161933ae000 JavaThread "Unconstrained build operations Thread 32" [_thread_blocked, id=12632, stack(0x0000000b2b300000,0x0000000b2b400000)]
  0x00000161933ad000 JavaThread "Unconstrained build operations Thread 33" [_thread_blocked, id=5972, stack(0x0000000b2b400000,0x0000000b2b500000)]
  0x00000161933b9000 JavaThread "Unconstrained build operations Thread 34" [_thread_blocked, id=12848, stack(0x0000000b2b500000,0x0000000b2b600000)]
  0x00000161933b5000 JavaThread "Unconstrained build operations Thread 35" [_thread_blocked, id=6316, stack(0x0000000b2b600000,0x0000000b2b700000)]
  0x00000161933b6000 JavaThread "Unconstrained build operations Thread 36" [_thread_blocked, id=9992, stack(0x0000000b2b700000,0x0000000b2b800000)]
  0x00000161933b6800 JavaThread "Unconstrained build operations Thread 37" [_thread_blocked, id=2932, stack(0x0000000b2b800000,0x0000000b2b900000)]
  0x00000161933b3800 JavaThread "Unconstrained build operations Thread 38" [_thread_blocked, id=13248, stack(0x0000000b2b900000,0x0000000b2ba00000)]
  0x00000161933b7800 JavaThread "Unconstrained build operations Thread 39" [_thread_blocked, id=3192, stack(0x0000000b2ba00000,0x0000000b2bb00000)]
  0x00000161933b8800 JavaThread "Unconstrained build operations Thread 40" [_thread_blocked, id=2904, stack(0x0000000b2bb00000,0x0000000b2bc00000)]
  0x00000161933ba000 JavaThread "jar transforms Thread 4" [_thread_blocked, id=7444, stack(0x0000000b2bc00000,0x0000000b2bd00000)]
  0x00000161933b4800 JavaThread "Memory manager" [_thread_blocked, id=7772, stack(0x0000000b2bd00000,0x0000000b2be00000)]
  0x00000161933bb800 JavaThread "build event listener" [_thread_blocked, id=11860, stack(0x0000000b2be00000,0x0000000b2bf00000)]
  0x0000016198e42800 JavaThread "pool-3-thread-1" [_thread_blocked, id=3432, stack(0x0000000b2bf00000,0x0000000b2c000000)]
  0x0000016198e43800 JavaThread "build event listener" [_thread_blocked, id=2428, stack(0x0000000b2c000000,0x0000000b2c100000)]
  0x0000016198e46000 JavaThread "Execution worker for ':'" [_thread_blocked, id=12112, stack(0x0000000b2c100000,0x0000000b2c200000)]
  0x0000016198e44000 JavaThread "Execution worker for ':' Thread 2" [_thread_blocked, id=2116, stack(0x0000000b2c200000,0x0000000b2c300000)]
  0x0000016198e46800 JavaThread "Execution worker for ':' Thread 3" [_thread_blocked, id=12768, stack(0x0000000b2c300000,0x0000000b2c400000)]
  0x0000016198e45000 JavaThread "Cache worker for execution history cache (C:\Project\Hitch Dating App\Hitch Dating Platform\.gradle\7.2\executionHistory)" [_thread_blocked, id=10388, stack(0x0000000b2c400000,0x0000000b2c500000)]
  0x0000016198e41000 JavaThread "Cache worker for Java compile cache (C:\Users\Dell\.gradle\caches\7.2\javaCompile)" [_thread_blocked, id=11580, stack(0x0000000b2c500000,0x0000000b2c600000)]

Other Threads:
=>0x00000161fec18800 VMThread "VM Thread" [stack: 0x0000000b26c00000,0x0000000b26d00000] [id=7684]
  0x00000161ff6ff800 WatcherThread [stack: 0x0000000b27600000,0x0000000b27700000] [id=6580]
  0x00000161f58a4000 GCTaskThread "GC Thread#0" [stack: 0x0000000b26700000,0x0000000b26800000] [id=9324]
  0x00000161ff92e800 GCTaskThread "GC Thread#1" [stack: 0x0000000b27800000,0x0000000b27900000] [id=12672]
  0x00000161ff80d800 GCTaskThread "GC Thread#2" [stack: 0x0000000b27900000,0x0000000b27a00000] [id=8772]
  0x0000016191c26800 GCTaskThread "GC Thread#3" [stack: 0x0000000b28300000,0x0000000b28400000] [id=11188]
  0x00000161f58d3800 ConcurrentGCThread "G1 Main Marker" [stack: 0x0000000b26800000,0x0000000b26900000] [id=1252]
  0x00000161f58d6000 ConcurrentGCThread "G1 Conc#0" [stack: 0x0000000b26900000,0x0000000b26a00000] [id=12572]
  0x00000161f5962800 ConcurrentGCThread "G1 Refine#0" [stack: 0x0000000b26a00000,0x0000000b26b00000] [id=12984]
  0x00000161f5965800 ConcurrentGCThread "G1 Young RemSet Sampling" [stack: 0x0000000b26b00000,0x0000000b26c00000] [id=11124]

Threads with active compile tasks:
C2 CompilerThread0  35026 10631       4       java.util.TimSort::sort (229 bytes)

VM state:at safepoint (normal execution)

VM Mutex/Monitor currently owned by a thread:  ([mutex/lock_event])
[0x00000161f58861f0] Threads_lock - owner thread: 0x00000161fec18800
[0x00000161f5886d30] Heap_lock - owner thread: 0x0000016198e46000

Heap address: 0x0000000080000000, size: 2048 MB, Compressed Oops mode: 32-bit
Narrow klass base: 0x0000000000000000, Narrow klass shift: 3
Compressed class space size: 1073741824 Address: 0x0000000100000000

Heap:
 garbage-first heap   total 225280K, used 90038K [0x0000000080000000, 0x0000000100000000)
  region size 1024K, 5 young (5120K), 5 survivors (5120K)
 Metaspace       used 86257K, capacity 88428K, committed 88484K, reserved 1126400K
  class space    used 11099K, capacity 11885K, committed 11904K, reserved 1048576K
Heap Regions: E=young(eden), S=young(survivor), O=old, HS=humongous(starts), HC=humongous(continues), CS=collection set, F=free, A=archive, TAMS=top-at-mark-start (previous, next)
|   0|0x0000000080000000, 0x0000000080100000, 0x0000000080100000|100%| O|  |TAMS 0x0000000080100000, 0x0000000080000000| Untracked 
|   1|0x0000000080100000, 0x0000000080200000, 0x0000000080200000|100%| O|  |TAMS 0x0000000080200000, 0x0000000080100000| Untracked 
|   2|0x0000000080200000, 0x0000000080300000, 0x0000000080300000|100%| O|  |TAMS 0x0000000080300000, 0x0000000080200000| Untracked 
|   3|0x0000000080300000, 0x0000000080400000, 0x0000000080400000|100%|HS|  |TAMS 0x0000000080400000, 0x0000000080300000| Complete 
|   4|0x0000000080400000, 0x0000000080500000, 0x0000000080500000|100%|HC|  |TAMS 0x0000000080500000, 0x0000000080400000| Complete 
|   5|0x0000000080500000, 0x0000000080600000, 0x0000000080600000|100%|HC|  |TAMS 0x0000000080600000, 0x0000000080500000| Complete 
|   6|0x0000000080600000, 0x0000000080700000, 0x0000000080700000|100%| O|  |TAMS 0x0000000080700000, 0x0000000080600000| Untracked 
|   7|0x0000000080700000, 0x0000000080800000, 0x0000000080800000|100%| O|  |TAMS 0x0000000080800000, 0x0000000080700000| Untracked 
|   8|0x0000000080800000, 0x0000000080900000, 0x0000000080900000|100%| O|  |TAMS 0x0000000080900000, 0x0000000080800000| Untracked 
|   9|0x0000000080900000, 0x0000000080a00000, 0x0000000080a00000|100%| O|  |TAMS 0x0000000080a00000, 0x0000000080900000| Untracked 
|  10|0x0000000080a00000, 0x0000000080b00000, 0x0000000080b00000|100%| O|  |TAMS 0x0000000080b00000, 0x0000000080a00000| Untracked 
|  11|0x0000000080b00000, 0x0000000080c00000, 0x0000000080c00000|100%| O|  |TAMS 0x0000000080c00000, 0x0000000080b00000| Untracked 
|  12|0x0000000080c00000, 0x0000000080d00000, 0x0000000080d00000|100%| O|  |TAMS 0x0000000080d00000, 0x0000000080c00000| Untracked 
|  13|0x0000000080d00000, 0x0000000080e00000, 0x0000000080e00000|100%| O|  |TAMS 0x0000000080e00000, 0x0000000080d00000| Untracked 
|  14|0x0000000080e00000, 0x0000000080f00000, 0x0000000080f00000|100%| O|  |TAMS 0x0000000080f00000, 0x0000000080e00000| Untracked 
|  15|0x0000000080f00000, 0x0000000081000000, 0x0000000081000000|100%| O|  |TAMS 0x0000000081000000, 0x0000000080f00000| Untracked 
|  16|0x0000000081000000, 0x0000000081100000, 0x0000000081100000|100%| O|  |TAMS 0x0000000081100000, 0x0000000081000000| Untracked 
|  17|0x0000000081100000, 0x0000000081200000, 0x0000000081200000|100%| O|  |TAMS 0x0000000081200000, 0x0000000081100000| Untracked 
|  18|0x0000000081200000, 0x0000000081300000, 0x0000000081300000|100%| O|  |TAMS 0x0000000081300000, 0x0000000081200000| Untracked 
|  19|0x0000000081300000, 0x0000000081400000, 0x0000000081400000|100%| O|  |TAMS 0x0000000081400000, 0x0000000081300000| Untracked 
|  20|0x0000000081400000, 0x0000000081500000, 0x0000000081500000|100%| O|  |TAMS 0x0000000081500000, 0x0000000081400000| Untracked 
|  21|0x0000000081500000, 0x0000000081600000, 0x0000000081600000|100%| O|  |TAMS 0x0000000081600000, 0x0000000081500000| Untracked 
|  22|0x0000000081600000, 0x0000000081700000, 0x0000000081700000|100%|HS|  |TAMS 0x0000000081700000, 0x0000000081600000| Complete 
|  23|0x0000000081700000, 0x0000000081800000, 0x0000000081800000|100%|HS|  |TAMS 0x0000000081800000, 0x0000000081700000| Complete 
|  24|0x0000000081800000, 0x0000000081900000, 0x0000000081900000|100%|HS|  |TAMS 0x0000000081900000, 0x0000000081800000| Complete 
|  25|0x0000000081900000, 0x0000000081a00000, 0x0000000081a00000|100%|HS|  |TAMS 0x0000000081a00000, 0x0000000081900000| Complete 
|  26|0x0000000081a00000, 0x0000000081b00000, 0x0000000081b00000|100%|HC|  |TAMS 0x0000000081b00000, 0x0000000081a00000| Complete 
|  27|0x0000000081b00000, 0x0000000081c00000, 0x0000000081c00000|100%| O|  |TAMS 0x0000000081c00000, 0x0000000081b00000| Untracked 
|  28|0x0000000081c00000, 0x0000000081d00000, 0x0000000081d00000|100%| O|  |TAMS 0x0000000081d00000, 0x0000000081c00000| Untracked 
|  29|0x0000000081d00000, 0x0000000081e00000, 0x0000000081e00000|100%| O|  |TAMS 0x0000000081e00000, 0x0000000081d00000| Untracked 
|  30|0x0000000081e00000, 0x0000000081f00000, 0x0000000081f00000|100%| O|  |TAMS 0x0000000081f00000, 0x0000000081e00000| Untracked 
|  31|0x0000000081f00000, 0x0000000082000000, 0x0000000082000000|100%| O|  |TAMS 0x0000000082000000, 0x0000000081f00000| Untracked 
|  32|0x0000000082000000, 0x0000000082100000, 0x0000000082100000|100%| O|  |TAMS 0x0000000082100000, 0x0000000082000000| Untracked 
|  33|0x0000000082100000, 0x0000000082200000, 0x0000000082200000|100%| O|  |TAMS 0x0000000082200000, 0x0000000082100000| Untracked 
|  34|0x0000000082200000, 0x0000000082300000, 0x0000000082300000|100%| O|  |TAMS 0x0000000082300000, 0x0000000082200000| Untracked 
|  35|0x0000000082300000, 0x0000000082400000, 0x0000000082400000|100%| O|  |TAMS 0x0000000082400000, 0x0000000082300000| Untracked 
|  36|0x0000000082400000, 0x0000000082500000, 0x0000000082500000|100%| O|  |TAMS 0x0000000082500000, 0x0000000082400000| Untracked 
|  37|0x0000000082500000, 0x0000000082600000, 0x0000000082600000|100%| O|  |TAMS 0x0000000082600000, 0x0000000082500000| Untracked 
|  38|0x0000000082600000, 0x0000000082700000, 0x0000000082700000|100%| O|  |TAMS 0x0000000082700000, 0x0000000082600000| Untracked 
|  39|0x0000000082700000, 0x0000000082800000, 0x0000000082800000|100%| O|  |TAMS 0x0000000082800000, 0x0000000082700000| Untracked 
|  40|0x0000000082800000, 0x0000000082900000, 0x0000000082900000|100%| O|  |TAMS 0x0000000082900000, 0x0000000082800000| Untracked 
|  41|0x0000000082900000, 0x0000000082a00000, 0x0000000082a00000|100%| O|  |TAMS 0x0000000082a00000, 0x0000000082900000| Untracked 
|  42|0x0000000082a00000, 0x0000000082b00000, 0x0000000082b00000|100%| O|  |TAMS 0x0000000082b00000, 0x0000000082a00000| Untracked 
|  43|0x0000000082b00000, 0x0000000082c00000, 0x0000000082c00000|100%| O|  |TAMS 0x0000000082c00000, 0x0000000082b00000| Untracked 
|  44|0x0000000082c00000, 0x0000000082d00000, 0x0000000082d00000|100%| O|  |TAMS 0x0000000082d00000, 0x0000000082c00000| Untracked 
|  45|0x0000000082d00000, 0x0000000082e00000, 0x0000000082e00000|100%| O|  |TAMS 0x0000000082da8600, 0x0000000082d00000| Untracked 
|  46|0x0000000082e00000, 0x0000000082f00000, 0x0000000082f00000|100%| O|  |TAMS 0x0000000082e00000, 0x0000000082e00000| Untracked 
|  47|0x0000000082f00000, 0x0000000083000000, 0x0000000083000000|100%| O|  |TAMS 0x0000000082f00000, 0x0000000082f00000| Untracked 
|  48|0x0000000083000000, 0x0000000083100000, 0x0000000083100000|100%| O|  |TAMS 0x0000000083000000, 0x0000000083000000| Untracked 
|  49|0x0000000083100000, 0x0000000083200000, 0x0000000083200000|100%| O|  |TAMS 0x0000000083100000, 0x0000000083100000| Untracked 
|  50|0x0000000083200000, 0x0000000083300000, 0x0000000083300000|100%| O|  |TAMS 0x0000000083200000, 0x0000000083200000| Untracked 
|  51|0x0000000083300000, 0x0000000083400000, 0x0000000083400000|100%| O|  |TAMS 0x0000000083300000, 0x0000000083300000| Untracked 
|  52|0x0000000083400000, 0x0000000083500000, 0x0000000083500000|100%| O|  |TAMS 0x0000000083400000, 0x0000000083400000| Untracked 
|  53|0x0000000083500000, 0x0000000083600000, 0x0000000083600000|100%| O|  |TAMS 0x0000000083500000, 0x0000000083500000| Untracked 
|  54|0x0000000083600000, 0x0000000083700000, 0x0000000083700000|100%| O|  |TAMS 0x0000000083600000, 0x0000000083600000| Untracked 
|  55|0x0000000083700000, 0x0000000083800000, 0x0000000083800000|100%| O|  |TAMS 0x0000000083700000, 0x0000000083700000| Untracked 
|  56|0x0000000083800000, 0x0000000083900000, 0x0000000083900000|100%| O|  |TAMS 0x0000000083800000, 0x0000000083800000| Untracked 
|  57|0x0000000083900000, 0x0000000083a00000, 0x0000000083a00000|100%| O|  |TAMS 0x0000000083900000, 0x0000000083900000| Untracked 
|  58|0x0000000083a00000, 0x0000000083b00000, 0x0000000083b00000|100%| O|  |TAMS 0x0000000083a00000, 0x0000000083a00000| Untracked 
|  59|0x0000000083b00000, 0x0000000083c00000, 0x0000000083c00000|100%| O|  |TAMS 0x0000000083b00000, 0x0000000083b00000| Untracked 
|  60|0x0000000083c00000, 0x0000000083d00000, 0x0000000083d00000|100%| O|  |TAMS 0x0000000083c00000, 0x0000000083c00000| Untracked 
|  61|0x0000000083d00000, 0x0000000083e00000, 0x0000000083e00000|100%| O|  |TAMS 0x0000000083d00000, 0x0000000083d00000| Untracked 
|  62|0x0000000083e00000, 0x0000000083f00000, 0x0000000083f00000|100%| O|  |TAMS 0x0000000083e00000, 0x0000000083e00000| Untracked 
|  63|0x0000000083f00000, 0x0000000084000000, 0x0000000084000000|100%| O|  |TAMS 0x0000000083f00000, 0x0000000083f00000| Untracked 
|  64|0x0000000084000000, 0x0000000084100000, 0x0000000084100000|100%| O|  |TAMS 0x0000000084000000, 0x0000000084000000| Untracked 
|  65|0x0000000084100000, 0x0000000084200000, 0x0000000084200000|100%| O|  |TAMS 0x0000000084100000, 0x0000000084100000| Untracked 
|  66|0x0000000084200000, 0x0000000084300000, 0x0000000084300000|100%| O|  |TAMS 0x0000000084200000, 0x0000000084200000| Untracked 
|  67|0x0000000084300000, 0x0000000084400000, 0x0000000084400000|100%| O|  |TAMS 0x0000000084300000, 0x0000000084300000| Untracked 
|  68|0x0000000084400000, 0x0000000084500000, 0x0000000084500000|100%| O|  |TAMS 0x0000000084400000, 0x0000000084400000| Untracked 
|  69|0x0000000084500000, 0x0000000084600000, 0x0000000084600000|100%| O|  |TAMS 0x0000000084500000, 0x0000000084500000| Untracked 
|  70|0x0000000084600000, 0x0000000084700000, 0x0000000084700000|100%| O|  |TAMS 0x0000000084600000, 0x0000000084600000| Untracked 
|  71|0x0000000084700000, 0x0000000084800000, 0x0000000084800000|100%| O|  |TAMS 0x0000000084700000, 0x0000000084700000| Untracked 
|  72|0x0000000084800000, 0x0000000084900000, 0x0000000084900000|100%| O|  |TAMS 0x0000000084800000, 0x0000000084800000| Untracked 
|  73|0x0000000084900000, 0x0000000084a00000, 0x0000000084a00000|100%| O|  |TAMS 0x0000000084900000, 0x0000000084900000| Untracked 
|  74|0x0000000084a00000, 0x0000000084b00000, 0x0000000084b00000|100%| O|  |TAMS 0x0000000084a00000, 0x0000000084a00000| Untracked 
|  75|0x0000000084b00000, 0x0000000084c00000, 0x0000000084c00000|100%| O|  |TAMS 0x0000000084b00000, 0x0000000084b00000| Untracked 
|  76|0x0000000084c00000, 0x0000000084d00000, 0x0000000084d00000|100%| O|  |TAMS 0x0000000084c00000, 0x0000000084c00000| Untracked 
|  77|0x0000000084d00000, 0x0000000084e00000, 0x0000000084e00000|100%| O|  |TAMS 0x0000000084d00000, 0x0000000084d00000| Untracked 
|  78|0x0000000084e00000, 0x0000000084f00000, 0x0000000084f00000|100%| O|  |TAMS 0x0000000084e00000, 0x0000000084e00000| Untracked 
|  79|0x0000000084f00000, 0x0000000085000000, 0x0000000085000000|100%| O|  |TAMS 0x0000000084f00000, 0x0000000084f00000| Untracked 
|  80|0x0000000085000000, 0x0000000085100000, 0x0000000085100000|100%| O|  |TAMS 0x0000000085000000, 0x0000000085000000| Untracked 
|  81|0x0000000085100000, 0x0000000085200000, 0x0000000085200000|100%| O|  |TAMS 0x0000000085100000, 0x0000000085100000| Untracked 
|  82|0x0000000085200000, 0x0000000085300000, 0x0000000085300000|100%| O|  |TAMS 0x0000000085200000, 0x0000000085200000| Untracked 
|  83|0x0000000085300000, 0x000000008531ea00, 0x0000000085400000| 11%| O|  |TAMS 0x0000000085300000, 0x0000000085300000| Untracked 
|  84|0x0000000085400000, 0x0000000085400000, 0x0000000085500000|  0%| F|  |TAMS 0x0000000085400000, 0x0000000085400000| Untracked 
|  85|0x0000000085500000, 0x0000000085500000, 0x0000000085600000|  0%| F|  |TAMS 0x0000000085500000, 0x0000000085500000| Untracked 
|  86|0x0000000085600000, 0x0000000085600000, 0x0000000085700000|  0%| F|  |TAMS 0x0000000085600000, 0x0000000085600000| Untracked 
|  87|0x0000000085700000, 0x0000000085700000, 0x0000000085800000|  0%| F|  |TAMS 0x0000000085700000, 0x0000000085700000| Untracked 
|  88|0x0000000085800000, 0x0000000085800000, 0x0000000085900000|  0%| F|  |TAMS 0x0000000085800000, 0x0000000085800000| Untracked 
|  89|0x0000000085900000, 0x0000000085900000, 0x0000000085a00000|  0%| F|  |TAMS 0x0000000085900000, 0x0000000085900000| Untracked 
|  90|0x0000000085a00000, 0x0000000085a00000, 0x0000000085b00000|  0%| F|  |TAMS 0x0000000085a00000, 0x0000000085a00000| Untracked 
|  91|0x0000000085b00000, 0x0000000085b00000, 0x0000000085c00000|  0%| F|  |TAMS 0x0000000085b00000, 0x0000000085b00000| Untracked 
|  92|0x0000000085c00000, 0x0000000085c00000, 0x0000000085d00000|  0%| F|  |TAMS 0x0000000085c00000, 0x0000000085c00000| Untracked 
|  93|0x0000000085d00000, 0x0000000085d00000, 0x0000000085e00000|  0%| F|  |TAMS 0x0000000085d00000, 0x0000000085d00000| Untracked 
|  94|0x0000000085e00000, 0x0000000085e00000, 0x0000000085f00000|  0%| F|  |TAMS 0x0000000085e00000, 0x0000000085e00000| Untracked 
|  95|0x0000000085f00000, 0x0000000085f00000, 0x0000000086000000|  0%| F|  |TAMS 0x0000000085f00000, 0x0000000085f00000| Untracked 
|  96|0x0000000086000000, 0x0000000086000000, 0x0000000086100000|  0%| F|  |TAMS 0x0000000086000000, 0x0000000086000000| Untracked 
|  97|0x0000000086100000, 0x0000000086100000, 0x0000000086200000|  0%| F|  |TAMS 0x0000000086100000, 0x0000000086100000| Untracked 
|  98|0x0000000086200000, 0x0000000086200000, 0x0000000086300000|  0%| F|  |TAMS 0x0000000086200000, 0x0000000086200000| Untracked 
|  99|0x0000000086300000, 0x0000000086300000, 0x0000000086400000|  0%| F|  |TAMS 0x0000000086300000, 0x0000000086300000| Untracked 
| 100|0x0000000086400000, 0x0000000086400000, 0x0000000086500000|  0%| F|  |TAMS 0x0000000086400000, 0x0000000086400000| Untracked 
| 101|0x0000000086500000, 0x0000000086500000, 0x0000000086600000|  0%| F|  |TAMS 0x0000000086500000, 0x0000000086500000| Untracked 
| 102|0x0000000086600000, 0x0000000086600000, 0x0000000086700000|  0%| F|  |TAMS 0x0000000086600000, 0x0000000086600000| Untracked 
| 103|0x0000000086700000, 0x0000000086700000, 0x0000000086800000|  0%| F|  |TAMS 0x0000000086700000, 0x0000000086700000| Untracked 
| 104|0x0000000086800000, 0x0000000086800000, 0x0000000086900000|  0%| F|  |TAMS 0x0000000086800000, 0x0000000086800000| Untracked 
| 105|0x0000000086900000, 0x0000000086900000, 0x0000000086a00000|  0%| F|  |TAMS 0x0000000086900000, 0x0000000086900000| Untracked 
| 106|0x0000000086a00000, 0x0000000086a00000, 0x0000000086b00000|  0%| F|  |TAMS 0x0000000086a00000, 0x0000000086a00000| Untracked 
| 107|0x0000000086b00000, 0x0000000086b00000, 0x0000000086c00000|  0%| F|  |TAMS 0x0000000086b00000, 0x0000000086b00000| Untracked 
| 108|0x0000000086c00000, 0x0000000086c00000, 0x0000000086d00000|  0%| F|  |TAMS 0x0000000086c00000, 0x0000000086c00000| Untracked 
| 109|0x0000000086d00000, 0x0000000086d00000, 0x0000000086e00000|  0%| F|  |TAMS 0x0000000086d00000, 0x0000000086d00000| Untracked 
| 110|0x0000000086e00000, 0x0000000086e00000, 0x0000000086f00000|  0%| F|  |TAMS 0x0000000086e00000, 0x0000000086e00000| Untracked 
| 111|0x0000000086f00000, 0x0000000086f00000, 0x0000000087000000|  0%| F|  |TAMS 0x0000000086f00000, 0x0000000086f00000| Untracked 
| 112|0x0000000087000000, 0x0000000087000000, 0x0000000087100000|  0%| F|  |TAMS 0x0000000087000000, 0x0000000087000000| Untracked 
| 113|0x0000000087100000, 0x0000000087100000, 0x0000000087200000|  0%| F|  |TAMS 0x0000000087100000, 0x0000000087100000| Untracked 
| 114|0x0000000087200000, 0x0000000087200000, 0x0000000087300000|  0%| F|  |TAMS 0x0000000087200000, 0x0000000087200000| Untracked 
| 115|0x0000000087300000, 0x00000000873cef50, 0x0000000087400000| 80%| S|CS|TAMS 0x0000000087300000, 0x0000000087300000| Complete 
| 116|0x0000000087400000, 0x0000000087500000, 0x0000000087500000|100%| S|CS|TAMS 0x0000000087400000, 0x0000000087400000| Complete 
| 117|0x0000000087500000, 0x0000000087600000, 0x0000000087600000|100%| S|CS|TAMS 0x0000000087500000, 0x0000000087500000| Complete 
| 118|0x0000000087600000, 0x0000000087600000, 0x0000000087700000|  0%| F|  |TAMS 0x0000000087600000, 0x0000000087600000| Untracked 
| 119|0x0000000087700000, 0x0000000087700000, 0x0000000087800000|  0%| F|  |TAMS 0x0000000087700000, 0x0000000087700000| Untracked 
| 120|0x0000000087800000, 0x0000000087900000, 0x0000000087900000|100%| S|CS|TAMS 0x0000000087800000, 0x0000000087800000| Complete 
| 121|0x0000000087900000, 0x0000000087a00000, 0x0000000087a00000|100%| S|CS|TAMS 0x0000000087900000, 0x0000000087900000| Complete 
| 122|0x0000000087a00000, 0x0000000087a00000, 0x0000000087b00000|  0%| F|  |TAMS 0x0000000087a00000, 0x0000000087a00000| Untracked 
| 123|0x0000000087b00000, 0x0000000087b00000, 0x0000000087c00000|  0%| F|  |TAMS 0x0000000087b00000, 0x0000000087b00000| Untracked 
| 124|0x0000000087c00000, 0x0000000087c00000, 0x0000000087d00000|  0%| F|  |TAMS 0x0000000087c00000, 0x0000000087c00000| Untracked 
| 125|0x0000000087d00000, 0x0000000087d00000, 0x0000000087e00000|  0%| F|  |TAMS 0x0000000087d00000, 0x0000000087d00000| Untracked 
| 126|0x0000000087e00000, 0x0000000087e00000, 0x0000000087f00000|  0%| F|  |TAMS 0x0000000087e00000, 0x0000000087e00000| Untracked 
| 127|0x0000000087f00000, 0x0000000087f00000, 0x0000000088000000|  0%| F|  |TAMS 0x0000000087f00000, 0x0000000087f00000| Untracked 
| 128|0x0000000088000000, 0x0000000088000000, 0x0000000088100000|  0%| F|  |TAMS 0x0000000088000000, 0x0000000088000000| Untracked 
| 129|0x0000000088100000, 0x0000000088100000, 0x0000000088200000|  0%| F|  |TAMS 0x0000000088100000, 0x0000000088100000| Untracked 
| 130|0x0000000088200000, 0x0000000088200000, 0x0000000088300000|  0%| F|  |TAMS 0x0000000088200000, 0x0000000088200000| Untracked 
| 131|0x0000000088300000, 0x0000000088300000, 0x0000000088400000|  0%| F|  |TAMS 0x0000000088300000, 0x0000000088300000| Untracked 
| 132|0x0000000088400000, 0x0000000088400000, 0x0000000088500000|  0%| F|  |TAMS 0x0000000088400000, 0x0000000088400000| Untracked 
| 133|0x0000000088500000, 0x0000000088500000, 0x0000000088600000|  0%| F|  |TAMS 0x0000000088500000, 0x0000000088500000| Untracked 
| 134|0x0000000088600000, 0x0000000088600000, 0x0000000088700000|  0%| F|  |TAMS 0x0000000088600000, 0x0000000088600000| Untracked 
| 135|0x0000000088700000, 0x0000000088700000, 0x0000000088800000|  0%| F|  |TAMS 0x0000000088700000, 0x0000000088700000| Untracked 
| 136|0x0000000088800000, 0x0000000088800000, 0x0000000088900000|  0%| F|  |TAMS 0x0000000088800000, 0x0000000088800000| Untracked 
| 137|0x0000000088900000, 0x0000000088900000, 0x0000000088a00000|  0%| F|  |TAMS 0x0000000088900000, 0x0000000088900000| Untracked 
| 138|0x0000000088a00000, 0x0000000088a00000, 0x0000000088b00000|  0%| F|  |TAMS 0x0000000088a00000, 0x0000000088a00000| Untracked 
| 139|0x0000000088b00000, 0x0000000088b00000, 0x0000000088c00000|  0%| F|  |TAMS 0x0000000088b00000, 0x0000000088b00000| Untracked 
| 140|0x0000000088c00000, 0x0000000088c00000, 0x0000000088d00000|  0%| F|  |TAMS 0x0000000088c00000, 0x0000000088c00000| Untracked 
| 141|0x0000000088d00000, 0x0000000088d00000, 0x0000000088e00000|  0%| F|  |TAMS 0x0000000088d00000, 0x0000000088d00000| Untracked 
| 142|0x0000000088e00000, 0x0000000088e00000, 0x0000000088f00000|  0%| F|  |TAMS 0x0000000088e00000, 0x0000000088e00000| Untracked 
| 143|0x0000000088f00000, 0x0000000088f00000, 0x0000000089000000|  0%| F|  |TAMS 0x0000000088f00000, 0x0000000088f00000| Untracked 
| 144|0x0000000089000000, 0x0000000089000000, 0x0000000089100000|  0%| F|  |TAMS 0x0000000089000000, 0x0000000089000000| Untracked 
| 145|0x0000000089100000, 0x0000000089100000, 0x0000000089200000|  0%| F|  |TAMS 0x0000000089100000, 0x0000000089100000| Untracked 
| 146|0x0000000089200000, 0x0000000089200000, 0x0000000089300000|  0%| F|  |TAMS 0x0000000089200000, 0x0000000089200000| Untracked 
| 147|0x0000000089300000, 0x0000000089300000, 0x0000000089400000|  0%| F|  |TAMS 0x0000000089300000, 0x0000000089300000| Untracked 
| 148|0x0000000089400000, 0x0000000089400000, 0x0000000089500000|  0%| F|  |TAMS 0x0000000089400000, 0x0000000089400000| Untracked 
| 149|0x0000000089500000, 0x0000000089500000, 0x0000000089600000|  0%| F|  |TAMS 0x0000000089500000, 0x0000000089500000| Untracked 
| 150|0x0000000089600000, 0x0000000089600000, 0x0000000089700000|  0%| F|  |TAMS 0x0000000089600000, 0x0000000089600000| Untracked 
| 151|0x0000000089700000, 0x0000000089700000, 0x0000000089800000|  0%| F|  |TAMS 0x0000000089700000, 0x0000000089700000| Untracked 
| 152|0x0000000089800000, 0x0000000089800000, 0x0000000089900000|  0%| F|  |TAMS 0x0000000089800000, 0x0000000089800000| Untracked 
| 153|0x0000000089900000, 0x0000000089900000, 0x0000000089a00000|  0%| F|  |TAMS 0x0000000089900000, 0x0000000089900000| Untracked 
| 154|0x0000000089a00000, 0x0000000089a00000, 0x0000000089b00000|  0%| F|  |TAMS 0x0000000089a00000, 0x0000000089a00000| Untracked 
| 155|0x0000000089b00000, 0x0000000089b00000, 0x0000000089c00000|  0%| F|  |TAMS 0x0000000089b00000, 0x0000000089b00000| Untracked 
| 156|0x0000000089c00000, 0x0000000089c00000, 0x0000000089d00000|  0%| F|  |TAMS 0x0000000089c00000, 0x0000000089c00000| Untracked 
| 157|0x0000000089d00000, 0x0000000089d00000, 0x0000000089e00000|  0%| F|  |TAMS 0x0000000089d00000, 0x0000000089d00000| Untracked 
| 158|0x0000000089e00000, 0x0000000089e00000, 0x0000000089f00000|  0%| F|  |TAMS 0x0000000089e00000, 0x0000000089e00000| Untracked 
| 159|0x0000000089f00000, 0x0000000089f00000, 0x000000008a000000|  0%| F|  |TAMS 0x0000000089f00000, 0x0000000089f00000| Untracked 
| 160|0x000000008a000000, 0x000000008a000000, 0x000000008a100000|  0%| F|  |TAMS 0x000000008a000000, 0x000000008a000000| Untracked 
| 161|0x000000008a100000, 0x000000008a100000, 0x000000008a200000|  0%| F|  |TAMS 0x000000008a100000, 0x000000008a100000| Untracked 
| 162|0x000000008a200000, 0x000000008a200000, 0x000000008a300000|  0%| F|  |TAMS 0x000000008a200000, 0x000000008a200000| Untracked 
| 163|0x000000008a300000, 0x000000008a300000, 0x000000008a400000|  0%| F|  |TAMS 0x000000008a300000, 0x000000008a300000| Untracked 
| 164|0x000000008a400000, 0x000000008a400000, 0x000000008a500000|  0%| F|  |TAMS 0x000000008a400000, 0x000000008a400000| Untracked 
| 165|0x000000008a500000, 0x000000008a500000, 0x000000008a600000|  0%| F|  |TAMS 0x000000008a500000, 0x000000008a500000| Untracked 
| 166|0x000000008a600000, 0x000000008a600000, 0x000000008a700000|  0%| F|  |TAMS 0x000000008a600000, 0x000000008a600000| Untracked 
| 167|0x000000008a700000, 0x000000008a700000, 0x000000008a800000|  0%| F|  |TAMS 0x000000008a700000, 0x000000008a700000| Untracked 
| 168|0x000000008a800000, 0x000000008a800000, 0x000000008a900000|  0%| F|  |TAMS 0x000000008a800000, 0x000000008a800000| Untracked 
| 169|0x000000008a900000, 0x000000008a900000, 0x000000008aa00000|  0%| F|  |TAMS 0x000000008a900000, 0x000000008a900000| Untracked 
| 170|0x000000008aa00000, 0x000000008aa00000, 0x000000008ab00000|  0%| F|  |TAMS 0x000000008aa00000, 0x000000008aa00000| Untracked 
| 171|0x000000008ab00000, 0x000000008ab00000, 0x000000008ac00000|  0%| F|  |TAMS 0x000000008ab00000, 0x000000008ab00000| Untracked 
| 172|0x000000008ac00000, 0x000000008ac00000, 0x000000008ad00000|  0%| F|  |TAMS 0x000000008ac00000, 0x000000008ac00000| Untracked 
| 173|0x000000008ad00000, 0x000000008ad00000, 0x000000008ae00000|  0%| F|  |TAMS 0x000000008ad00000, 0x000000008ad00000| Untracked 
| 174|0x000000008ae00000, 0x000000008ae00000, 0x000000008af00000|  0%| F|  |TAMS 0x000000008ae00000, 0x000000008ae00000| Untracked 
| 175|0x000000008af00000, 0x000000008af00000, 0x000000008b000000|  0%| F|  |TAMS 0x000000008af00000, 0x000000008af00000| Untracked 
| 176|0x000000008b000000, 0x000000008b000000, 0x000000008b100000|  0%| F|  |TAMS 0x000000008b000000, 0x000000008b000000| Untracked 
| 177|0x000000008b100000, 0x000000008b100000, 0x000000008b200000|  0%| F|  |TAMS 0x000000008b100000, 0x000000008b100000| Untracked 
| 178|0x000000008b200000, 0x000000008b200000, 0x000000008b300000|  0%| F|  |TAMS 0x000000008b200000, 0x000000008b200000| Untracked 
| 179|0x000000008b300000, 0x000000008b300000, 0x000000008b400000|  0%| F|  |TAMS 0x000000008b300000, 0x000000008b300000| Untracked 
| 180|0x000000008b400000, 0x000000008b400000, 0x000000008b500000|  0%| F|  |TAMS 0x000000008b400000, 0x000000008b400000| Untracked 
| 181|0x000000008b500000, 0x000000008b500000, 0x000000008b600000|  0%| F|  |TAMS 0x000000008b500000, 0x000000008b500000| Untracked 
| 182|0x000000008b600000, 0x000000008b600000, 0x000000008b700000|  0%| F|  |TAMS 0x000000008b600000, 0x000000008b600000| Untracked 

Card table byte_map: [0x00000161f9de0000,0x00000161fa1e0000] _byte_map_base: 0x00000161f99e0000

Marking Bits (Prev, Next): (CMBitMap*) 0x00000161f58ca880, (CMBitMap*) 0x00000161f58ca848
 Prev Bits: [0x00000161fc5e0000, 0x00000161fe5e0000)
 Next Bits: [0x00000161fa5e0000, 0x00000161fc5e0000)

Polling page: 0x00000161f9390000

Metaspace:

Usage:
  Non-class:     74.75 MB capacity,    73.40 MB ( 98%) used,     1.11 MB (  1%) free+waste,   249.25 KB ( <1%) overhead. 
      Class:     11.61 MB capacity,    10.84 MB ( 93%) used,   673.20 KB (  6%) free+waste,   112.31 KB ( <1%) overhead. 
       Both:     86.36 MB capacity,    84.24 MB ( 98%) used,     1.77 MB (  2%) free+waste,   361.56 KB ( <1%) overhead. 

Virtual space:
  Non-class space:       76.00 MB reserved,      74.79 MB ( 98%) committed 
      Class space:        1.00 GB reserved,      11.63 MB (  1%) committed 
             Both:        1.07 GB reserved,      86.41 MB (  8%) committed 

Chunk freelists:
   Non-Class:  37.00 KB
       Class:  19.00 KB
        Both:  56.00 KB

MaxMetaspaceSize: 17179869184.00 GB
CompressedClassSpaceSize: 1.00 GB

CodeHeap 'non-profiled nmethods': size=120064Kb used=4589Kb max_used=4589Kb free=115474Kb
 bounds [0x0000016187ac0000, 0x0000016187f40000, 0x000001618f000000]
CodeHeap 'profiled nmethods': size=120000Kb used=20453Kb max_used=20453Kb free=99546Kb
 bounds [0x0000016180590000, 0x0000016181990000, 0x0000016187ac0000]
CodeHeap 'non-nmethods': size=5696Kb used=2282Kb max_used=2320Kb free=3413Kb
 bounds [0x0000016180000000, 0x0000016180270000, 0x0000016180590000]
 total_blobs=11270 nmethods=10389 adapters=789
 compilation: enabled
              stopped_count=0, restarted_count=0
 full_count=0

Compilation events (20 events):
Event: 34.675 Thread 0x00000161fec48000 10629       3       java.lang.Integer::toUnsignedString0 (78 bytes)
Event: 34.675 Thread 0x00000161fec48000 nmethod 10629 0x0000016181987a90 code [0x0000016181987c80, 0x00000161819880d8]
Event: 34.676 Thread 0x00000161fec48000 10630       3       java.util.Vector::<init> (7 bytes)
Event: 34.676 Thread 0x00000161fec48000 nmethod 10630 0x0000016181988290 code [0x0000016181988460, 0x0000016181988608]
Event: 34.812 Thread 0x00000161fec41800 nmethod 10606 0x0000016187f35690 code [0x0000016187f35ac0, 0x0000016187f391a8]
Event: 34.813 Thread 0x00000161fec41800 10631       4       java.util.TimSort::sort (229 bytes)
Event: 34.849 Thread 0x00000161fec48000 10635       1       jdk.internal.jimage.decompressor.CompressedResourceHeader::getDecompressorNameOffset (5 bytes)
Event: 34.850 Thread 0x00000161fec48000 nmethod 10635 0x0000016187f3a910 code [0x0000016187f3aac0, 0x0000016187f3ab78]
Event: 34.850 Thread 0x00000161fec48000 10636       3       jdk.internal.misc.Unsafe::convEndian (16 bytes)
Event: 34.850 Thread 0x00000161fec48000 nmethod 10636 0x0000016181988710 code [0x00000161819888c0, 0x0000016181988a28]
Event: 34.850 Thread 0x00000161fec48000 10637       3       java.nio.HeapByteBuffer::getLong (26 bytes)
Event: 34.851 Thread 0x00000161fec48000 nmethod 10637 0x0000016181988b10 code [0x0000016181988d00, 0x0000016181989158]
Event: 34.851 Thread 0x00000161fec48000 10638       3       jdk.internal.misc.Unsafe::getLongUnaligned (12 bytes)
Event: 34.852 Thread 0x00000161fec48000 nmethod 10638 0x0000016181989310 code [0x00000161819894e0, 0x00000161819896c8]
Event: 34.852 Thread 0x00000161fec48000 10639       1       jdk.internal.jimage.decompressor.CompressedResourceHeader::getUncompressedSize (5 bytes)
Event: 34.852 Thread 0x00000161fec48000 nmethod 10639 0x0000016187f3ac10 code [0x0000016187f3adc0, 0x0000016187f3ae78]
Event: 34.852 Thread 0x00000161fec48000 10640       1       jdk.internal.loader.BuiltinClassLoader$LoadedModule::mref (5 bytes)
Event: 34.852 Thread 0x00000161fec48000 nmethod 10640 0x0000016187f3af10 code [0x0000016187f3b0c0, 0x0000016187f3b178]
Event: 34.852 Thread 0x00000161fec48000 10641       1       jdk.internal.loader.BuiltinClassLoader$LoadedModule::codeSourceURL (5 bytes)
Event: 34.853 Thread 0x00000161fec48000 nmethod 10641 0x0000016187f3b210 code [0x0000016187f3b3c0, 0x0000016187f3b478]

GC Heap History (20 events):
Event: 15.939 GC heap after
{Heap after GC invocations=12 (full 0):
 garbage-first heap   total 155648K, used 31484K [0x0000000080000000, 0x0000000100000000)
  region size 1024K, 9 young (9216K), 9 survivors (9216K)
 Metaspace       used 47270K, capacity 48519K, committed 48636K, reserved 1091584K
  class space    used 6037K, capacity 6472K, committed 6528K, reserved 1048576K
}
Event: 18.395 GC heap before
{Heap before GC invocations=12 (full 0):
 garbage-first heap   total 155648K, used 116476K [0x0000000080000000, 0x0000000100000000)
  region size 1024K, 88 young (90112K), 9 survivors (9216K)
 Metaspace       used 53902K, capacity 55280K, committed 55420K, reserved 1097728K
  class space    used 6874K, capacity 7365K, committed 7424K, reserved 1048576K
}
Event: 18.430 GC heap after
{Heap after GC invocations=13 (full 0):
 garbage-first heap   total 155648K, used 45939K [0x0000000080000000, 0x0000000100000000)
  region size 1024K, 11 young (11264K), 11 survivors (11264K)
 Metaspace       used 53902K, capacity 55280K, committed 55420K, reserved 1097728K
  class space    used 6874K, capacity 7365K, committed 7424K, reserved 1048576K
}
Event: 19.434 GC heap before
{Heap before GC invocations=13 (full 0):
 garbage-first heap   total 155648K, used 74611K [0x0000000080000000, 0x0000000100000000)
  region size 1024K, 40 young (40960K), 11 survivors (11264K)
 Metaspace       used 58303K, capacity 59804K, committed 59940K, reserved 1101824K
  class space    used 7354K, capacity 7886K, committed 7936K, reserved 1048576K
}
Event: 19.466 GC heap after
{Heap after GC invocations=14 (full 0):
 garbage-first heap   total 187392K, used 48710K [0x0000000080000000, 0x0000000100000000)
  region size 1024K, 2 young (2048K), 2 survivors (2048K)
 Metaspace       used 58303K, capacity 59804K, committed 59940K, reserved 1101824K
  class space    used 7354K, capacity 7886K, committed 7936K, reserved 1048576K
}
Event: 22.700 GC heap before
{Heap before GC invocations=15 (full 0):
 garbage-first heap   total 187392K, used 114246K [0x0000000080000000, 0x0000000100000000)
  region size 1024K, 66 young (67584K), 2 survivors (2048K)
 Metaspace       used 65322K, capacity 66960K, committed 67236K, reserved 1107968K
  class space    used 8221K, capacity 8765K, committed 8832K, reserved 1048576K
}
Event: 22.720 GC heap after
{Heap after GC invocations=16 (full 0):
 garbage-first heap   total 187392K, used 53921K [0x0000000080000000, 0x0000000100000000)
  region size 1024K, 7 young (7168K), 7 survivors (7168K)
 Metaspace       used 65322K, capacity 66960K, committed 67236K, reserved 1107968K
  class space    used 8221K, capacity 8765K, committed 8832K, reserved 1048576K
}
Event: 24.040 GC heap before
{Heap before GC invocations=16 (full 0):
 garbage-first heap   total 187392K, used 120481K [0x0000000080000000, 0x0000000100000000)
  region size 1024K, 72 young (73728K), 7 survivors (7168K)
 Metaspace       used 67856K, capacity 69555K, committed 69668K, reserved 1110016K
  class space    used 8577K, capacity 9176K, committed 9216K, reserved 1048576K
}
Event: 24.066 GC heap after
{Heap after GC invocations=17 (full 0):
 garbage-first heap   total 187392K, used 58484K [0x0000000080000000, 0x0000000100000000)
  region size 1024K, 6 young (6144K), 6 survivors (6144K)
 Metaspace       used 67856K, capacity 69555K, committed 69668K, reserved 1110016K
  class space    used 8577K, capacity 9176K, committed 9216K, reserved 1048576K
}
Event: 25.337 GC heap before
{Heap before GC invocations=17 (full 0):
 garbage-first heap   total 187392K, used 126068K [0x0000000080000000, 0x0000000100000000)
  region size 1024K, 72 young (73728K), 6 survivors (6144K)
 Metaspace       used 72118K, capacity 73848K, committed 74020K, reserved 1114112K
  class space    used 9294K, capacity 9899K, committed 9984K, reserved 1048576K
}
Event: 25.360 GC heap after
{Heap after GC invocations=18 (full 0):
 garbage-first heap   total 187392K, used 63225K [0x0000000080000000, 0x0000000100000000)
  region size 1024K, 5 young (5120K), 5 survivors (5120K)
 Metaspace       used 72118K, capacity 73848K, committed 74020K, reserved 1114112K
  class space    used 9294K, capacity 9899K, committed 9984K, reserved 1048576K
}
Event: 27.319 GC heap before
{Heap before GC invocations=18 (full 0):
 garbage-first heap   total 187392K, used 131833K [0x0000000080000000, 0x0000000100000000)
  region size 1024K, 72 young (73728K), 5 survivors (5120K)
 Metaspace       used 79202K, capacity 81067K, committed 81188K, reserved 1120256K
  class space    used 10274K, capacity 10914K, committed 11008K, reserved 1048576K
}
Event: 27.341 GC heap after
{Heap after GC invocations=19 (full 0):
 garbage-first heap   total 187392K, used 67455K [0x0000000080000000, 0x0000000100000000)
  region size 1024K, 9 young (9216K), 9 survivors (9216K)
 Metaspace       used 79202K, capacity 81067K, committed 81188K, reserved 1120256K
  class space    used 10274K, capacity 10914K, committed 11008K, reserved 1048576K
}
Event: 29.362 GC heap before
{Heap before GC invocations=19 (full 0):
 garbage-first heap   total 187392K, used 136063K [0x0000000080000000, 0x0000000100000000)
  region size 1024K, 77 young (78848K), 9 survivors (9216K)
 Metaspace       used 83895K, capacity 86073K, committed 86180K, reserved 1124352K
  class space    used 10863K, capacity 11635K, committed 11648K, reserved 1048576K
}
Event: 29.403 GC heap after
{Heap after GC invocations=20 (full 0):
 garbage-first heap   total 187392K, used 74167K [0x0000000080000000, 0x0000000100000000)
  region size 1024K, 10 young (10240K), 10 survivors (10240K)
 Metaspace       used 83895K, capacity 86073K, committed 86180K, reserved 1124352K
  class space    used 10863K, capacity 11635K, committed 11648K, reserved 1048576K
}
Event: 31.150 GC heap before
{Heap before GC invocations=20 (full 0):
 garbage-first heap   total 187392K, used 139703K [0x0000000080000000, 0x0000000100000000)
  region size 1024K, 75 young (76800K), 10 survivors (10240K)
 Metaspace       used 84254K, capacity 86429K, committed 86692K, reserved 1124352K
  class space    used 10867K, capacity 11639K, committed 11648K, reserved 1048576K
}
Event: 31.183 GC heap after
{Heap after GC invocations=21 (full 0):
 garbage-first heap   total 187392K, used 80201K [0x0000000080000000, 0x0000000100000000)
  region size 1024K, 6 young (6144K), 6 survivors (6144K)
 Metaspace       used 84254K, capacity 86429K, committed 86692K, reserved 1124352K
  class space    used 10867K, capacity 11639K, committed 11648K, reserved 1048576K
}
Event: 32.979 GC heap before
{Heap before GC invocations=21 (full 0):
 garbage-first heap   total 187392K, used 144713K [0x0000000080000000, 0x0000000100000000)
  region size 1024K, 69 young (70656K), 6 survivors (6144K)
 Metaspace       used 84791K, capacity 86956K, committed 87076K, reserved 1124352K
  class space    used 10912K, capacity 11702K, committed 11776K, reserved 1048576K
}
Event: 33.006 GC heap after
{Heap after GC invocations=22 (full 0):
 garbage-first heap   total 187392K, used 84992K [0x0000000080000000, 0x0000000100000000)
  region size 1024K, 9 young (9216K), 9 survivors (9216K)
 Metaspace       used 84791K, capacity 86956K, committed 87076K, reserved 1124352K
  class space    used 10912K, capacity 11702K, committed 11776K, reserved 1048576K
}
Event: 34.883 GC heap before
{Heap before GC invocations=22 (full 0):
 garbage-first heap   total 187392K, used 146432K [0x0000000080000000, 0x0000000100000000)
  region size 1024K, 70 young (71680K), 9 survivors (9216K)
 Metaspace       used 86257K, capacity 88428K, committed 88484K, reserved 1126400K
  class space    used 11099K, capacity 11885K, committed 11904K, reserved 1048576K
}

Deoptimization events (20 events):
Event: 33.460 Thread 0x0000016198e46000 Uncommon trap: trap_request=0xffffff4d fr.pc=0x0000016187e943c8 relative=0x0000000000000548
Event: 33.460 Thread 0x0000016198e46000 Uncommon trap: reason=unstable_if action=reinterpret pc=0x0000016187e943c8 method=org.gradle.internal.snapshot.VfsRelativePath.lengthOfCommonPrefix(Ljava/lang/String;Lorg/gradle/internal/snapshot/CaseSensitivity;)I @ 107 c2
Event: 33.460 Thread 0x0000016198e46000 DEOPT PACKING pc=0x0000016187e943c8 sp=0x0000000b2c1fc360
Event: 33.460 Thread 0x0000016198e46000 DEOPT UNPACKING pc=0x000001618002662f sp=0x0000000b2c1fc2e8 mode 2
Event: 33.937 Thread 0x0000016198e46000 Uncommon trap: trap_request=0xffffff7e fr.pc=0x0000016187ed29a8 relative=0x0000000000000ae8
Event: 33.937 Thread 0x0000016198e46000 Uncommon trap: reason=predicate action=maybe_recompile pc=0x0000016187ed29a8 method=com.google.common.collect.RegularImmutableMap.fromEntryArray(I[Ljava/util/Map$Entry;)Lcom/google/common/collect/ImmutableMap; @ 59 c2
Event: 33.937 Thread 0x0000016198e46000 DEOPT PACKING pc=0x0000016187ed29a8 sp=0x0000000b2c1f9990
Event: 33.937 Thread 0x0000016198e46000 DEOPT UNPACKING pc=0x000001618002662f sp=0x0000000b2c1f9938 mode 2
Event: 34.050 Thread 0x000001619206f000 Uncommon trap: trap_request=0xffffff4d fr.pc=0x0000016187d942d8 relative=0x00000000000002f8
Event: 34.050 Thread 0x000001619206f000 Uncommon trap: reason=unstable_if action=reinterpret pc=0x0000016187d942d8 method=java.util.concurrent.ConcurrentHashMap.addCount(JI)V @ 97 c2
Event: 34.050 Thread 0x000001619206f000 DEOPT PACKING pc=0x0000016187d942d8 sp=0x0000000b29cfe1a0
Event: 34.050 Thread 0x000001619206f000 DEOPT UNPACKING pc=0x000001618002662f sp=0x0000000b29cfe0e0 mode 2
Event: 34.059 Thread 0x0000016192072000 DEOPT PACKING pc=0x0000016180d802a4 sp=0x0000000b2a2fd420
Event: 34.059 Thread 0x0000016192072000 DEOPT UNPACKING pc=0x0000016180026dde sp=0x0000000b2a2fc8e0 mode 0
Event: 34.616 Thread 0x0000016198e46000 Uncommon trap: trap_request=0xffffff4d fr.pc=0x0000016187b18dec relative=0x000000000000052c
Event: 34.616 Thread 0x0000016198e46000 Uncommon trap: reason=unstable_if action=reinterpret pc=0x0000016187b18dec method=java.lang.StringLatin1.compareToCI([B[B)I @ 68 c2
Event: 34.616 Thread 0x0000016198e46000 DEOPT PACKING pc=0x0000016187b18dec sp=0x0000000b2c1f9bc0
Event: 34.616 Thread 0x0000016198e46000 DEOPT UNPACKING pc=0x000001618002662f sp=0x0000000b2c1f98a0 mode 2
Event: 34.676 Thread 0x0000016198e46000 DEOPT PACKING pc=0x0000016180f09804 sp=0x0000000b2c1f9270
Event: 34.676 Thread 0x0000016198e46000 DEOPT UNPACKING pc=0x0000016180026dde sp=0x0000000b2c1f87c0 mode 0

Classes redefined (0 events):
No events

Internal exceptions (20 events):
Event: 28.198 Thread 0x00000161933bb800 Exception <a 'java/lang/NoSuchMethodError'{0x00000000892b49f0}: <clinit>> (0x00000000892b49f0) thrown at [./src/hotspot/share/prims/jni.cpp, line 1362]
Event: 28.210 Thread 0x00000161933bb800 Exception <a 'java/lang/NoSuchMethodError'{0x00000000891098c0}: <clinit>> (0x00000000891098c0) thrown at [./src/hotspot/share/prims/jni.cpp, line 1362]
Event: 28.264 Thread 0x000001619240f800 Exception <a 'java/lang/IncompatibleClassChangeError'{0x00000000891ce880}: Found class java.lang.Object, but interface was expected> (0x00000000891ce880) thrown at [./src/hotspot/share/interpreter/linkResolver.cpp, line 839]
Event: 28.327 Thread 0x0000016198e46000 Exception <a 'java/lang/NoSuchMethodError'{0x00000000898e4968}: 'java.lang.Object java.lang.invoke.DirectMethodHandle$Holder.invokeInterface(java.lang.Object, java.lang.Object, int)'> (0x00000000898e4968) thrown at [./src/hotspot/share/interpreter/linkResolver.cpp, line 773]
Event: 28.330 Thread 0x0000016198e46000 Exception <a 'java/lang/NoSuchMethodError'{0x00000000898f6b18}: 'void java.lang.invoke.DirectMethodHandle$Holder.invokeStatic(java.lang.Object, java.lang.Object, java.lang.Object, int)'> (0x00000000898f6b18) thrown at [./src/hotspot/share/interpreter/linkResolver.cpp, line 773]
Event: 28.343 Thread 0x000001619215e000 Exception <a 'java/lang/NoSuchMethodError'{0x0000000088f7d5d0}: <clinit>> (0x0000000088f7d5d0) thrown at [./src/hotspot/share/prims/jni.cpp, line 1362]
Event: 28.450 Thread 0x0000016198e46000 Exception <a 'java/lang/IncompatibleClassChangeError'{0x0000000088ec5668}: Found class java.lang.Object, but interface was expected> (0x0000000088ec5668) thrown at [./src/hotspot/share/interpreter/linkResolver.cpp, line 839]
Event: 28.459 Thread 0x0000016198e46000 Exception <a 'java/lang/IncompatibleClassChangeError'{0x0000000088d05ee8}: Found class java.lang.Object, but interface was expected> (0x0000000088d05ee8) thrown at [./src/hotspot/share/interpreter/linkResolver.cpp, line 839]
Event: 28.534 Thread 0x0000016198e46000 Exception <a 'java/lang/NoSuchMethodError'{0x0000000088b3e920}: 'int java.lang.invoke.DirectMethodHandle$Holder.invokeStaticInit(java.lang.Object, java.lang.Object, java.lang.Object, java.lang.Object, java.lang.Object)'> (0x0000000088b3e920) thrown at [./src/hotspot/share/interpreter/linkResolver.cpp, line 773]
Event: 29.083 Thread 0x0000016198e46000 Exception <a 'java/lang/NoSuchMethodError'{0x0000000087e3f5c8}: 'void java.lang.invoke.DirectMethodHandle$Holder.invokeStatic(java.lang.Object, java.lang.Object, java.lang.Object, java.lang.Object, int, java.lang.Object, java.lang.Object)'> (0x0000000087e3f5c8) thrown at [./src/hotspot/share/interpreter/linkResolver.cpp, line 773]
Event: 29.132 Thread 0x0000016192077000 Exception <a 'java/lang/NoSuchMethodError'{0x0000000087a0d298}: 'java.lang.Object java.lang.invoke.DirectMethodHandle$Holder.invokeSpecialIFC(java.lang.Object, java.lang.Object, java.lang.Object)'> (0x0000000087a0d298) thrown at [./src/hotspot/share/interpreter/linkResolver.cpp, line 773]
Event: 29.132 Thread 0x0000016198e46000 Exception <a 'java/lang/NoSuchMethodError'{0x0000000087a3cb70}: 'java.lang.Object java.lang.invoke.DirectMethodHandle$Holder.invokeSpecialIFC(java.lang.Object, java.lang.Object, java.lang.Object)'> (0x0000000087a3cb70) thrown at [./src/hotspot/share/interpreter/linkResolver.cpp, line 773]
Event: 30.425 Thread 0x0000016198e46000 Exception <a 'java/lang/NoSuchMethodError'{0x0000000089c9ad60}: 'void java.lang.invoke.DirectMethodHandle$Holder.invokeVirtual(java.lang.Object, java.lang.Object)'> (0x0000000089c9ad60) thrown at [./src/hotspot/share/interpreter/linkResolver.cpp, line 773]
Event: 32.432 Thread 0x0000016198e46000 Exception <a 'java/lang/NoSuchMethodError'{0x0000000088afa9b8}: <clinit>> (0x0000000088afa9b8) thrown at [./src/hotspot/share/prims/jni.cpp, line 1362]
Event: 32.433 Thread 0x0000016198e46000 Exception <a 'java/lang/NoSuchMethodError'{0x0000000088afbfc0}: <clinit>> (0x0000000088afbfc0) thrown at [./src/hotspot/share/prims/jni.cpp, line 1362]
Event: 32.433 Thread 0x0000016198e46000 Exception <a 'java/lang/NoSuchMethodError'{0x0000000088afe150}: <clinit>> (0x0000000088afe150) thrown at [./src/hotspot/share/prims/jni.cpp, line 1362]
Event: 32.441 Thread 0x0000016198e46000 Exception <a 'java/lang/NoSuchMethodError'{0x0000000088916840}: <clinit>> (0x0000000088916840) thrown at [./src/hotspot/share/prims/jni.cpp, line 1362]
Event: 32.442 Thread 0x0000016198e46000 Exception <a 'java/lang/NoSuchMethodError'{0x0000000088917d20}: <clinit>> (0x0000000088917d20) thrown at [./src/hotspot/share/prims/jni.cpp, line 1362]
Event: 32.675 Thread 0x0000016192071800 Implicit null exception at 0x0000016187ef3491 to 0x0000016187ef3c58
Event: 34.107 Thread 0x0000016198e46000 Exception <a 'java/lang/NoSuchMethodError'{0x000000008832d248}: 'int java.lang.invoke.DirectMethodHandle$Holder.invokeSpecial(java.lang.Object, java.lang.Object, java.lang.Object, java.lang.Object, java.lang.Object)'> (0x000000008832d248) thrown at [./src/hotspot/share/interpreter/linkResolver.cpp, line 773]

Events (20 events):
Event: 34.754 loading class com/sun/tools/javac/util/Context
Event: 34.754 loading class com/sun/tools/javac/util/Context done
Event: 34.754 loading class com/sun/tools/javac/util/Context$Factory
Event: 34.754 loading class com/sun/tools/javac/util/Context$Factory done
Event: 34.762 loading class java/nio/charset/IllegalCharsetNameException
Event: 34.762 loading class java/nio/charset/IllegalCharsetNameException done
Event: 34.764 loading class java/nio/file/ProviderNotFoundException
Event: 34.764 loading class java/nio/file/ProviderNotFoundException done
Event: 34.838 Loaded shared library C:\Android Studio\Android Installed\jre\bin\zip.dll
Event: 34.876 loading class com/sun/tools/javac/main/Option$OptionGroup
Event: 34.876 loading class com/sun/tools/javac/main/Option$OptionGroup done
Event: 34.877 loading class com/sun/tools/javac/main/Option
Event: 34.877 loading class com/sun/tools/javac/main/Option done
Event: 34.877 loading class com/sun/tools/javac/main/Option$OptionGroup
Event: 34.877 loading class com/sun/tools/javac/main/Option$OptionGroup done
Event: 34.878 loading class java/util/JumboEnumSet
Event: 34.879 loading class java/util/JumboEnumSet done
Event: 34.879 Executing VM operation: Deoptimize
Event: 34.880 Executing VM operation: Deoptimize done
Event: 34.882 Executing VM operation: G1CollectForAllocation


Dynamic libraries:
0x00007ff702b70000 - 0x00007ff702b7a000 	C:\Android Studio\Android Installed\jre\bin\java.exe
0x00007ffc8b610000 - 0x00007ffc8b805000 	C:\WINDOWS\SYSTEM32\ntdll.dll
0x00007ffc8b440000 - 0x00007ffc8b4fe000 	C:\WINDOWS\System32\KERNEL32.DLL
0x00007ffc88fe0000 - 0x00007ffc892a8000 	C:\WINDOWS\System32\KERNELBASE.dll
0x00007ffc88ee0000 - 0x00007ffc88fe0000 	C:\WINDOWS\System32\ucrtbase.dll
0x00007ffc84110000 - 0x00007ffc84127000 	C:\Android Studio\Android Installed\jre\bin\VCRUNTIME140.dll
0x00007ffc83d80000 - 0x00007ffc83d99000 	C:\Android Studio\Android Installed\jre\bin\jli.dll
0x00007ffc89cf0000 - 0x00007ffc89e90000 	C:\WINDOWS\System32\USER32.dll
0x00007ffc89530000 - 0x00007ffc89552000 	C:\WINDOWS\System32\win32u.dll
0x00007ffc8a5b0000 - 0x00007ffc8a5db000 	C:\WINDOWS\System32\GDI32.dll
0x00007ffc89560000 - 0x00007ffc8966b000 	C:\WINDOWS\System32\gdi32full.dll
0x00007ffc88d60000 - 0x00007ffc88dfd000 	C:\WINDOWS\System32\msvcp_win.dll
0x00007ffc76af0000 - 0x00007ffc76d8a000 	C:\WINDOWS\WinSxS\amd64_microsoft.windows.common-controls_6595b64144ccf1df_6.0.19041.1110_none_60b5254171f9507e\COMCTL32.dll
0x00007ffc89ec0000 - 0x00007ffc89f5e000 	C:\WINDOWS\System32\msvcrt.dll
0x00007ffc89e90000 - 0x00007ffc89ec0000 	C:\WINDOWS\System32\IMM32.DLL
0x00007ffc7fd10000 - 0x00007ffc7fdad000 	C:\Android Studio\Android Installed\jre\bin\msvcp140.dll
0x00007ffc39000000 - 0x00007ffc39ad5000 	C:\Android Studio\Android Installed\jre\bin\server\jvm.dll
0x00007ffc8a4a0000 - 0x00007ffc8a54e000 	C:\WINDOWS\System32\ADVAPI32.dll
0x00007ffc8a2c0000 - 0x00007ffc8a35c000 	C:\WINDOWS\System32\sechost.dll
0x00007ffc89bc0000 - 0x00007ffc89ce5000 	C:\WINDOWS\System32\RPCRT4.dll
0x00007ffc8a490000 - 0x00007ffc8a498000 	C:\WINDOWS\System32\PSAPI.DLL
0x00007ffc73a90000 - 0x00007ffc73a99000 	C:\WINDOWS\SYSTEM32\WSOCK32.dll
0x00007ffc8b560000 - 0x00007ffc8b5cb000 	C:\WINDOWS\System32\WS2_32.dll
0x00007ffc74f60000 - 0x00007ffc74f87000 	C:\WINDOWS\SYSTEM32\WINMM.dll
0x00007ffc80270000 - 0x00007ffc8027a000 	C:\WINDOWS\SYSTEM32\VERSION.dll
0x00007ffc875d0000 - 0x00007ffc875e2000 	C:\WINDOWS\SYSTEM32\kernel.appcore.dll
0x00007ffc82300000 - 0x00007ffc82311000 	C:\Android Studio\Android Installed\jre\bin\verify.dll
0x00007ffc86550000 - 0x00007ffc86734000 	C:\WINDOWS\SYSTEM32\DBGHELP.DLL
0x00007ffc70cb0000 - 0x00007ffc70cdc000 	C:\WINDOWS\SYSTEM32\dbgcore.DLL
0x00007ffc88e00000 - 0x00007ffc88e82000 	C:\WINDOWS\System32\bcryptPrimitives.dll
0x00007ffc81f80000 - 0x00007ffc81fa9000 	C:\Android Studio\Android Installed\jre\bin\java.dll
0x00007ffc84030000 - 0x00007ffc8403b000 	C:\Android Studio\Android Installed\jre\bin\jimage.dll
0x00007ffc81f60000 - 0x00007ffc81f78000 	C:\Android Studio\Android Installed\jre\bin\zip.dll
0x00007ffc8a890000 - 0x00007ffc8afd4000 	C:\WINDOWS\System32\SHELL32.dll
0x00007ffc86e20000 - 0x00007ffc875b4000 	C:\WINDOWS\SYSTEM32\windows.storage.dll
0x00007ffc89f60000 - 0x00007ffc8a2b4000 	C:\WINDOWS\System32\combase.dll
0x00007ffc886c0000 - 0x00007ffc886ec000 	C:\WINDOWS\SYSTEM32\Wldp.dll
0x00007ffc8afe0000 - 0x00007ffc8b08d000 	C:\WINDOWS\System32\SHCORE.dll
0x00007ffc8a830000 - 0x00007ffc8a885000 	C:\WINDOWS\System32\shlwapi.dll
0x00007ffc88c70000 - 0x00007ffc88c8f000 	C:\WINDOWS\SYSTEM32\profapi.dll
0x00007ffc81f40000 - 0x00007ffc81f5a000 	C:\Android Studio\Android Installed\jre\bin\net.dll
0x00007ffc82420000 - 0x00007ffc82529000 	C:\WINDOWS\SYSTEM32\WINHTTP.dll
0x00007ffc88420000 - 0x00007ffc8848a000 	C:\WINDOWS\system32\mswsock.dll
0x00007ffc81f20000 - 0x00007ffc81f34000 	C:\Android Studio\Android Installed\jre\bin\nio.dll
0x00007ffc80640000 - 0x00007ffc80667000 	C:\Users\Dell\.gradle\native\e1d6ef7f7dcc3fd88c89a11ec53ec762bb8ba0a96d01ffa2cd45eb1d1d8dd5c5\windows-amd64\native-platform.dll
0x00007ffc76ff0000 - 0x00007ffc77134000 	C:\Users\Dell\.gradle\native\5664cfc778a61ccfe75a443a1ab52a65af34e5dc3c78e0209fed803814484fcb\windows-amd64\native-platform-file-events.dll
0x00007ffc84000000 - 0x00007ffc8400a000 	C:\Android Studio\Android Installed\jre\bin\management.dll
0x00007ffc822f0000 - 0x00007ffc822fd000 	C:\Android Studio\Android Installed\jre\bin\management_ext.dll
0x00007ffc88610000 - 0x00007ffc88628000 	C:\WINDOWS\SYSTEM32\CRYPTSP.dll
0x00007ffc87da0000 - 0x00007ffc87dd4000 	C:\WINDOWS\system32\rsaenh.dll
0x00007ffc88d30000 - 0x00007ffc88d57000 	C:\WINDOWS\System32\bcrypt.dll
0x00007ffc88c30000 - 0x00007ffc88c5e000 	C:\WINDOWS\SYSTEM32\USERENV.dll
0x00007ffc88630000 - 0x00007ffc8863c000 	C:\WINDOWS\SYSTEM32\CRYPTBASE.dll
0x00007ffc88110000 - 0x00007ffc8814b000 	C:\WINDOWS\SYSTEM32\IPHLPAPI.DLL
0x00007ffc8a7a0000 - 0x00007ffc8a7a8000 	C:\WINDOWS\System32\NSI.dll
0x00007ffc80970000 - 0x00007ffc80987000 	C:\WINDOWS\SYSTEM32\dhcpcsvc6.DLL
0x00007ffc7f010000 - 0x00007ffc7f02d000 	C:\WINDOWS\SYSTEM32\dhcpcsvc.DLL
0x00007ffc88150000 - 0x00007ffc8821a000 	C:\WINDOWS\SYSTEM32\DNSAPI.dll

dbghelp: loaded successfully - version: 4.0.5 - missing functions: none
symbol engine: initialized successfully - sym options: 0x614 - pdb path: .;C:\Android Studio\Android Installed\jre\bin;C:\WINDOWS\SYSTEM32;C:\WINDOWS\WinSxS\amd64_microsoft.windows.common-controls_6595b64144ccf1df_6.0.19041.1110_none_60b5254171f9507e;C:\Android Studio\Android Installed\jre\bin\server;C:\Users\Dell\.gradle\native\e1d6ef7f7dcc3fd88c89a11ec53ec762bb8ba0a96d01ffa2cd45eb1d1d8dd5c5\windows-amd64;C:\Users\Dell\.gradle\native\5664cfc778a61ccfe75a443a1ab52a65af34e5dc3c78e0209fed803814484fcb\windows-amd64

VM Arguments:
jvm_args: --add-opens=java.base/java.util=ALL-UNNAMED --add-opens=java.base/java.lang=ALL-UNNAMED --add-opens=java.base/java.lang.invoke=ALL-UNNAMED --add-opens=java.base/java.util=ALL-UNNAMED --add-opens=java.prefs/java.util.prefs=ALL-UNNAMED --add-opens=java.prefs/java.util.prefs=ALL-UNNAMED --add-opens=java.base/java.nio.charset=ALL-UNNAMED --add-opens=java.base/java.net=ALL-UNNAMED --add-opens=java.base/java.util.concurrent.atomic=ALL-UNNAMED -Xmx2048m -Dfile.encoding=UTF-8 -Duser.country=IN -Duser.language=en -Duser.variant 
java_command: org.gradle.launcher.daemon.bootstrap.GradleDaemon 7.2
java_class_path (initial): C:\Users\Dell\.gradle\wrapper\dists\gradle-7.2-bin\2dnblmf4td7x66yl1d74lt32g\gradle-7.2\lib\gradle-launcher-7.2.jar
Launcher Type: SUN_STANDARD

[Global flags]
     intx CICompilerCount                          = 3                                         {product} {ergonomic}
     uint ConcGCThreads                            = 1                                         {product} {ergonomic}
     uint G1ConcRefinementThreads                  = 4                                         {product} {ergonomic}
   size_t G1HeapRegionSize                         = 1048576                                   {product} {ergonomic}
    uintx GCDrainStackTargetSize                   = 64                                        {product} {ergonomic}
   size_t InitialHeapSize                          = 132120576                                 {product} {ergonomic}
   size_t MarkStackSize                            = 4194304                                   {product} {ergonomic}
   size_t MaxHeapSize                              = 2147483648                                {product} {command line}
   size_t MaxNewSize                               = 1287651328                                {product} {ergonomic}
   size_t MinHeapDeltaBytes                        = 1048576                                   {product} {ergonomic}
    uintx NonNMethodCodeHeapSize                   = 5830732                                {pd product} {ergonomic}
    uintx NonProfiledCodeHeapSize                  = 122913754                              {pd product} {ergonomic}
    uintx ProfiledCodeHeapSize                     = 122913754                              {pd product} {ergonomic}
    uintx ReservedCodeCacheSize                    = 251658240                              {pd product} {ergonomic}
     bool SegmentedCodeCache                       = true                                      {product} {ergonomic}
     bool UseCompressedClassPointers               = true                                 {lp64_product} {ergonomic}
     bool UseCompressedOops                        = true                                 {lp64_product} {ergonomic}
     bool UseG1GC                                  = true                                      {product} {ergonomic}
     bool UseLargePagesIndividualAllocation        = false                                  {pd product} {ergonomic}

Logging:
Log output configuration:
 #0: stdout all=warning uptime,level,tags
 #1: stderr all=off uptime,level,tags

Environment Variables:
PATH=C:\WINDOWS\system32;C:\WINDOWS;C:\WINDOWS\System32\Wbem;C:\WINDOWS\System32\WindowsPowerShell\v1.0\;C:\WINDOWS\System32\OpenSSH\;C:\Program Files\Git\cmd;C:\Program Files (x86)\Filestar;C:\Users\Dell\AppData\Roaming\Filestar\aliases;C:\Users\Dell\AppData\Local\Microsoft\WindowsApps;C:\Users\Dell\AppData\Local\GitHubDesktop\bin
USERNAME=Dell
OS=Windows_NT
PROCESSOR_IDENTIFIER=Intel64 Family 6 Model 78 Stepping 3, GenuineIntel



---------------  S Y S T E M  ---------------

OS: Windows 10 , 64 bit Build 19041 (10.0.19041.1566)
OS uptime: 1 days 22:07 hours

CPU:total 4 (initial active 4) (2 cores per cpu, 2 threads per core) family 6 model 78 stepping 3 microcode 0xcc, cmov, cx8, fxsr, mmx, sse, sse2, sse3, ssse3, sse4.1, sse4.2, popcnt, avx, avx2, aes, clmul, erms, 3dnowpref, lzcnt, ht, tsc, tscinvbit, bmi1, bmi2, adx, fma

Memory: 4k page, system-wide physical 8057M (221M free)
TotalPageFile size 32633M (AvailPageFile size 37M)
current process WorkingSet (physical memory assigned to process): 408M, peak: 408M
current process commit charge ("private bytes"): 442M, peak: 479M

vm_info: OpenJDK 64-Bit Server VM (11.0.11+9-b60-7590822) for windows-amd64 JRE (11.0.11+9-b60-7590822), built on Jul 29 2021 21:43:44 by "builder" with MS VC++ 14.0 (VS2015)

END.
